 Number of species                 =      10
 Number of streams                 =       3
 Flow rates of streams             =  0.0000  0.3041  0.6959
 PASR starting: number of particles=    1000
 Residence time, tres (seconds)    =   4.0000E-03
 04/06/2012: Prior to this date, due to a bug tres was twice the specified tres
 Mixing time, tmix (seconds)       =   1.0000E-02
 Pairing time, tpair (seconds)     =   1.0000E-02
 Min. and max. time step (seconds) =   4.0000E-04   4.0000E-04
 Number of steps                   =   5.0000E+02
 Number of sub-steps per step      =       2
 Number of particle-sub-steps      =   1.0000E+06
 Maximum pressure (atm.)           =   1.0000E+00
 Minumum pressure (atm.)           =   1.0000E+00
 Period of pressure variation (sec)=   1.0000E-03
 Particle data read from file
 PaSR starting
 ...
q, mu_s, sec, min, hour   4.00E+03  2.49E+02  9.94E-01  1.66E-02  2.76E-04
q, mu_s, sec, min, hour   8.00E+03  1.92E+02  1.53E+00  2.56E-02  4.26E-04
q, mu_s, sec, min, hour   1.20E+04  1.59E+02  1.90E+00  3.17E-02  5.29E-04
q, mu_s, sec, min, hour   1.60E+04  1.36E+02  2.18E+00  3.63E-02  6.05E-04
q, mu_s, sec, min, hour   2.00E+04  1.20E+02  2.40E+00  4.01E-02  6.68E-04
q, mu_s, sec, min, hour   2.40E+04  1.10E+02  2.63E+00  4.38E-02  7.30E-04
q, mu_s, sec, min, hour   2.80E+04  1.00E+02  2.81E+00  4.68E-02  7.80E-04
q, mu_s, sec, min, hour   3.20E+04  9.25E+01  2.96E+00  4.93E-02  8.22E-04
q, mu_s, sec, min, hour   3.60E+04  8.56E+01  3.08E+00  5.13E-02  8.56E-04
q, mu_s, sec, min, hour   4.00E+04  8.00E+01  3.20E+00  5.33E-02  8.89E-04
q, mu_s, sec, min, hour   4.40E+04  7.51E+01  3.30E+00  5.51E-02  9.18E-04
q, mu_s, sec, min, hour   4.80E+04  7.11E+01  3.41E+00  5.68E-02  9.47E-04
q, mu_s, sec, min, hour   5.20E+04  6.75E+01  3.51E+00  5.85E-02  9.76E-04
q, mu_s, sec, min, hour   5.60E+04  6.43E+01  3.60E+00  6.00E-02  1.00E-03
q, mu_s, sec, min, hour   6.00E+04  6.13E+01  3.68E+00  6.13E-02  1.02E-03
q, mu_s, sec, min, hour   6.40E+04  5.87E+01  3.75E+00  6.26E-02  1.04E-03
q, mu_s, sec, min, hour   6.80E+04  5.63E+01  3.83E+00  6.38E-02  1.06E-03
q, mu_s, sec, min, hour   7.20E+04  5.42E+01  3.90E+00  6.51E-02  1.08E-03
q, mu_s, sec, min, hour   7.60E+04  5.23E+01  3.97E+00  6.62E-02  1.10E-03
q, mu_s, sec, min, hour   8.00E+04  5.05E+01  4.04E+00  6.73E-02  1.12E-03
q, mu_s, sec, min, hour   8.40E+04  4.88E+01  4.10E+00  6.83E-02  1.14E-03
q, mu_s, sec, min, hour   8.80E+04  4.73E+01  4.16E+00  6.94E-02  1.16E-03
q, mu_s, sec, min, hour   9.20E+04  4.60E+01  4.23E+00  7.05E-02  1.17E-03
q, mu_s, sec, min, hour   9.60E+04  4.47E+01  4.29E+00  7.15E-02  1.19E-03
q, mu_s, sec, min, hour   1.00E+05  4.35E+01  4.35E+00  7.24E-02  1.21E-03
q, mu_s, sec, min, hour   1.04E+05  4.23E+01  4.40E+00  7.33E-02  1.22E-03
q, mu_s, sec, min, hour   1.10E+05  4.07E+01  4.48E+00  7.46E-02  1.24E-03
q, mu_s, sec, min, hour   1.16E+05  3.94E+01  4.57E+00  7.62E-02  1.27E-03
q, mu_s, sec, min, hour   1.22E+05  3.81E+01  4.65E+00  7.75E-02  1.29E-03
q, mu_s, sec, min, hour   1.28E+05  3.69E+01  4.73E+00  7.88E-02  1.31E-03
q, mu_s, sec, min, hour   1.34E+05  3.58E+01  4.79E+00  7.99E-02  1.33E-03
q, mu_s, sec, min, hour   1.40E+05  3.47E+01  4.86E+00  8.10E-02  1.35E-03
q, mu_s, sec, min, hour   1.46E+05  3.37E+01  4.92E+00  8.21E-02  1.37E-03
q, mu_s, sec, min, hour   1.52E+05  3.28E+01  4.98E+00  8.30E-02  1.38E-03
q, mu_s, sec, min, hour   1.58E+05  3.19E+01  5.04E+00  8.39E-02  1.40E-03
q, mu_s, sec, min, hour   1.64E+05  3.10E+01  5.09E+00  8.48E-02  1.41E-03
q, mu_s, sec, min, hour   1.70E+05  3.02E+01  5.14E+00  8.57E-02  1.43E-03
q, mu_s, sec, min, hour   1.76E+05  2.95E+01  5.19E+00  8.64E-02  1.44E-03
q, mu_s, sec, min, hour   1.82E+05  2.87E+01  5.23E+00  8.72E-02  1.45E-03
q, mu_s, sec, min, hour   1.88E+05  2.80E+01  5.27E+00  8.79E-02  1.46E-03
q, mu_s, sec, min, hour   1.94E+05  2.74E+01  5.32E+00  8.87E-02  1.48E-03
q, mu_s, sec, min, hour   2.00E+05  2.68E+01  5.36E+00  8.94E-02  1.49E-03
q, mu_s, sec, min, hour   2.06E+05  2.62E+01  5.40E+00  8.99E-02  1.50E-03
q, mu_s, sec, min, hour   2.14E+05  2.54E+01  5.45E+00  9.08E-02  1.51E-03
q, mu_s, sec, min, hour   2.22E+05  2.47E+01  5.49E+00  9.15E-02  1.53E-03
q, mu_s, sec, min, hour   2.30E+05  2.40E+01  5.53E+00  9.22E-02  1.54E-03
q, mu_s, sec, min, hour   2.38E+05  2.34E+01  5.57E+00  9.29E-02  1.55E-03
q, mu_s, sec, min, hour   2.46E+05  2.28E+01  5.61E+00  9.35E-02  1.56E-03
q, mu_s, sec, min, hour   2.54E+05  2.22E+01  5.65E+00  9.41E-02  1.57E-03
q, mu_s, sec, min, hour   2.62E+05  2.17E+01  5.68E+00  9.47E-02  1.58E-03
q, mu_s, sec, min, hour   2.70E+05  2.12E+01  5.72E+00  9.53E-02  1.59E-03
q, mu_s, sec, min, hour   2.78E+05  2.07E+01  5.76E+00  9.59E-02  1.60E-03
q, mu_s, sec, min, hour   2.86E+05  2.02E+01  5.79E+00  9.65E-02  1.61E-03
q, mu_s, sec, min, hour   2.94E+05  1.98E+01  5.83E+00  9.71E-02  1.62E-03
q, mu_s, sec, min, hour   3.02E+05  1.94E+01  5.86E+00  9.77E-02  1.63E-03
q, mu_s, sec, min, hour   3.12E+05  1.89E+01  5.91E+00  9.84E-02  1.64E-03
q, mu_s, sec, min, hour   3.22E+05  1.85E+01  5.95E+00  9.91E-02  1.65E-03
q, mu_s, sec, min, hour   3.32E+05  1.81E+01  5.99E+00  9.99E-02  1.67E-03
q, mu_s, sec, min, hour   3.42E+05  1.76E+01  6.04E+00  1.01E-01  1.68E-03
q, mu_s, sec, min, hour   3.52E+05  1.73E+01  6.08E+00  1.01E-01  1.69E-03
q, mu_s, sec, min, hour   3.62E+05  1.69E+01  6.12E+00  1.02E-01  1.70E-03
q, mu_s, sec, min, hour   3.72E+05  1.66E+01  6.17E+00  1.03E-01  1.71E-03
q, mu_s, sec, min, hour   3.82E+05  1.63E+01  6.21E+00  1.04E-01  1.73E-03
q, mu_s, sec, min, hour   3.92E+05  1.60E+01  6.26E+00  1.04E-01  1.74E-03
q, mu_s, sec, min, hour   4.02E+05  1.57E+01  6.31E+00  1.05E-01  1.75E-03
q, mu_s, sec, min, hour   4.14E+05  1.53E+01  6.35E+00  1.06E-01  1.76E-03
q, mu_s, sec, min, hour   4.26E+05  1.50E+01  6.40E+00  1.07E-01  1.78E-03
q, mu_s, sec, min, hour   4.38E+05  1.47E+01  6.45E+00  1.07E-01  1.79E-03
q, mu_s, sec, min, hour   4.50E+05  1.44E+01  6.50E+00  1.08E-01  1.81E-03
q, mu_s, sec, min, hour   4.62E+05  1.42E+01  6.54E+00  1.09E-01  1.82E-03
q, mu_s, sec, min, hour   4.74E+05  1.39E+01  6.59E+00  1.10E-01  1.83E-03
q, mu_s, sec, min, hour   4.86E+05  1.37E+01  6.63E+00  1.11E-01  1.84E-03
q, mu_s, sec, min, hour   4.98E+05  1.34E+01  6.68E+00  1.11E-01  1.86E-03
q, mu_s, sec, min, hour   5.10E+05  1.32E+01  6.73E+00  1.12E-01  1.87E-03
q, mu_s, sec, min, hour   5.24E+05  1.29E+01  6.78E+00  1.13E-01  1.88E-03
q, mu_s, sec, min, hour   5.38E+05  1.27E+01  6.84E+00  1.14E-01  1.90E-03
q, mu_s, sec, min, hour   5.52E+05  1.25E+01  6.89E+00  1.15E-01  1.91E-03
q, mu_s, sec, min, hour   5.66E+05  1.23E+01  6.94E+00  1.16E-01  1.93E-03
q, mu_s, sec, min, hour   5.80E+05  1.21E+01  6.99E+00  1.17E-01  1.94E-03
q, mu_s, sec, min, hour   5.94E+05  1.19E+01  7.05E+00  1.17E-01  1.96E-03
q, mu_s, sec, min, hour   6.08E+05  1.17E+01  7.10E+00  1.18E-01  1.97E-03
q, mu_s, sec, min, hour   6.24E+05  1.15E+01  7.17E+00  1.19E-01  1.99E-03
q, mu_s, sec, min, hour   6.40E+05  1.13E+01  7.23E+00  1.21E-01  2.01E-03
q, mu_s, sec, min, hour   6.56E+05  1.11E+01  7.30E+00  1.22E-01  2.03E-03
q, mu_s, sec, min, hour   6.72E+05  1.09E+01  7.36E+00  1.23E-01  2.04E-03
q, mu_s, sec, min, hour   6.88E+05  1.08E+01  7.42E+00  1.24E-01  2.06E-03
q, mu_s, sec, min, hour   7.04E+05  1.06E+01  7.48E+00  1.25E-01  2.08E-03
q, mu_s, sec, min, hour   7.22E+05  1.05E+01  7.55E+00  1.26E-01  2.10E-03
q, mu_s, sec, min, hour   7.40E+05  1.03E+01  7.61E+00  1.27E-01  2.11E-03
q, mu_s, sec, min, hour   7.58E+05  1.01E+01  7.68E+00  1.28E-01  2.13E-03
q, mu_s, sec, min, hour   7.76E+05  9.99E+00  7.75E+00  1.29E-01  2.15E-03
q, mu_s, sec, min, hour   7.94E+05  9.85E+00  7.82E+00  1.30E-01  2.17E-03
q, mu_s, sec, min, hour   8.12E+05  9.71E+00  7.88E+00  1.31E-01  2.19E-03
q, mu_s, sec, min, hour   8.32E+05  9.56E+00  7.95E+00  1.33E-01  2.21E-03
q, mu_s, sec, min, hour   8.52E+05  9.42E+00  8.02E+00  1.34E-01  2.23E-03
q, mu_s, sec, min, hour   8.72E+05  9.28E+00  8.09E+00  1.35E-01  2.25E-03
q, mu_s, sec, min, hour   8.92E+05  9.15E+00  8.16E+00  1.36E-01  2.27E-03
q, mu_s, sec, min, hour   9.12E+05  9.03E+00  8.24E+00  1.37E-01  2.29E-03
q, mu_s, sec, min, hour   9.34E+05  8.90E+00  8.31E+00  1.39E-01  2.31E-03
q, mu_s, sec, min, hour   9.56E+05  8.77E+00  8.39E+00  1.40E-01  2.33E-03
q, mu_s, sec, min, hour   9.78E+05  8.66E+00  8.47E+00  1.41E-01  2.35E-03
q, mu_s, sec, min, hour   1.00E+06  8.54E+00  8.54E+00  1.42E-01  2.37E-03
 Particle data written to file
 Particle mixing data written to file
 pasr: stopped, t, cpu_secs, nrec =  0.2000011       8.550252              -2
 pasr: stopped, t, cpu_secs, nrec =  0.2000011       8.550252              -2
  
MFU: fraction, index =    9.0000E-01       14
  
 Retrieve errors
 Fraction    error
   9.0000E-01   0.0000E+00
   9.9000E-01   0.0000E+00
   9.9900E-01   0.0000E+00
   9.9990E-01   0.0000E+00
   9.9999E-01   0.0000E+00
  
     j    x_min(j)    x_max(j)    x_diff(j)   x_mean(j)
     1    9.41E-04    3.31E-01    3.30E-01    1.02E-01
     2    4.33E-04    7.24E-02    7.19E-02    2.05E-02
     3    2.74E-01    3.33E-01    5.86E-02    2.99E-01
     4    4.82E-13    4.25E-03    4.25E-03    4.67E-04
     5    2.55E-10    5.86E-04    5.86E-04    3.99E-05
     6    1.32E-10    2.50E-03    2.50E-03    2.45E-04
     7    3.83E-08    9.72E-02    9.72E-02    4.14E-02
     8    4.66E-09    2.91E-05    2.91E-05    3.81E-06
     9    1.92E-09    2.70E-05    2.70E-05    3.31E-06
    10    0.00E+00    0.00E+00    0.00E+00    0.00E+00
    11    3.04E-02    2.62E-01    2.32E-01    1.36E-01
   
     j    f_min(j)    f_max(j)    f_diff(j)   fp_diff(j)    f_mean(j)
     1    6.78E-05    3.31E-01    3.31E-01    4.14E-03    1.02E-01
     2    1.58E-06    7.24E-02    7.24E-02    2.18E-03    2.03E-02
     3    2.74E-01    3.33E-01    5.86E-02    9.54E-17    2.99E-01
     4    0.00E+00    2.86E-03    2.86E-03    8.99E-04    4.26E-04
     5    0.00E+00    3.64E-04    3.64E-04    1.97E-04    3.36E-05
     6    0.00E+00    2.11E-03    2.11E-03    4.58E-04    2.32E-04
     7    4.32E-08    9.77E-02    9.77E-02    4.00E-03    4.19E-02
     8    1.16E-09    2.70E-05    2.69E-05    1.42E-05    3.93E-06
     9    1.36E-09    2.73E-05    2.73E-05    8.99E-06    3.43E-06
    10    0.00E+00    0.00E+00    0.00E+00    0.00E+00    0.00E+00
    11    3.04E-02    2.63E-01    2.33E-01    8.59E-03    1.37E-01
    12    1.48E-01    9.74E-01    8.26E-01    9.26E-02    4.95E-01
  
queries  =    1.0020E+06
prim_ret =    9.9308E+05
sec_ret  =    4.2080E+03
grow     =    4.1750E+03
add      =    5.3600E+02
replace  =    0.0000E+00
dir eval =    0.0000E+00
 
CPU (mu s)/query =    8.5332E+00
 -------------------------------------------------------------------------------
 -
                Operation     Calls  Failures         Time (mu s)    Time/call (mu s)
 -------------------------------------------------------------------------------
 -
                   ci_ceq         0         0            0.00E+00            0.00E+00
  ci_ice_chem_map (map=0)         0         0            0.00E+00            0.00E+00
  ci_ice_chem_map (map=1)         0         0            0.00E+00            0.00E+00
               ci_cem_tan         0         0            0.00E+00            0.00E+00
               ci_ice_tan         0         0            0.00E+00            0.00E+00
         ci_ice_pic_bound         0         0            0.00E+00            0.00E+00
                       lp         0         0            0.00E+00            0.00E+00
          rmap2 (map = 0)      4713         0            2.75E+06            5.83E+02
          rmap2 (map = 1)         2         0            4.52E+03            2.26E+03
                  ceq_nrs         0         0            0.00E+00            0.00E+00
               ci_linrmap         0         0            0.00E+00            0.00E+00
                     expm      5313         0            8.36E+04            1.57E+01
      ci_ice_facet_newton         0         0            0.00E+00            0.00E+00
 ci_ice_facet_newton_lmap         0         0            0.00E+00            0.00E+00
        ci_ice_pic_newton         0         0            0.00E+00            0.00E+00
   ci_ice_pic_newton_lmap         0         0            0.00E+00            0.00E+00
         ci_ice_recon_pic         0         0            0.00E+00            0.00E+00
    ci_ice_recon_pic_lmap         0         0            0.00E+00            0.00E+00
          ci_ice_recon_bc         0         0            0.00E+00            0.00E+00
     ci_ice_recon_bc_lmap         0         0            0.00E+00            0.00E+00
             ci_ice_recon         0         0            0.00E+00            0.00E+00
             ci_dens_temp         0         0            0.00E+00            0.00E+00
                 cidpt_dr         0         0            0.00E+00            0.00E+00
 ------------------------------------------------------------------------------
