 Number of species                 =      10
 Number of streams                 =       3
 Flow rates of streams             =  0.0000  0.3247  0.6753
 PASR starting: number of particles=    1000
 Residence time, tres (seconds)    =   4.0000E-03
 04/06/2012: Prior to this date, due to a bug tres was twice the specified tres
 Mixing time, tmix (seconds)       =   7.0000E-04
 Pairing time, tpair (seconds)     =   7.0000E-04
 Min. and max. time step (seconds) =   7.0000E-05   7.0000E-05
 Number of steps                   =   2.8571E+03
 Number of sub-steps per step      =       3
 Number of particle-sub-steps      =   8.5714E+06
 Maximum pressure (atm.)           =   1.0000E+00
 Minumum pressure (atm.)           =   1.0000E+00
 Period of pressure variation (sec)=   1.0000E-03
 Particle data read from file
 PaSR starting
 ...
q, mu_s, sec, min, hour   6.00E+03  2.11E+02  1.27E+00  2.11E-02  3.51E-04
q, mu_s, sec, min, hour   1.20E+04  1.66E+02  1.99E+00  3.32E-02  5.53E-04
q, mu_s, sec, min, hour   1.80E+04  1.46E+02  2.63E+00  4.38E-02  7.31E-04
q, mu_s, sec, min, hour   2.40E+04  1.31E+02  3.14E+00  5.24E-02  8.73E-04
q, mu_s, sec, min, hour   3.00E+04  1.20E+02  3.61E+00  6.02E-02  1.00E-03
q, mu_s, sec, min, hour   3.60E+04  1.12E+02  4.02E+00  6.70E-02  1.12E-03
q, mu_s, sec, min, hour   4.20E+04  1.04E+02  4.39E+00  7.31E-02  1.22E-03
q, mu_s, sec, min, hour   4.80E+04  9.57E+01  4.59E+00  7.65E-02  1.28E-03
q, mu_s, sec, min, hour   5.40E+04  8.76E+01  4.73E+00  7.88E-02  1.31E-03
q, mu_s, sec, min, hour   6.00E+04  8.08E+01  4.85E+00  8.08E-02  1.35E-03
q, mu_s, sec, min, hour   6.60E+04  7.47E+01  4.93E+00  8.22E-02  1.37E-03
q, mu_s, sec, min, hour   7.20E+04  6.92E+01  4.99E+00  8.31E-02  1.38E-03
q, mu_s, sec, min, hour   7.80E+04  6.45E+01  5.03E+00  8.38E-02  1.40E-03
q, mu_s, sec, min, hour   8.40E+04  6.04E+01  5.07E+00  8.46E-02  1.41E-03
q, mu_s, sec, min, hour   9.00E+04  5.68E+01  5.12E+00  8.53E-02  1.42E-03
q, mu_s, sec, min, hour   9.60E+04  5.37E+01  5.16E+00  8.59E-02  1.43E-03
q, mu_s, sec, min, hour   1.02E+05  5.10E+01  5.20E+00  8.66E-02  1.44E-03
q, mu_s, sec, min, hour   1.08E+05  4.84E+01  5.23E+00  8.71E-02  1.45E-03
q, mu_s, sec, min, hour   1.14E+05  4.61E+01  5.25E+00  8.76E-02  1.46E-03
q, mu_s, sec, min, hour   1.20E+05  4.40E+01  5.28E+00  8.80E-02  1.47E-03
q, mu_s, sec, min, hour   1.26E+05  4.22E+01  5.31E+00  8.85E-02  1.48E-03
q, mu_s, sec, min, hour   1.32E+05  4.06E+01  5.35E+00  8.92E-02  1.49E-03
q, mu_s, sec, min, hour   1.38E+05  3.91E+01  5.39E+00  8.99E-02  1.50E-03
q, mu_s, sec, min, hour   1.44E+05  3.77E+01  5.43E+00  9.04E-02  1.51E-03
q, mu_s, sec, min, hour   1.50E+05  3.65E+01  5.48E+00  9.13E-02  1.52E-03
q, mu_s, sec, min, hour   1.56E+05  3.53E+01  5.51E+00  9.19E-02  1.53E-03
q, mu_s, sec, min, hour   1.65E+05  3.36E+01  5.55E+00  9.25E-02  1.54E-03
q, mu_s, sec, min, hour   1.74E+05  3.22E+01  5.60E+00  9.33E-02  1.56E-03
q, mu_s, sec, min, hour   1.83E+05  3.09E+01  5.66E+00  9.43E-02  1.57E-03
q, mu_s, sec, min, hour   1.92E+05  2.97E+01  5.71E+00  9.51E-02  1.59E-03
q, mu_s, sec, min, hour   2.01E+05  2.86E+01  5.75E+00  9.58E-02  1.60E-03
q, mu_s, sec, min, hour   2.10E+05  2.76E+01  5.79E+00  9.66E-02  1.61E-03
q, mu_s, sec, min, hour   2.19E+05  2.67E+01  5.84E+00  9.73E-02  1.62E-03
q, mu_s, sec, min, hour   2.28E+05  2.59E+01  5.90E+00  9.84E-02  1.64E-03
q, mu_s, sec, min, hour   2.37E+05  2.52E+01  5.98E+00  9.97E-02  1.66E-03
q, mu_s, sec, min, hour   2.46E+05  2.47E+01  6.08E+00  1.01E-01  1.69E-03
q, mu_s, sec, min, hour   2.55E+05  2.41E+01  6.13E+00  1.02E-01  1.70E-03
q, mu_s, sec, min, hour   2.64E+05  2.34E+01  6.18E+00  1.03E-01  1.72E-03
q, mu_s, sec, min, hour   2.73E+05  2.28E+01  6.23E+00  1.04E-01  1.73E-03
q, mu_s, sec, min, hour   2.82E+05  2.23E+01  6.28E+00  1.05E-01  1.74E-03
q, mu_s, sec, min, hour   2.91E+05  2.17E+01  6.32E+00  1.05E-01  1.75E-03
q, mu_s, sec, min, hour   3.00E+05  2.12E+01  6.36E+00  1.06E-01  1.77E-03
q, mu_s, sec, min, hour   3.09E+05  2.07E+01  6.39E+00  1.07E-01  1.78E-03
q, mu_s, sec, min, hour   3.21E+05  2.01E+01  6.44E+00  1.07E-01  1.79E-03
q, mu_s, sec, min, hour   3.33E+05  1.95E+01  6.49E+00  1.08E-01  1.80E-03
q, mu_s, sec, min, hour   3.45E+05  1.89E+01  6.54E+00  1.09E-01  1.82E-03
q, mu_s, sec, min, hour   3.57E+05  1.85E+01  6.59E+00  1.10E-01  1.83E-03
q, mu_s, sec, min, hour   3.69E+05  1.80E+01  6.65E+00  1.11E-01  1.85E-03
q, mu_s, sec, min, hour   3.81E+05  1.76E+01  6.70E+00  1.12E-01  1.86E-03
q, mu_s, sec, min, hour   3.93E+05  1.72E+01  6.75E+00  1.12E-01  1.87E-03
q, mu_s, sec, min, hour   4.05E+05  1.68E+01  6.79E+00  1.13E-01  1.89E-03
q, mu_s, sec, min, hour   4.17E+05  1.64E+01  6.84E+00  1.14E-01  1.90E-03
q, mu_s, sec, min, hour   4.29E+05  1.61E+01  6.89E+00  1.15E-01  1.91E-03
q, mu_s, sec, min, hour   4.41E+05  1.57E+01  6.94E+00  1.16E-01  1.93E-03
q, mu_s, sec, min, hour   4.53E+05  1.54E+01  6.98E+00  1.16E-01  1.94E-03
q, mu_s, sec, min, hour   4.68E+05  1.51E+01  7.04E+00  1.17E-01  1.96E-03
q, mu_s, sec, min, hour   4.83E+05  1.47E+01  7.10E+00  1.18E-01  1.97E-03
q, mu_s, sec, min, hour   4.98E+05  1.44E+01  7.16E+00  1.19E-01  1.99E-03
q, mu_s, sec, min, hour   5.13E+05  1.41E+01  7.22E+00  1.20E-01  2.01E-03
q, mu_s, sec, min, hour   5.28E+05  1.38E+01  7.28E+00  1.21E-01  2.02E-03
q, mu_s, sec, min, hour   5.43E+05  1.35E+01  7.34E+00  1.22E-01  2.04E-03
q, mu_s, sec, min, hour   5.58E+05  1.33E+01  7.40E+00  1.23E-01  2.05E-03
q, mu_s, sec, min, hour   5.73E+05  1.30E+01  7.45E+00  1.24E-01  2.07E-03
q, mu_s, sec, min, hour   5.88E+05  1.28E+01  7.52E+00  1.25E-01  2.09E-03
q, mu_s, sec, min, hour   6.03E+05  1.26E+01  7.57E+00  1.26E-01  2.10E-03
q, mu_s, sec, min, hour   6.21E+05  1.23E+01  7.63E+00  1.27E-01  2.12E-03
q, mu_s, sec, min, hour   6.39E+05  1.20E+01  7.70E+00  1.28E-01  2.14E-03
q, mu_s, sec, min, hour   6.57E+05  1.18E+01  7.76E+00  1.29E-01  2.15E-03
q, mu_s, sec, min, hour   6.75E+05  1.16E+01  7.82E+00  1.30E-01  2.17E-03
q, mu_s, sec, min, hour   6.93E+05  1.14E+01  7.88E+00  1.31E-01  2.19E-03
q, mu_s, sec, min, hour   7.11E+05  1.12E+01  7.95E+00  1.32E-01  2.21E-03
q, mu_s, sec, min, hour   7.29E+05  1.10E+01  8.02E+00  1.34E-01  2.23E-03
q, mu_s, sec, min, hour   7.47E+05  1.08E+01  8.10E+00  1.35E-01  2.25E-03
q, mu_s, sec, min, hour   7.65E+05  1.07E+01  8.19E+00  1.37E-01  2.28E-03
q, mu_s, sec, min, hour   7.86E+05  1.06E+01  8.30E+00  1.38E-01  2.30E-03
q, mu_s, sec, min, hour   8.07E+05  1.04E+01  8.42E+00  1.40E-01  2.34E-03
q, mu_s, sec, min, hour   8.28E+05  1.03E+01  8.51E+00  1.42E-01  2.36E-03
q, mu_s, sec, min, hour   8.49E+05  1.01E+01  8.58E+00  1.43E-01  2.38E-03
q, mu_s, sec, min, hour   8.70E+05  9.95E+00  8.66E+00  1.44E-01  2.40E-03
q, mu_s, sec, min, hour   8.91E+05  9.81E+00  8.74E+00  1.46E-01  2.43E-03
q, mu_s, sec, min, hour   9.12E+05  9.66E+00  8.81E+00  1.47E-01  2.45E-03
q, mu_s, sec, min, hour   9.36E+05  9.50E+00  8.89E+00  1.48E-01  2.47E-03
q, mu_s, sec, min, hour   9.60E+05  9.35E+00  8.97E+00  1.50E-01  2.49E-03
q, mu_s, sec, min, hour   9.84E+05  9.20E+00  9.06E+00  1.51E-01  2.52E-03
q, mu_s, sec, min, hour   1.01E+06  9.06E+00  9.14E+00  1.52E-01  2.54E-03
q, mu_s, sec, min, hour   1.03E+06  8.93E+00  9.22E+00  1.54E-01  2.56E-03
q, mu_s, sec, min, hour   1.06E+06  8.81E+00  9.30E+00  1.55E-01  2.58E-03
q, mu_s, sec, min, hour   1.08E+06  8.67E+00  9.39E+00  1.57E-01  2.61E-03
q, mu_s, sec, min, hour   1.11E+06  8.54E+00  9.48E+00  1.58E-01  2.63E-03
q, mu_s, sec, min, hour   1.14E+06  8.42E+00  9.57E+00  1.60E-01  2.66E-03
q, mu_s, sec, min, hour   1.16E+06  8.31E+00  9.67E+00  1.61E-01  2.69E-03
q, mu_s, sec, min, hour   1.19E+06  8.20E+00  9.76E+00  1.63E-01  2.71E-03
q, mu_s, sec, min, hour   1.22E+06  8.09E+00  9.85E+00  1.64E-01  2.74E-03
q, mu_s, sec, min, hour   1.25E+06  7.97E+00  9.95E+00  1.66E-01  2.76E-03
q, mu_s, sec, min, hour   1.28E+06  7.86E+00  1.00E+01  1.67E-01  2.79E-03
q, mu_s, sec, min, hour   1.31E+06  7.75E+00  1.01E+01  1.69E-01  2.82E-03
q, mu_s, sec, min, hour   1.34E+06  7.65E+00  1.02E+01  1.71E-01  2.84E-03
q, mu_s, sec, min, hour   1.37E+06  7.56E+00  1.03E+01  1.72E-01  2.87E-03
q, mu_s, sec, min, hour   1.40E+06  7.46E+00  1.04E+01  1.74E-01  2.90E-03
q, mu_s, sec, min, hour   1.43E+06  7.36E+00  1.06E+01  1.76E-01  2.93E-03
q, mu_s, sec, min, hour   1.47E+06  7.27E+00  1.07E+01  1.78E-01  2.96E-03
q, mu_s, sec, min, hour   1.50E+06  7.18E+00  1.08E+01  1.80E-01  2.99E-03
q, mu_s, sec, min, hour   1.53E+06  7.10E+00  1.09E+01  1.81E-01  3.02E-03
q, mu_s, sec, min, hour   1.57E+06  7.01E+00  1.10E+01  1.83E-01  3.06E-03
q, mu_s, sec, min, hour   1.60E+06  6.93E+00  1.11E+01  1.85E-01  3.09E-03
q, mu_s, sec, min, hour   1.64E+06  6.85E+00  1.12E+01  1.87E-01  3.12E-03
q, mu_s, sec, min, hour   1.68E+06  6.77E+00  1.14E+01  1.89E-01  3.15E-03
q, mu_s, sec, min, hour   1.72E+06  6.69E+00  1.15E+01  1.91E-01  3.19E-03
q, mu_s, sec, min, hour   1.76E+06  6.62E+00  1.16E+01  1.94E-01  3.23E-03
q, mu_s, sec, min, hour   1.79E+06  6.54E+00  1.17E+01  1.96E-01  3.26E-03
q, mu_s, sec, min, hour   1.83E+06  6.47E+00  1.19E+01  1.98E-01  3.30E-03
q, mu_s, sec, min, hour   1.88E+06  6.40E+00  1.20E+01  2.00E-01  3.33E-03
q, mu_s, sec, min, hour   1.92E+06  6.33E+00  1.21E+01  2.02E-01  3.37E-03
q, mu_s, sec, min, hour   1.96E+06  6.26E+00  1.23E+01  2.05E-01  3.41E-03
q, mu_s, sec, min, hour   2.00E+06  6.20E+00  1.24E+01  2.07E-01  3.45E-03
q, mu_s, sec, min, hour   2.05E+06  6.14E+00  1.26E+01  2.10E-01  3.49E-03
q, mu_s, sec, min, hour   2.09E+06  6.08E+00  1.27E+01  2.12E-01  3.53E-03
q, mu_s, sec, min, hour   2.14E+06  6.02E+00  1.29E+01  2.15E-01  3.58E-03
q, mu_s, sec, min, hour   2.19E+06  5.96E+00  1.30E+01  2.17E-01  3.62E-03
q, mu_s, sec, min, hour   2.24E+06  5.91E+00  1.32E+01  2.20E-01  3.67E-03
q, mu_s, sec, min, hour   2.28E+06  5.85E+00  1.34E+01  2.23E-01  3.71E-03
q, mu_s, sec, min, hour   2.33E+06  5.80E+00  1.35E+01  2.25E-01  3.76E-03
q, mu_s, sec, min, hour   2.38E+06  5.74E+00  1.37E+01  2.28E-01  3.80E-03
q, mu_s, sec, min, hour   2.44E+06  5.69E+00  1.39E+01  2.31E-01  3.85E-03
q, mu_s, sec, min, hour   2.49E+06  5.63E+00  1.40E+01  2.34E-01  3.90E-03
q, mu_s, sec, min, hour   2.54E+06  5.58E+00  1.42E+01  2.37E-01  3.95E-03
q, mu_s, sec, min, hour   2.60E+06  5.53E+00  1.44E+01  2.40E-01  3.99E-03
q, mu_s, sec, min, hour   2.66E+06  5.48E+00  1.46E+01  2.43E-01  4.04E-03
q, mu_s, sec, min, hour   2.71E+06  5.43E+00  1.47E+01  2.46E-01  4.09E-03
q, mu_s, sec, min, hour   2.77E+06  5.39E+00  1.49E+01  2.49E-01  4.15E-03
q, mu_s, sec, min, hour   2.83E+06  5.35E+00  1.52E+01  2.53E-01  4.21E-03
q, mu_s, sec, min, hour   2.89E+06  5.31E+00  1.53E+01  2.56E-01  4.26E-03
q, mu_s, sec, min, hour   2.96E+06  5.26E+00  1.56E+01  2.59E-01  4.32E-03
q, mu_s, sec, min, hour   3.02E+06  5.22E+00  1.58E+01  2.63E-01  4.38E-03
q, mu_s, sec, min, hour   3.08E+06  5.19E+00  1.60E+01  2.67E-01  4.45E-03
q, mu_s, sec, min, hour   3.15E+06  5.15E+00  1.62E+01  2.70E-01  4.51E-03
q, mu_s, sec, min, hour   3.22E+06  5.11E+00  1.64E+01  2.74E-01  4.57E-03
q, mu_s, sec, min, hour   3.28E+06  5.08E+00  1.67E+01  2.78E-01  4.63E-03
q, mu_s, sec, min, hour   3.35E+06  5.04E+00  1.69E+01  2.82E-01  4.69E-03
q, mu_s, sec, min, hour   3.43E+06  5.00E+00  1.71E+01  2.85E-01  4.76E-03
q, mu_s, sec, min, hour   3.50E+06  4.96E+00  1.74E+01  2.89E-01  4.82E-03
q, mu_s, sec, min, hour   3.57E+06  4.93E+00  1.76E+01  2.93E-01  4.89E-03
q, mu_s, sec, min, hour   3.65E+06  4.89E+00  1.78E+01  2.97E-01  4.96E-03
q, mu_s, sec, min, hour   3.73E+06  4.86E+00  1.81E+01  3.02E-01  5.03E-03
q, mu_s, sec, min, hour   3.80E+06  4.83E+00  1.84E+01  3.06E-01  5.10E-03
q, mu_s, sec, min, hour   3.88E+06  4.79E+00  1.86E+01  3.10E-01  5.17E-03
q, mu_s, sec, min, hour   3.97E+06  4.76E+00  1.89E+01  3.15E-01  5.25E-03
q, mu_s, sec, min, hour   4.05E+06  4.73E+00  1.92E+01  3.19E-01  5.32E-03
q, mu_s, sec, min, hour   4.13E+06  4.70E+00  1.94E+01  3.24E-01  5.40E-03
q, mu_s, sec, min, hour   4.22E+06  4.67E+00  1.97E+01  3.28E-01  5.47E-03
q, mu_s, sec, min, hour   4.31E+06  4.64E+00  2.00E+01  3.33E-01  5.55E-03
q, mu_s, sec, min, hour   4.40E+06  4.61E+00  2.03E+01  3.38E-01  5.63E-03
q, mu_s, sec, min, hour   4.49E+06  4.58E+00  2.06E+01  3.43E-01  5.72E-03
q, mu_s, sec, min, hour   4.59E+06  4.55E+00  2.09E+01  3.48E-01  5.80E-03
q, mu_s, sec, min, hour   4.68E+06  4.52E+00  2.12E+01  3.53E-01  5.89E-03
q, mu_s, sec, min, hour   4.78E+06  4.50E+00  2.15E+01  3.58E-01  5.97E-03
q, mu_s, sec, min, hour   4.88E+06  4.47E+00  2.18E+01  3.64E-01  6.06E-03
q, mu_s, sec, min, hour   4.98E+06  4.44E+00  2.21E+01  3.69E-01  6.15E-03
q, mu_s, sec, min, hour   5.09E+06  4.42E+00  2.25E+01  3.74E-01  6.24E-03
q, mu_s, sec, min, hour   5.19E+06  4.39E+00  2.28E+01  3.80E-01  6.33E-03
q, mu_s, sec, min, hour   5.30E+06  4.37E+00  2.31E+01  3.86E-01  6.43E-03
q, mu_s, sec, min, hour   5.41E+06  4.36E+00  2.36E+01  3.93E-01  6.55E-03
q, mu_s, sec, min, hour   5.53E+06  4.33E+00  2.39E+01  3.99E-01  6.65E-03
q, mu_s, sec, min, hour   5.64E+06  4.31E+00  2.43E+01  4.05E-01  6.75E-03
q, mu_s, sec, min, hour   5.76E+06  4.28E+00  2.47E+01  4.11E-01  6.85E-03
q, mu_s, sec, min, hour   5.88E+06  4.26E+00  2.50E+01  4.17E-01  6.96E-03
q, mu_s, sec, min, hour   6.00E+06  4.24E+00  2.54E+01  4.24E-01  7.07E-03
q, mu_s, sec, min, hour   6.12E+06  4.22E+00  2.58E+01  4.31E-01  7.18E-03
q, mu_s, sec, min, hour   6.25E+06  4.20E+00  2.62E+01  4.37E-01  7.29E-03
q, mu_s, sec, min, hour   6.38E+06  4.18E+00  2.67E+01  4.44E-01  7.40E-03
q, mu_s, sec, min, hour   6.51E+06  4.16E+00  2.71E+01  4.51E-01  7.52E-03
q, mu_s, sec, min, hour   6.64E+06  4.14E+00  2.75E+01  4.58E-01  7.64E-03
q, mu_s, sec, min, hour   6.78E+06  4.12E+00  2.79E+01  4.66E-01  7.76E-03
q, mu_s, sec, min, hour   6.92E+06  4.10E+00  2.84E+01  4.73E-01  7.89E-03
q, mu_s, sec, min, hour   7.07E+06  4.08E+00  2.88E+01  4.81E-01  8.01E-03
q, mu_s, sec, min, hour   7.22E+06  4.06E+00  2.93E+01  4.89E-01  8.14E-03
q, mu_s, sec, min, hour   7.36E+06  4.04E+00  2.98E+01  4.96E-01  8.27E-03
q, mu_s, sec, min, hour   7.52E+06  4.02E+00  3.03E+01  5.04E-01  8.40E-03
q, mu_s, sec, min, hour   7.67E+06  4.01E+00  3.07E+01  5.12E-01  8.54E-03
q, mu_s, sec, min, hour   7.83E+06  3.99E+00  3.13E+01  5.21E-01  8.69E-03
q, mu_s, sec, min, hour   8.00E+06  3.98E+00  3.18E+01  5.30E-01  8.83E-03
q, mu_s, sec, min, hour   8.16E+06  3.96E+00  3.23E+01  5.38E-01  8.97E-03
q, mu_s, sec, min, hour   8.33E+06  3.94E+00  3.28E+01  5.47E-01  9.12E-03
q, mu_s, sec, min, hour   8.50E+06  3.93E+00  3.34E+01  5.56E-01  9.27E-03
 Particle data written to file
 Particle mixing data written to file
 pasr: stopped, t, cpu_secs, nrec =  0.2000637       33.61222              -2
 pasr: stopped, t, cpu_secs, nrec =  0.2000637       33.61222              -2
  
MFU: fraction, index =    9.0000E-01       67
  
 Retrieve errors
 Fraction    error
   9.0000E-01   0.0000E+00
   9.9000E-01   0.0000E+00
   9.9900E-01   0.0000E+00
   9.9990E-01   0.0000E+00
   9.9999E-01   0.0000E+00
  
     j    x_min(j)    x_max(j)    x_diff(j)   x_mean(j)
     1    6.24E-04    3.28E-01    3.28E-01    5.35E-02
     2    2.40E-04    7.19E-02    7.16E-02    2.46E-02
     3    2.74E-01    3.32E-01    5.82E-02    2.92E-01
     4    2.24E-05    5.80E-03    5.77E-03    1.05E-03
     5    4.13E-06    9.91E-04    9.87E-04    2.22E-04
     6    1.94E-05    2.80E-03    2.78E-03    4.88E-04
     7    1.13E-03    9.71E-02    9.60E-02    5.01E-02
     8    2.68E-08    4.48E-05    4.48E-05    1.08E-05
     9    1.19E-08    2.21E-05    2.21E-05    2.22E-06
    10    0.00E+00    0.00E+00    0.00E+00    0.00E+00
    11    3.22E-02    2.62E-01    2.30E-01    1.51E-01
   
     j    f_min(j)    f_max(j)    f_diff(j)   fp_diff(j)    f_mean(j)
     1    4.03E-04    3.28E-01    3.28E-01    3.49E-03    5.27E-02
     2    6.45E-05    7.18E-02    7.18E-02    1.90E-03    2.42E-02
     3    2.74E-01    3.32E-01    5.82E-02    4.75E-17    2.92E-01
     4    1.63E-09    5.44E-03    5.44E-03    7.36E-04    1.06E-03
     5    1.74E-07    9.72E-04    9.72E-04    4.49E-04    2.38E-04
     6    1.35E-07    2.76E-03    2.76E-03    3.43E-04    5.03E-04
     7    1.14E-03    9.72E-02    9.61E-02    3.07E-03    5.08E-02
     8    3.32E-08    4.46E-05    4.45E-05    9.38E-06    1.07E-05
     9    2.41E-09    2.24E-05    2.24E-05    5.31E-06    2.21E-06
    10    0.00E+00    0.00E+00    0.00E+00    0.00E+00    0.00E+00
    11    3.23E-02    2.62E-01    2.30E-01    5.18E-03    1.53E-01
    12    1.55E-01    9.71E-01    8.16E-01    1.26E-01    5.88E-01
  
queries  =    8.5770E+06
prim_ret =    7.9075E+06
sec_ret  =    6.6412E+05
grow     =    4.9270E+03
add      =    4.5100E+02
replace  =    0.0000E+00
dir eval =    0.0000E+00
 
CPU (mu s)/query =    3.9189E+00
 -------------------------------------------------------------------------------
 -
                Operation     Calls  Failures         Time (mu s)    Time/call (mu s)
 -------------------------------------------------------------------------------
 -
                   ci_ceq         0         0            0.00E+00            0.00E+00
  ci_ice_chem_map (map=0)         0         0            0.00E+00            0.00E+00
  ci_ice_chem_map (map=1)         0         0            0.00E+00            0.00E+00
               ci_cem_tan         0         0            0.00E+00            0.00E+00
               ci_ice_tan         0         0            0.00E+00            0.00E+00
         ci_ice_pic_bound         0         0            0.00E+00            0.00E+00
                       lp         0         0            0.00E+00            0.00E+00
          rmap2 (map = 0)      5378         0            3.57E+06            6.64E+02
          rmap2 (map = 1)         0         0            0.00E+00            0.00E+00
                  ceq_nrs         0         0            0.00E+00            0.00E+00
               ci_linrmap         0         0            0.00E+00            0.00E+00
                     expm      3462         0            5.14E+04            1.49E+01
      ci_ice_facet_newton         0         0            0.00E+00            0.00E+00
 ci_ice_facet_newton_lmap         0         0            0.00E+00            0.00E+00
        ci_ice_pic_newton         0         0            0.00E+00            0.00E+00
   ci_ice_pic_newton_lmap         0         0            0.00E+00            0.00E+00
         ci_ice_recon_pic         0         0            0.00E+00            0.00E+00
    ci_ice_recon_pic_lmap         0         0            0.00E+00            0.00E+00
          ci_ice_recon_bc         0         0            0.00E+00            0.00E+00
     ci_ice_recon_bc_lmap         0         0            0.00E+00            0.00E+00
             ci_ice_recon         0         0            0.00E+00            0.00E+00
             ci_dens_temp         0         0            0.00E+00            0.00E+00
                 cidpt_dr         0         0            0.00E+00            0.00E+00
 ------------------------------------------------------------------------------
