 Number of species                 =      10
 Number of streams                 =       3
 Flow rates of streams             =  0.0000  0.4608  0.5392
 PASR starting: number of particles=    1000
 Residence time, tres (seconds)    =   4.0000E-03
 04/06/2012: Prior to this date, due to a bug tres was twice the specified tres
 Mixing time, tmix (seconds)       =   7.0000E-04
 Pairing time, tpair (seconds)     =   7.0000E-04
 Min. and max. time step (seconds) =   7.0000E-05   7.0000E-05
 Number of steps                   =   2.8571E+03
 Number of sub-steps per step      =       3
 Number of particle-sub-steps      =   8.5714E+06
 Maximum pressure (atm.)           =   1.0000E+00
 Minumum pressure (atm.)           =   1.0000E+00
 Period of pressure variation (sec)=   1.0000E-03
 Particle data read from file
 PaSR starting
 ...
q, mu_s, sec, min, hour   6.00E+03  5.05E+02  3.03E+00  5.05E-02  8.42E-04
q, mu_s, sec, min, hour   1.20E+04  5.19E+02  6.23E+00  1.04E-01  1.73E-03
q, mu_s, sec, min, hour   1.80E+04  4.91E+02  8.84E+00  1.47E-01  2.45E-03
q, mu_s, sec, min, hour   2.40E+04  4.64E+02  1.11E+01  1.86E-01  3.10E-03
q, mu_s, sec, min, hour   3.00E+04  4.36E+02  1.31E+01  2.18E-01  3.63E-03
q, mu_s, sec, min, hour   3.60E+04  4.24E+02  1.53E+01  2.54E-01  4.24E-03
q, mu_s, sec, min, hour   4.20E+04  4.06E+02  1.71E+01  2.84E-01  4.74E-03
q, mu_s, sec, min, hour   4.80E+04  3.97E+02  1.91E+01  3.18E-01  5.30E-03
q, mu_s, sec, min, hour   5.40E+04  3.87E+02  2.09E+01  3.49E-01  5.81E-03
q, mu_s, sec, min, hour   6.00E+04  3.85E+02  2.31E+01  3.85E-01  6.42E-03
q, mu_s, sec, min, hour   6.60E+04  3.83E+02  2.53E+01  4.21E-01  7.02E-03
q, mu_s, sec, min, hour   7.20E+04  3.83E+02  2.76E+01  4.60E-01  7.67E-03
q, mu_s, sec, min, hour   7.80E+04  3.81E+02  2.97E+01  4.96E-01  8.26E-03
q, mu_s, sec, min, hour   8.40E+04  3.75E+02  3.15E+01  5.25E-01  8.76E-03
q, mu_s, sec, min, hour   9.00E+04  3.70E+02  3.33E+01  5.55E-01  9.26E-03
q, mu_s, sec, min, hour   9.60E+04  3.69E+02  3.54E+01  5.90E-01  9.83E-03
q, mu_s, sec, min, hour   1.02E+05  3.67E+02  3.75E+01  6.24E-01  1.04E-02
q, mu_s, sec, min, hour   1.08E+05  3.64E+02  3.93E+01  6.55E-01  1.09E-02
q, mu_s, sec, min, hour   1.14E+05  3.60E+02  4.11E+01  6.85E-01  1.14E-02
q, mu_s, sec, min, hour   1.20E+05  3.58E+02  4.29E+01  7.15E-01  1.19E-02
q, mu_s, sec, min, hour   1.26E+05  3.54E+02  4.46E+01  7.43E-01  1.24E-02
q, mu_s, sec, min, hour   1.32E+05  3.51E+02  4.64E+01  7.73E-01  1.29E-02
q, mu_s, sec, min, hour   1.38E+05  3.49E+02  4.81E+01  8.02E-01  1.34E-02
q, mu_s, sec, min, hour   1.44E+05  3.46E+02  4.98E+01  8.31E-01  1.38E-02
q, mu_s, sec, min, hour   1.50E+05  3.43E+02  5.15E+01  8.58E-01  1.43E-02
q, mu_s, sec, min, hour   1.56E+05  3.40E+02  5.30E+01  8.83E-01  1.47E-02
q, mu_s, sec, min, hour   1.65E+05  3.37E+02  5.57E+01  9.28E-01  1.55E-02
q, mu_s, sec, min, hour   1.74E+05  3.34E+02  5.81E+01  9.68E-01  1.61E-02
q, mu_s, sec, min, hour   1.83E+05  3.29E+02  6.03E+01  1.00E+00  1.67E-02
q, mu_s, sec, min, hour   1.92E+05  3.28E+02  6.30E+01  1.05E+00  1.75E-02
q, mu_s, sec, min, hour   2.01E+05  3.25E+02  6.53E+01  1.09E+00  1.81E-02
q, mu_s, sec, min, hour   2.10E+05  3.23E+02  6.79E+01  1.13E+00  1.89E-02
q, mu_s, sec, min, hour   2.19E+05  3.21E+02  7.02E+01  1.17E+00  1.95E-02
q, mu_s, sec, min, hour   2.28E+05  3.18E+02  7.24E+01  1.21E+00  2.01E-02
q, mu_s, sec, min, hour   2.37E+05  3.15E+02  7.47E+01  1.25E+00  2.08E-02
q, mu_s, sec, min, hour   2.46E+05  3.12E+02  7.68E+01  1.28E+00  2.13E-02
q, mu_s, sec, min, hour   2.55E+05  3.10E+02  7.90E+01  1.32E+00  2.20E-02
q, mu_s, sec, min, hour   2.64E+05  3.07E+02  8.10E+01  1.35E+00  2.25E-02
q, mu_s, sec, min, hour   2.73E+05  3.05E+02  8.32E+01  1.39E+00  2.31E-02
q, mu_s, sec, min, hour   2.82E+05  3.03E+02  8.54E+01  1.42E+00  2.37E-02
q, mu_s, sec, min, hour   2.91E+05  3.01E+02  8.76E+01  1.46E+00  2.43E-02
q, mu_s, sec, min, hour   3.00E+05  2.99E+02  8.98E+01  1.50E+00  2.50E-02
q, mu_s, sec, min, hour   3.09E+05  2.98E+02  9.19E+01  1.53E+00  2.55E-02
q, mu_s, sec, min, hour   3.21E+05  2.95E+02  9.48E+01  1.58E+00  2.63E-02
q, mu_s, sec, min, hour   3.33E+05  2.93E+02  9.75E+01  1.63E+00  2.71E-02
q, mu_s, sec, min, hour   3.45E+05  2.90E+02  1.00E+02  1.67E+00  2.78E-02
q, mu_s, sec, min, hour   3.57E+05  2.88E+02  1.03E+02  1.72E+00  2.86E-02
q, mu_s, sec, min, hour   3.69E+05  2.87E+02  1.06E+02  1.77E+00  2.95E-02
q, mu_s, sec, min, hour   3.81E+05  2.86E+02  1.09E+02  1.82E+00  3.03E-02
q, mu_s, sec, min, hour   3.93E+05  2.85E+02  1.12E+02  1.87E+00  3.11E-02
q, mu_s, sec, min, hour   4.05E+05  2.84E+02  1.15E+02  1.92E+00  3.20E-02
q, mu_s, sec, min, hour   4.17E+05  2.82E+02  1.18E+02  1.96E+00  3.27E-02
q, mu_s, sec, min, hour   4.29E+05  2.82E+02  1.21E+02  2.01E+00  3.36E-02
q, mu_s, sec, min, hour   4.41E+05  2.81E+02  1.24E+02  2.06E+00  3.44E-02
q, mu_s, sec, min, hour   4.53E+05  2.80E+02  1.27E+02  2.11E+00  3.52E-02
q, mu_s, sec, min, hour   4.68E+05  2.78E+02  1.30E+02  2.17E+00  3.62E-02
q, mu_s, sec, min, hour   4.83E+05  2.77E+02  1.34E+02  2.23E+00  3.71E-02
q, mu_s, sec, min, hour   4.98E+05  2.75E+02  1.37E+02  2.28E+00  3.80E-02
q, mu_s, sec, min, hour   5.13E+05  2.74E+02  1.41E+02  2.34E+00  3.90E-02
q, mu_s, sec, min, hour   5.28E+05  2.73E+02  1.44E+02  2.40E+00  4.01E-02
q, mu_s, sec, min, hour   5.43E+05  2.72E+02  1.48E+02  2.46E+00  4.11E-02
q, mu_s, sec, min, hour   5.58E+05  2.72E+02  1.52E+02  2.53E+00  4.21E-02
q, mu_s, sec, min, hour   5.73E+05  2.71E+02  1.55E+02  2.58E+00  4.31E-02
q, mu_s, sec, min, hour   5.88E+05  2.69E+02  1.58E+02  2.64E+00  4.40E-02
q, mu_s, sec, min, hour   6.03E+05  2.69E+02  1.62E+02  2.70E+00  4.50E-02
q, mu_s, sec, min, hour   6.21E+05  2.68E+02  1.66E+02  2.77E+00  4.62E-02
q, mu_s, sec, min, hour   6.39E+05  2.66E+02  1.70E+02  2.84E+00  4.73E-02
q, mu_s, sec, min, hour   6.57E+05  2.66E+02  1.75E+02  2.91E+00  4.85E-02
q, mu_s, sec, min, hour   6.75E+05  2.65E+02  1.79E+02  2.98E+00  4.97E-02
q, mu_s, sec, min, hour   6.93E+05  2.64E+02  1.83E+02  3.05E+00  5.08E-02
q, mu_s, sec, min, hour   7.11E+05  2.63E+02  1.87E+02  3.12E+00  5.20E-02
q, mu_s, sec, min, hour   7.29E+05  2.63E+02  1.92E+02  3.19E+00  5.32E-02
q, mu_s, sec, min, hour   7.47E+05  2.62E+02  1.96E+02  3.26E+00  5.44E-02
q, mu_s, sec, min, hour   7.65E+05  2.61E+02  2.00E+02  3.33E+00  5.56E-02
q, mu_s, sec, min, hour   7.86E+05  2.60E+02  2.05E+02  3.41E+00  5.68E-02
q, mu_s, sec, min, hour   8.07E+05  2.60E+02  2.09E+02  3.49E+00  5.82E-02
q, mu_s, sec, min, hour   8.28E+05  2.59E+02  2.14E+02  3.57E+00  5.96E-02
q, mu_s, sec, min, hour   8.49E+05  2.58E+02  2.19E+02  3.65E+00  6.09E-02
q, mu_s, sec, min, hour   8.70E+05  2.58E+02  2.24E+02  3.74E+00  6.23E-02
q, mu_s, sec, min, hour   8.91E+05  2.57E+02  2.29E+02  3.82E+00  6.36E-02
q, mu_s, sec, min, hour   9.12E+05  2.56E+02  2.34E+02  3.90E+00  6.49E-02
q, mu_s, sec, min, hour   9.36E+05  2.55E+02  2.39E+02  3.98E+00  6.64E-02
q, mu_s, sec, min, hour   9.60E+05  2.55E+02  2.45E+02  4.08E+00  6.79E-02
q, mu_s, sec, min, hour   9.84E+05  2.54E+02  2.50E+02  4.16E+00  6.94E-02
q, mu_s, sec, min, hour   1.01E+06  2.53E+02  2.55E+02  4.26E+00  7.10E-02
q, mu_s, sec, min, hour   1.03E+06  2.53E+02  2.61E+02  4.35E+00  7.25E-02
q, mu_s, sec, min, hour   1.06E+06  2.52E+02  2.66E+02  4.44E+00  7.40E-02
q, mu_s, sec, min, hour   1.08E+06  2.52E+02  2.72E+02  4.54E+00  7.57E-02
q, mu_s, sec, min, hour   1.11E+06  2.51E+02  2.78E+02  4.64E+00  7.73E-02
q, mu_s, sec, min, hour   1.14E+06  2.50E+02  2.84E+02  4.74E+00  7.90E-02
q, mu_s, sec, min, hour   1.16E+06  2.50E+02  2.91E+02  4.85E+00  8.08E-02
q, mu_s, sec, min, hour   1.19E+06  2.49E+02  2.97E+02  4.95E+00  8.25E-02
q, mu_s, sec, min, hour   1.22E+06  2.49E+02  3.03E+02  5.05E+00  8.42E-02
q, mu_s, sec, min, hour   1.25E+06  2.49E+02  3.10E+02  5.17E+00  8.62E-02
q, mu_s, sec, min, hour   1.28E+06  2.48E+02  3.17E+02  5.29E+00  8.81E-02
q, mu_s, sec, min, hour   1.31E+06  2.48E+02  3.24E+02  5.40E+00  9.01E-02
q, mu_s, sec, min, hour   1.34E+06  2.48E+02  3.31E+02  5.52E+00  9.20E-02
q, mu_s, sec, min, hour   1.37E+06  2.47E+02  3.38E+02  5.63E+00  9.38E-02
q, mu_s, sec, min, hour   1.40E+06  2.47E+02  3.45E+02  5.76E+00  9.59E-02
q, mu_s, sec, min, hour   1.43E+06  2.46E+02  3.53E+02  5.89E+00  9.81E-02
q, mu_s, sec, min, hour   1.47E+06  2.46E+02  3.61E+02  6.01E+00  1.00E-01
q, mu_s, sec, min, hour   1.50E+06  2.46E+02  3.68E+02  6.14E+00  1.02E-01
q, mu_s, sec, min, hour   1.53E+06  2.45E+02  3.76E+02  6.27E+00  1.04E-01
q, mu_s, sec, min, hour   1.57E+06  2.45E+02  3.84E+02  6.40E+00  1.07E-01
q, mu_s, sec, min, hour   1.60E+06  2.45E+02  3.93E+02  6.55E+00  1.09E-01
q, mu_s, sec, min, hour   1.64E+06  2.44E+02  4.01E+02  6.68E+00  1.11E-01
q, mu_s, sec, min, hour   1.68E+06  2.44E+02  4.09E+02  6.81E+00  1.14E-01
q, mu_s, sec, min, hour   1.72E+06  2.43E+02  4.18E+02  6.96E+00  1.16E-01
q, mu_s, sec, min, hour   1.76E+06  2.43E+02  4.27E+02  7.12E+00  1.19E-01
q, mu_s, sec, min, hour   1.79E+06  2.43E+02  4.36E+02  7.26E+00  1.21E-01
q, mu_s, sec, min, hour   1.83E+06  2.43E+02  4.45E+02  7.42E+00  1.24E-01
q, mu_s, sec, min, hour   1.88E+06  2.42E+02  4.54E+02  7.57E+00  1.26E-01
q, mu_s, sec, min, hour   1.92E+06  2.42E+02  4.63E+02  7.72E+00  1.29E-01
q, mu_s, sec, min, hour   1.96E+06  2.41E+02  4.73E+02  7.88E+00  1.31E-01
q, mu_s, sec, min, hour   2.00E+06  2.41E+02  4.83E+02  8.05E+00  1.34E-01
q, mu_s, sec, min, hour   2.05E+06  2.41E+02  4.93E+02  8.22E+00  1.37E-01
q, mu_s, sec, min, hour   2.09E+06  2.40E+02  5.03E+02  8.39E+00  1.40E-01
q, mu_s, sec, min, hour   2.14E+06  2.40E+02  5.14E+02  8.56E+00  1.43E-01
q, mu_s, sec, min, hour   2.19E+06  2.40E+02  5.24E+02  8.74E+00  1.46E-01
q, mu_s, sec, min, hour   2.24E+06  2.39E+02  5.35E+02  8.92E+00  1.49E-01
