 Number of species                 =      10
 Number of streams                 =       3
 Flow rates of streams             =  0.0000  0.4021  0.5979
 PASR starting: number of particles=    1000
 Residence time, tres (seconds)    =   4.0000E-03
 04/06/2012: Prior to this date, due to a bug tres was twice the specified tres
 Mixing time, tmix (seconds)       =   7.0000E-04
 Pairing time, tpair (seconds)     =   7.0000E-04
 Min. and max. time step (seconds) =   7.0000E-05   7.0000E-05
 Number of steps                   =   2.8571E+03
 Number of sub-steps per step      =       3
 Number of particle-sub-steps      =   8.5714E+06
 Maximum pressure (atm.)           =   1.0000E+00
 Minumum pressure (atm.)           =   1.0000E+00
 Period of pressure variation (sec)=   1.0000E-03
 Particle data read from file
 PaSR starting
 ...
q, mu_s, sec, min, hour   6.00E+03  4.10E+02  2.46E+00  4.10E-02  6.83E-04
q, mu_s, sec, min, hour   1.20E+04  4.26E+02  5.11E+00  8.51E-02  1.42E-03
q, mu_s, sec, min, hour   1.80E+04  4.06E+02  7.32E+00  1.22E-01  2.03E-03
q, mu_s, sec, min, hour   2.40E+04  3.96E+02  9.51E+00  1.59E-01  2.64E-03
q, mu_s, sec, min, hour   3.00E+04  3.92E+02  1.17E+01  1.96E-01  3.26E-03
q, mu_s, sec, min, hour   3.60E+04  3.76E+02  1.35E+01  2.25E-01  3.76E-03
q, mu_s, sec, min, hour   4.20E+04  3.63E+02  1.53E+01  2.54E-01  4.24E-03
q, mu_s, sec, min, hour   4.80E+04  3.61E+02  1.73E+01  2.89E-01  4.81E-03
q, mu_s, sec, min, hour   5.40E+04  3.58E+02  1.94E+01  3.23E-01  5.38E-03
q, mu_s, sec, min, hour   6.00E+04  3.59E+02  2.15E+01  3.59E-01  5.99E-03
q, mu_s, sec, min, hour   6.60E+04  3.59E+02  2.37E+01  3.95E-01  6.58E-03
q, mu_s, sec, min, hour   7.20E+04  3.55E+02  2.56E+01  4.27E-01  7.11E-03
q, mu_s, sec, min, hour   7.80E+04  3.56E+02  2.77E+01  4.62E-01  7.70E-03
q, mu_s, sec, min, hour   8.40E+04  3.57E+02  3.00E+01  5.00E-01  8.34E-03
q, mu_s, sec, min, hour   9.00E+04  3.56E+02  3.20E+01  5.33E-01  8.89E-03
q, mu_s, sec, min, hour   9.60E+04  3.54E+02  3.39E+01  5.66E-01  9.43E-03
q, mu_s, sec, min, hour   1.02E+05  3.52E+02  3.59E+01  5.99E-01  9.99E-03
q, mu_s, sec, min, hour   1.08E+05  3.52E+02  3.80E+01  6.34E-01  1.06E-02
q, mu_s, sec, min, hour   1.14E+05  3.51E+02  4.01E+01  6.68E-01  1.11E-02
q, mu_s, sec, min, hour   1.20E+05  3.51E+02  4.22E+01  7.03E-01  1.17E-02
q, mu_s, sec, min, hour   1.26E+05  3.48E+02  4.38E+01  7.30E-01  1.22E-02
q, mu_s, sec, min, hour   1.32E+05  3.48E+02  4.59E+01  7.65E-01  1.27E-02
q, mu_s, sec, min, hour   1.38E+05  3.45E+02  4.77E+01  7.95E-01  1.32E-02
q, mu_s, sec, min, hour   1.44E+05  3.44E+02  4.95E+01  8.25E-01  1.37E-02
q, mu_s, sec, min, hour   1.50E+05  3.43E+02  5.14E+01  8.57E-01  1.43E-02
q, mu_s, sec, min, hour   1.56E+05  3.43E+02  5.35E+01  8.92E-01  1.49E-02
q, mu_s, sec, min, hour   1.65E+05  3.40E+02  5.61E+01  9.35E-01  1.56E-02
q, mu_s, sec, min, hour   1.74E+05  3.38E+02  5.88E+01  9.81E-01  1.63E-02
q, mu_s, sec, min, hour   1.83E+05  3.38E+02  6.19E+01  1.03E+00  1.72E-02
q, mu_s, sec, min, hour   1.92E+05  3.38E+02  6.48E+01  1.08E+00  1.80E-02
q, mu_s, sec, min, hour   2.01E+05  3.35E+02  6.73E+01  1.12E+00  1.87E-02
q, mu_s, sec, min, hour   2.10E+05  3.36E+02  7.07E+01  1.18E+00  1.96E-02
q, mu_s, sec, min, hour   2.19E+05  3.37E+02  7.37E+01  1.23E+00  2.05E-02
q, mu_s, sec, min, hour   2.28E+05  3.37E+02  7.68E+01  1.28E+00  2.13E-02
q, mu_s, sec, min, hour   2.37E+05  3.36E+02  7.96E+01  1.33E+00  2.21E-02
q, mu_s, sec, min, hour   2.46E+05  3.37E+02  8.29E+01  1.38E+00  2.30E-02
q, mu_s, sec, min, hour   2.55E+05  3.37E+02  8.59E+01  1.43E+00  2.39E-02
q, mu_s, sec, min, hour   2.64E+05  3.36E+02  8.87E+01  1.48E+00  2.46E-02
q, mu_s, sec, min, hour   2.73E+05  3.36E+02  9.19E+01  1.53E+00  2.55E-02
q, mu_s, sec, min, hour   2.82E+05  3.36E+02  9.49E+01  1.58E+00  2.64E-02
q, mu_s, sec, min, hour   2.91E+05  3.36E+02  9.79E+01  1.63E+00  2.72E-02
q, mu_s, sec, min, hour   3.00E+05  3.36E+02  1.01E+02  1.68E+00  2.80E-02
q, mu_s, sec, min, hour   3.09E+05  3.34E+02  1.03E+02  1.72E+00  2.87E-02
q, mu_s, sec, min, hour   3.21E+05  3.35E+02  1.07E+02  1.79E+00  2.98E-02
q, mu_s, sec, min, hour   3.33E+05  3.35E+02  1.11E+02  1.86E+00  3.10E-02
q, mu_s, sec, min, hour   3.45E+05  3.34E+02  1.15E+02  1.92E+00  3.20E-02
q, mu_s, sec, min, hour   3.57E+05  3.34E+02  1.19E+02  1.99E+00  3.32E-02
q, mu_s, sec, min, hour   3.69E+05  3.33E+02  1.23E+02  2.05E+00  3.42E-02
q, mu_s, sec, min, hour   3.81E+05  3.33E+02  1.27E+02  2.11E+00  3.52E-02
q, mu_s, sec, min, hour   3.93E+05  3.33E+02  1.31E+02  2.18E+00  3.63E-02
q, mu_s, sec, min, hour   4.05E+05  3.33E+02  1.35E+02  2.25E+00  3.74E-02
q, mu_s, sec, min, hour   4.17E+05  3.32E+02  1.39E+02  2.31E+00  3.85E-02
q, mu_s, sec, min, hour   4.29E+05  3.31E+02  1.42E+02  2.37E+00  3.95E-02
q, mu_s, sec, min, hour   4.41E+05  3.31E+02  1.46E+02  2.43E+00  4.05E-02
q, mu_s, sec, min, hour   4.53E+05  3.30E+02  1.50E+02  2.49E+00  4.16E-02
q, mu_s, sec, min, hour   4.68E+05  3.30E+02  1.55E+02  2.58E+00  4.29E-02
q, mu_s, sec, min, hour   4.83E+05  3.30E+02  1.59E+02  2.65E+00  4.42E-02
q, mu_s, sec, min, hour   4.98E+05  3.29E+02  1.64E+02  2.73E+00  4.56E-02
q, mu_s, sec, min, hour   5.13E+05  3.28E+02  1.68E+02  2.80E+00  4.67E-02
q, mu_s, sec, min, hour   5.28E+05  3.28E+02  1.73E+02  2.88E+00  4.81E-02
q, mu_s, sec, min, hour   5.43E+05  3.27E+02  1.78E+02  2.96E+00  4.94E-02
q, mu_s, sec, min, hour   5.58E+05  3.26E+02  1.82E+02  3.04E+00  5.06E-02
q, mu_s, sec, min, hour   5.73E+05  3.26E+02  1.87E+02  3.11E+00  5.18E-02
q, mu_s, sec, min, hour   5.88E+05  3.25E+02  1.91E+02  3.18E+00  5.31E-02
q, mu_s, sec, min, hour   6.03E+05  3.24E+02  1.95E+02  3.25E+00  5.42E-02
q, mu_s, sec, min, hour   6.21E+05  3.24E+02  2.01E+02  3.35E+00  5.58E-02
q, mu_s, sec, min, hour   6.39E+05  3.23E+02  2.06E+02  3.44E+00  5.73E-02
q, mu_s, sec, min, hour   6.57E+05  3.22E+02  2.12E+02  3.53E+00  5.88E-02
q, mu_s, sec, min, hour   6.75E+05  3.22E+02  2.17E+02  3.62E+00  6.04E-02
q, mu_s, sec, min, hour   6.93E+05  3.22E+02  2.23E+02  3.72E+00  6.20E-02
q, mu_s, sec, min, hour   7.11E+05  3.22E+02  2.29E+02  3.82E+00  6.37E-02
q, mu_s, sec, min, hour   7.29E+05  3.22E+02  2.35E+02  3.91E+00  6.52E-02
q, mu_s, sec, min, hour   7.47E+05  3.22E+02  2.40E+02  4.01E+00  6.68E-02
q, mu_s, sec, min, hour   7.65E+05  3.22E+02  2.46E+02  4.10E+00  6.83E-02
q, mu_s, sec, min, hour   7.86E+05  3.21E+02  2.52E+02  4.21E+00  7.01E-02
q, mu_s, sec, min, hour   8.07E+05  3.21E+02  2.59E+02  4.31E+00  7.19E-02
q, mu_s, sec, min, hour   8.28E+05  3.21E+02  2.65E+02  4.42E+00  7.37E-02
q, mu_s, sec, min, hour   8.49E+05  3.20E+02  2.72E+02  4.53E+00  7.56E-02
q, mu_s, sec, min, hour   8.70E+05  3.21E+02  2.79E+02  4.65E+00  7.75E-02
q, mu_s, sec, min, hour   8.91E+05  3.20E+02  2.85E+02  4.76E+00  7.93E-02
q, mu_s, sec, min, hour   9.12E+05  3.20E+02  2.92E+02  4.86E+00  8.10E-02
q, mu_s, sec, min, hour   9.36E+05  3.19E+02  2.99E+02  4.98E+00  8.30E-02
q, mu_s, sec, min, hour   9.60E+05  3.19E+02  3.06E+02  5.10E+00  8.50E-02
q, mu_s, sec, min, hour   9.84E+05  3.18E+02  3.13E+02  5.22E+00  8.70E-02
q, mu_s, sec, min, hour   1.01E+06  3.18E+02  3.20E+02  5.34E+00  8.89E-02
q, mu_s, sec, min, hour   1.03E+06  3.17E+02  3.27E+02  5.46E+00  9.09E-02
q, mu_s, sec, min, hour   1.06E+06  3.17E+02  3.35E+02  5.58E+00  9.29E-02
q, mu_s, sec, min, hour   1.08E+06  3.16E+02  3.43E+02  5.71E+00  9.52E-02
q, mu_s, sec, min, hour   1.11E+06  3.16E+02  3.51E+02  5.85E+00  9.75E-02
q, mu_s, sec, min, hour   1.14E+06  3.16E+02  3.59E+02  5.99E+00  9.98E-02
q, mu_s, sec, min, hour   1.16E+06  3.16E+02  3.68E+02  6.13E+00  1.02E-01
q, mu_s, sec, min, hour   1.19E+06  3.15E+02  3.76E+02  6.26E+00  1.04E-01
q, mu_s, sec, min, hour   1.22E+06  3.15E+02  3.84E+02  6.40E+00  1.07E-01
q, mu_s, sec, min, hour   1.25E+06  3.15E+02  3.93E+02  6.55E+00  1.09E-01
q, mu_s, sec, min, hour   1.28E+06  3.15E+02  4.03E+02  6.72E+00  1.12E-01
q, mu_s, sec, min, hour   1.31E+06  3.15E+02  4.12E+02  6.87E+00  1.15E-01
q, mu_s, sec, min, hour   1.34E+06  3.15E+02  4.21E+02  7.02E+00  1.17E-01
q, mu_s, sec, min, hour   1.37E+06  3.15E+02  4.31E+02  7.18E+00  1.20E-01
q, mu_s, sec, min, hour   1.40E+06  3.15E+02  4.42E+02  7.36E+00  1.23E-01
q, mu_s, sec, min, hour   1.43E+06  3.15E+02  4.52E+02  7.53E+00  1.25E-01
q, mu_s, sec, min, hour   1.47E+06  3.15E+02  4.62E+02  7.70E+00  1.28E-01
q, mu_s, sec, min, hour   1.50E+06  3.14E+02  4.72E+02  7.86E+00  1.31E-01
q, mu_s, sec, min, hour   1.53E+06  3.14E+02  4.81E+02  8.02E+00  1.34E-01
q, mu_s, sec, min, hour   1.57E+06  3.14E+02  4.92E+02  8.20E+00  1.37E-01
q, mu_s, sec, min, hour   1.60E+06  3.13E+02  5.03E+02  8.38E+00  1.40E-01
q, mu_s, sec, min, hour   1.64E+06  3.13E+02  5.14E+02  8.56E+00  1.43E-01
q, mu_s, sec, min, hour   1.68E+06  3.13E+02  5.25E+02  8.75E+00  1.46E-01
q, mu_s, sec, min, hour   1.72E+06  3.13E+02  5.37E+02  8.94E+00  1.49E-01
q, mu_s, sec, min, hour   1.76E+06  3.13E+02  5.49E+02  9.15E+00  1.52E-01
q, mu_s, sec, min, hour   1.79E+06  3.13E+02  5.61E+02  9.36E+00  1.56E-01
q, mu_s, sec, min, hour   1.83E+06  3.13E+02  5.74E+02  9.57E+00  1.59E-01
q, mu_s, sec, min, hour   1.88E+06  3.13E+02  5.87E+02  9.79E+00  1.63E-01
q, mu_s, sec, min, hour   1.92E+06  3.13E+02  5.99E+02  9.99E+00  1.66E-01
q, mu_s, sec, min, hour   1.96E+06  3.12E+02  6.12E+02  1.02E+01  1.70E-01
q, mu_s, sec, min, hour   2.00E+06  3.12E+02  6.26E+02  1.04E+01  1.74E-01
q, mu_s, sec, min, hour   2.05E+06  3.12E+02  6.40E+02  1.07E+01  1.78E-01
q, mu_s, sec, min, hour   2.09E+06  3.12E+02  6.54E+02  1.09E+01  1.82E-01
q, mu_s, sec, min, hour   2.14E+06  3.12E+02  6.67E+02  1.11E+01  1.85E-01
q, mu_s, sec, min, hour   2.19E+06  3.12E+02  6.81E+02  1.14E+01  1.89E-01
q, mu_s, sec, min, hour   2.24E+06  3.12E+02  6.97E+02  1.16E+01  1.94E-01
q, mu_s, sec, min, hour   2.28E+06  3.12E+02  7.13E+02  1.19E+01  1.98E-01
q, mu_s, sec, min, hour   2.33E+06  3.13E+02  7.29E+02  1.22E+01  2.03E-01
q, mu_s, sec, min, hour   2.38E+06  3.13E+02  7.45E+02  1.24E+01  2.07E-01
q, mu_s, sec, min, hour   2.44E+06  3.13E+02  7.62E+02  1.27E+01  2.12E-01
q, mu_s, sec, min, hour   2.49E+06  3.13E+02  7.80E+02  1.30E+01  2.17E-01
