 Number of species                 =      10
 Number of streams                 =       3
 Flow rates of streams             =  0.0000  0.4413  0.5587
 PASR starting: number of particles=    1000
 Residence time, tres (seconds)    =   4.0000E-03
 04/06/2012: Prior to this date, due to a bug tres was twice the specified tres
 Mixing time, tmix (seconds)       =   7.0000E-04
 Pairing time, tpair (seconds)     =   7.0000E-04
 Min. and max. time step (seconds) =   7.0000E-05   7.0000E-05
 Number of steps                   =   2.8571E+03
 Number of sub-steps per step      =       3
 Number of particle-sub-steps      =   8.5714E+06
 Maximum pressure (atm.)           =   1.0000E+00
 Minumum pressure (atm.)           =   1.0000E+00
 Period of pressure variation (sec)=   1.0000E-03
 Particle data read from file
 PaSR starting
 ...
q, mu_s, sec, min, hour   6.00E+03  4.26E+02  2.56E+00  4.26E-02  7.11E-04
q, mu_s, sec, min, hour   1.20E+04  4.52E+02  5.43E+00  9.05E-02  1.51E-03
q, mu_s, sec, min, hour   1.80E+04  4.51E+02  8.11E+00  1.35E-01  2.25E-03
q, mu_s, sec, min, hour   2.40E+04  4.22E+02  1.01E+01  1.69E-01  2.81E-03
q, mu_s, sec, min, hour   3.00E+04  4.17E+02  1.25E+01  2.08E-01  3.47E-03
q, mu_s, sec, min, hour   3.60E+04  4.07E+02  1.46E+01  2.44E-01  4.07E-03
q, mu_s, sec, min, hour   4.20E+04  4.08E+02  1.71E+01  2.85E-01  4.76E-03
q, mu_s, sec, min, hour   4.80E+04  4.10E+02  1.97E+01  3.28E-01  5.47E-03
q, mu_s, sec, min, hour   5.40E+04  4.10E+02  2.22E+01  3.69E-01  6.16E-03
q, mu_s, sec, min, hour   6.00E+04  4.07E+02  2.44E+01  4.07E-01  6.78E-03
q, mu_s, sec, min, hour   6.60E+04  4.06E+02  2.68E+01  4.46E-01  7.44E-03
q, mu_s, sec, min, hour   7.20E+04  4.04E+02  2.91E+01  4.85E-01  8.08E-03
q, mu_s, sec, min, hour   7.80E+04  4.04E+02  3.15E+01  5.25E-01  8.75E-03
q, mu_s, sec, min, hour   8.40E+04  4.01E+02  3.37E+01  5.61E-01  9.35E-03
q, mu_s, sec, min, hour   9.00E+04  4.01E+02  3.61E+01  6.01E-01  1.00E-02
q, mu_s, sec, min, hour   9.60E+04  3.98E+02  3.82E+01  6.37E-01  1.06E-02
q, mu_s, sec, min, hour   1.02E+05  3.94E+02  4.02E+01  6.70E-01  1.12E-02
q, mu_s, sec, min, hour   1.08E+05  3.96E+02  4.27E+01  7.12E-01  1.19E-02
q, mu_s, sec, min, hour   1.14E+05  3.94E+02  4.49E+01  7.48E-01  1.25E-02
q, mu_s, sec, min, hour   1.20E+05  3.90E+02  4.68E+01  7.80E-01  1.30E-02
q, mu_s, sec, min, hour   1.26E+05  3.90E+02  4.92E+01  8.19E-01  1.37E-02
q, mu_s, sec, min, hour   1.32E+05  3.88E+02  5.12E+01  8.54E-01  1.42E-02
q, mu_s, sec, min, hour   1.38E+05  3.87E+02  5.34E+01  8.89E-01  1.48E-02
q, mu_s, sec, min, hour   1.44E+05  3.83E+02  5.51E+01  9.18E-01  1.53E-02
q, mu_s, sec, min, hour   1.50E+05  3.80E+02  5.71E+01  9.51E-01  1.58E-02
q, mu_s, sec, min, hour   1.56E+05  3.77E+02  5.89E+01  9.81E-01  1.64E-02
q, mu_s, sec, min, hour   1.65E+05  3.74E+02  6.16E+01  1.03E+00  1.71E-02
q, mu_s, sec, min, hour   1.74E+05  3.69E+02  6.43E+01  1.07E+00  1.79E-02
q, mu_s, sec, min, hour   1.83E+05  3.64E+02  6.66E+01  1.11E+00  1.85E-02
q, mu_s, sec, min, hour   1.92E+05  3.61E+02  6.94E+01  1.16E+00  1.93E-02
q, mu_s, sec, min, hour   2.01E+05  3.59E+02  7.21E+01  1.20E+00  2.00E-02
q, mu_s, sec, min, hour   2.10E+05  3.58E+02  7.51E+01  1.25E+00  2.09E-02
q, mu_s, sec, min, hour   2.19E+05  3.56E+02  7.79E+01  1.30E+00  2.16E-02
q, mu_s, sec, min, hour   2.28E+05  3.54E+02  8.07E+01  1.34E+00  2.24E-02
q, mu_s, sec, min, hour   2.37E+05  3.52E+02  8.35E+01  1.39E+00  2.32E-02
q, mu_s, sec, min, hour   2.46E+05  3.51E+02  8.64E+01  1.44E+00  2.40E-02
q, mu_s, sec, min, hour   2.55E+05  3.50E+02  8.93E+01  1.49E+00  2.48E-02
q, mu_s, sec, min, hour   2.64E+05  3.49E+02  9.21E+01  1.54E+00  2.56E-02
q, mu_s, sec, min, hour   2.73E+05  3.46E+02  9.45E+01  1.58E+00  2.63E-02
q, mu_s, sec, min, hour   2.82E+05  3.44E+02  9.69E+01  1.62E+00  2.69E-02
q, mu_s, sec, min, hour   2.91E+05  3.41E+02  9.91E+01  1.65E+00  2.75E-02
q, mu_s, sec, min, hour   3.00E+05  3.38E+02  1.02E+02  1.69E+00  2.82E-02
q, mu_s, sec, min, hour   3.09E+05  3.37E+02  1.04E+02  1.73E+00  2.89E-02
q, mu_s, sec, min, hour   3.21E+05  3.35E+02  1.07E+02  1.79E+00  2.98E-02
q, mu_s, sec, min, hour   3.33E+05  3.31E+02  1.10E+02  1.84E+00  3.06E-02
q, mu_s, sec, min, hour   3.45E+05  3.29E+02  1.14E+02  1.89E+00  3.15E-02
q, mu_s, sec, min, hour   3.57E+05  3.28E+02  1.17E+02  1.95E+00  3.25E-02
q, mu_s, sec, min, hour   3.69E+05  3.27E+02  1.21E+02  2.01E+00  3.35E-02
q, mu_s, sec, min, hour   3.81E+05  3.25E+02  1.24E+02  2.06E+00  3.44E-02
q, mu_s, sec, min, hour   3.93E+05  3.23E+02  1.27E+02  2.11E+00  3.52E-02
q, mu_s, sec, min, hour   4.05E+05  3.21E+02  1.30E+02  2.17E+00  3.62E-02
q, mu_s, sec, min, hour   4.17E+05  3.20E+02  1.33E+02  2.22E+00  3.70E-02
q, mu_s, sec, min, hour   4.29E+05  3.18E+02  1.36E+02  2.27E+00  3.78E-02
q, mu_s, sec, min, hour   4.41E+05  3.17E+02  1.40E+02  2.33E+00  3.88E-02
q, mu_s, sec, min, hour   4.53E+05  3.16E+02  1.43E+02  2.39E+00  3.98E-02
q, mu_s, sec, min, hour   4.68E+05  3.15E+02  1.47E+02  2.46E+00  4.09E-02
q, mu_s, sec, min, hour   4.83E+05  3.13E+02  1.51E+02  2.52E+00  4.20E-02
q, mu_s, sec, min, hour   4.98E+05  3.11E+02  1.55E+02  2.58E+00  4.31E-02
q, mu_s, sec, min, hour   5.13E+05  3.10E+02  1.59E+02  2.65E+00  4.42E-02
q, mu_s, sec, min, hour   5.28E+05  3.09E+02  1.63E+02  2.72E+00  4.53E-02
q, mu_s, sec, min, hour   5.43E+05  3.08E+02  1.67E+02  2.78E+00  4.64E-02
q, mu_s, sec, min, hour   5.58E+05  3.07E+02  1.72E+02  2.86E+00  4.77E-02
q, mu_s, sec, min, hour   5.73E+05  3.07E+02  1.76E+02  2.93E+00  4.89E-02
q, mu_s, sec, min, hour   5.88E+05  3.06E+02  1.80E+02  3.00E+00  5.00E-02
q, mu_s, sec, min, hour   6.03E+05  3.06E+02  1.84E+02  3.07E+00  5.12E-02
q, mu_s, sec, min, hour   6.21E+05  3.05E+02  1.89E+02  3.15E+00  5.26E-02
q, mu_s, sec, min, hour   6.39E+05  3.04E+02  1.94E+02  3.23E+00  5.39E-02
q, mu_s, sec, min, hour   6.57E+05  3.03E+02  1.99E+02  3.32E+00  5.53E-02
q, mu_s, sec, min, hour   6.75E+05  3.02E+02  2.04E+02  3.40E+00  5.66E-02
q, mu_s, sec, min, hour   6.93E+05  3.01E+02  2.09E+02  3.48E+00  5.80E-02
q, mu_s, sec, min, hour   7.11E+05  3.01E+02  2.14E+02  3.56E+00  5.94E-02
q, mu_s, sec, min, hour   7.29E+05  3.00E+02  2.18E+02  3.64E+00  6.07E-02
q, mu_s, sec, min, hour   7.47E+05  2.99E+02  2.23E+02  3.72E+00  6.20E-02
q, mu_s, sec, min, hour   7.65E+05  2.98E+02  2.28E+02  3.80E+00  6.34E-02
q, mu_s, sec, min, hour   7.86E+05  2.98E+02  2.34E+02  3.90E+00  6.50E-02
q, mu_s, sec, min, hour   8.07E+05  2.97E+02  2.40E+02  4.00E+00  6.66E-02
q, mu_s, sec, min, hour   8.28E+05  2.97E+02  2.46E+02  4.10E+00  6.83E-02
q, mu_s, sec, min, hour   8.49E+05  2.96E+02  2.52E+02  4.19E+00  6.99E-02
q, mu_s, sec, min, hour   8.70E+05  2.96E+02  2.57E+02  4.29E+00  7.15E-02
q, mu_s, sec, min, hour   8.91E+05  2.95E+02  2.63E+02  4.38E+00  7.30E-02
q, mu_s, sec, min, hour   9.12E+05  2.94E+02  2.68E+02  4.47E+00  7.45E-02
q, mu_s, sec, min, hour   9.36E+05  2.93E+02  2.74E+02  4.57E+00  7.62E-02
q, mu_s, sec, min, hour   9.60E+05  2.93E+02  2.81E+02  4.68E+00  7.81E-02
q, mu_s, sec, min, hour   9.84E+05  2.92E+02  2.87E+02  4.79E+00  7.98E-02
q, mu_s, sec, min, hour   1.01E+06  2.91E+02  2.94E+02  4.90E+00  8.16E-02
q, mu_s, sec, min, hour   1.03E+06  2.91E+02  3.00E+02  5.00E+00  8.34E-02
q, mu_s, sec, min, hour   1.06E+06  2.90E+02  3.06E+02  5.11E+00  8.51E-02
q, mu_s, sec, min, hour   1.08E+06  2.89E+02  3.13E+02  5.22E+00  8.70E-02
q, mu_s, sec, min, hour   1.11E+06  2.89E+02  3.20E+02  5.34E+00  8.90E-02
q, mu_s, sec, min, hour   1.14E+06  2.89E+02  3.28E+02  5.47E+00  9.11E-02
q, mu_s, sec, min, hour   1.16E+06  2.88E+02  3.35E+02  5.59E+00  9.31E-02
q, mu_s, sec, min, hour   1.19E+06  2.88E+02  3.43E+02  5.71E+00  9.51E-02
q, mu_s, sec, min, hour   1.22E+06  2.87E+02  3.50E+02  5.83E+00  9.72E-02
q, mu_s, sec, min, hour   1.25E+06  2.87E+02  3.58E+02  5.96E+00  9.93E-02
q, mu_s, sec, min, hour   1.28E+06  2.86E+02  3.66E+02  6.09E+00  1.02E-01
q, mu_s, sec, min, hour   1.31E+06  2.85E+02  3.73E+02  6.22E+00  1.04E-01
q, mu_s, sec, min, hour   1.34E+06  2.84E+02  3.80E+02  6.34E+00  1.06E-01
q, mu_s, sec, min, hour   1.37E+06  2.84E+02  3.89E+02  6.48E+00  1.08E-01
q, mu_s, sec, min, hour   1.40E+06  2.84E+02  3.98E+02  6.63E+00  1.10E-01
q, mu_s, sec, min, hour   1.43E+06  2.83E+02  4.06E+02  6.77E+00  1.13E-01
q, mu_s, sec, min, hour   1.47E+06  2.83E+02  4.16E+02  6.93E+00  1.15E-01
q, mu_s, sec, min, hour   1.50E+06  2.83E+02  4.24E+02  7.06E+00  1.18E-01
q, mu_s, sec, min, hour   1.53E+06  2.82E+02  4.33E+02  7.21E+00  1.20E-01
q, mu_s, sec, min, hour   1.57E+06  2.82E+02  4.42E+02  7.37E+00  1.23E-01
q, mu_s, sec, min, hour   1.60E+06  2.82E+02  4.52E+02  7.54E+00  1.26E-01
q, mu_s, sec, min, hour   1.64E+06  2.81E+02  4.62E+02  7.69E+00  1.28E-01
q, mu_s, sec, min, hour   1.68E+06  2.81E+02  4.71E+02  7.85E+00  1.31E-01
q, mu_s, sec, min, hour   1.72E+06  2.81E+02  4.81E+02  8.02E+00  1.34E-01
q, mu_s, sec, min, hour   1.76E+06  2.81E+02  4.92E+02  8.21E+00  1.37E-01
q, mu_s, sec, min, hour   1.79E+06  2.81E+02  5.03E+02  8.39E+00  1.40E-01
q, mu_s, sec, min, hour   1.83E+06  2.81E+02  5.14E+02  8.57E+00  1.43E-01
q, mu_s, sec, min, hour   1.88E+06  2.80E+02  5.25E+02  8.75E+00  1.46E-01
q, mu_s, sec, min, hour   1.92E+06  2.80E+02  5.36E+02  8.93E+00  1.49E-01
q, mu_s, sec, min, hour   1.96E+06  2.80E+02  5.48E+02  9.13E+00  1.52E-01
q, mu_s, sec, min, hour   2.00E+06  2.79E+02  5.60E+02  9.33E+00  1.55E-01
q, mu_s, sec, min, hour   2.05E+06  2.79E+02  5.71E+02  9.52E+00  1.59E-01
