 Number of species                 =      10
 Number of streams                 =       3
 Flow rates of streams             =  0.0000  0.3433  0.6567
 PASR starting: number of particles=    1000
 Residence time, tres (seconds)    =   4.0000E-03
 04/06/2012: Prior to this date, due to a bug tres was twice the specified tres
 Mixing time, tmix (seconds)       =   7.0000E-04
 Pairing time, tpair (seconds)     =   7.0000E-04
 Min. and max. time step (seconds) =   7.0000E-05   7.0000E-05
 Number of steps                   =   2.8571E+03
 Number of sub-steps per step      =       3
 Number of particle-sub-steps      =   8.5714E+06
 Maximum pressure (atm.)           =   1.0000E+00
 Minumum pressure (atm.)           =   1.0000E+00
 Period of pressure variation (sec)=   1.0000E-03
 Particle data read from file
 PaSR starting
 ...
q, mu_s, sec, min, hour   6.00E+03  4.40E+02  2.64E+00  4.40E-02  7.33E-04
q, mu_s, sec, min, hour   1.20E+04  4.17E+02  5.01E+00  8.35E-02  1.39E-03
q, mu_s, sec, min, hour   1.80E+04  3.75E+02  6.74E+00  1.12E-01  1.87E-03
q, mu_s, sec, min, hour   2.40E+04  3.55E+02  8.53E+00  1.42E-01  2.37E-03
q, mu_s, sec, min, hour   3.00E+04  3.38E+02  1.01E+01  1.69E-01  2.81E-03
q, mu_s, sec, min, hour   3.60E+04  3.19E+02  1.15E+01  1.91E-01  3.19E-03
q, mu_s, sec, min, hour   4.20E+04  3.08E+02  1.29E+01  2.16E-01  3.59E-03
q, mu_s, sec, min, hour   4.80E+04  2.96E+02  1.42E+01  2.37E-01  3.95E-03
q, mu_s, sec, min, hour   5.40E+04  2.89E+02  1.56E+01  2.60E-01  4.34E-03
q, mu_s, sec, min, hour   6.00E+04  2.87E+02  1.72E+01  2.87E-01  4.79E-03
q, mu_s, sec, min, hour   6.60E+04  2.81E+02  1.86E+01  3.09E-01  5.16E-03
q, mu_s, sec, min, hour   7.20E+04  2.79E+02  2.01E+01  3.34E-01  5.57E-03
q, mu_s, sec, min, hour   7.80E+04  2.73E+02  2.13E+01  3.56E-01  5.93E-03
q, mu_s, sec, min, hour   8.40E+04  2.71E+02  2.27E+01  3.79E-01  6.32E-03
q, mu_s, sec, min, hour   9.00E+04  2.68E+02  2.41E+01  4.02E-01  6.71E-03
q, mu_s, sec, min, hour   9.60E+04  2.66E+02  2.55E+01  4.25E-01  7.08E-03
q, mu_s, sec, min, hour   1.02E+05  2.64E+02  2.69E+01  4.49E-01  7.48E-03
q, mu_s, sec, min, hour   1.08E+05  2.63E+02  2.84E+01  4.74E-01  7.90E-03
q, mu_s, sec, min, hour   1.14E+05  2.62E+02  2.99E+01  4.98E-01  8.30E-03
q, mu_s, sec, min, hour   1.20E+05  2.59E+02  3.10E+01  5.17E-01  8.62E-03
q, mu_s, sec, min, hour   1.26E+05  2.58E+02  3.25E+01  5.41E-01  9.02E-03
q, mu_s, sec, min, hour   1.32E+05  2.55E+02  3.37E+01  5.61E-01  9.35E-03
q, mu_s, sec, min, hour   1.38E+05  2.53E+02  3.49E+01  5.82E-01  9.70E-03
q, mu_s, sec, min, hour   1.44E+05  2.50E+02  3.61E+01  6.01E-01  1.00E-02
q, mu_s, sec, min, hour   1.50E+05  2.49E+02  3.74E+01  6.23E-01  1.04E-02
q, mu_s, sec, min, hour   1.56E+05  2.47E+02  3.86E+01  6.43E-01  1.07E-02
q, mu_s, sec, min, hour   1.65E+05  2.46E+02  4.06E+01  6.77E-01  1.13E-02
q, mu_s, sec, min, hour   1.74E+05  2.45E+02  4.26E+01  7.10E-01  1.18E-02
q, mu_s, sec, min, hour   1.83E+05  2.42E+02  4.42E+01  7.37E-01  1.23E-02
q, mu_s, sec, min, hour   1.92E+05  2.40E+02  4.61E+01  7.69E-01  1.28E-02
q, mu_s, sec, min, hour   2.01E+05  2.38E+02  4.79E+01  7.98E-01  1.33E-02
q, mu_s, sec, min, hour   2.10E+05  2.37E+02  4.98E+01  8.29E-01  1.38E-02
q, mu_s, sec, min, hour   2.19E+05  2.35E+02  5.14E+01  8.57E-01  1.43E-02
q, mu_s, sec, min, hour   2.28E+05  2.34E+02  5.34E+01  8.90E-01  1.48E-02
q, mu_s, sec, min, hour   2.37E+05  2.33E+02  5.52E+01  9.20E-01  1.53E-02
q, mu_s, sec, min, hour   2.46E+05  2.32E+02  5.70E+01  9.50E-01  1.58E-02
q, mu_s, sec, min, hour   2.55E+05  2.31E+02  5.89E+01  9.82E-01  1.64E-02
q, mu_s, sec, min, hour   2.64E+05  2.31E+02  6.09E+01  1.02E+00  1.69E-02
q, mu_s, sec, min, hour   2.73E+05  2.31E+02  6.29E+01  1.05E+00  1.75E-02
q, mu_s, sec, min, hour   2.82E+05  2.31E+02  6.52E+01  1.09E+00  1.81E-02
q, mu_s, sec, min, hour   2.91E+05  2.31E+02  6.72E+01  1.12E+00  1.87E-02
q, mu_s, sec, min, hour   3.00E+05  2.30E+02  6.90E+01  1.15E+00  1.92E-02
q, mu_s, sec, min, hour   3.09E+05  2.30E+02  7.11E+01  1.18E+00  1.97E-02
q, mu_s, sec, min, hour   3.21E+05  2.29E+02  7.34E+01  1.22E+00  2.04E-02
q, mu_s, sec, min, hour   3.33E+05  2.29E+02  7.61E+01  1.27E+00  2.11E-02
q, mu_s, sec, min, hour   3.45E+05  2.29E+02  7.88E+01  1.31E+00  2.19E-02
q, mu_s, sec, min, hour   3.57E+05  2.28E+02  8.16E+01  1.36E+00  2.27E-02
q, mu_s, sec, min, hour   3.69E+05  2.29E+02  8.45E+01  1.41E+00  2.35E-02
q, mu_s, sec, min, hour   3.81E+05  2.29E+02  8.74E+01  1.46E+00  2.43E-02
q, mu_s, sec, min, hour   3.93E+05  2.30E+02  9.02E+01  1.50E+00  2.51E-02
q, mu_s, sec, min, hour   4.05E+05  2.29E+02  9.29E+01  1.55E+00  2.58E-02
q, mu_s, sec, min, hour   4.17E+05  2.29E+02  9.53E+01  1.59E+00  2.65E-02
q, mu_s, sec, min, hour   4.29E+05  2.29E+02  9.82E+01  1.64E+00  2.73E-02
q, mu_s, sec, min, hour   4.41E+05  2.29E+02  1.01E+02  1.68E+00  2.80E-02
q, mu_s, sec, min, hour   4.53E+05  2.29E+02  1.04E+02  1.73E+00  2.88E-02
q, mu_s, sec, min, hour   4.68E+05  2.29E+02  1.07E+02  1.78E+00  2.97E-02
q, mu_s, sec, min, hour   4.83E+05  2.28E+02  1.10E+02  1.84E+00  3.06E-02
q, mu_s, sec, min, hour   4.98E+05  2.28E+02  1.14E+02  1.89E+00  3.16E-02
q, mu_s, sec, min, hour   5.13E+05  2.28E+02  1.17E+02  1.95E+00  3.25E-02
q, mu_s, sec, min, hour   5.28E+05  2.28E+02  1.20E+02  2.00E+00  3.34E-02
q, mu_s, sec, min, hour   5.43E+05  2.27E+02  1.23E+02  2.06E+00  3.43E-02
q, mu_s, sec, min, hour   5.58E+05  2.26E+02  1.26E+02  2.10E+00  3.51E-02
q, mu_s, sec, min, hour   5.73E+05  2.26E+02  1.29E+02  2.16E+00  3.60E-02
q, mu_s, sec, min, hour   5.88E+05  2.25E+02  1.32E+02  2.21E+00  3.68E-02
q, mu_s, sec, min, hour   6.03E+05  2.25E+02  1.35E+02  2.26E+00  3.76E-02
q, mu_s, sec, min, hour   6.21E+05  2.24E+02  1.39E+02  2.32E+00  3.86E-02
q, mu_s, sec, min, hour   6.39E+05  2.24E+02  1.43E+02  2.38E+00  3.97E-02
q, mu_s, sec, min, hour   6.57E+05  2.24E+02  1.47E+02  2.45E+00  4.08E-02
q, mu_s, sec, min, hour   6.75E+05  2.24E+02  1.51E+02  2.52E+00  4.21E-02
q, mu_s, sec, min, hour   6.93E+05  2.25E+02  1.56E+02  2.60E+00  4.33E-02
q, mu_s, sec, min, hour   7.11E+05  2.25E+02  1.60E+02  2.67E+00  4.45E-02
q, mu_s, sec, min, hour   7.29E+05  2.25E+02  1.64E+02  2.73E+00  4.56E-02
q, mu_s, sec, min, hour   7.47E+05  2.25E+02  1.68E+02  2.80E+00  4.66E-02
q, mu_s, sec, min, hour   7.65E+05  2.25E+02  1.72E+02  2.86E+00  4.77E-02
q, mu_s, sec, min, hour   7.86E+05  2.25E+02  1.77E+02  2.94E+00  4.90E-02
q, mu_s, sec, min, hour   8.07E+05  2.25E+02  1.81E+02  3.02E+00  5.04E-02
q, mu_s, sec, min, hour   8.28E+05  2.25E+02  1.87E+02  3.11E+00  5.18E-02
q, mu_s, sec, min, hour   8.49E+05  2.26E+02  1.91E+02  3.19E+00  5.32E-02
q, mu_s, sec, min, hour   8.70E+05  2.25E+02  1.96E+02  3.26E+00  5.44E-02
q, mu_s, sec, min, hour   8.91E+05  2.25E+02  2.00E+02  3.34E+00  5.56E-02
q, mu_s, sec, min, hour   9.12E+05  2.25E+02  2.05E+02  3.42E+00  5.70E-02
q, mu_s, sec, min, hour   9.36E+05  2.25E+02  2.10E+02  3.51E+00  5.84E-02
q, mu_s, sec, min, hour   9.60E+05  2.24E+02  2.15E+02  3.59E+00  5.99E-02
q, mu_s, sec, min, hour   9.84E+05  2.25E+02  2.21E+02  3.68E+00  6.14E-02
q, mu_s, sec, min, hour   1.01E+06  2.24E+02  2.26E+02  3.77E+00  6.28E-02
q, mu_s, sec, min, hour   1.03E+06  2.24E+02  2.32E+02  3.86E+00  6.43E-02
q, mu_s, sec, min, hour   1.06E+06  2.25E+02  2.37E+02  3.95E+00  6.59E-02
q, mu_s, sec, min, hour   1.08E+06  2.24E+02  2.43E+02  4.05E+00  6.75E-02
q, mu_s, sec, min, hour   1.11E+06  2.24E+02  2.49E+02  4.15E+00  6.91E-02
q, mu_s, sec, min, hour   1.14E+06  2.23E+02  2.54E+02  4.23E+00  7.06E-02
q, mu_s, sec, min, hour   1.16E+06  2.23E+02  2.60E+02  4.33E+00  7.21E-02
q, mu_s, sec, min, hour   1.19E+06  2.23E+02  2.66E+02  4.43E+00  7.38E-02
q, mu_s, sec, min, hour   1.22E+06  2.23E+02  2.72E+02  4.53E+00  7.56E-02
q, mu_s, sec, min, hour   1.25E+06  2.23E+02  2.79E+02  4.65E+00  7.74E-02
q, mu_s, sec, min, hour   1.28E+06  2.23E+02  2.85E+02  4.75E+00  7.92E-02
q, mu_s, sec, min, hour   1.31E+06  2.23E+02  2.92E+02  4.86E+00  8.11E-02
q, mu_s, sec, min, hour   1.34E+06  2.23E+02  2.98E+02  4.97E+00  8.29E-02
q, mu_s, sec, min, hour   1.37E+06  2.23E+02  3.05E+02  5.09E+00  8.48E-02
q, mu_s, sec, min, hour   1.40E+06  2.23E+02  3.13E+02  5.21E+00  8.68E-02
q, mu_s, sec, min, hour   1.43E+06  2.23E+02  3.20E+02  5.34E+00  8.89E-02
q, mu_s, sec, min, hour   1.47E+06  2.23E+02  3.28E+02  5.46E+00  9.10E-02
q, mu_s, sec, min, hour   1.50E+06  2.23E+02  3.35E+02  5.58E+00  9.30E-02
q, mu_s, sec, min, hour   1.53E+06  2.23E+02  3.42E+02  5.71E+00  9.51E-02
q, mu_s, sec, min, hour   1.57E+06  2.23E+02  3.50E+02  5.84E+00  9.73E-02
q, mu_s, sec, min, hour   1.60E+06  2.23E+02  3.58E+02  5.97E+00  9.95E-02
q, mu_s, sec, min, hour   1.64E+06  2.23E+02  3.67E+02  6.11E+00  1.02E-01
q, mu_s, sec, min, hour   1.68E+06  2.24E+02  3.75E+02  6.25E+00  1.04E-01
q, mu_s, sec, min, hour   1.72E+06  2.24E+02  3.84E+02  6.40E+00  1.07E-01
q, mu_s, sec, min, hour   1.76E+06  2.24E+02  3.93E+02  6.54E+00  1.09E-01
q, mu_s, sec, min, hour   1.79E+06  2.24E+02  4.01E+02  6.69E+00  1.11E-01
q, mu_s, sec, min, hour   1.83E+06  2.24E+02  4.10E+02  6.83E+00  1.14E-01
q, mu_s, sec, min, hour   1.88E+06  2.23E+02  4.19E+02  6.98E+00  1.16E-01
q, mu_s, sec, min, hour   1.92E+06  2.23E+02  4.28E+02  7.13E+00  1.19E-01
q, mu_s, sec, min, hour   1.96E+06  2.23E+02  4.36E+02  7.27E+00  1.21E-01
q, mu_s, sec, min, hour   2.00E+06  2.23E+02  4.46E+02  7.43E+00  1.24E-01
q, mu_s, sec, min, hour   2.05E+06  2.22E+02  4.56E+02  7.60E+00  1.27E-01
q, mu_s, sec, min, hour   2.09E+06  2.22E+02  4.65E+02  7.75E+00  1.29E-01
q, mu_s, sec, min, hour   2.14E+06  2.22E+02  4.74E+02  7.90E+00  1.32E-01
q, mu_s, sec, min, hour   2.19E+06  2.22E+02  4.85E+02  8.08E+00  1.35E-01
q, mu_s, sec, min, hour   2.24E+06  2.21E+02  4.94E+02  8.24E+00  1.37E-01
q, mu_s, sec, min, hour   2.28E+06  2.21E+02  5.05E+02  8.42E+00  1.40E-01
q, mu_s, sec, min, hour   2.33E+06  2.21E+02  5.16E+02  8.60E+00  1.43E-01
q, mu_s, sec, min, hour   2.38E+06  2.21E+02  5.27E+02  8.78E+00  1.46E-01
q, mu_s, sec, min, hour   2.44E+06  2.21E+02  5.38E+02  8.97E+00  1.50E-01
q, mu_s, sec, min, hour   2.49E+06  2.21E+02  5.50E+02  9.17E+00  1.53E-01
q, mu_s, sec, min, hour   2.54E+06  2.21E+02  5.62E+02  9.36E+00  1.56E-01
q, mu_s, sec, min, hour   2.60E+06  2.21E+02  5.74E+02  9.57E+00  1.59E-01
q, mu_s, sec, min, hour   2.66E+06  2.21E+02  5.87E+02  9.78E+00  1.63E-01
q, mu_s, sec, min, hour   2.71E+06  2.21E+02  5.99E+02  9.98E+00  1.66E-01
q, mu_s, sec, min, hour   2.77E+06  2.21E+02  6.12E+02  1.02E+01  1.70E-01
q, mu_s, sec, min, hour   2.83E+06  2.21E+02  6.25E+02  1.04E+01  1.74E-01
q, mu_s, sec, min, hour   2.89E+06  2.20E+02  6.37E+02  1.06E+01  1.77E-01
q, mu_s, sec, min, hour   2.96E+06  2.20E+02  6.50E+02  1.08E+01  1.81E-01
q, mu_s, sec, min, hour   3.02E+06  2.21E+02  6.66E+02  1.11E+01  1.85E-01
q, mu_s, sec, min, hour   3.08E+06  2.20E+02  6.80E+02  1.13E+01  1.89E-01
q, mu_s, sec, min, hour   3.15E+06  2.21E+02  6.95E+02  1.16E+01  1.93E-01
q, mu_s, sec, min, hour   3.22E+06  2.21E+02  7.09E+02  1.18E+01  1.97E-01
q, mu_s, sec, min, hour   3.28E+06  2.21E+02  7.24E+02  1.21E+01  2.01E-01
q, mu_s, sec, min, hour   3.35E+06  2.20E+02  7.39E+02  1.23E+01  2.05E-01
q, mu_s, sec, min, hour   3.43E+06  2.21E+02  7.55E+02  1.26E+01  2.10E-01
q, mu_s, sec, min, hour   3.50E+06  2.21E+02  7.72E+02  1.29E+01  2.14E-01
q, mu_s, sec, min, hour   3.57E+06  2.21E+02  7.88E+02  1.31E+01  2.19E-01
q, mu_s, sec, min, hour   3.65E+06  2.20E+02  8.04E+02  1.34E+01  2.23E-01
q, mu_s, sec, min, hour   3.73E+06  2.20E+02  8.21E+02  1.37E+01  2.28E-01
q, mu_s, sec, min, hour   3.80E+06  2.20E+02  8.38E+02  1.40E+01  2.33E-01
q, mu_s, sec, min, hour   3.88E+06  2.20E+02  8.56E+02  1.43E+01  2.38E-01
q, mu_s, sec, min, hour   3.97E+06  2.20E+02  8.72E+02  1.45E+01  2.42E-01
q, mu_s, sec, min, hour   4.05E+06  2.20E+02  8.91E+02  1.48E+01  2.47E-01
q, mu_s, sec, min, hour   4.13E+06  2.20E+02  9.10E+02  1.52E+01  2.53E-01
q, mu_s, sec, min, hour   4.22E+06  2.20E+02  9.28E+02  1.55E+01  2.58E-01
q, mu_s, sec, min, hour   4.31E+06  2.20E+02  9.48E+02  1.58E+01  2.63E-01
q, mu_s, sec, min, hour   4.40E+06  2.20E+02  9.68E+02  1.61E+01  2.69E-01
q, mu_s, sec, min, hour   4.49E+06  2.20E+02  9.88E+02  1.65E+01  2.75E-01
q, mu_s, sec, min, hour   4.59E+06  2.20E+02  1.01E+03  1.68E+01  2.80E-01
q, mu_s, sec, min, hour   4.68E+06  2.20E+02  1.03E+03  1.72E+01  2.86E-01
q, mu_s, sec, min, hour   4.78E+06  2.20E+02  1.05E+03  1.75E+01  2.92E-01
q, mu_s, sec, min, hour   4.88E+06  2.20E+02  1.07E+03  1.79E+01  2.98E-01
q, mu_s, sec, min, hour   4.98E+06  2.20E+02  1.10E+03  1.83E+01  3.05E-01
q, mu_s, sec, min, hour   5.09E+06  2.20E+02  1.12E+03  1.87E+01  3.11E-01
q, mu_s, sec, min, hour   5.19E+06  2.20E+02  1.14E+03  1.91E+01  3.18E-01
q, mu_s, sec, min, hour   5.30E+06  2.20E+02  1.17E+03  1.95E+01  3.24E-01
q, mu_s, sec, min, hour   5.41E+06  2.21E+02  1.19E+03  1.99E+01  3.32E-01
q, mu_s, sec, min, hour   5.53E+06  2.20E+02  1.22E+03  2.03E+01  3.38E-01
q, mu_s, sec, min, hour   5.64E+06  2.20E+02  1.24E+03  2.07E+01  3.45E-01
