 Number of species                 =      10
 Number of streams                 =       3
 Flow rates of streams             =  0.0000  0.3628  0.6372
 PASR starting: number of particles=    1000
 Residence time, tres (seconds)    =   4.0000E-03
 04/06/2012: Prior to this date, due to a bug tres was twice the specified tres
 Mixing time, tmix (seconds)       =   7.0000E-04
 Pairing time, tpair (seconds)     =   7.0000E-04
 Min. and max. time step (seconds) =   7.0000E-05   7.0000E-05
 Number of steps                   =   2.8571E+03
 Number of sub-steps per step      =       3
 Number of particle-sub-steps      =   8.5714E+06
 Maximum pressure (atm.)           =   1.0000E+00
 Minumum pressure (atm.)           =   1.0000E+00
 Period of pressure variation (sec)=   1.0000E-03
 Particle data read from file
 PaSR starting
 ...
q, mu_s, sec, min, hour   6.00E+03  5.00E+02  3.00E+00  5.00E-02  8.34E-04
q, mu_s, sec, min, hour   1.20E+04  4.40E+02  5.28E+00  8.80E-02  1.47E-03
q, mu_s, sec, min, hour   1.80E+04  4.41E+02  7.94E+00  1.32E-01  2.21E-03
q, mu_s, sec, min, hour   2.40E+04  4.11E+02  9.87E+00  1.65E-01  2.74E-03
q, mu_s, sec, min, hour   3.00E+04  3.90E+02  1.17E+01  1.95E-01  3.25E-03
q, mu_s, sec, min, hour   3.60E+04  3.69E+02  1.33E+01  2.21E-01  3.69E-03
q, mu_s, sec, min, hour   4.20E+04  3.55E+02  1.49E+01  2.49E-01  4.15E-03
q, mu_s, sec, min, hour   4.80E+04  3.47E+02  1.67E+01  2.78E-01  4.63E-03
q, mu_s, sec, min, hour   5.40E+04  3.46E+02  1.87E+01  3.12E-01  5.19E-03
q, mu_s, sec, min, hour   6.00E+04  3.44E+02  2.07E+01  3.44E-01  5.74E-03
q, mu_s, sec, min, hour   6.60E+04  3.40E+02  2.24E+01  3.74E-01  6.23E-03
q, mu_s, sec, min, hour   7.20E+04  3.34E+02  2.41E+01  4.01E-01  6.69E-03
q, mu_s, sec, min, hour   7.80E+04  3.29E+02  2.57E+01  4.28E-01  7.13E-03
q, mu_s, sec, min, hour   8.40E+04  3.26E+02  2.74E+01  4.57E-01  7.61E-03
q, mu_s, sec, min, hour   9.00E+04  3.25E+02  2.93E+01  4.88E-01  8.13E-03
q, mu_s, sec, min, hour   9.60E+04  3.22E+02  3.09E+01  5.16E-01  8.59E-03
q, mu_s, sec, min, hour   1.02E+05  3.18E+02  3.25E+01  5.41E-01  9.02E-03
q, mu_s, sec, min, hour   1.08E+05  3.17E+02  3.42E+01  5.71E-01  9.51E-03
q, mu_s, sec, min, hour   1.14E+05  3.16E+02  3.60E+01  6.00E-01  1.00E-02
q, mu_s, sec, min, hour   1.20E+05  3.13E+02  3.75E+01  6.25E-01  1.04E-02
q, mu_s, sec, min, hour   1.26E+05  3.13E+02  3.94E+01  6.56E-01  1.09E-02
q, mu_s, sec, min, hour   1.32E+05  3.13E+02  4.13E+01  6.88E-01  1.15E-02
q, mu_s, sec, min, hour   1.38E+05  3.11E+02  4.29E+01  7.15E-01  1.19E-02
q, mu_s, sec, min, hour   1.44E+05  3.11E+02  4.48E+01  7.46E-01  1.24E-02
q, mu_s, sec, min, hour   1.50E+05  3.10E+02  4.65E+01  7.74E-01  1.29E-02
q, mu_s, sec, min, hour   1.56E+05  3.08E+02  4.81E+01  8.01E-01  1.33E-02
q, mu_s, sec, min, hour   1.65E+05  3.08E+02  5.08E+01  8.46E-01  1.41E-02
q, mu_s, sec, min, hour   1.74E+05  3.05E+02  5.31E+01  8.85E-01  1.48E-02
q, mu_s, sec, min, hour   1.83E+05  3.05E+02  5.58E+01  9.30E-01  1.55E-02
q, mu_s, sec, min, hour   1.92E+05  3.04E+02  5.84E+01  9.73E-01  1.62E-02
q, mu_s, sec, min, hour   2.01E+05  3.04E+02  6.11E+01  1.02E+00  1.70E-02
q, mu_s, sec, min, hour   2.10E+05  3.03E+02  6.36E+01  1.06E+00  1.77E-02
q, mu_s, sec, min, hour   2.19E+05  3.03E+02  6.64E+01  1.11E+00  1.84E-02
q, mu_s, sec, min, hour   2.28E+05  3.03E+02  6.92E+01  1.15E+00  1.92E-02
q, mu_s, sec, min, hour   2.37E+05  3.03E+02  7.18E+01  1.20E+00  1.99E-02
q, mu_s, sec, min, hour   2.46E+05  3.02E+02  7.44E+01  1.24E+00  2.07E-02
q, mu_s, sec, min, hour   2.55E+05  3.02E+02  7.69E+01  1.28E+00  2.14E-02
q, mu_s, sec, min, hour   2.64E+05  3.02E+02  7.97E+01  1.33E+00  2.21E-02
q, mu_s, sec, min, hour   2.73E+05  3.01E+02  8.21E+01  1.37E+00  2.28E-02
q, mu_s, sec, min, hour   2.82E+05  3.01E+02  8.48E+01  1.41E+00  2.36E-02
q, mu_s, sec, min, hour   2.91E+05  2.99E+02  8.71E+01  1.45E+00  2.42E-02
q, mu_s, sec, min, hour   3.00E+05  2.99E+02  8.98E+01  1.50E+00  2.49E-02
q, mu_s, sec, min, hour   3.09E+05  2.99E+02  9.25E+01  1.54E+00  2.57E-02
q, mu_s, sec, min, hour   3.21E+05  2.98E+02  9.58E+01  1.60E+00  2.66E-02
q, mu_s, sec, min, hour   3.33E+05  2.98E+02  9.92E+01  1.65E+00  2.76E-02
q, mu_s, sec, min, hour   3.45E+05  2.97E+02  1.03E+02  1.71E+00  2.85E-02
q, mu_s, sec, min, hour   3.57E+05  2.97E+02  1.06E+02  1.77E+00  2.94E-02
q, mu_s, sec, min, hour   3.69E+05  2.96E+02  1.09E+02  1.82E+00  3.04E-02
q, mu_s, sec, min, hour   3.81E+05  2.96E+02  1.13E+02  1.88E+00  3.13E-02
q, mu_s, sec, min, hour   3.93E+05  2.95E+02  1.16E+02  1.94E+00  3.23E-02
q, mu_s, sec, min, hour   4.05E+05  2.95E+02  1.19E+02  1.99E+00  3.31E-02
q, mu_s, sec, min, hour   4.17E+05  2.95E+02  1.23E+02  2.05E+00  3.41E-02
q, mu_s, sec, min, hour   4.29E+05  2.94E+02  1.26E+02  2.10E+00  3.50E-02
q, mu_s, sec, min, hour   4.41E+05  2.93E+02  1.29E+02  2.15E+00  3.59E-02
q, mu_s, sec, min, hour   4.53E+05  2.93E+02  1.33E+02  2.21E+00  3.68E-02
q, mu_s, sec, min, hour   4.68E+05  2.92E+02  1.37E+02  2.28E+00  3.80E-02
q, mu_s, sec, min, hour   4.83E+05  2.92E+02  1.41E+02  2.35E+00  3.92E-02
q, mu_s, sec, min, hour   4.98E+05  2.92E+02  1.45E+02  2.42E+00  4.04E-02
q, mu_s, sec, min, hour   5.13E+05  2.92E+02  1.50E+02  2.49E+00  4.16E-02
q, mu_s, sec, min, hour   5.28E+05  2.91E+02  1.54E+02  2.56E+00  4.27E-02
q, mu_s, sec, min, hour   5.43E+05  2.90E+02  1.58E+02  2.63E+00  4.38E-02
q, mu_s, sec, min, hour   5.58E+05  2.91E+02  1.62E+02  2.70E+00  4.51E-02
q, mu_s, sec, min, hour   5.73E+05  2.90E+02  1.66E+02  2.77E+00  4.62E-02
q, mu_s, sec, min, hour   5.88E+05  2.90E+02  1.71E+02  2.84E+00  4.74E-02
q, mu_s, sec, min, hour   6.03E+05  2.90E+02  1.75E+02  2.92E+00  4.86E-02
q, mu_s, sec, min, hour   6.21E+05  2.90E+02  1.80E+02  3.00E+00  5.00E-02
q, mu_s, sec, min, hour   6.39E+05  2.90E+02  1.85E+02  3.09E+00  5.15E-02
q, mu_s, sec, min, hour   6.57E+05  2.90E+02  1.90E+02  3.17E+00  5.29E-02
q, mu_s, sec, min, hour   6.75E+05  2.90E+02  1.95E+02  3.26E+00  5.43E-02
q, mu_s, sec, min, hour   6.93E+05  2.89E+02  2.00E+02  3.34E+00  5.57E-02
q, mu_s, sec, min, hour   7.11E+05  2.89E+02  2.05E+02  3.42E+00  5.70E-02
q, mu_s, sec, min, hour   7.29E+05  2.88E+02  2.10E+02  3.50E+00  5.83E-02
q, mu_s, sec, min, hour   7.47E+05  2.88E+02  2.15E+02  3.58E+00  5.97E-02
q, mu_s, sec, min, hour   7.65E+05  2.87E+02  2.20E+02  3.67E+00  6.11E-02
q, mu_s, sec, min, hour   7.86E+05  2.87E+02  2.26E+02  3.76E+00  6.27E-02
q, mu_s, sec, min, hour   8.07E+05  2.87E+02  2.32E+02  3.86E+00  6.44E-02
q, mu_s, sec, min, hour   8.28E+05  2.87E+02  2.38E+02  3.96E+00  6.61E-02
q, mu_s, sec, min, hour   8.49E+05  2.87E+02  2.44E+02  4.06E+00  6.77E-02
q, mu_s, sec, min, hour   8.70E+05  2.87E+02  2.50E+02  4.16E+00  6.94E-02
q, mu_s, sec, min, hour   8.91E+05  2.87E+02  2.56E+02  4.26E+00  7.11E-02
q, mu_s, sec, min, hour   9.12E+05  2.87E+02  2.62E+02  4.36E+00  7.27E-02
q, mu_s, sec, min, hour   9.36E+05  2.87E+02  2.69E+02  4.48E+00  7.47E-02
q, mu_s, sec, min, hour   9.60E+05  2.87E+02  2.76E+02  4.59E+00  7.66E-02
q, mu_s, sec, min, hour   9.84E+05  2.87E+02  2.82E+02  4.70E+00  7.84E-02
q, mu_s, sec, min, hour   1.01E+06  2.87E+02  2.89E+02  4.82E+00  8.03E-02
q, mu_s, sec, min, hour   1.03E+06  2.87E+02  2.96E+02  4.93E+00  8.22E-02
q, mu_s, sec, min, hour   1.06E+06  2.86E+02  3.02E+02  5.04E+00  8.40E-02
q, mu_s, sec, min, hour   1.08E+06  2.87E+02  3.10E+02  5.17E+00  8.62E-02
q, mu_s, sec, min, hour   1.11E+06  2.86E+02  3.18E+02  5.30E+00  8.83E-02
q, mu_s, sec, min, hour   1.14E+06  2.86E+02  3.25E+02  5.42E+00  9.03E-02
q, mu_s, sec, min, hour   1.16E+06  2.86E+02  3.33E+02  5.55E+00  9.24E-02
q, mu_s, sec, min, hour   1.19E+06  2.86E+02  3.40E+02  5.67E+00  9.45E-02
q, mu_s, sec, min, hour   1.22E+06  2.85E+02  3.47E+02  5.79E+00  9.64E-02
q, mu_s, sec, min, hour   1.25E+06  2.85E+02  3.56E+02  5.93E+00  9.88E-02
q, mu_s, sec, min, hour   1.28E+06  2.85E+02  3.64E+02  6.07E+00  1.01E-01
q, mu_s, sec, min, hour   1.31E+06  2.85E+02  3.72E+02  6.21E+00  1.03E-01
q, mu_s, sec, min, hour   1.34E+06  2.85E+02  3.81E+02  6.35E+00  1.06E-01
q, mu_s, sec, min, hour   1.37E+06  2.85E+02  3.90E+02  6.49E+00  1.08E-01
q, mu_s, sec, min, hour   1.40E+06  2.85E+02  3.99E+02  6.65E+00  1.11E-01
q, mu_s, sec, min, hour   1.43E+06  2.85E+02  4.08E+02  6.80E+00  1.13E-01
q, mu_s, sec, min, hour   1.47E+06  2.85E+02  4.18E+02  6.96E+00  1.16E-01
q, mu_s, sec, min, hour   1.50E+06  2.85E+02  4.27E+02  7.12E+00  1.19E-01
q, mu_s, sec, min, hour   1.53E+06  2.85E+02  4.36E+02  7.27E+00  1.21E-01
q, mu_s, sec, min, hour   1.57E+06  2.85E+02  4.47E+02  7.45E+00  1.24E-01
q, mu_s, sec, min, hour   1.60E+06  2.85E+02  4.57E+02  7.62E+00  1.27E-01
q, mu_s, sec, min, hour   1.64E+06  2.85E+02  4.67E+02  7.79E+00  1.30E-01
q, mu_s, sec, min, hour   1.68E+06  2.85E+02  4.77E+02  7.95E+00  1.33E-01
q, mu_s, sec, min, hour   1.72E+06  2.85E+02  4.89E+02  8.14E+00  1.36E-01
q, mu_s, sec, min, hour   1.76E+06  2.85E+02  5.00E+02  8.33E+00  1.39E-01
q, mu_s, sec, min, hour   1.79E+06  2.85E+02  5.11E+02  8.52E+00  1.42E-01
q, mu_s, sec, min, hour   1.83E+06  2.85E+02  5.23E+02  8.71E+00  1.45E-01
q, mu_s, sec, min, hour   1.88E+06  2.85E+02  5.34E+02  8.91E+00  1.48E-01
q, mu_s, sec, min, hour   1.92E+06  2.86E+02  5.47E+02  9.12E+00  1.52E-01
q, mu_s, sec, min, hour   1.96E+06  2.86E+02  5.60E+02  9.33E+00  1.55E-01
q, mu_s, sec, min, hour   2.00E+06  2.85E+02  5.72E+02  9.53E+00  1.59E-01
q, mu_s, sec, min, hour   2.05E+06  2.85E+02  5.85E+02  9.74E+00  1.62E-01
q, mu_s, sec, min, hour   2.09E+06  2.85E+02  5.97E+02  9.95E+00  1.66E-01
q, mu_s, sec, min, hour   2.14E+06  2.85E+02  6.10E+02  1.02E+01  1.70E-01
q, mu_s, sec, min, hour   2.19E+06  2.85E+02  6.24E+02  1.04E+01  1.73E-01
q, mu_s, sec, min, hour   2.24E+06  2.85E+02  6.37E+02  1.06E+01  1.77E-01
q, mu_s, sec, min, hour   2.28E+06  2.85E+02  6.50E+02  1.08E+01  1.80E-01
q, mu_s, sec, min, hour   2.33E+06  2.85E+02  6.65E+02  1.11E+01  1.85E-01
q, mu_s, sec, min, hour   2.38E+06  2.85E+02  6.79E+02  1.13E+01  1.89E-01
q, mu_s, sec, min, hour   2.44E+06  2.85E+02  6.94E+02  1.16E+01  1.93E-01
q, mu_s, sec, min, hour   2.49E+06  2.85E+02  7.08E+02  1.18E+01  1.97E-01
q, mu_s, sec, min, hour   2.54E+06  2.84E+02  7.23E+02  1.21E+01  2.01E-01
q, mu_s, sec, min, hour   2.60E+06  2.84E+02  7.38E+02  1.23E+01  2.05E-01
q, mu_s, sec, min, hour   2.66E+06  2.84E+02  7.54E+02  1.26E+01  2.10E-01
q, mu_s, sec, min, hour   2.71E+06  2.84E+02  7.71E+02  1.28E+01  2.14E-01
q, mu_s, sec, min, hour   2.77E+06  2.84E+02  7.88E+02  1.31E+01  2.19E-01
q, mu_s, sec, min, hour   2.83E+06  2.84E+02  8.04E+02  1.34E+01  2.23E-01
q, mu_s, sec, min, hour   2.89E+06  2.84E+02  8.21E+02  1.37E+01  2.28E-01
q, mu_s, sec, min, hour   2.96E+06  2.84E+02  8.39E+02  1.40E+01  2.33E-01
q, mu_s, sec, min, hour   3.02E+06  2.84E+02  8.57E+02  1.43E+01  2.38E-01
q, mu_s, sec, min, hour   3.08E+06  2.84E+02  8.77E+02  1.46E+01  2.44E-01
q, mu_s, sec, min, hour   3.15E+06  2.84E+02  8.94E+02  1.49E+01  2.48E-01
q, mu_s, sec, min, hour   3.22E+06  2.84E+02  9.13E+02  1.52E+01  2.54E-01
q, mu_s, sec, min, hour   3.28E+06  2.84E+02  9.33E+02  1.55E+01  2.59E-01
q, mu_s, sec, min, hour   3.35E+06  2.84E+02  9.52E+02  1.59E+01  2.64E-01
q, mu_s, sec, min, hour   3.43E+06  2.84E+02  9.72E+02  1.62E+01  2.70E-01
q, mu_s, sec, min, hour   3.50E+06  2.84E+02  9.93E+02  1.65E+01  2.76E-01
q, mu_s, sec, min, hour   3.57E+06  2.84E+02  1.01E+03  1.69E+01  2.82E-01
