 Number of species                 =      10
 Number of streams                 =       3
 Flow rates of streams             =  0.0000  0.2591  0.7409
 PASR starting: number of particles=    1000
 Residence time, tres (seconds)    =   4.0000E-03
 04/06/2012: Prior to this date, due to a bug tres was twice the specified tres
 Mixing time, tmix (seconds)       =   7.0000E-04
 Pairing time, tpair (seconds)     =   7.0000E-04
 Min. and max. time step (seconds) =   7.0000E-05   7.0000E-05
 Number of steps                   =   2.8571E+03
 Number of sub-steps per step      =       3
 Number of particle-sub-steps      =   8.5714E+06
 Maximum pressure (atm.)           =   1.0000E+00
 Minumum pressure (atm.)           =   1.0000E+00
 Period of pressure variation (sec)=   1.0000E-03
 Particle data read from file
 PaSR starting
 ...
q, mu_s, sec, min, hour   6.00E+03  2.23E+02  1.34E+00  2.23E-02  3.72E-04
q, mu_s, sec, min, hour   1.20E+04  1.76E+02  2.12E+00  3.53E-02  5.88E-04
q, mu_s, sec, min, hour   1.80E+04  1.49E+02  2.68E+00  4.46E-02  7.44E-04
q, mu_s, sec, min, hour   2.40E+04  1.31E+02  3.15E+00  5.26E-02  8.76E-04
q, mu_s, sec, min, hour   3.00E+04  1.20E+02  3.60E+00  6.01E-02  1.00E-03
q, mu_s, sec, min, hour   3.60E+04  1.11E+02  4.01E+00  6.68E-02  1.11E-03
q, mu_s, sec, min, hour   4.20E+04  1.04E+02  4.39E+00  7.31E-02  1.22E-03
q, mu_s, sec, min, hour   4.80E+04  9.90E+01  4.75E+00  7.92E-02  1.32E-03
q, mu_s, sec, min, hour   5.40E+04  9.40E+01  5.08E+00  8.46E-02  1.41E-03
q, mu_s, sec, min, hour   6.00E+04  8.65E+01  5.19E+00  8.65E-02  1.44E-03
q, mu_s, sec, min, hour   6.60E+04  7.98E+01  5.27E+00  8.78E-02  1.46E-03
q, mu_s, sec, min, hour   7.20E+04  7.44E+01  5.36E+00  8.93E-02  1.49E-03
q, mu_s, sec, min, hour   7.80E+04  6.95E+01  5.42E+00  9.04E-02  1.51E-03
q, mu_s, sec, min, hour   8.40E+04  6.51E+01  5.47E+00  9.12E-02  1.52E-03
q, mu_s, sec, min, hour   9.00E+04  6.14E+01  5.53E+00  9.21E-02  1.54E-03
q, mu_s, sec, min, hour   9.60E+04  5.81E+01  5.57E+00  9.29E-02  1.55E-03
q, mu_s, sec, min, hour   1.02E+05  5.52E+01  5.63E+00  9.38E-02  1.56E-03
q, mu_s, sec, min, hour   1.08E+05  5.27E+01  5.69E+00  9.49E-02  1.58E-03
q, mu_s, sec, min, hour   1.14E+05  5.05E+01  5.76E+00  9.59E-02  1.60E-03
q, mu_s, sec, min, hour   1.20E+05  4.85E+01  5.82E+00  9.70E-02  1.62E-03
q, mu_s, sec, min, hour   1.26E+05  4.66E+01  5.87E+00  9.78E-02  1.63E-03
q, mu_s, sec, min, hour   1.32E+05  4.48E+01  5.92E+00  9.87E-02  1.64E-03
q, mu_s, sec, min, hour   1.38E+05  4.33E+01  5.97E+00  9.96E-02  1.66E-03
q, mu_s, sec, min, hour   1.44E+05  4.18E+01  6.02E+00  1.00E-01  1.67E-03
q, mu_s, sec, min, hour   1.50E+05  4.05E+01  6.07E+00  1.01E-01  1.69E-03
q, mu_s, sec, min, hour   1.56E+05  3.92E+01  6.11E+00  1.02E-01  1.70E-03
q, mu_s, sec, min, hour   1.65E+05  3.74E+01  6.17E+00  1.03E-01  1.71E-03
q, mu_s, sec, min, hour   1.74E+05  3.58E+01  6.23E+00  1.04E-01  1.73E-03
q, mu_s, sec, min, hour   1.83E+05  3.44E+01  6.29E+00  1.05E-01  1.75E-03
q, mu_s, sec, min, hour   1.92E+05  3.30E+01  6.34E+00  1.06E-01  1.76E-03
q, mu_s, sec, min, hour   2.01E+05  3.18E+01  6.39E+00  1.07E-01  1.78E-03
q, mu_s, sec, min, hour   2.10E+05  3.07E+01  6.44E+00  1.07E-01  1.79E-03
q, mu_s, sec, min, hour   2.19E+05  2.96E+01  6.48E+00  1.08E-01  1.80E-03
q, mu_s, sec, min, hour   2.28E+05  2.87E+01  6.54E+00  1.09E-01  1.82E-03
q, mu_s, sec, min, hour   2.37E+05  2.78E+01  6.58E+00  1.10E-01  1.83E-03
q, mu_s, sec, min, hour   2.46E+05  2.70E+01  6.63E+00  1.11E-01  1.84E-03
q, mu_s, sec, min, hour   2.55E+05  2.62E+01  6.67E+00  1.11E-01  1.85E-03
q, mu_s, sec, min, hour   2.64E+05  2.55E+01  6.72E+00  1.12E-01  1.87E-03
q, mu_s, sec, min, hour   2.73E+05  2.48E+01  6.76E+00  1.13E-01  1.88E-03
q, mu_s, sec, min, hour   2.82E+05  2.41E+01  6.80E+00  1.13E-01  1.89E-03
q, mu_s, sec, min, hour   2.91E+05  2.35E+01  6.84E+00  1.14E-01  1.90E-03
q, mu_s, sec, min, hour   3.00E+05  2.29E+01  6.88E+00  1.15E-01  1.91E-03
q, mu_s, sec, min, hour   3.09E+05  2.24E+01  6.92E+00  1.15E-01  1.92E-03
q, mu_s, sec, min, hour   3.21E+05  2.17E+01  6.96E+00  1.16E-01  1.93E-03
q, mu_s, sec, min, hour   3.33E+05  2.10E+01  7.01E+00  1.17E-01  1.95E-03
q, mu_s, sec, min, hour   3.45E+05  2.04E+01  7.05E+00  1.18E-01  1.96E-03
q, mu_s, sec, min, hour   3.57E+05  1.99E+01  7.10E+00  1.18E-01  1.97E-03
q, mu_s, sec, min, hour   3.69E+05  1.94E+01  7.14E+00  1.19E-01  1.98E-03
q, mu_s, sec, min, hour   3.81E+05  1.89E+01  7.19E+00  1.20E-01  2.00E-03
q, mu_s, sec, min, hour   3.93E+05  1.84E+01  7.24E+00  1.21E-01  2.01E-03
q, mu_s, sec, min, hour   4.05E+05  1.80E+01  7.28E+00  1.21E-01  2.02E-03
q, mu_s, sec, min, hour   4.17E+05  1.76E+01  7.33E+00  1.22E-01  2.04E-03
q, mu_s, sec, min, hour   4.29E+05  1.72E+01  7.38E+00  1.23E-01  2.05E-03
q, mu_s, sec, min, hour   4.41E+05  1.68E+01  7.42E+00  1.24E-01  2.06E-03
q, mu_s, sec, min, hour   4.53E+05  1.65E+01  7.47E+00  1.24E-01  2.07E-03
q, mu_s, sec, min, hour   4.68E+05  1.61E+01  7.53E+00  1.25E-01  2.09E-03
q, mu_s, sec, min, hour   4.83E+05  1.57E+01  7.59E+00  1.26E-01  2.11E-03
q, mu_s, sec, min, hour   4.98E+05  1.53E+01  7.64E+00  1.27E-01  2.12E-03
q, mu_s, sec, min, hour   5.13E+05  1.50E+01  7.70E+00  1.28E-01  2.14E-03
q, mu_s, sec, min, hour   5.28E+05  1.47E+01  7.77E+00  1.29E-01  2.16E-03
q, mu_s, sec, min, hour   5.43E+05  1.44E+01  7.83E+00  1.30E-01  2.17E-03
q, mu_s, sec, min, hour   5.58E+05  1.42E+01  7.90E+00  1.32E-01  2.19E-03
q, mu_s, sec, min, hour   5.73E+05  1.39E+01  7.97E+00  1.33E-01  2.21E-03
q, mu_s, sec, min, hour   5.88E+05  1.37E+01  8.06E+00  1.34E-01  2.24E-03
q, mu_s, sec, min, hour   6.03E+05  1.35E+01  8.12E+00  1.35E-01  2.25E-03
q, mu_s, sec, min, hour   6.21E+05  1.32E+01  8.18E+00  1.36E-01  2.27E-03
q, mu_s, sec, min, hour   6.39E+05  1.29E+01  8.24E+00  1.37E-01  2.29E-03
q, mu_s, sec, min, hour   6.57E+05  1.26E+01  8.30E+00  1.38E-01  2.31E-03
q, mu_s, sec, min, hour   6.75E+05  1.24E+01  8.36E+00  1.39E-01  2.32E-03
q, mu_s, sec, min, hour   6.93E+05  1.22E+01  8.42E+00  1.40E-01  2.34E-03
q, mu_s, sec, min, hour   7.11E+05  1.19E+01  8.49E+00  1.41E-01  2.36E-03
q, mu_s, sec, min, hour   7.29E+05  1.17E+01  8.55E+00  1.43E-01  2.38E-03
q, mu_s, sec, min, hour   7.47E+05  1.16E+01  8.63E+00  1.44E-01  2.40E-03
q, mu_s, sec, min, hour   7.65E+05  1.14E+01  8.71E+00  1.45E-01  2.42E-03
q, mu_s, sec, min, hour   7.86E+05  1.12E+01  8.79E+00  1.46E-01  2.44E-03
q, mu_s, sec, min, hour   8.07E+05  1.10E+01  8.86E+00  1.48E-01  2.46E-03
q, mu_s, sec, min, hour   8.28E+05  1.08E+01  8.94E+00  1.49E-01  2.48E-03
q, mu_s, sec, min, hour   8.49E+05  1.06E+01  9.01E+00  1.50E-01  2.50E-03
q, mu_s, sec, min, hour   8.70E+05  1.04E+01  9.08E+00  1.51E-01  2.52E-03
q, mu_s, sec, min, hour   8.91E+05  1.03E+01  9.15E+00  1.53E-01  2.54E-03
q, mu_s, sec, min, hour   9.12E+05  1.01E+01  9.22E+00  1.54E-01  2.56E-03
q, mu_s, sec, min, hour   9.36E+05  9.94E+00  9.31E+00  1.55E-01  2.59E-03
q, mu_s, sec, min, hour   9.60E+05  9.78E+00  9.39E+00  1.56E-01  2.61E-03
q, mu_s, sec, min, hour   9.84E+05  9.63E+00  9.47E+00  1.58E-01  2.63E-03
q, mu_s, sec, min, hour   1.01E+06  9.48E+00  9.56E+00  1.59E-01  2.65E-03
q, mu_s, sec, min, hour   1.03E+06  9.34E+00  9.64E+00  1.61E-01  2.68E-03
q, mu_s, sec, min, hour   1.06E+06  9.21E+00  9.72E+00  1.62E-01  2.70E-03
q, mu_s, sec, min, hour   1.08E+06  9.06E+00  9.81E+00  1.64E-01  2.73E-03
q, mu_s, sec, min, hour   1.11E+06  8.92E+00  9.90E+00  1.65E-01  2.75E-03
q, mu_s, sec, min, hour   1.14E+06  8.79E+00  9.99E+00  1.67E-01  2.78E-03
q, mu_s, sec, min, hour   1.16E+06  8.67E+00  1.01E+01  1.68E-01  2.80E-03
q, mu_s, sec, min, hour   1.19E+06  8.55E+00  1.02E+01  1.70E-01  2.83E-03
q, mu_s, sec, min, hour   1.22E+06  8.43E+00  1.03E+01  1.71E-01  2.85E-03
q, mu_s, sec, min, hour   1.25E+06  8.31E+00  1.04E+01  1.73E-01  2.88E-03
q, mu_s, sec, min, hour   1.28E+06  8.19E+00  1.05E+01  1.75E-01  2.91E-03
q, mu_s, sec, min, hour   1.31E+06  8.11E+00  1.06E+01  1.77E-01  2.95E-03
q, mu_s, sec, min, hour   1.34E+06  8.01E+00  1.07E+01  1.79E-01  2.98E-03
q, mu_s, sec, min, hour   1.37E+06  7.91E+00  1.08E+01  1.80E-01  3.01E-03
q, mu_s, sec, min, hour   1.40E+06  7.80E+00  1.09E+01  1.82E-01  3.04E-03
q, mu_s, sec, min, hour   1.43E+06  7.69E+00  1.10E+01  1.84E-01  3.06E-03
q, mu_s, sec, min, hour   1.47E+06  7.59E+00  1.11E+01  1.86E-01  3.09E-03
q, mu_s, sec, min, hour   1.50E+06  7.50E+00  1.12E+01  1.87E-01  3.12E-03
q, mu_s, sec, min, hour   1.53E+06  7.40E+00  1.14E+01  1.89E-01  3.15E-03
q, mu_s, sec, min, hour   1.57E+06  7.31E+00  1.15E+01  1.91E-01  3.19E-03
q, mu_s, sec, min, hour   1.60E+06  7.24E+00  1.16E+01  1.94E-01  3.23E-03
q, mu_s, sec, min, hour   1.64E+06  7.18E+00  1.18E+01  1.96E-01  3.27E-03
q, mu_s, sec, min, hour   1.68E+06  7.18E+00  1.20E+01  2.01E-01  3.34E-03
q, mu_s, sec, min, hour   1.72E+06  7.11E+00  1.22E+01  2.03E-01  3.39E-03
q, mu_s, sec, min, hour   1.76E+06  7.02E+00  1.23E+01  2.05E-01  3.42E-03
q, mu_s, sec, min, hour   1.79E+06  6.94E+00  1.25E+01  2.08E-01  3.46E-03
q, mu_s, sec, min, hour   1.83E+06  6.86E+00  1.26E+01  2.10E-01  3.50E-03
q, mu_s, sec, min, hour   1.88E+06  6.78E+00  1.27E+01  2.12E-01  3.53E-03
q, mu_s, sec, min, hour   1.92E+06  6.70E+00  1.28E+01  2.14E-01  3.57E-03
q, mu_s, sec, min, hour   1.96E+06  6.63E+00  1.30E+01  2.16E-01  3.61E-03
q, mu_s, sec, min, hour   2.00E+06  6.55E+00  1.31E+01  2.19E-01  3.65E-03
q, mu_s, sec, min, hour   2.05E+06  6.48E+00  1.33E+01  2.21E-01  3.69E-03
q, mu_s, sec, min, hour   2.09E+06  6.41E+00  1.34E+01  2.24E-01  3.73E-03
q, mu_s, sec, min, hour   2.14E+06  6.35E+00  1.36E+01  2.26E-01  3.77E-03
q, mu_s, sec, min, hour   2.19E+06  6.28E+00  1.37E+01  2.29E-01  3.81E-03
q, mu_s, sec, min, hour   2.24E+06  6.21E+00  1.39E+01  2.31E-01  3.86E-03
q, mu_s, sec, min, hour   2.28E+06  6.15E+00  1.40E+01  2.34E-01  3.90E-03
q, mu_s, sec, min, hour   2.33E+06  6.09E+00  1.42E+01  2.37E-01  3.95E-03
q, mu_s, sec, min, hour   2.38E+06  6.03E+00  1.44E+01  2.40E-01  3.99E-03
q, mu_s, sec, min, hour   2.44E+06  5.97E+00  1.45E+01  2.42E-01  4.04E-03
q, mu_s, sec, min, hour   2.49E+06  5.90E+00  1.47E+01  2.45E-01  4.08E-03
q, mu_s, sec, min, hour   2.54E+06  5.85E+00  1.49E+01  2.48E-01  4.13E-03
q, mu_s, sec, min, hour   2.60E+06  5.79E+00  1.50E+01  2.51E-01  4.18E-03
q, mu_s, sec, min, hour   2.66E+06  5.73E+00  1.52E+01  2.54E-01  4.23E-03
q, mu_s, sec, min, hour   2.71E+06  5.68E+00  1.54E+01  2.57E-01  4.28E-03
q, mu_s, sec, min, hour   2.77E+06  5.62E+00  1.56E+01  2.60E-01  4.33E-03
q, mu_s, sec, min, hour   2.83E+06  5.58E+00  1.58E+01  2.64E-01  4.39E-03
q, mu_s, sec, min, hour   2.89E+06  5.56E+00  1.61E+01  2.68E-01  4.47E-03
q, mu_s, sec, min, hour   2.96E+06  5.51E+00  1.63E+01  2.71E-01  4.52E-03
q, mu_s, sec, min, hour   3.02E+06  5.46E+00  1.65E+01  2.75E-01  4.58E-03
q, mu_s, sec, min, hour   3.08E+06  5.41E+00  1.67E+01  2.78E-01  4.64E-03
q, mu_s, sec, min, hour   3.15E+06  5.37E+00  1.69E+01  2.82E-01  4.69E-03
q, mu_s, sec, min, hour   3.22E+06  5.32E+00  1.71E+01  2.85E-01  4.75E-03
q, mu_s, sec, min, hour   3.28E+06  5.27E+00  1.73E+01  2.89E-01  4.81E-03
q, mu_s, sec, min, hour   3.35E+06  5.23E+00  1.75E+01  2.92E-01  4.87E-03
q, mu_s, sec, min, hour   3.43E+06  5.19E+00  1.78E+01  2.96E-01  4.94E-03
q, mu_s, sec, min, hour   3.50E+06  5.14E+00  1.80E+01  3.00E-01  5.00E-03
q, mu_s, sec, min, hour   3.57E+06  5.10E+00  1.82E+01  3.04E-01  5.06E-03
q, mu_s, sec, min, hour   3.65E+06  5.06E+00  1.85E+01  3.08E-01  5.13E-03
q, mu_s, sec, min, hour   3.73E+06  5.02E+00  1.87E+01  3.12E-01  5.20E-03
q, mu_s, sec, min, hour   3.80E+06  4.98E+00  1.90E+01  3.16E-01  5.26E-03
q, mu_s, sec, min, hour   3.88E+06  4.94E+00  1.92E+01  3.20E-01  5.33E-03
q, mu_s, sec, min, hour   3.97E+06  4.91E+00  1.95E+01  3.24E-01  5.41E-03
q, mu_s, sec, min, hour   4.05E+06  4.87E+00  1.97E+01  3.29E-01  5.48E-03
q, mu_s, sec, min, hour   4.13E+06  4.84E+00  2.00E+01  3.33E-01  5.55E-03
q, mu_s, sec, min, hour   4.22E+06  4.80E+00  2.03E+01  3.38E-01  5.63E-03
q, mu_s, sec, min, hour   4.31E+06  4.77E+00  2.05E+01  3.42E-01  5.71E-03
q, mu_s, sec, min, hour   4.40E+06  4.73E+00  2.08E+01  3.47E-01  5.79E-03
q, mu_s, sec, min, hour   4.49E+06  4.70E+00  2.11E+01  3.52E-01  5.87E-03
q, mu_s, sec, min, hour   4.59E+06  4.67E+00  2.14E+01  3.57E-01  5.95E-03
q, mu_s, sec, min, hour   4.68E+06  4.64E+00  2.17E+01  3.62E-01  6.03E-03
q, mu_s, sec, min, hour   4.78E+06  4.61E+00  2.20E+01  3.67E-01  6.12E-03
q, mu_s, sec, min, hour   4.88E+06  4.58E+00  2.23E+01  3.72E-01  6.20E-03
q, mu_s, sec, min, hour   4.98E+06  4.54E+00  2.26E+01  3.77E-01  6.29E-03
q, mu_s, sec, min, hour   5.09E+06  4.52E+00  2.30E+01  3.83E-01  6.38E-03
q, mu_s, sec, min, hour   5.19E+06  4.49E+00  2.33E+01  3.88E-01  6.47E-03
q, mu_s, sec, min, hour   5.30E+06  4.46E+00  2.36E+01  3.94E-01  6.56E-03
q, mu_s, sec, min, hour   5.41E+06  4.43E+00  2.40E+01  4.00E-01  6.66E-03
q, mu_s, sec, min, hour   5.53E+06  4.40E+00  2.43E+01  4.05E-01  6.76E-03
q, mu_s, sec, min, hour   5.64E+06  4.39E+00  2.47E+01  4.12E-01  6.87E-03
q, mu_s, sec, min, hour   5.76E+06  4.36E+00  2.51E+01  4.19E-01  6.98E-03
q, mu_s, sec, min, hour   5.88E+06  4.34E+00  2.55E+01  4.25E-01  7.09E-03
q, mu_s, sec, min, hour   6.00E+06  4.31E+00  2.59E+01  4.31E-01  7.19E-03
q, mu_s, sec, min, hour   6.12E+06  4.29E+00  2.63E+01  4.38E-01  7.30E-03
q, mu_s, sec, min, hour   6.25E+06  4.27E+00  2.67E+01  4.44E-01  7.40E-03
q, mu_s, sec, min, hour   6.38E+06  4.24E+00  2.71E+01  4.51E-01  7.52E-03
q, mu_s, sec, min, hour   6.51E+06  4.22E+00  2.75E+01  4.58E-01  7.63E-03
q, mu_s, sec, min, hour   6.64E+06  4.20E+00  2.79E+01  4.65E-01  7.75E-03
q, mu_s, sec, min, hour   6.78E+06  4.17E+00  2.83E+01  4.72E-01  7.86E-03
q, mu_s, sec, min, hour   6.92E+06  4.15E+00  2.88E+01  4.79E-01  7.99E-03
q, mu_s, sec, min, hour   7.07E+06  4.13E+00  2.92E+01  4.87E-01  8.11E-03
q, mu_s, sec, min, hour   7.22E+06  4.11E+00  2.97E+01  4.94E-01  8.24E-03
q, mu_s, sec, min, hour   7.36E+06  4.09E+00  3.01E+01  5.02E-01  8.37E-03
q, mu_s, sec, min, hour   7.52E+06  4.07E+00  3.06E+01  5.10E-01  8.50E-03
q, mu_s, sec, min, hour   7.67E+06  4.05E+00  3.11E+01  5.18E-01  8.63E-03
q, mu_s, sec, min, hour   7.83E+06  4.03E+00  3.16E+01  5.26E-01  8.77E-03
q, mu_s, sec, min, hour   8.00E+06  4.01E+00  3.21E+01  5.35E-01  8.91E-03
q, mu_s, sec, min, hour   8.16E+06  3.99E+00  3.26E+01  5.43E-01  9.05E-03
q, mu_s, sec, min, hour   8.33E+06  3.98E+00  3.31E+01  5.52E-01  9.20E-03
q, mu_s, sec, min, hour   8.50E+06  3.96E+00  3.37E+01  5.61E-01  9.35E-03
 Particle data written to file
 Particle mixing data written to file
 pasr: stopped, t, cpu_secs, nrec =  0.2000637       33.89701              -2
 pasr: stopped, t, cpu_secs, nrec =  0.2000637       33.89701              -2
  
MFU: fraction, index =    9.0000E-01       66
  
 Retrieve errors
 Fraction    error
   9.0000E-01   0.0000E+00
   9.9000E-01   0.0000E+00
   9.9900E-01   0.0000E+00
   9.9990E-01   0.0000E+00
   9.9999E-01   0.0000E+00
  
     j    x_min(j)    x_max(j)    x_diff(j)   x_mean(j)
     1    4.11E-04    3.28E-01    3.28E-01    7.18E-02
     2    4.25E-04    7.15E-02    7.11E-02    1.95E-02
     3    2.74E-01    3.32E-01    5.81E-02    2.96E-01
     4    1.58E-05    8.24E-03    8.23E-03    1.64E-03
     5    4.14E-06    9.17E-04    9.13E-04    1.61E-04
     6    1.65E-05    2.87E-03    2.85E-03    4.27E-04
     7    9.39E-04    9.47E-02    9.37E-02    5.16E-02
     8    3.01E-08    3.95E-05    3.94E-05    9.46E-06
     9    1.41E-08    1.97E-05    1.97E-05    1.74E-06
    10    0.00E+00    0.00E+00    0.00E+00    0.00E+00
    11    3.34E-02    2.55E-01    2.21E-01    1.55E-01
   
     j    f_min(j)    f_max(j)    f_diff(j)   fp_diff(j)    f_mean(j)
     1    3.02E-04    3.28E-01    3.28E-01    7.01E-03    7.08E-02
     2    9.12E-05    7.15E-02    7.14E-02    2.75E-03    1.91E-02
     3    2.74E-01    3.32E-01    5.81E-02    3.09E-16    2.96E-01
     4    2.94E-09    8.66E-03    8.66E-03    3.05E-03    1.76E-03
     5    2.72E-07    8.46E-04    8.45E-04    2.31E-04    1.62E-04
     6    2.26E-07    2.82E-03    2.82E-03    1.60E-04    4.27E-04
     7    9.50E-04    9.49E-02    9.40E-02    5.51E-03    5.25E-02
     8    4.80E-08    3.98E-05    3.98E-05    5.27E-06    9.29E-06
     9    3.63E-09    2.01E-05    2.01E-05    4.63E-06    1.71E-06
    10    0.00E+00    0.00E+00    0.00E+00    0.00E+00    0.00E+00
    11    3.35E-02    2.55E-01    2.22E-01    6.76E-03    1.57E-01
    12    1.54E-01    9.51E-01    7.96E-01    1.37E-01    5.84E-01
  
queries  =    8.5770E+06
prim_ret =    8.1872E+06
sec_ret  =    3.8358E+05
grow     =    5.6310E+03
add      =    6.1000E+02
replace  =    0.0000E+00
dir eval =    0.0000E+00
 
CPU (mu s)/query =    3.9521E+00
 -------------------------------------------------------------------------------
 -
                Operation     Calls  Failures         Time (mu s)    Time/call (mu s)
 -------------------------------------------------------------------------------
 -
                   ci_ceq         0         0            0.00E+00            0.00E+00
  ci_ice_chem_map (map=0)         0         0            0.00E+00            0.00E+00
  ci_ice_chem_map (map=1)         0         0            0.00E+00            0.00E+00
               ci_cem_tan         0         0            0.00E+00            0.00E+00
               ci_ice_tan         0         0            0.00E+00            0.00E+00
         ci_ice_pic_bound         0         0            0.00E+00            0.00E+00
                       lp         0         0            0.00E+00            0.00E+00
          rmap2 (map = 0)      6241         0            3.98E+06            6.37E+02
          rmap2 (map = 1)         0         0            0.00E+00            0.00E+00
                  ceq_nrs         0         0            0.00E+00            0.00E+00
               ci_linrmap         0         0            0.00E+00            0.00E+00
                     expm      4835         0            6.75E+04            1.40E+01
      ci_ice_facet_newton         0         0            0.00E+00            0.00E+00
 ci_ice_facet_newton_lmap         0         0            0.00E+00            0.00E+00
        ci_ice_pic_newton         0         0            0.00E+00            0.00E+00
   ci_ice_pic_newton_lmap         0         0            0.00E+00            0.00E+00
         ci_ice_recon_pic         0         0            0.00E+00            0.00E+00
    ci_ice_recon_pic_lmap         0         0            0.00E+00            0.00E+00
          ci_ice_recon_bc         0         0            0.00E+00            0.00E+00
     ci_ice_recon_bc_lmap         0         0            0.00E+00            0.00E+00
             ci_ice_recon         0         0            0.00E+00            0.00E+00
             ci_dens_temp         0         0            0.00E+00            0.00E+00
                 cidpt_dr         0         0            0.00E+00            0.00E+00
 ------------------------------------------------------------------------------
