 Number of species                 =      10
 Number of streams                 =       3
 Flow rates of streams             =  0.0000  0.3041  0.6959
 PASR starting: number of particles=    1000
 Residence time, tres (seconds)    =   4.0000E-03
 04/06/2012: Prior to this date, due to a bug tres was twice the specified tres
 Mixing time, tmix (seconds)       =   1.0000E-03
 Pairing time, tpair (seconds)     =   1.0000E-03
 Min. and max. time step (seconds) =   1.0000E-04   1.0000E-04
 Number of steps                   =   2.0000E+03
 Number of sub-steps per step      =       3
 Number of particle-sub-steps      =   6.0000E+06
 Maximum pressure (atm.)           =   1.0000E+00
 Minumum pressure (atm.)           =   1.0000E+00
 Period of pressure variation (sec)=   1.0000E-03
 Particle data read from file
 PaSR starting
 ...
q, mu_s, sec, min, hour   6.00E+03  2.97E+02  1.78E+00  2.97E-02  4.95E-04
q, mu_s, sec, min, hour   1.20E+04  2.72E+02  3.27E+00  5.44E-02  9.07E-04
q, mu_s, sec, min, hour   1.80E+04  2.64E+02  4.76E+00  7.93E-02  1.32E-03
q, mu_s, sec, min, hour   2.40E+04  2.75E+02  6.60E+00  1.10E-01  1.83E-03
q, mu_s, sec, min, hour   3.00E+04  2.81E+02  8.44E+00  1.41E-01  2.34E-03
q, mu_s, sec, min, hour   3.60E+04  2.87E+02  1.03E+01  1.72E-01  2.87E-03
q, mu_s, sec, min, hour   4.20E+04  2.85E+02  1.20E+01  2.00E-01  3.33E-03
q, mu_s, sec, min, hour   4.80E+04  2.83E+02  1.36E+01  2.26E-01  3.77E-03
q, mu_s, sec, min, hour   5.40E+04  2.77E+02  1.49E+01  2.49E-01  4.15E-03
q, mu_s, sec, min, hour   6.00E+04  2.71E+02  1.62E+01  2.71E-01  4.51E-03
q, mu_s, sec, min, hour   6.60E+04  2.69E+02  1.77E+01  2.95E-01  4.92E-03
q, mu_s, sec, min, hour   7.20E+04  2.67E+02  1.92E+01  3.20E-01  5.34E-03
q, mu_s, sec, min, hour   7.80E+04  2.67E+02  2.08E+01  3.47E-01  5.78E-03
q, mu_s, sec, min, hour   8.40E+04  2.66E+02  2.23E+01  3.72E-01  6.20E-03
q, mu_s, sec, min, hour   9.00E+04  2.63E+02  2.37E+01  3.95E-01  6.58E-03
q, mu_s, sec, min, hour   9.60E+04  2.61E+02  2.50E+01  4.17E-01  6.96E-03
q, mu_s, sec, min, hour   1.02E+05  2.58E+02  2.64E+01  4.39E-01  7.32E-03
q, mu_s, sec, min, hour   1.08E+05  2.57E+02  2.77E+01  4.62E-01  7.71E-03
q, mu_s, sec, min, hour   1.14E+05  2.55E+02  2.91E+01  4.85E-01  8.08E-03
q, mu_s, sec, min, hour   1.20E+05  2.54E+02  3.05E+01  5.08E-01  8.47E-03
q, mu_s, sec, min, hour   1.26E+05  2.53E+02  3.19E+01  5.31E-01  8.85E-03
q, mu_s, sec, min, hour   1.32E+05  2.50E+02  3.31E+01  5.51E-01  9.18E-03
q, mu_s, sec, min, hour   1.38E+05  2.49E+02  3.44E+01  5.73E-01  9.54E-03
q, mu_s, sec, min, hour   1.44E+05  2.47E+02  3.56E+01  5.93E-01  9.89E-03
q, mu_s, sec, min, hour   1.50E+05  2.44E+02  3.67E+01  6.11E-01  1.02E-02
q, mu_s, sec, min, hour   1.56E+05  2.42E+02  3.78E+01  6.30E-01  1.05E-02
q, mu_s, sec, min, hour   1.65E+05  2.39E+02  3.95E+01  6.58E-01  1.10E-02
q, mu_s, sec, min, hour   1.74E+05  2.37E+02  4.13E+01  6.89E-01  1.15E-02
q, mu_s, sec, min, hour   1.83E+05  2.34E+02  4.29E+01  7.15E-01  1.19E-02
q, mu_s, sec, min, hour   1.92E+05  2.31E+02  4.43E+01  7.39E-01  1.23E-02
q, mu_s, sec, min, hour   2.01E+05  2.29E+02  4.59E+01  7.66E-01  1.28E-02
q, mu_s, sec, min, hour   2.10E+05  2.25E+02  4.72E+01  7.87E-01  1.31E-02
q, mu_s, sec, min, hour   2.19E+05  2.22E+02  4.86E+01  8.11E-01  1.35E-02
q, mu_s, sec, min, hour   2.28E+05  2.20E+02  5.01E+01  8.35E-01  1.39E-02
q, mu_s, sec, min, hour   2.37E+05  2.18E+02  5.17E+01  8.61E-01  1.44E-02
q, mu_s, sec, min, hour   2.46E+05  2.16E+02  5.32E+01  8.87E-01  1.48E-02
q, mu_s, sec, min, hour   2.55E+05  2.14E+02  5.46E+01  9.10E-01  1.52E-02
q, mu_s, sec, min, hour   2.64E+05  2.12E+02  5.59E+01  9.32E-01  1.55E-02
q, mu_s, sec, min, hour   2.73E+05  2.10E+02  5.73E+01  9.56E-01  1.59E-02
q, mu_s, sec, min, hour   2.82E+05  2.08E+02  5.85E+01  9.76E-01  1.63E-02
q, mu_s, sec, min, hour   2.91E+05  2.06E+02  5.99E+01  9.99E-01  1.66E-02
q, mu_s, sec, min, hour   3.00E+05  2.04E+02  6.12E+01  1.02E+00  1.70E-02
q, mu_s, sec, min, hour   3.09E+05  2.02E+02  6.26E+01  1.04E+00  1.74E-02
q, mu_s, sec, min, hour   3.21E+05  2.00E+02  6.43E+01  1.07E+00  1.79E-02
q, mu_s, sec, min, hour   3.33E+05  1.98E+02  6.60E+01  1.10E+00  1.83E-02
q, mu_s, sec, min, hour   3.45E+05  1.96E+02  6.77E+01  1.13E+00  1.88E-02
q, mu_s, sec, min, hour   3.57E+05  1.95E+02  6.95E+01  1.16E+00  1.93E-02
q, mu_s, sec, min, hour   3.69E+05  1.93E+02  7.13E+01  1.19E+00  1.98E-02
q, mu_s, sec, min, hour   3.81E+05  1.92E+02  7.31E+01  1.22E+00  2.03E-02
q, mu_s, sec, min, hour   3.93E+05  1.90E+02  7.48E+01  1.25E+00  2.08E-02
q, mu_s, sec, min, hour   4.05E+05  1.89E+02  7.64E+01  1.27E+00  2.12E-02
q, mu_s, sec, min, hour   4.17E+05  1.87E+02  7.81E+01  1.30E+00  2.17E-02
q, mu_s, sec, min, hour   4.29E+05  1.86E+02  7.98E+01  1.33E+00  2.22E-02
q, mu_s, sec, min, hour   4.41E+05  1.85E+02  8.15E+01  1.36E+00  2.26E-02
q, mu_s, sec, min, hour   4.53E+05  1.84E+02  8.32E+01  1.39E+00  2.31E-02
q, mu_s, sec, min, hour   4.68E+05  1.83E+02  8.55E+01  1.42E+00  2.37E-02
q, mu_s, sec, min, hour   4.83E+05  1.81E+02  8.75E+01  1.46E+00  2.43E-02
q, mu_s, sec, min, hour   4.98E+05  1.79E+02  8.93E+01  1.49E+00  2.48E-02
q, mu_s, sec, min, hour   5.13E+05  1.78E+02  9.12E+01  1.52E+00  2.53E-02
q, mu_s, sec, min, hour   5.28E+05  1.76E+02  9.30E+01  1.55E+00  2.58E-02
q, mu_s, sec, min, hour   5.43E+05  1.74E+02  9.47E+01  1.58E+00  2.63E-02
q, mu_s, sec, min, hour   5.58E+05  1.73E+02  9.65E+01  1.61E+00  2.68E-02
q, mu_s, sec, min, hour   5.73E+05  1.72E+02  9.84E+01  1.64E+00  2.73E-02
q, mu_s, sec, min, hour   5.88E+05  1.71E+02  1.00E+02  1.67E+00  2.79E-02
q, mu_s, sec, min, hour   6.03E+05  1.69E+02  1.02E+02  1.70E+00  2.83E-02
q, mu_s, sec, min, hour   6.21E+05  1.66E+02  1.03E+02  1.72E+00  2.87E-02
q, mu_s, sec, min, hour   6.39E+05  1.64E+02  1.05E+02  1.75E+00  2.91E-02
q, mu_s, sec, min, hour   6.57E+05  1.61E+02  1.06E+02  1.77E+00  2.95E-02
q, mu_s, sec, min, hour   6.75E+05  1.59E+02  1.07E+02  1.79E+00  2.98E-02
q, mu_s, sec, min, hour   6.93E+05  1.57E+02  1.09E+02  1.81E+00  3.02E-02
q, mu_s, sec, min, hour   7.11E+05  1.55E+02  1.10E+02  1.84E+00  3.06E-02
q, mu_s, sec, min, hour   7.29E+05  1.53E+02  1.11E+02  1.86E+00  3.10E-02
q, mu_s, sec, min, hour   7.47E+05  1.51E+02  1.13E+02  1.88E+00  3.13E-02
q, mu_s, sec, min, hour   7.65E+05  1.49E+02  1.14E+02  1.90E+00  3.17E-02
q, mu_s, sec, min, hour   7.86E+05  1.47E+02  1.16E+02  1.93E+00  3.21E-02
q, mu_s, sec, min, hour   8.07E+05  1.45E+02  1.17E+02  1.96E+00  3.26E-02
q, mu_s, sec, min, hour   8.28E+05  1.44E+02  1.19E+02  1.98E+00  3.30E-02
q, mu_s, sec, min, hour   8.49E+05  1.42E+02  1.20E+02  2.01E+00  3.34E-02
q, mu_s, sec, min, hour   8.70E+05  1.40E+02  1.22E+02  2.03E+00  3.38E-02
q, mu_s, sec, min, hour   8.91E+05  1.38E+02  1.23E+02  2.05E+00  3.42E-02
q, mu_s, sec, min, hour   9.12E+05  1.36E+02  1.24E+02  2.07E+00  3.46E-02
q, mu_s, sec, min, hour   9.36E+05  1.34E+02  1.26E+02  2.10E+00  3.50E-02
q, mu_s, sec, min, hour   9.60E+05  1.33E+02  1.27E+02  2.12E+00  3.54E-02
q, mu_s, sec, min, hour   9.84E+05  1.31E+02  1.29E+02  2.15E+00  3.58E-02
q, mu_s, sec, min, hour   1.01E+06  1.29E+02  1.30E+02  2.17E+00  3.62E-02
q, mu_s, sec, min, hour   1.03E+06  1.28E+02  1.32E+02  2.20E+00  3.66E-02
q, mu_s, sec, min, hour   1.06E+06  1.26E+02  1.33E+02  2.22E+00  3.71E-02
q, mu_s, sec, min, hour   1.08E+06  1.25E+02  1.35E+02  2.25E+00  3.75E-02
q, mu_s, sec, min, hour   1.11E+06  1.23E+02  1.37E+02  2.28E+00  3.80E-02
q, mu_s, sec, min, hour   1.14E+06  1.22E+02  1.38E+02  2.31E+00  3.84E-02
q, mu_s, sec, min, hour   1.16E+06  1.20E+02  1.40E+02  2.33E+00  3.88E-02
q, mu_s, sec, min, hour   1.19E+06  1.19E+02  1.42E+02  2.36E+00  3.93E-02
q, mu_s, sec, min, hour   1.22E+06  1.17E+02  1.43E+02  2.38E+00  3.97E-02
q, mu_s, sec, min, hour   1.25E+06  1.16E+02  1.45E+02  2.41E+00  4.02E-02
q, mu_s, sec, min, hour   1.28E+06  1.15E+02  1.46E+02  2.44E+00  4.07E-02
q, mu_s, sec, min, hour   1.31E+06  1.13E+02  1.48E+02  2.47E+00  4.11E-02
q, mu_s, sec, min, hour   1.34E+06  1.12E+02  1.50E+02  2.50E+00  4.16E-02
q, mu_s, sec, min, hour   1.37E+06  1.11E+02  1.52E+02  2.53E+00  4.21E-02
q, mu_s, sec, min, hour   1.40E+06  1.10E+02  1.53E+02  2.56E+00  4.26E-02
q, mu_s, sec, min, hour   1.43E+06  1.08E+02  1.55E+02  2.59E+00  4.32E-02
q, mu_s, sec, min, hour   1.47E+06  1.07E+02  1.57E+02  2.62E+00  4.36E-02
q, mu_s, sec, min, hour   1.50E+06  1.06E+02  1.59E+02  2.65E+00  4.41E-02
q, mu_s, sec, min, hour   1.53E+06  1.05E+02  1.61E+02  2.68E+00  4.47E-02
q, mu_s, sec, min, hour   1.57E+06  1.04E+02  1.63E+02  2.71E+00  4.52E-02
q, mu_s, sec, min, hour   1.60E+06  1.03E+02  1.65E+02  2.74E+00  4.57E-02
q, mu_s, sec, min, hour   1.64E+06  1.01E+02  1.66E+02  2.77E+00  4.62E-02
q, mu_s, sec, min, hour   1.68E+06  1.00E+02  1.68E+02  2.81E+00  4.68E-02
q, mu_s, sec, min, hour   1.72E+06  9.92E+01  1.70E+02  2.84E+00  4.73E-02
q, mu_s, sec, min, hour   1.76E+06  9.81E+01  1.72E+02  2.87E+00  4.78E-02
q, mu_s, sec, min, hour   1.79E+06  9.70E+01  1.74E+02  2.90E+00  4.84E-02
q, mu_s, sec, min, hour   1.83E+06  9.60E+01  1.76E+02  2.93E+00  4.89E-02
q, mu_s, sec, min, hour   1.88E+06  9.50E+01  1.78E+02  2.97E+00  4.95E-02
q, mu_s, sec, min, hour   1.92E+06  9.41E+01  1.80E+02  3.01E+00  5.01E-02
q, mu_s, sec, min, hour   1.96E+06  9.31E+01  1.82E+02  3.04E+00  5.07E-02
q, mu_s, sec, min, hour   2.00E+06  9.22E+01  1.85E+02  3.08E+00  5.13E-02
q, mu_s, sec, min, hour   2.05E+06  9.12E+01  1.87E+02  3.11E+00  5.19E-02
q, mu_s, sec, min, hour   2.09E+06  9.03E+01  1.89E+02  3.15E+00  5.25E-02
q, mu_s, sec, min, hour   2.14E+06  8.94E+01  1.91E+02  3.19E+00  5.31E-02
q, mu_s, sec, min, hour   2.19E+06  8.84E+01  1.93E+02  3.22E+00  5.37E-02
q, mu_s, sec, min, hour   2.24E+06  8.75E+01  1.96E+02  3.26E+00  5.43E-02
q, mu_s, sec, min, hour   2.28E+06  8.66E+01  1.98E+02  3.30E+00  5.49E-02
q, mu_s, sec, min, hour   2.33E+06  8.57E+01  2.00E+02  3.33E+00  5.55E-02
q, mu_s, sec, min, hour   2.38E+06  8.48E+01  2.02E+02  3.37E+00  5.62E-02
q, mu_s, sec, min, hour   2.44E+06  8.39E+01  2.04E+02  3.41E+00  5.68E-02
q, mu_s, sec, min, hour   2.49E+06  8.31E+01  2.07E+02  3.45E+00  5.75E-02
q, mu_s, sec, min, hour   2.54E+06  8.23E+01  2.09E+02  3.49E+00  5.81E-02
q, mu_s, sec, min, hour   2.60E+06  8.15E+01  2.12E+02  3.53E+00  5.88E-02
q, mu_s, sec, min, hour   2.66E+06  8.07E+01  2.14E+02  3.57E+00  5.95E-02
q, mu_s, sec, min, hour   2.71E+06  7.99E+01  2.17E+02  3.61E+00  6.02E-02
q, mu_s, sec, min, hour   2.77E+06  7.91E+01  2.19E+02  3.66E+00  6.09E-02
q, mu_s, sec, min, hour   2.83E+06  7.84E+01  2.22E+02  3.70E+00  6.17E-02
q, mu_s, sec, min, hour   2.89E+06  7.77E+01  2.25E+02  3.75E+00  6.25E-02
q, mu_s, sec, min, hour   2.96E+06  7.69E+01  2.27E+02  3.79E+00  6.31E-02
q, mu_s, sec, min, hour   3.02E+06  7.62E+01  2.30E+02  3.83E+00  6.39E-02
q, mu_s, sec, min, hour   3.08E+06  7.54E+01  2.33E+02  3.88E+00  6.46E-02
q, mu_s, sec, min, hour   3.15E+06  7.47E+01  2.35E+02  3.92E+00  6.53E-02
q, mu_s, sec, min, hour   3.22E+06  7.40E+01  2.38E+02  3.97E+00  6.61E-02
q, mu_s, sec, min, hour   3.28E+06  7.32E+01  2.41E+02  4.01E+00  6.68E-02
q, mu_s, sec, min, hour   3.35E+06  7.25E+01  2.43E+02  4.05E+00  6.76E-02
q, mu_s, sec, min, hour   3.43E+06  7.19E+01  2.46E+02  4.10E+00  6.84E-02
q, mu_s, sec, min, hour   3.50E+06  7.12E+01  2.49E+02  4.15E+00  6.91E-02
q, mu_s, sec, min, hour   3.57E+06  7.06E+01  2.52E+02  4.20E+00  7.01E-02
q, mu_s, sec, min, hour   3.65E+06  7.00E+01  2.55E+02  4.26E+00  7.09E-02
q, mu_s, sec, min, hour   3.73E+06  6.94E+01  2.58E+02  4.31E+00  7.18E-02
q, mu_s, sec, min, hour   3.80E+06  6.88E+01  2.62E+02  4.36E+00  7.27E-02
q, mu_s, sec, min, hour   3.88E+06  6.81E+01  2.65E+02  4.41E+00  7.35E-02
q, mu_s, sec, min, hour   3.97E+06  6.76E+01  2.68E+02  4.47E+00  7.44E-02
q, mu_s, sec, min, hour   4.05E+06  6.70E+01  2.71E+02  4.52E+00  7.54E-02
q, mu_s, sec, min, hour   4.13E+06  6.64E+01  2.75E+02  4.58E+00  7.63E-02
q, mu_s, sec, min, hour   4.22E+06  6.58E+01  2.78E+02  4.63E+00  7.72E-02
q, mu_s, sec, min, hour   4.31E+06  6.53E+01  2.82E+02  4.69E+00  7.82E-02
q, mu_s, sec, min, hour   4.40E+06  6.47E+01  2.85E+02  4.75E+00  7.91E-02
q, mu_s, sec, min, hour   4.49E+06  6.42E+01  2.88E+02  4.81E+00  8.01E-02
q, mu_s, sec, min, hour   4.59E+06  6.36E+01  2.92E+02  4.86E+00  8.11E-02
q, mu_s, sec, min, hour   4.68E+06  6.31E+01  2.95E+02  4.92E+00  8.21E-02
q, mu_s, sec, min, hour   4.78E+06  6.26E+01  2.99E+02  4.99E+00  8.31E-02
q, mu_s, sec, min, hour   4.88E+06  6.21E+01  3.03E+02  5.05E+00  8.41E-02
q, mu_s, sec, min, hour   4.98E+06  6.15E+01  3.07E+02  5.11E+00  8.52E-02
q, mu_s, sec, min, hour   5.09E+06  6.09E+01  3.10E+02  5.17E+00  8.61E-02
q, mu_s, sec, min, hour   5.19E+06  6.04E+01  3.14E+02  5.23E+00  8.72E-02
q, mu_s, sec, min, hour   5.30E+06  5.99E+01  3.18E+02  5.29E+00  8.82E-02
q, mu_s, sec, min, hour   5.41E+06  5.94E+01  3.21E+02  5.36E+00  8.93E-02
q, mu_s, sec, min, hour   5.53E+06  5.88E+01  3.25E+02  5.42E+00  9.03E-02
q, mu_s, sec, min, hour   5.64E+06  5.83E+01  3.29E+02  5.48E+00  9.14E-02
q, mu_s, sec, min, hour   5.76E+06  5.78E+01  3.33E+02  5.55E+00  9.25E-02
q, mu_s, sec, min, hour   5.88E+06  5.74E+01  3.37E+02  5.62E+00  9.37E-02
q, mu_s, sec, min, hour   6.00E+06  5.69E+01  3.41E+02  5.69E+00  9.48E-02
 Particle data written to file
 Particle mixing data written to file
 pasr: stopped, t, cpu_secs, nrec =  0.2000028       341.2067              -2
 pasr: stopped, t, cpu_secs, nrec =  0.2000028       341.2067              -2
  
MFU: fraction, index =    9.0000E-01     1120
  
 Retrieve errors
 Fraction    error
   9.0000E-01   0.0000E+00
   9.9000E-01   0.0000E+00
   9.9900E-01   0.0000E+00
   9.9990E-01   0.0000E+00
   9.9999E-01   0.0000E+00
  
     j    x_min(j)    x_max(j)    x_diff(j)   x_mean(j)
     1    0.00E+00    3.29E-01    3.29E-01    6.33E-02
     2    0.00E+00    7.28E-02    7.28E-02    2.10E-02
     3    2.74E-01    3.32E-01    5.87E-02    2.95E-01
     4    0.00E+00    1.78E-02    1.78E-02    1.88E-03
     5    0.00E+00    2.59E-03    2.59E-03    2.02E-04
     6    0.00E+00    3.16E-03    3.16E-03    4.56E-04
     7    0.00E+00    9.88E-02    9.88E-02    5.20E-02
     8    0.00E+00    8.03E-05    8.03E-05    9.61E-06
     9    0.00E+00    6.91E-05    6.91E-05    2.47E-06
    10    0.00E+00    0.00E+00    0.00E+00    0.00E+00
    11    2.95E-02    2.67E-01    2.37E-01    1.55E-01
   
     j    f_min(j)    f_max(j)    f_diff(j)   fp_diff(j)    f_mean(j)
     1    0.00E+00    3.29E-01    3.29E-01    5.53E-02    5.26E-02
     2    1.66E-09    7.28E-02    7.28E-02    2.40E-02    1.60E-02
     3    2.74E-01    3.32E-01    5.87E-02    4.51E-17    2.95E-01
     4    0.00E+00    1.79E-02    1.79E-02    2.31E-02    4.84E-03
     5    6.26E-81    2.61E-03    2.61E-03    2.93E-03    6.57E-04
     6    0.00E+00    3.17E-03    3.17E-03    3.76E-03    1.03E-03
     7    0.00E+00    9.88E-02    9.88E-02    4.32E-02    6.10E-02
     8    0.00E+00    8.03E-05    8.03E-05    8.25E-05    1.12E-05
     9    0.00E+00    1.19E-04    1.19E-04    6.36E-05    2.38E-06
    10    0.00E+00    0.00E+00    0.00E+00    0.00E+00    0.00E+00
    11    2.95E-02    2.67E-01    2.37E-01    6.05E-02    1.68E-01
    12    1.48E-01    9.84E-01    8.35E-01    2.60E-01    6.31E-01
  
queries  =    6.0030E+06
prim_ret =    4.8483E+06
sec_ret  =    1.0118E+06
grow     =    6.7462E+04
add      =    1.3943E+04
replace  =    0.0000E+00
dir eval =    6.1541E+04
 
CPU (mu s)/query =    5.6839E+01
 -------------------------------------------------------------------------------
 -
                Operation     Calls  Failures         Time (mu s)    Time/call (mu s)
 -------------------------------------------------------------------------------
 -
                   ci_ceq         0         0            0.00E+00            0.00E+00
  ci_ice_chem_map (map=0)         0         0            0.00E+00            0.00E+00
  ci_ice_chem_map (map=1)         0         0            0.00E+00            0.00E+00
               ci_cem_tan         0         0            0.00E+00            0.00E+00
               ci_ice_tan         0         0            0.00E+00            0.00E+00
         ci_ice_pic_bound         0         0            0.00E+00            0.00E+00
                       lp         0         0            0.00E+00            0.00E+00
          rmap2 (map = 0)    146707         0            1.25E+08            8.51E+02
          rmap2 (map = 1)      3761         0            1.49E+07            3.97E+03
                  ceq_nrs         0         0            0.00E+00            0.00E+00
               ci_linrmap         0         0            0.00E+00            0.00E+00
                     expm    117117         0            1.74E+06            1.49E+01
      ci_ice_facet_newton         0         0            0.00E+00            0.00E+00
 ci_ice_facet_newton_lmap         0         0            0.00E+00            0.00E+00
        ci_ice_pic_newton         0         0            0.00E+00            0.00E+00
   ci_ice_pic_newton_lmap         0         0            0.00E+00            0.00E+00
         ci_ice_recon_pic         0         0            0.00E+00            0.00E+00
    ci_ice_recon_pic_lmap         0         0            0.00E+00            0.00E+00
          ci_ice_recon_bc         0         0            0.00E+00            0.00E+00
     ci_ice_recon_bc_lmap         0         0            0.00E+00            0.00E+00
             ci_ice_recon         0         0            0.00E+00            0.00E+00
             ci_dens_temp         0         0            0.00E+00            0.00E+00
                 cidpt_dr         0         0            0.00E+00            0.00E+00
 ------------------------------------------------------------------------------
