 Number of species                 =      10
 Number of streams                 =       3
 Flow rates of streams             =  0.0000  0.2823  0.7177
 PASR starting: number of particles=    1000
 Residence time, tres (seconds)    =   4.0000E-03
 04/06/2012: Prior to this date, due to a bug tres was twice the specified tres
 Mixing time, tmix (seconds)       =   7.0000E-04
 Pairing time, tpair (seconds)     =   7.0000E-04
 Min. and max. time step (seconds) =   7.0000E-05   7.0000E-05
 Number of steps                   =   2.8571E+03
 Number of sub-steps per step      =       3
 Number of particle-sub-steps      =   8.5714E+06
 Maximum pressure (atm.)           =   1.0000E+00
 Minumum pressure (atm.)           =   1.0000E+00
 Period of pressure variation (sec)=   1.0000E-03
 Particle data read from file
 PaSR starting
 ...
q, mu_s, sec, min, hour   6.00E+03  2.59E+02  1.55E+00  2.59E-02  4.31E-04
q, mu_s, sec, min, hour   1.20E+04  2.49E+02  2.98E+00  4.97E-02  8.29E-04
q, mu_s, sec, min, hour   1.80E+04  2.24E+02  4.03E+00  6.71E-02  1.12E-03
q, mu_s, sec, min, hour   2.40E+04  2.09E+02  5.01E+00  8.35E-02  1.39E-03
q, mu_s, sec, min, hour   3.00E+04  2.09E+02  6.27E+00  1.05E-01  1.74E-03
q, mu_s, sec, min, hour   3.60E+04  2.19E+02  7.88E+00  1.31E-01  2.19E-03
q, mu_s, sec, min, hour   4.20E+04  2.22E+02  9.34E+00  1.56E-01  2.60E-03
q, mu_s, sec, min, hour   4.80E+04  2.29E+02  1.10E+01  1.83E-01  3.06E-03
q, mu_s, sec, min, hour   5.40E+04  2.37E+02  1.28E+01  2.13E-01  3.55E-03
q, mu_s, sec, min, hour   6.00E+04  2.35E+02  1.41E+01  2.35E-01  3.92E-03
q, mu_s, sec, min, hour   6.60E+04  2.32E+02  1.53E+01  2.56E-01  4.26E-03
q, mu_s, sec, min, hour   7.20E+04  2.29E+02  1.65E+01  2.75E-01  4.58E-03
q, mu_s, sec, min, hour   7.80E+04  2.27E+02  1.77E+01  2.95E-01  4.91E-03
q, mu_s, sec, min, hour   8.40E+04  2.27E+02  1.91E+01  3.18E-01  5.30E-03
q, mu_s, sec, min, hour   9.00E+04  2.24E+02  2.02E+01  3.36E-01  5.60E-03
q, mu_s, sec, min, hour   9.60E+04  2.19E+02  2.10E+01  3.51E-01  5.85E-03
q, mu_s, sec, min, hour   1.02E+05  2.19E+02  2.23E+01  3.72E-01  6.20E-03
q, mu_s, sec, min, hour   1.08E+05  2.16E+02  2.34E+01  3.89E-01  6.49E-03
q, mu_s, sec, min, hour   1.14E+05  2.16E+02  2.47E+01  4.11E-01  6.85E-03
q, mu_s, sec, min, hour   1.20E+05  2.18E+02  2.61E+01  4.35E-01  7.25E-03
q, mu_s, sec, min, hour   1.26E+05  2.22E+02  2.80E+01  4.66E-01  7.77E-03
q, mu_s, sec, min, hour   1.32E+05  2.22E+02  2.93E+01  4.88E-01  8.14E-03
q, mu_s, sec, min, hour   1.38E+05  2.21E+02  3.05E+01  5.08E-01  8.46E-03
q, mu_s, sec, min, hour   1.44E+05  2.20E+02  3.16E+01  5.27E-01  8.78E-03
q, mu_s, sec, min, hour   1.50E+05  2.18E+02  3.27E+01  5.44E-01  9.07E-03
q, mu_s, sec, min, hour   1.56E+05  2.18E+02  3.41E+01  5.68E-01  9.46E-03
q, mu_s, sec, min, hour   1.65E+05  2.20E+02  3.62E+01  6.04E-01  1.01E-02
q, mu_s, sec, min, hour   1.74E+05  2.17E+02  3.78E+01  6.31E-01  1.05E-02
q, mu_s, sec, min, hour   1.83E+05  2.16E+02  3.95E+01  6.58E-01  1.10E-02
q, mu_s, sec, min, hour   1.92E+05  2.13E+02  4.10E+01  6.83E-01  1.14E-02
q, mu_s, sec, min, hour   2.01E+05  2.14E+02  4.31E+01  7.18E-01  1.20E-02
q, mu_s, sec, min, hour   2.10E+05  2.17E+02  4.55E+01  7.58E-01  1.26E-02
q, mu_s, sec, min, hour   2.19E+05  2.15E+02  4.71E+01  7.85E-01  1.31E-02
q, mu_s, sec, min, hour   2.28E+05  2.16E+02  4.92E+01  8.19E-01  1.37E-02
q, mu_s, sec, min, hour   2.37E+05  2.16E+02  5.13E+01  8.55E-01  1.43E-02
q, mu_s, sec, min, hour   2.46E+05  2.15E+02  5.30E+01  8.83E-01  1.47E-02
q, mu_s, sec, min, hour   2.55E+05  2.13E+02  5.44E+01  9.07E-01  1.51E-02
q, mu_s, sec, min, hour   2.64E+05  2.13E+02  5.61E+01  9.35E-01  1.56E-02
q, mu_s, sec, min, hour   2.73E+05  2.13E+02  5.81E+01  9.68E-01  1.61E-02
q, mu_s, sec, min, hour   2.82E+05  2.12E+02  5.99E+01  9.98E-01  1.66E-02
q, mu_s, sec, min, hour   2.91E+05  2.12E+02  6.17E+01  1.03E+00  1.71E-02
q, mu_s, sec, min, hour   3.00E+05  2.11E+02  6.32E+01  1.05E+00  1.75E-02
q, mu_s, sec, min, hour   3.09E+05  2.10E+02  6.48E+01  1.08E+00  1.80E-02
q, mu_s, sec, min, hour   3.21E+05  2.09E+02  6.72E+01  1.12E+00  1.87E-02
q, mu_s, sec, min, hour   3.33E+05  2.07E+02  6.89E+01  1.15E+00  1.91E-02
q, mu_s, sec, min, hour   3.45E+05  2.06E+02  7.11E+01  1.19E+00  1.98E-02
q, mu_s, sec, min, hour   3.57E+05  2.05E+02  7.31E+01  1.22E+00  2.03E-02
q, mu_s, sec, min, hour   3.69E+05  2.04E+02  7.54E+01  1.26E+00  2.10E-02
q, mu_s, sec, min, hour   3.81E+05  2.04E+02  7.77E+01  1.29E+00  2.16E-02
q, mu_s, sec, min, hour   3.93E+05  2.02E+02  7.95E+01  1.33E+00  2.21E-02
q, mu_s, sec, min, hour   4.05E+05  2.01E+02  8.15E+01  1.36E+00  2.26E-02
q, mu_s, sec, min, hour   4.17E+05  2.00E+02  8.35E+01  1.39E+00  2.32E-02
q, mu_s, sec, min, hour   4.29E+05  1.99E+02  8.55E+01  1.43E+00  2.38E-02
q, mu_s, sec, min, hour   4.41E+05  1.99E+02  8.77E+01  1.46E+00  2.44E-02
q, mu_s, sec, min, hour   4.53E+05  1.98E+02  8.99E+01  1.50E+00  2.50E-02
q, mu_s, sec, min, hour   4.68E+05  1.99E+02  9.29E+01  1.55E+00  2.58E-02
q, mu_s, sec, min, hour   4.83E+05  1.97E+02  9.53E+01  1.59E+00  2.65E-02
q, mu_s, sec, min, hour   4.98E+05  1.97E+02  9.79E+01  1.63E+00  2.72E-02
q, mu_s, sec, min, hour   5.13E+05  1.96E+02  1.00E+02  1.67E+00  2.79E-02
q, mu_s, sec, min, hour   5.28E+05  1.96E+02  1.03E+02  1.72E+00  2.87E-02
q, mu_s, sec, min, hour   5.43E+05  1.96E+02  1.06E+02  1.77E+00  2.95E-02
q, mu_s, sec, min, hour   5.58E+05  1.95E+02  1.09E+02  1.81E+00  3.02E-02
q, mu_s, sec, min, hour   5.73E+05  1.94E+02  1.11E+02  1.85E+00  3.08E-02
q, mu_s, sec, min, hour   5.88E+05  1.93E+02  1.14E+02  1.90E+00  3.16E-02
q, mu_s, sec, min, hour   6.03E+05  1.93E+02  1.16E+02  1.94E+00  3.23E-02
q, mu_s, sec, min, hour   6.21E+05  1.93E+02  1.20E+02  2.00E+00  3.33E-02
q, mu_s, sec, min, hour   6.39E+05  1.93E+02  1.23E+02  2.05E+00  3.42E-02
q, mu_s, sec, min, hour   6.57E+05  1.94E+02  1.27E+02  2.12E+00  3.53E-02
q, mu_s, sec, min, hour   6.75E+05  1.92E+02  1.29E+02  2.16E+00  3.60E-02
q, mu_s, sec, min, hour   6.93E+05  1.92E+02  1.33E+02  2.22E+00  3.70E-02
q, mu_s, sec, min, hour   7.11E+05  1.91E+02  1.36E+02  2.26E+00  3.77E-02
q, mu_s, sec, min, hour   7.29E+05  1.90E+02  1.39E+02  2.31E+00  3.85E-02
q, mu_s, sec, min, hour   7.47E+05  1.90E+02  1.42E+02  2.36E+00  3.94E-02
q, mu_s, sec, min, hour   7.65E+05  1.89E+02  1.45E+02  2.41E+00  4.02E-02
q, mu_s, sec, min, hour   7.86E+05  1.89E+02  1.49E+02  2.48E+00  4.14E-02
q, mu_s, sec, min, hour   8.07E+05  1.89E+02  1.52E+02  2.54E+00  4.23E-02
q, mu_s, sec, min, hour   8.28E+05  1.89E+02  1.56E+02  2.60E+00  4.34E-02
q, mu_s, sec, min, hour   8.49E+05  1.88E+02  1.60E+02  2.67E+00  4.44E-02
q, mu_s, sec, min, hour   8.70E+05  1.88E+02  1.64E+02  2.73E+00  4.56E-02
q, mu_s, sec, min, hour   8.91E+05  1.88E+02  1.68E+02  2.80E+00  4.66E-02
q, mu_s, sec, min, hour   9.12E+05  1.88E+02  1.71E+02  2.86E+00  4.76E-02
q, mu_s, sec, min, hour   9.36E+05  1.88E+02  1.76E+02  2.93E+00  4.88E-02
q, mu_s, sec, min, hour   9.60E+05  1.87E+02  1.79E+02  2.99E+00  4.98E-02
q, mu_s, sec, min, hour   9.84E+05  1.87E+02  1.84E+02  3.06E+00  5.10E-02
q, mu_s, sec, min, hour   1.01E+06  1.87E+02  1.88E+02  3.13E+00  5.22E-02
q, mu_s, sec, min, hour   1.03E+06  1.86E+02  1.92E+02  3.20E+00  5.33E-02
q, mu_s, sec, min, hour   1.06E+06  1.86E+02  1.96E+02  3.27E+00  5.45E-02
q, mu_s, sec, min, hour   1.08E+06  1.87E+02  2.02E+02  3.37E+00  5.61E-02
q, mu_s, sec, min, hour   1.11E+06  1.87E+02  2.07E+02  3.46E+00  5.76E-02
q, mu_s, sec, min, hour   1.14E+06  1.87E+02  2.13E+02  3.55E+00  5.92E-02
q, mu_s, sec, min, hour   1.16E+06  1.88E+02  2.19E+02  3.65E+00  6.09E-02
q, mu_s, sec, min, hour   1.19E+06  1.88E+02  2.24E+02  3.73E+00  6.22E-02
q, mu_s, sec, min, hour   1.22E+06  1.89E+02  2.30E+02  3.83E+00  6.38E-02
q, mu_s, sec, min, hour   1.25E+06  1.89E+02  2.36E+02  3.94E+00  6.56E-02
q, mu_s, sec, min, hour   1.28E+06  1.90E+02  2.42E+02  4.04E+00  6.73E-02
q, mu_s, sec, min, hour   1.31E+06  1.90E+02  2.48E+02  4.13E+00  6.89E-02
q, mu_s, sec, min, hour   1.34E+06  1.90E+02  2.54E+02  4.24E+00  7.06E-02
q, mu_s, sec, min, hour   1.37E+06  1.90E+02  2.60E+02  4.34E+00  7.23E-02
q, mu_s, sec, min, hour   1.40E+06  1.91E+02  2.67E+02  4.45E+00  7.42E-02
q, mu_s, sec, min, hour   1.43E+06  1.91E+02  2.74E+02  4.57E+00  7.62E-02
q, mu_s, sec, min, hour   1.47E+06  1.91E+02  2.80E+02  4.67E+00  7.78E-02
q, mu_s, sec, min, hour   1.50E+06  1.91E+02  2.86E+02  4.77E+00  7.95E-02
q, mu_s, sec, min, hour   1.53E+06  1.90E+02  2.92E+02  4.87E+00  8.11E-02
q, mu_s, sec, min, hour   1.57E+06  1.91E+02  2.99E+02  4.98E+00  8.31E-02
q, mu_s, sec, min, hour   1.60E+06  1.90E+02  3.05E+02  5.09E+00  8.49E-02
q, mu_s, sec, min, hour   1.64E+06  1.91E+02  3.13E+02  5.21E+00  8.69E-02
q, mu_s, sec, min, hour   1.68E+06  1.91E+02  3.20E+02  5.33E+00  8.88E-02
q, mu_s, sec, min, hour   1.72E+06  1.91E+02  3.28E+02  5.47E+00  9.11E-02
q, mu_s, sec, min, hour   1.76E+06  1.92E+02  3.36E+02  5.61E+00  9.34E-02
q, mu_s, sec, min, hour   1.79E+06  1.92E+02  3.45E+02  5.74E+00  9.57E-02
q, mu_s, sec, min, hour   1.83E+06  1.92E+02  3.53E+02  5.88E+00  9.80E-02
q, mu_s, sec, min, hour   1.88E+06  1.92E+02  3.60E+02  6.01E+00  1.00E-01
q, mu_s, sec, min, hour   1.92E+06  1.92E+02  3.69E+02  6.14E+00  1.02E-01
q, mu_s, sec, min, hour   1.96E+06  1.93E+02  3.78E+02  6.30E+00  1.05E-01
q, mu_s, sec, min, hour   2.00E+06  1.93E+02  3.87E+02  6.45E+00  1.07E-01
q, mu_s, sec, min, hour   2.05E+06  1.94E+02  3.98E+02  6.63E+00  1.10E-01
q, mu_s, sec, min, hour   2.09E+06  1.96E+02  4.10E+02  6.83E+00  1.14E-01
q, mu_s, sec, min, hour   2.14E+06  1.96E+02  4.20E+02  7.00E+00  1.17E-01
q, mu_s, sec, min, hour   2.19E+06  1.96E+02  4.29E+02  7.16E+00  1.19E-01
q, mu_s, sec, min, hour   2.24E+06  1.96E+02  4.39E+02  7.32E+00  1.22E-01
q, mu_s, sec, min, hour   2.28E+06  1.96E+02  4.49E+02  7.48E+00  1.25E-01
q, mu_s, sec, min, hour   2.33E+06  1.96E+02  4.57E+02  7.62E+00  1.27E-01
q, mu_s, sec, min, hour   2.38E+06  1.96E+02  4.67E+02  7.78E+00  1.30E-01
q, mu_s, sec, min, hour   2.44E+06  1.96E+02  4.77E+02  7.94E+00  1.32E-01
q, mu_s, sec, min, hour   2.49E+06  1.96E+02  4.89E+02  8.15E+00  1.36E-01
q, mu_s, sec, min, hour   2.54E+06  1.97E+02  5.02E+02  8.36E+00  1.39E-01
q, mu_s, sec, min, hour   2.60E+06  1.98E+02  5.13E+02  8.56E+00  1.43E-01
q, mu_s, sec, min, hour   2.66E+06  1.98E+02  5.26E+02  8.77E+00  1.46E-01
q, mu_s, sec, min, hour   2.71E+06  1.98E+02  5.37E+02  8.95E+00  1.49E-01
q, mu_s, sec, min, hour   2.77E+06  1.98E+02  5.50E+02  9.16E+00  1.53E-01
q, mu_s, sec, min, hour   2.83E+06  1.99E+02  5.63E+02  9.38E+00  1.56E-01
q, mu_s, sec, min, hour   2.89E+06  1.99E+02  5.76E+02  9.61E+00  1.60E-01
q, mu_s, sec, min, hour   2.96E+06  2.00E+02  5.91E+02  9.85E+00  1.64E-01
q, mu_s, sec, min, hour   3.02E+06  2.00E+02  6.05E+02  1.01E+01  1.68E-01
q, mu_s, sec, min, hour   3.08E+06  2.00E+02  6.17E+02  1.03E+01  1.71E-01
q, mu_s, sec, min, hour   3.15E+06  1.99E+02  6.28E+02  1.05E+01  1.75E-01
q, mu_s, sec, min, hour   3.22E+06  1.99E+02  6.41E+02  1.07E+01  1.78E-01
q, mu_s, sec, min, hour   3.28E+06  1.99E+02  6.55E+02  1.09E+01  1.82E-01
q, mu_s, sec, min, hour   3.35E+06  2.00E+02  6.70E+02  1.12E+01  1.86E-01
q, mu_s, sec, min, hour   3.43E+06  2.00E+02  6.85E+02  1.14E+01  1.90E-01
q, mu_s, sec, min, hour   3.50E+06  2.00E+02  6.99E+02  1.17E+01  1.94E-01
q, mu_s, sec, min, hour   3.57E+06  2.00E+02  7.15E+02  1.19E+01  1.98E-01
q, mu_s, sec, min, hour   3.65E+06  2.00E+02  7.29E+02  1.22E+01  2.03E-01
q, mu_s, sec, min, hour   3.73E+06  2.00E+02  7.46E+02  1.24E+01  2.07E-01
q, mu_s, sec, min, hour   3.80E+06  2.00E+02  7.63E+02  1.27E+01  2.12E-01
q, mu_s, sec, min, hour   3.88E+06  2.00E+02  7.77E+02  1.30E+01  2.16E-01
q, mu_s, sec, min, hour   3.97E+06  2.00E+02  7.94E+02  1.32E+01  2.21E-01
q, mu_s, sec, min, hour   4.05E+06  2.00E+02  8.11E+02  1.35E+01  2.25E-01
q, mu_s, sec, min, hour   4.13E+06  2.01E+02  8.30E+02  1.38E+01  2.30E-01
q, mu_s, sec, min, hour   4.22E+06  2.00E+02  8.45E+02  1.41E+01  2.35E-01
q, mu_s, sec, min, hour   4.31E+06  2.00E+02  8.62E+02  1.44E+01  2.40E-01
q, mu_s, sec, min, hour   4.40E+06  2.00E+02  8.79E+02  1.46E+01  2.44E-01
q, mu_s, sec, min, hour   4.49E+06  1.99E+02  8.95E+02  1.49E+01  2.49E-01
q, mu_s, sec, min, hour   4.59E+06  1.99E+02  9.12E+02  1.52E+01  2.53E-01
q, mu_s, sec, min, hour   4.68E+06  1.98E+02  9.29E+02  1.55E+01  2.58E-01
q, mu_s, sec, min, hour   4.78E+06  1.98E+02  9.48E+02  1.58E+01  2.63E-01
q, mu_s, sec, min, hour   4.88E+06  1.98E+02  9.66E+02  1.61E+01  2.68E-01
q, mu_s, sec, min, hour   4.98E+06  1.98E+02  9.84E+02  1.64E+01  2.73E-01
q, mu_s, sec, min, hour   5.09E+06  1.97E+02  1.00E+03  1.67E+01  2.79E-01
q, mu_s, sec, min, hour   5.19E+06  1.97E+02  1.02E+03  1.70E+01  2.84E-01
q, mu_s, sec, min, hour   5.30E+06  1.96E+02  1.04E+03  1.74E+01  2.89E-01
q, mu_s, sec, min, hour   5.41E+06  1.96E+02  1.06E+03  1.77E+01  2.95E-01
q, mu_s, sec, min, hour   5.53E+06  1.96E+02  1.09E+03  1.81E+01  3.02E-01
q, mu_s, sec, min, hour   5.64E+06  1.97E+02  1.11E+03  1.85E+01  3.08E-01
q, mu_s, sec, min, hour   5.76E+06  1.97E+02  1.13E+03  1.89E+01  3.15E-01
q, mu_s, sec, min, hour   5.88E+06  1.97E+02  1.16E+03  1.93E+01  3.21E-01
q, mu_s, sec, min, hour   6.00E+06  1.97E+02  1.18E+03  1.97E+01  3.28E-01
q, mu_s, sec, min, hour   6.12E+06  1.96E+02  1.20E+03  2.00E+01  3.34E-01
q, mu_s, sec, min, hour   6.25E+06  1.96E+02  1.23E+03  2.04E+01  3.40E-01
q, mu_s, sec, min, hour   6.38E+06  1.96E+02  1.25E+03  2.08E+01  3.47E-01
q, mu_s, sec, min, hour   6.51E+06  1.96E+02  1.27E+03  2.12E+01  3.54E-01
q, mu_s, sec, min, hour   6.64E+06  1.96E+02  1.30E+03  2.17E+01  3.61E-01
q, mu_s, sec, min, hour   6.78E+06  1.96E+02  1.33E+03  2.22E+01  3.69E-01
q, mu_s, sec, min, hour   6.92E+06  1.96E+02  1.36E+03  2.26E+01  3.77E-01
q, mu_s, sec, min, hour   7.07E+06  1.96E+02  1.38E+03  2.31E+01  3.85E-01
q, mu_s, sec, min, hour   7.22E+06  1.96E+02  1.41E+03  2.35E+01  3.92E-01
q, mu_s, sec, min, hour   7.36E+06  1.96E+02  1.44E+03  2.40E+01  4.00E-01
q, mu_s, sec, min, hour   7.52E+06  1.95E+02  1.47E+03  2.45E+01  4.08E-01
q, mu_s, sec, min, hour   7.67E+06  1.95E+02  1.50E+03  2.50E+01  4.16E-01
q, mu_s, sec, min, hour   7.83E+06  1.95E+02  1.53E+03  2.54E+01  4.24E-01
q, mu_s, sec, min, hour   8.00E+06  1.95E+02  1.56E+03  2.59E+01  4.32E-01
q, mu_s, sec, min, hour   8.16E+06  1.94E+02  1.59E+03  2.64E+01  4.41E-01
q, mu_s, sec, min, hour   8.33E+06  1.94E+02  1.62E+03  2.70E+01  4.49E-01
q, mu_s, sec, min, hour   8.50E+06  1.94E+02  1.65E+03  2.75E+01  4.58E-01
 Particle data written to file
 Particle mixing data written to file
 pasr: stopped, t, cpu_secs, nrec =  0.2000637       1661.428              -2
 pasr: stopped, t, cpu_secs, nrec =  0.2000637       1661.428              -2
  
MFU: fraction, index =    9.0000E-01      227
  
 Retrieve errors
 Fraction    error
   9.0000E-01   0.0000E+00
   9.9000E-01   0.0000E+00
   9.9900E-01   0.0000E+00
   9.9990E-01   0.0000E+00
   9.9999E-01   0.0000E+00
  
     j    x_min(j)    x_max(j)    x_diff(j)   x_mean(j)
     1    0.00E+00    3.27E-01    3.27E-01    4.63E-02
     2    6.91E-07    7.28E-02    7.28E-02    1.33E-02
     3    2.74E-01    3.32E-01    5.84E-02    2.94E-01
     4    0.00E+00    1.00E-02    1.00E-02    2.41E-03
     5    0.00E+00    1.38E-03    1.38E-03    3.30E-04
     6    0.00E+00    3.09E-03    3.09E-03    1.09E-03
     7    0.00E+00    9.69E-02    9.69E-02    6.72E-02
     8    0.00E+00    1.01E-05    1.01E-05    2.40E-06
     9    0.00E+00    2.91E-06    2.91E-06    9.14E-07
    10    0.00E+00    0.00E+00    0.00E+00    0.00E+00
    11    2.95E-02    2.62E-01    2.32E-01    1.89E-01
   
     j    f_min(j)    f_max(j)    f_diff(j)   fp_diff(j)    f_mean(j)
     1    0.00E+00    3.27E-01    3.27E-01    1.55E-02    4.46E-02
     2    6.90E-07    7.28E-02    7.28E-02    6.13E-03    1.25E-02
     3    2.74E-01    3.32E-01    5.84E-02    6.59E-17    2.94E-01
     4    0.00E+00    1.07E-02    1.07E-02    8.84E-03    2.83E-03
     5    4.38E-81    1.47E-03    1.47E-03    1.22E-03    3.59E-04
     6    0.00E+00    3.12E-03    3.12E-03    1.68E-03    1.13E-03
     7    0.00E+00    9.70E-02    9.70E-02    1.11E-02    6.87E-02
     8    0.00E+00    1.45E-05    1.45E-05    8.79E-06    2.59E-06
     9    0.00E+00    4.01E-06    4.01E-06    1.58E-06    9.74E-07
    10    0.00E+00    0.00E+00    0.00E+00    0.00E+00    0.00E+00
    11    2.95E-02    2.62E-01    2.32E-01    9.71E-03    1.91E-01
    12    1.48E-01    9.77E-01    8.29E-01    1.28E-01    7.14E-01
  
queries  =    8.5770E+06
prim_ret =    7.8986E+06
sec_ret  =    6.7100E+05
grow     =    6.4550E+03
add      =    9.6300E+02
replace  =    0.0000E+00
dir eval =    0.0000E+00
 
CPU (mu s)/query =    1.9371E+02
 -------------------------------------------------------------------------------
 -
                Operation     Calls  Failures         Time (mu s)    Time/call (mu s)
 -------------------------------------------------------------------------------
 -
                   ci_ceq         0         0            0.00E+00            0.00E+00
  ci_ice_chem_map (map=0)         0         0            0.00E+00            0.00E+00
  ci_ice_chem_map (map=1)         0         0            0.00E+00            0.00E+00
               ci_cem_tan         0         0            0.00E+00            0.00E+00
               ci_ice_tan         0         0            0.00E+00            0.00E+00
         ci_ice_pic_bound         0         0            0.00E+00            0.00E+00
                       lp         0         0            0.00E+00            0.00E+00
          rmap2 (map = 0)      7419         0            4.46E+06            6.01E+02
          rmap2 (map = 1)         1         0            4.54E+02            4.54E+02
                  ceq_nrs         0         0            0.00E+00            0.00E+00
               ci_linrmap         0         0            0.00E+00            0.00E+00
                     expm      8110         0            1.13E+05            1.40E+01
      ci_ice_facet_newton         0         0            0.00E+00            0.00E+00
 ci_ice_facet_newton_lmap         0         0            0.00E+00            0.00E+00
        ci_ice_pic_newton         0         0            0.00E+00            0.00E+00
   ci_ice_pic_newton_lmap         0         0            0.00E+00            0.00E+00
         ci_ice_recon_pic         0         0            0.00E+00            0.00E+00
    ci_ice_recon_pic_lmap         0         0            0.00E+00            0.00E+00
          ci_ice_recon_bc         0         0            0.00E+00            0.00E+00
     ci_ice_recon_bc_lmap         0         0            0.00E+00            0.00E+00
             ci_ice_recon         0         0            0.00E+00            0.00E+00
             ci_dens_temp         0         0            0.00E+00            0.00E+00
                 cidpt_dr         0         0            0.00E+00            0.00E+00
 ------------------------------------------------------------------------------
