 Number of species                 =      10
 Number of streams                 =       3
 Flow rates of streams             =  0.0000  0.3041  0.6959
 PASR starting: number of particles=    1000
 Residence time, tres (seconds)    =   4.0000E-03
 04/06/2012: Prior to this date, due to a bug tres was twice the specified tres
 Mixing time, tmix (seconds)       =   3.0000E-03
 Pairing time, tpair (seconds)     =   3.0000E-03
 Min. and max. time step (seconds) =   3.0000E-04   3.0000E-04
 Number of steps                   =   6.6667E+02
 Number of sub-steps per step      =       3
 Number of particle-sub-steps      =   2.0000E+06
 Maximum pressure (atm.)           =   1.0000E+00
 Minumum pressure (atm.)           =   1.0000E+00
 Period of pressure variation (sec)=   1.0000E-03
 Particle data read from file
 PaSR starting
 ...
q, mu_s, sec, min, hour   6.00E+03  3.14E+02  1.88E+00  3.14E-02  5.23E-04
q, mu_s, sec, min, hour   1.20E+04  2.23E+02  2.68E+00  4.46E-02  7.44E-04
q, mu_s, sec, min, hour   1.80E+04  1.86E+02  3.34E+00  5.57E-02  9.29E-04
q, mu_s, sec, min, hour   2.40E+04  1.65E+02  3.95E+00  6.59E-02  1.10E-03
q, mu_s, sec, min, hour   3.00E+04  1.51E+02  4.53E+00  7.55E-02  1.26E-03
q, mu_s, sec, min, hour   3.60E+04  1.41E+02  5.07E+00  8.44E-02  1.41E-03
q, mu_s, sec, min, hour   4.20E+04  1.32E+02  5.53E+00  9.22E-02  1.54E-03
q, mu_s, sec, min, hour   4.80E+04  1.27E+02  6.09E+00  1.02E-01  1.69E-03
q, mu_s, sec, min, hour   5.40E+04  1.24E+02  6.68E+00  1.11E-01  1.85E-03
q, mu_s, sec, min, hour   6.00E+04  1.20E+02  7.22E+00  1.20E-01  2.01E-03
q, mu_s, sec, min, hour   6.60E+04  1.18E+02  7.80E+00  1.30E-01  2.17E-03
q, mu_s, sec, min, hour   7.20E+04  1.16E+02  8.38E+00  1.40E-01  2.33E-03
q, mu_s, sec, min, hour   7.80E+04  1.15E+02  8.97E+00  1.49E-01  2.49E-03
q, mu_s, sec, min, hour   8.40E+04  1.14E+02  9.53E+00  1.59E-01  2.65E-03
q, mu_s, sec, min, hour   9.00E+04  1.12E+02  1.01E+01  1.68E-01  2.81E-03
q, mu_s, sec, min, hour   9.60E+04  1.11E+02  1.06E+01  1.77E-01  2.96E-03
q, mu_s, sec, min, hour   1.02E+05  1.10E+02  1.12E+01  1.87E-01  3.11E-03
q, mu_s, sec, min, hour   1.08E+05  1.09E+02  1.17E+01  1.95E-01  3.26E-03
q, mu_s, sec, min, hour   1.14E+05  1.07E+02  1.22E+01  2.03E-01  3.39E-03
q, mu_s, sec, min, hour   1.20E+05  1.06E+02  1.27E+01  2.12E-01  3.53E-03
q, mu_s, sec, min, hour   1.26E+05  1.05E+02  1.32E+01  2.20E-01  3.66E-03
q, mu_s, sec, min, hour   1.32E+05  1.03E+02  1.36E+01  2.27E-01  3.78E-03
q, mu_s, sec, min, hour   1.38E+05  1.01E+02  1.40E+01  2.33E-01  3.89E-03
q, mu_s, sec, min, hour   1.44E+05  1.00E+02  1.45E+01  2.41E-01  4.01E-03
q, mu_s, sec, min, hour   1.50E+05  9.90E+01  1.48E+01  2.47E-01  4.12E-03
q, mu_s, sec, min, hour   1.56E+05  9.77E+01  1.52E+01  2.54E-01  4.23E-03
q, mu_s, sec, min, hour   1.65E+05  9.56E+01  1.58E+01  2.63E-01  4.38E-03
q, mu_s, sec, min, hour   1.74E+05  9.37E+01  1.63E+01  2.72E-01  4.53E-03
q, mu_s, sec, min, hour   1.83E+05  9.15E+01  1.67E+01  2.79E-01  4.65E-03
q, mu_s, sec, min, hour   1.92E+05  8.93E+01  1.72E+01  2.86E-01  4.76E-03
q, mu_s, sec, min, hour   2.01E+05  8.71E+01  1.75E+01  2.92E-01  4.86E-03
q, mu_s, sec, min, hour   2.10E+05  8.51E+01  1.79E+01  2.98E-01  4.96E-03
q, mu_s, sec, min, hour   2.19E+05  8.27E+01  1.81E+01  3.02E-01  5.03E-03
q, mu_s, sec, min, hour   2.28E+05  8.04E+01  1.83E+01  3.05E-01  5.09E-03
q, mu_s, sec, min, hour   2.37E+05  7.83E+01  1.86E+01  3.09E-01  5.15E-03
q, mu_s, sec, min, hour   2.46E+05  7.62E+01  1.88E+01  3.13E-01  5.21E-03
q, mu_s, sec, min, hour   2.55E+05  7.43E+01  1.89E+01  3.16E-01  5.26E-03
q, mu_s, sec, min, hour   2.64E+05  7.23E+01  1.91E+01  3.18E-01  5.30E-03
q, mu_s, sec, min, hour   2.73E+05  7.05E+01  1.93E+01  3.21E-01  5.35E-03
q, mu_s, sec, min, hour   2.82E+05  6.89E+01  1.94E+01  3.24E-01  5.39E-03
q, mu_s, sec, min, hour   2.91E+05  6.72E+01  1.96E+01  3.26E-01  5.44E-03
q, mu_s, sec, min, hour   3.00E+05  6.57E+01  1.97E+01  3.28E-01  5.47E-03
q, mu_s, sec, min, hour   3.09E+05  6.41E+01  1.98E+01  3.30E-01  5.50E-03
q, mu_s, sec, min, hour   3.21E+05  6.21E+01  1.99E+01  3.32E-01  5.54E-03
q, mu_s, sec, min, hour   3.33E+05  6.02E+01  2.01E+01  3.34E-01  5.57E-03
q, mu_s, sec, min, hour   3.45E+05  5.85E+01  2.02E+01  3.36E-01  5.60E-03
q, mu_s, sec, min, hour   3.57E+05  5.67E+01  2.03E+01  3.38E-01  5.63E-03
q, mu_s, sec, min, hour   3.69E+05  5.51E+01  2.03E+01  3.39E-01  5.65E-03
q, mu_s, sec, min, hour   3.81E+05  5.36E+01  2.04E+01  3.40E-01  5.67E-03
q, mu_s, sec, min, hour   3.93E+05  5.21E+01  2.05E+01  3.41E-01  5.69E-03
q, mu_s, sec, min, hour   4.05E+05  5.08E+01  2.06E+01  3.43E-01  5.71E-03
q, mu_s, sec, min, hour   4.17E+05  4.95E+01  2.06E+01  3.44E-01  5.73E-03
q, mu_s, sec, min, hour   4.29E+05  4.82E+01  2.07E+01  3.45E-01  5.75E-03
q, mu_s, sec, min, hour   4.41E+05  4.71E+01  2.08E+01  3.46E-01  5.76E-03
q, mu_s, sec, min, hour   4.53E+05  4.59E+01  2.08E+01  3.47E-01  5.78E-03
q, mu_s, sec, min, hour   4.68E+05  4.46E+01  2.09E+01  3.48E-01  5.80E-03
q, mu_s, sec, min, hour   4.83E+05  4.34E+01  2.10E+01  3.49E-01  5.82E-03
q, mu_s, sec, min, hour   4.98E+05  4.22E+01  2.10E+01  3.51E-01  5.84E-03
q, mu_s, sec, min, hour   5.13E+05  4.11E+01  2.11E+01  3.52E-01  5.86E-03
q, mu_s, sec, min, hour   5.28E+05  4.01E+01  2.12E+01  3.53E-01  5.88E-03
q, mu_s, sec, min, hour   5.43E+05  3.91E+01  2.12E+01  3.54E-01  5.90E-03
q, mu_s, sec, min, hour   5.58E+05  3.82E+01  2.13E+01  3.55E-01  5.92E-03
q, mu_s, sec, min, hour   5.73E+05  3.73E+01  2.14E+01  3.56E-01  5.94E-03
q, mu_s, sec, min, hour   5.88E+05  3.65E+01  2.15E+01  3.58E-01  5.96E-03
q, mu_s, sec, min, hour   6.03E+05  3.57E+01  2.15E+01  3.59E-01  5.98E-03
q, mu_s, sec, min, hour   6.21E+05  3.48E+01  2.16E+01  3.60E-01  6.00E-03
q, mu_s, sec, min, hour   6.39E+05  3.39E+01  2.17E+01  3.61E-01  6.02E-03
q, mu_s, sec, min, hour   6.57E+05  3.31E+01  2.17E+01  3.62E-01  6.04E-03
q, mu_s, sec, min, hour   6.75E+05  3.23E+01  2.18E+01  3.64E-01  6.06E-03
q, mu_s, sec, min, hour   6.93E+05  3.16E+01  2.19E+01  3.65E-01  6.08E-03
q, mu_s, sec, min, hour   7.11E+05  3.09E+01  2.20E+01  3.66E-01  6.10E-03
q, mu_s, sec, min, hour   7.29E+05  3.02E+01  2.20E+01  3.67E-01  6.12E-03
q, mu_s, sec, min, hour   7.47E+05  2.96E+01  2.21E+01  3.69E-01  6.14E-03
q, mu_s, sec, min, hour   7.65E+05  2.90E+01  2.22E+01  3.70E-01  6.16E-03
q, mu_s, sec, min, hour   7.86E+05  2.83E+01  2.23E+01  3.71E-01  6.19E-03
q, mu_s, sec, min, hour   8.07E+05  2.77E+01  2.24E+01  3.73E-01  6.21E-03
q, mu_s, sec, min, hour   8.28E+05  2.71E+01  2.24E+01  3.74E-01  6.23E-03
q, mu_s, sec, min, hour   8.49E+05  2.65E+01  2.25E+01  3.75E-01  6.26E-03
q, mu_s, sec, min, hour   8.70E+05  2.60E+01  2.26E+01  3.77E-01  6.28E-03
q, mu_s, sec, min, hour   8.91E+05  2.55E+01  2.27E+01  3.78E-01  6.30E-03
q, mu_s, sec, min, hour   9.12E+05  2.50E+01  2.28E+01  3.80E-01  6.33E-03
q, mu_s, sec, min, hour   9.36E+05  2.44E+01  2.29E+01  3.81E-01  6.35E-03
q, mu_s, sec, min, hour   9.60E+05  2.39E+01  2.30E+01  3.83E-01  6.38E-03
q, mu_s, sec, min, hour   9.84E+05  2.34E+01  2.31E+01  3.84E-01  6.41E-03
q, mu_s, sec, min, hour   1.01E+06  2.30E+01  2.32E+01  3.86E-01  6.43E-03
q, mu_s, sec, min, hour   1.03E+06  2.25E+01  2.33E+01  3.88E-01  6.46E-03
q, mu_s, sec, min, hour   1.06E+06  2.21E+01  2.33E+01  3.89E-01  6.49E-03
q, mu_s, sec, min, hour   1.08E+06  2.17E+01  2.35E+01  3.91E-01  6.52E-03
q, mu_s, sec, min, hour   1.11E+06  2.12E+01  2.36E+01  3.93E-01  6.55E-03
q, mu_s, sec, min, hour   1.14E+06  2.08E+01  2.37E+01  3.95E-01  6.58E-03
q, mu_s, sec, min, hour   1.16E+06  2.04E+01  2.38E+01  3.96E-01  6.61E-03
q, mu_s, sec, min, hour   1.19E+06  2.01E+01  2.39E+01  3.98E-01  6.63E-03
q, mu_s, sec, min, hour   1.22E+06  1.97E+01  2.40E+01  4.00E-01  6.66E-03
q, mu_s, sec, min, hour   1.25E+06  1.93E+01  2.41E+01  4.02E-01  6.69E-03
q, mu_s, sec, min, hour   1.28E+06  1.89E+01  2.42E+01  4.04E-01  6.73E-03
q, mu_s, sec, min, hour   1.31E+06  1.86E+01  2.43E+01  4.05E-01  6.76E-03
q, mu_s, sec, min, hour   1.34E+06  1.83E+01  2.44E+01  4.07E-01  6.79E-03
q, mu_s, sec, min, hour   1.37E+06  1.79E+01  2.46E+01  4.09E-01  6.82E-03
q, mu_s, sec, min, hour   1.40E+06  1.76E+01  2.47E+01  4.11E-01  6.85E-03
q, mu_s, sec, min, hour   1.43E+06  1.73E+01  2.48E+01  4.13E-01  6.89E-03
q, mu_s, sec, min, hour   1.47E+06  1.70E+01  2.49E+01  4.15E-01  6.92E-03
q, mu_s, sec, min, hour   1.50E+06  1.67E+01  2.51E+01  4.18E-01  6.96E-03
q, mu_s, sec, min, hour   1.53E+06  1.64E+01  2.52E+01  4.20E-01  6.99E-03
q, mu_s, sec, min, hour   1.57E+06  1.61E+01  2.53E+01  4.22E-01  7.03E-03
q, mu_s, sec, min, hour   1.60E+06  1.59E+01  2.54E+01  4.24E-01  7.07E-03
q, mu_s, sec, min, hour   1.64E+06  1.56E+01  2.56E+01  4.26E-01  7.11E-03
q, mu_s, sec, min, hour   1.68E+06  1.53E+01  2.57E+01  4.29E-01  7.14E-03
q, mu_s, sec, min, hour   1.72E+06  1.51E+01  2.59E+01  4.31E-01  7.19E-03
q, mu_s, sec, min, hour   1.76E+06  1.48E+01  2.60E+01  4.34E-01  7.23E-03
q, mu_s, sec, min, hour   1.79E+06  1.46E+01  2.62E+01  4.36E-01  7.27E-03
q, mu_s, sec, min, hour   1.83E+06  1.44E+01  2.63E+01  4.38E-01  7.31E-03
q, mu_s, sec, min, hour   1.88E+06  1.41E+01  2.65E+01  4.41E-01  7.35E-03
q, mu_s, sec, min, hour   1.92E+06  1.39E+01  2.66E+01  4.44E-01  7.40E-03
q, mu_s, sec, min, hour   1.96E+06  1.37E+01  2.68E+01  4.46E-01  7.44E-03
q, mu_s, sec, min, hour   2.00E+06  1.35E+01  2.70E+01  4.49E-01  7.49E-03
 Particle data written to file
 Particle mixing data written to file
 pasr: stopped, t, cpu_secs, nrec =  0.2001009       26.95408              -2
 pasr: stopped, t, cpu_secs, nrec =  0.2001009       26.95408              -2
  
MFU: fraction, index =    9.0000E-01       43
  
 Retrieve errors
 Fraction    error
   9.0000E-01   0.0000E+00
   9.9000E-01   0.0000E+00
   9.9900E-01   0.0000E+00
   9.9990E-01   0.0000E+00
   9.9999E-01   0.0000E+00
  
     j    x_min(j)    x_max(j)    x_diff(j)   x_mean(j)
     1    1.12E-03    3.26E-01    3.25E-01    9.98E-02
     2    5.16E-04    7.21E-02    7.16E-02    2.48E-02
     3    2.74E-01    3.32E-01    5.80E-02    2.98E-01
     4    1.16E-12    7.14E-03    7.14E-03    5.68E-04
     5    2.97E-09    8.59E-04    8.59E-04    5.67E-05
     6    5.99E-10    2.79E-03    2.79E-03    2.54E-04
     7    5.92E-05    9.74E-02    9.73E-02    3.61E-02
     8    1.64E-08    3.68E-05    3.67E-05    1.12E-05
     9    7.30E-09    1.09E-04    1.09E-04    1.99E-05
    10    0.00E+00    0.00E+00    0.00E+00    0.00E+00
    11    3.10E-02    2.63E-01    2.32E-01    1.23E-01
   
     j    f_min(j)    f_max(j)    f_diff(j)   fp_diff(j)    f_mean(j)
     1    1.73E-04    3.26E-01    3.26E-01    1.78E-02    9.92E-02
     2    6.05E-06    7.21E-02    7.21E-02    8.81E-03    2.44E-02
     3    2.74E-01    3.32E-01    5.80E-02    1.40E-16    2.98E-01
     4    1.92E-12    7.26E-03    7.26E-03    5.16E-03    5.46E-04
     5    3.41E-10    7.21E-04    7.21E-04    8.05E-04    5.29E-05
     6    6.59E-11    2.52E-03    2.52E-03    9.84E-04    2.48E-04
     7    5.92E-05    9.77E-02    9.77E-02    1.59E-02    3.67E-02
     8    4.18E-09    3.72E-05    3.72E-05    2.28E-05    1.14E-05
     9    2.36E-09    1.11E-04    1.11E-04    1.99E-05    2.03E-05
    10    0.00E+00    0.00E+00    0.00E+00    0.00E+00    0.00E+00
    11    3.10E-02    2.63E-01    2.32E-01    3.38E-02    1.25E-01
    12    1.49E-01    9.75E-01    8.27E-01    1.55E-01    4.54E-01
  
queries  =    2.0040E+06
prim_ret =    1.8643E+06
sec_ret  =    1.2070E+05
grow     =    1.7946E+04
add      =    1.0170E+03
replace  =    0.0000E+00
dir eval =    0.0000E+00
 
CPU (mu s)/query =    1.3450E+01
 -------------------------------------------------------------------------------
 -
                Operation     Calls  Failures         Time (mu s)    Time/call (mu s)
 -------------------------------------------------------------------------------
 -
                   ci_ceq         0         0            0.00E+00            0.00E+00
  ci_ice_chem_map (map=0)         0         0            0.00E+00            0.00E+00
  ci_ice_chem_map (map=1)         0         0            0.00E+00            0.00E+00
               ci_cem_tan         0         0            0.00E+00            0.00E+00
               ci_ice_tan         0         0            0.00E+00            0.00E+00
         ci_ice_pic_bound         0         0            0.00E+00            0.00E+00
                       lp         0         0            0.00E+00            0.00E+00
          rmap2 (map = 0)     18972         0            1.17E+07            6.16E+02
          rmap2 (map = 1)         9         0            2.27E+04            2.52E+03
                  ceq_nrs         0         0            0.00E+00            0.00E+00
               ci_linrmap         0         0            0.00E+00            0.00E+00
                     expm      9796         0            1.42E+05            1.45E+01
      ci_ice_facet_newton         0         0            0.00E+00            0.00E+00
 ci_ice_facet_newton_lmap         0         0            0.00E+00            0.00E+00
        ci_ice_pic_newton         0         0            0.00E+00            0.00E+00
   ci_ice_pic_newton_lmap         0         0            0.00E+00            0.00E+00
         ci_ice_recon_pic         0         0            0.00E+00            0.00E+00
    ci_ice_recon_pic_lmap         0         0            0.00E+00            0.00E+00
          ci_ice_recon_bc         0         0            0.00E+00            0.00E+00
     ci_ice_recon_bc_lmap         0         0            0.00E+00            0.00E+00
             ci_ice_recon         0         0            0.00E+00            0.00E+00
             ci_dens_temp         0         0            0.00E+00            0.00E+00
                 cidpt_dr         0         0            0.00E+00            0.00E+00
 ------------------------------------------------------------------------------
