 Number of species                 =      10
 Number of streams                 =       3
 Flow rates of streams             =  0.0000  0.3041  0.6959
 PASR starting: number of particles=    1000
 Residence time, tres (seconds)    =   4.0000E-03
 04/06/2012: Prior to this date, due to a bug tres was twice the specified tres
 Mixing time, tmix (seconds)       =   1.0000E-04
 Pairing time, tpair (seconds)     =   1.0000E-04
 Min. and max. time step (seconds) =   1.0000E-05   1.0000E-05
 Number of steps                   =   2.0000E+04
 Number of sub-steps per step      =       3
 Number of particle-sub-steps      =   6.0000E+07
 Maximum pressure (atm.)           =   1.0000E+00
 Minumum pressure (atm.)           =   1.0000E+00
 Period of pressure variation (sec)=   1.0000E-03
 Particle data read from file
 PaSR starting
 ...
q, mu_s, sec, min, hour   6.00E+03  5.84E+02  3.51E+00  5.84E-02  9.74E-04
q, mu_s, sec, min, hour   1.20E+04  4.67E+02  5.60E+00  9.34E-02  1.56E-03
q, mu_s, sec, min, hour   1.80E+04  3.95E+02  7.10E+00  1.18E-01  1.97E-03
q, mu_s, sec, min, hour   2.40E+04  3.36E+02  8.06E+00  1.34E-01  2.24E-03
q, mu_s, sec, min, hour   3.00E+04  2.99E+02  8.97E+00  1.49E-01  2.49E-03
q, mu_s, sec, min, hour   3.60E+04  2.73E+02  9.85E+00  1.64E-01  2.73E-03
q, mu_s, sec, min, hour   4.20E+04  2.66E+02  1.12E+01  1.86E-01  3.10E-03
q, mu_s, sec, min, hour   4.80E+04  2.51E+02  1.21E+01  2.01E-01  3.35E-03
q, mu_s, sec, min, hour   5.40E+04  2.41E+02  1.30E+01  2.17E-01  3.61E-03
q, mu_s, sec, min, hour   6.00E+04  2.41E+02  1.45E+01  2.41E-01  4.02E-03
q, mu_s, sec, min, hour   6.60E+04  2.40E+02  1.58E+01  2.64E-01  4.40E-03
q, mu_s, sec, min, hour   7.20E+04  2.35E+02  1.69E+01  2.82E-01  4.70E-03
q, mu_s, sec, min, hour   7.80E+04  2.30E+02  1.80E+01  3.00E-01  4.99E-03
q, mu_s, sec, min, hour   8.40E+04  2.24E+02  1.88E+01  3.14E-01  5.23E-03
q, mu_s, sec, min, hour   9.00E+04  2.23E+02  2.01E+01  3.35E-01  5.58E-03
q, mu_s, sec, min, hour   9.60E+04  2.20E+02  2.11E+01  3.51E-01  5.86E-03
q, mu_s, sec, min, hour   1.02E+05  2.19E+02  2.23E+01  3.72E-01  6.20E-03
q, mu_s, sec, min, hour   1.08E+05  2.18E+02  2.35E+01  3.92E-01  6.54E-03
q, mu_s, sec, min, hour   1.14E+05  2.14E+02  2.44E+01  4.06E-01  6.77E-03
q, mu_s, sec, min, hour   1.20E+05  2.12E+02  2.54E+01  4.23E-01  7.06E-03
q, mu_s, sec, min, hour   1.26E+05  2.13E+02  2.69E+01  4.48E-01  7.47E-03
q, mu_s, sec, min, hour   1.32E+05  2.13E+02  2.82E+01  4.69E-01  7.82E-03
q, mu_s, sec, min, hour   1.38E+05  2.10E+02  2.90E+01  4.83E-01  8.05E-03
q, mu_s, sec, min, hour   1.44E+05  2.08E+02  3.00E+01  5.00E-01  8.34E-03
q, mu_s, sec, min, hour   1.50E+05  2.06E+02  3.09E+01  5.15E-01  8.58E-03
q, mu_s, sec, min, hour   1.56E+05  2.04E+02  3.19E+01  5.31E-01  8.85E-03
q, mu_s, sec, min, hour   1.65E+05  2.02E+02  3.33E+01  5.54E-01  9.24E-03
q, mu_s, sec, min, hour   1.74E+05  2.00E+02  3.48E+01  5.80E-01  9.67E-03
q, mu_s, sec, min, hour   1.83E+05  1.99E+02  3.64E+01  6.07E-01  1.01E-02
q, mu_s, sec, min, hour   1.92E+05  1.96E+02  3.76E+01  6.27E-01  1.05E-02
q, mu_s, sec, min, hour   2.01E+05  1.93E+02  3.88E+01  6.46E-01  1.08E-02
q, mu_s, sec, min, hour   2.10E+05  1.91E+02  4.01E+01  6.68E-01  1.11E-02
q, mu_s, sec, min, hour   2.19E+05  1.89E+02  4.14E+01  6.90E-01  1.15E-02
q, mu_s, sec, min, hour   2.28E+05  1.86E+02  4.24E+01  7.07E-01  1.18E-02
q, mu_s, sec, min, hour   2.37E+05  1.84E+02  4.36E+01  7.26E-01  1.21E-02
q, mu_s, sec, min, hour   2.46E+05  1.83E+02  4.51E+01  7.51E-01  1.25E-02
q, mu_s, sec, min, hour   2.55E+05  1.82E+02  4.63E+01  7.72E-01  1.29E-02
q, mu_s, sec, min, hour   2.64E+05  1.80E+02  4.74E+01  7.90E-01  1.32E-02
q, mu_s, sec, min, hour   2.73E+05  1.77E+02  4.84E+01  8.07E-01  1.34E-02
q, mu_s, sec, min, hour   2.82E+05  1.76E+02  4.96E+01  8.26E-01  1.38E-02
q, mu_s, sec, min, hour   2.91E+05  1.74E+02  5.05E+01  8.42E-01  1.40E-02
q, mu_s, sec, min, hour   3.00E+05  1.72E+02  5.15E+01  8.58E-01  1.43E-02
q, mu_s, sec, min, hour   3.09E+05  1.70E+02  5.24E+01  8.74E-01  1.46E-02
q, mu_s, sec, min, hour   3.21E+05  1.69E+02  5.42E+01  9.03E-01  1.50E-02
q, mu_s, sec, min, hour   3.33E+05  1.67E+02  5.57E+01  9.28E-01  1.55E-02
q, mu_s, sec, min, hour   3.45E+05  1.66E+02  5.71E+01  9.52E-01  1.59E-02
q, mu_s, sec, min, hour   3.57E+05  1.64E+02  5.84E+01  9.73E-01  1.62E-02
q, mu_s, sec, min, hour   3.69E+05  1.62E+02  5.96E+01  9.93E-01  1.66E-02
q, mu_s, sec, min, hour   3.81E+05  1.61E+02  6.12E+01  1.02E+00  1.70E-02
q, mu_s, sec, min, hour   3.93E+05  1.59E+02  6.24E+01  1.04E+00  1.73E-02
q, mu_s, sec, min, hour   4.05E+05  1.57E+02  6.38E+01  1.06E+00  1.77E-02
q, mu_s, sec, min, hour   4.17E+05  1.56E+02  6.50E+01  1.08E+00  1.81E-02
q, mu_s, sec, min, hour   4.29E+05  1.55E+02  6.64E+01  1.11E+00  1.84E-02
q, mu_s, sec, min, hour   4.41E+05  1.53E+02  6.77E+01  1.13E+00  1.88E-02
q, mu_s, sec, min, hour   4.53E+05  1.53E+02  6.92E+01  1.15E+00  1.92E-02
q, mu_s, sec, min, hour   4.68E+05  1.51E+02  7.06E+01  1.18E+00  1.96E-02
q, mu_s, sec, min, hour   4.83E+05  1.49E+02  7.20E+01  1.20E+00  2.00E-02
q, mu_s, sec, min, hour   4.98E+05  1.48E+02  7.36E+01  1.23E+00  2.04E-02
q, mu_s, sec, min, hour   5.13E+05  1.47E+02  7.53E+01  1.25E+00  2.09E-02
q, mu_s, sec, min, hour   5.28E+05  1.45E+02  7.66E+01  1.28E+00  2.13E-02
q, mu_s, sec, min, hour   5.43E+05  1.44E+02  7.79E+01  1.30E+00  2.16E-02
q, mu_s, sec, min, hour   5.58E+05  1.42E+02  7.92E+01  1.32E+00  2.20E-02
q, mu_s, sec, min, hour   5.73E+05  1.41E+02  8.06E+01  1.34E+00  2.24E-02
q, mu_s, sec, min, hour   5.88E+05  1.39E+02  8.18E+01  1.36E+00  2.27E-02
q, mu_s, sec, min, hour   6.03E+05  1.38E+02  8.31E+01  1.39E+00  2.31E-02
q, mu_s, sec, min, hour   6.21E+05  1.37E+02  8.50E+01  1.42E+00  2.36E-02
q, mu_s, sec, min, hour   6.39E+05  1.36E+02  8.67E+01  1.45E+00  2.41E-02
q, mu_s, sec, min, hour   6.57E+05  1.35E+02  8.84E+01  1.47E+00  2.45E-02
q, mu_s, sec, min, hour   6.75E+05  1.34E+02  9.02E+01  1.50E+00  2.51E-02
q, mu_s, sec, min, hour   6.93E+05  1.32E+02  9.17E+01  1.53E+00  2.55E-02
q, mu_s, sec, min, hour   7.11E+05  1.31E+02  9.32E+01  1.55E+00  2.59E-02
q, mu_s, sec, min, hour   7.29E+05  1.30E+02  9.49E+01  1.58E+00  2.64E-02
q, mu_s, sec, min, hour   7.47E+05  1.29E+02  9.65E+01  1.61E+00  2.68E-02
q, mu_s, sec, min, hour   7.65E+05  1.28E+02  9.79E+01  1.63E+00  2.72E-02
q, mu_s, sec, min, hour   7.86E+05  1.27E+02  9.97E+01  1.66E+00  2.77E-02
q, mu_s, sec, min, hour   8.07E+05  1.26E+02  1.01E+02  1.69E+00  2.82E-02
q, mu_s, sec, min, hour   8.28E+05  1.24E+02  1.03E+02  1.72E+00  2.86E-02
q, mu_s, sec, min, hour   8.49E+05  1.23E+02  1.04E+02  1.74E+00  2.90E-02
q, mu_s, sec, min, hour   8.70E+05  1.22E+02  1.06E+02  1.77E+00  2.95E-02
q, mu_s, sec, min, hour   8.91E+05  1.21E+02  1.08E+02  1.80E+00  3.00E-02
q, mu_s, sec, min, hour   9.12E+05  1.20E+02  1.10E+02  1.83E+00  3.05E-02
q, mu_s, sec, min, hour   9.36E+05  1.19E+02  1.11E+02  1.86E+00  3.10E-02
q, mu_s, sec, min, hour   9.60E+05  1.18E+02  1.13E+02  1.89E+00  3.15E-02
q, mu_s, sec, min, hour   9.84E+05  1.17E+02  1.15E+02  1.92E+00  3.20E-02
q, mu_s, sec, min, hour   1.01E+06  1.16E+02  1.17E+02  1.95E+00  3.25E-02
q, mu_s, sec, min, hour   1.03E+06  1.15E+02  1.19E+02  1.98E+00  3.30E-02
q, mu_s, sec, min, hour   1.06E+06  1.14E+02  1.21E+02  2.01E+00  3.35E-02
q, mu_s, sec, min, hour   1.08E+06  1.13E+02  1.23E+02  2.05E+00  3.41E-02
q, mu_s, sec, min, hour   1.11E+06  1.13E+02  1.25E+02  2.09E+00  3.48E-02
q, mu_s, sec, min, hour   1.14E+06  1.12E+02  1.27E+02  2.12E+00  3.54E-02
q, mu_s, sec, min, hour   1.16E+06  1.11E+02  1.29E+02  2.16E+00  3.60E-02
q, mu_s, sec, min, hour   1.19E+06  1.10E+02  1.31E+02  2.19E+00  3.65E-02
q, mu_s, sec, min, hour   1.22E+06  1.09E+02  1.33E+02  2.22E+00  3.70E-02
q, mu_s, sec, min, hour   1.25E+06  1.09E+02  1.35E+02  2.26E+00  3.76E-02
q, mu_s, sec, min, hour   1.28E+06  1.08E+02  1.38E+02  2.29E+00  3.82E-02
q, mu_s, sec, min, hour   1.31E+06  1.07E+02  1.40E+02  2.33E+00  3.88E-02
q, mu_s, sec, min, hour   1.34E+06  1.06E+02  1.42E+02  2.36E+00  3.93E-02
q, mu_s, sec, min, hour   1.37E+06  1.05E+02  1.44E+02  2.40E+00  3.99E-02
q, mu_s, sec, min, hour   1.40E+06  1.04E+02  1.46E+02  2.43E+00  4.06E-02
q, mu_s, sec, min, hour   1.43E+06  1.03E+02  1.48E+02  2.47E+00  4.12E-02
q, mu_s, sec, min, hour   1.47E+06  1.03E+02  1.51E+02  2.51E+00  4.18E-02
q, mu_s, sec, min, hour   1.50E+06  1.02E+02  1.53E+02  2.55E+00  4.25E-02
q, mu_s, sec, min, hour   1.53E+06  1.01E+02  1.55E+02  2.58E+00  4.30E-02
q, mu_s, sec, min, hour   1.57E+06  1.00E+02  1.57E+02  2.62E+00  4.36E-02
q, mu_s, sec, min, hour   1.60E+06  9.92E+01  1.59E+02  2.65E+00  4.42E-02
q, mu_s, sec, min, hour   1.64E+06  9.84E+01  1.62E+02  2.69E+00  4.49E-02
q, mu_s, sec, min, hour   1.68E+06  9.78E+01  1.64E+02  2.73E+00  4.56E-02
q, mu_s, sec, min, hour   1.72E+06  9.69E+01  1.66E+02  2.77E+00  4.62E-02
q, mu_s, sec, min, hour   1.76E+06  9.63E+01  1.69E+02  2.82E+00  4.69E-02
q, mu_s, sec, min, hour   1.79E+06  9.57E+01  1.72E+02  2.86E+00  4.77E-02
q, mu_s, sec, min, hour   1.83E+06  9.51E+01  1.74E+02  2.91E+00  4.84E-02
q, mu_s, sec, min, hour   1.88E+06  9.46E+01  1.77E+02  2.96E+00  4.93E-02
q, mu_s, sec, min, hour   1.92E+06  9.43E+01  1.81E+02  3.01E+00  5.02E-02
q, mu_s, sec, min, hour   1.96E+06  9.38E+01  1.84E+02  3.06E+00  5.10E-02
q, mu_s, sec, min, hour   2.00E+06  9.33E+01  1.87E+02  3.12E+00  5.20E-02
q, mu_s, sec, min, hour   2.05E+06  9.29E+01  1.90E+02  3.17E+00  5.29E-02
q, mu_s, sec, min, hour   2.09E+06  9.22E+01  1.93E+02  3.22E+00  5.37E-02
q, mu_s, sec, min, hour   2.14E+06  9.18E+01  1.96E+02  3.27E+00  5.45E-02
q, mu_s, sec, min, hour   2.19E+06  9.13E+01  2.00E+02  3.33E+00  5.55E-02
q, mu_s, sec, min, hour   2.24E+06  9.08E+01  2.03E+02  3.38E+00  5.64E-02
q, mu_s, sec, min, hour   2.28E+06  9.04E+01  2.06E+02  3.44E+00  5.74E-02
q, mu_s, sec, min, hour   2.33E+06  8.99E+01  2.10E+02  3.50E+00  5.83E-02
q, mu_s, sec, min, hour   2.38E+06  8.96E+01  2.14E+02  3.56E+00  5.93E-02
q, mu_s, sec, min, hour   2.44E+06  8.91E+01  2.17E+02  3.62E+00  6.03E-02
q, mu_s, sec, min, hour   2.49E+06  8.88E+01  2.21E+02  3.69E+00  6.14E-02
q, mu_s, sec, min, hour   2.54E+06  8.83E+01  2.25E+02  3.75E+00  6.24E-02
q, mu_s, sec, min, hour   2.60E+06  8.81E+01  2.29E+02  3.81E+00  6.36E-02
q, mu_s, sec, min, hour   2.66E+06  8.78E+01  2.33E+02  3.89E+00  6.48E-02
q, mu_s, sec, min, hour   2.71E+06  8.75E+01  2.37E+02  3.95E+00  6.59E-02
q, mu_s, sec, min, hour   2.77E+06  8.71E+01  2.41E+02  4.02E+00  6.70E-02
q, mu_s, sec, min, hour   2.83E+06  8.67E+01  2.46E+02  4.09E+00  6.82E-02
q, mu_s, sec, min, hour   2.89E+06  8.65E+01  2.50E+02  4.17E+00  6.95E-02
q, mu_s, sec, min, hour   2.96E+06  8.63E+01  2.55E+02  4.25E+00  7.08E-02
q, mu_s, sec, min, hour   3.02E+06  8.60E+01  2.60E+02  4.33E+00  7.21E-02
q, mu_s, sec, min, hour   3.08E+06  8.58E+01  2.65E+02  4.41E+00  7.35E-02
q, mu_s, sec, min, hour   3.15E+06  8.56E+01  2.70E+02  4.50E+00  7.49E-02
q, mu_s, sec, min, hour   3.22E+06  8.54E+01  2.75E+02  4.58E+00  7.63E-02
q, mu_s, sec, min, hour   3.28E+06  8.52E+01  2.80E+02  4.67E+00  7.78E-02
q, mu_s, sec, min, hour   3.35E+06  8.50E+01  2.85E+02  4.75E+00  7.92E-02
q, mu_s, sec, min, hour   3.43E+06  8.46E+01  2.90E+02  4.83E+00  8.05E-02
q, mu_s, sec, min, hour   3.50E+06  8.43E+01  2.95E+02  4.92E+00  8.19E-02
q, mu_s, sec, min, hour   3.57E+06  8.41E+01  3.01E+02  5.01E+00  8.35E-02
q, mu_s, sec, min, hour   3.65E+06  8.39E+01  3.06E+02  5.10E+00  8.50E-02
q, mu_s, sec, min, hour   3.73E+06  8.36E+01  3.11E+02  5.19E+00  8.65E-02
q, mu_s, sec, min, hour   3.80E+06  8.35E+01  3.18E+02  5.29E+00  8.82E-02
q, mu_s, sec, min, hour   3.88E+06  8.32E+01  3.23E+02  5.38E+00  8.97E-02
q, mu_s, sec, min, hour   3.97E+06  8.29E+01  3.29E+02  5.48E+00  9.14E-02
q, mu_s, sec, min, hour   4.05E+06  8.28E+01  3.35E+02  5.59E+00  9.31E-02
q, mu_s, sec, min, hour   4.13E+06  8.26E+01  3.42E+02  5.69E+00  9.49E-02
q, mu_s, sec, min, hour   4.22E+06  8.24E+01  3.48E+02  5.80E+00  9.66E-02
q, mu_s, sec, min, hour   4.31E+06  8.23E+01  3.55E+02  5.91E+00  9.85E-02
q, mu_s, sec, min, hour   4.40E+06  8.23E+01  3.62E+02  6.03E+00  1.01E-01
q, mu_s, sec, min, hour   4.49E+06  8.22E+01  3.69E+02  6.15E+00  1.03E-01
q, mu_s, sec, min, hour   4.59E+06  8.21E+01  3.76E+02  6.27E+00  1.05E-01
q, mu_s, sec, min, hour   4.68E+06  8.21E+01  3.84E+02  6.41E+00  1.07E-01
q, mu_s, sec, min, hour   4.78E+06  8.19E+01  3.92E+02  6.53E+00  1.09E-01
q, mu_s, sec, min, hour   4.88E+06  8.18E+01  3.99E+02  6.66E+00  1.11E-01
q, mu_s, sec, min, hour   4.98E+06  8.17E+01  4.07E+02  6.78E+00  1.13E-01
q, mu_s, sec, min, hour   5.09E+06  8.16E+01  4.15E+02  6.92E+00  1.15E-01
q, mu_s, sec, min, hour   5.19E+06  8.14E+01  4.23E+02  7.05E+00  1.17E-01
q, mu_s, sec, min, hour   5.30E+06  8.13E+01  4.31E+02  7.19E+00  1.20E-01
q, mu_s, sec, min, hour   5.41E+06  8.12E+01  4.39E+02  7.32E+00  1.22E-01
q, mu_s, sec, min, hour   5.53E+06  8.11E+01  4.48E+02  7.47E+00  1.25E-01
q, mu_s, sec, min, hour   5.64E+06  8.10E+01  4.57E+02  7.62E+00  1.27E-01
q, mu_s, sec, min, hour   5.76E+06  8.10E+01  4.66E+02  7.77E+00  1.29E-01
q, mu_s, sec, min, hour   5.88E+06  8.09E+01  4.76E+02  7.93E+00  1.32E-01
q, mu_s, sec, min, hour   6.00E+06  8.08E+01  4.85E+02  8.08E+00  1.35E-01
q, mu_s, sec, min, hour   6.12E+06  8.08E+01  4.95E+02  8.24E+00  1.37E-01
q, mu_s, sec, min, hour   6.25E+06  8.07E+01  5.04E+02  8.40E+00  1.40E-01
q, mu_s, sec, min, hour   6.38E+06  8.07E+01  5.15E+02  8.58E+00  1.43E-01
q, mu_s, sec, min, hour   6.51E+06  8.06E+01  5.25E+02  8.74E+00  1.46E-01
q, mu_s, sec, min, hour   6.64E+06  8.04E+01  5.34E+02  8.90E+00  1.48E-01
q, mu_s, sec, min, hour   6.78E+06  8.02E+01  5.44E+02  9.07E+00  1.51E-01
q, mu_s, sec, min, hour   6.92E+06  8.00E+01  5.54E+02  9.23E+00  1.54E-01
q, mu_s, sec, min, hour   7.07E+06  7.99E+01  5.64E+02  9.41E+00  1.57E-01
q, mu_s, sec, min, hour   7.22E+06  7.98E+01  5.76E+02  9.60E+00  1.60E-01
q, mu_s, sec, min, hour   7.36E+06  7.97E+01  5.87E+02  9.78E+00  1.63E-01
q, mu_s, sec, min, hour   7.52E+06  7.97E+01  5.99E+02  9.99E+00  1.66E-01
q, mu_s, sec, min, hour   7.67E+06  7.96E+01  6.11E+02  1.02E+01  1.70E-01
q, mu_s, sec, min, hour   7.83E+06  7.96E+01  6.24E+02  1.04E+01  1.73E-01
q, mu_s, sec, min, hour   8.00E+06  7.96E+01  6.36E+02  1.06E+01  1.77E-01
q, mu_s, sec, min, hour   8.16E+06  7.96E+01  6.50E+02  1.08E+01  1.81E-01
q, mu_s, sec, min, hour   8.33E+06  7.96E+01  6.63E+02  1.10E+01  1.84E-01
q, mu_s, sec, min, hour   8.50E+06  7.95E+01  6.76E+02  1.13E+01  1.88E-01
q, mu_s, sec, min, hour   8.67E+06  7.95E+01  6.89E+02  1.15E+01  1.92E-01
q, mu_s, sec, min, hour   8.85E+06  7.95E+01  7.04E+02  1.17E+01  1.95E-01
q, mu_s, sec, min, hour   9.03E+06  7.96E+01  7.19E+02  1.20E+01  2.00E-01
q, mu_s, sec, min, hour   9.22E+06  7.95E+01  7.33E+02  1.22E+01  2.04E-01
q, mu_s, sec, min, hour   9.40E+06  7.94E+01  7.47E+02  1.24E+01  2.07E-01
q, mu_s, sec, min, hour   9.60E+06  7.93E+01  7.61E+02  1.27E+01  2.11E-01
q, mu_s, sec, min, hour   9.79E+06  7.93E+01  7.76E+02  1.29E+01  2.16E-01
q, mu_s, sec, min, hour   9.99E+06  7.92E+01  7.92E+02  1.32E+01  2.20E-01
q, mu_s, sec, min, hour   1.02E+07  7.92E+01  8.07E+02  1.35E+01  2.24E-01
q, mu_s, sec, min, hour   1.04E+07  7.92E+01  8.24E+02  1.37E+01  2.29E-01
q, mu_s, sec, min, hour   1.06E+07  7.91E+01  8.40E+02  1.40E+01  2.33E-01
q, mu_s, sec, min, hour   1.08E+07  7.90E+01  8.56E+02  1.43E+01  2.38E-01
q, mu_s, sec, min, hour   1.11E+07  7.89E+01  8.72E+02  1.45E+01  2.42E-01
q, mu_s, sec, min, hour   1.13E+07  7.89E+01  8.90E+02  1.48E+01  2.47E-01
q, mu_s, sec, min, hour   1.15E+07  7.88E+01  9.07E+02  1.51E+01  2.52E-01
q, mu_s, sec, min, hour   1.17E+07  7.87E+01  9.24E+02  1.54E+01  2.57E-01
q, mu_s, sec, min, hour   1.20E+07  7.86E+01  9.42E+02  1.57E+01  2.62E-01
q, mu_s, sec, min, hour   1.22E+07  7.85E+01  9.60E+02  1.60E+01  2.67E-01
q, mu_s, sec, min, hour   1.25E+07  7.85E+01  9.79E+02  1.63E+01  2.72E-01
q, mu_s, sec, min, hour   1.27E+07  7.83E+01  9.97E+02  1.66E+01  2.77E-01
q, mu_s, sec, min, hour   1.30E+07  7.83E+01  1.02E+03  1.70E+01  2.83E-01
q, mu_s, sec, min, hour   1.33E+07  7.82E+01  1.04E+03  1.73E+01  2.88E-01
q, mu_s, sec, min, hour   1.35E+07  7.81E+01  1.06E+03  1.76E+01  2.93E-01
q, mu_s, sec, min, hour   1.38E+07  7.80E+01  1.08E+03  1.79E+01  2.99E-01
q, mu_s, sec, min, hour   1.41E+07  7.80E+01  1.10E+03  1.83E+01  3.05E-01
q, mu_s, sec, min, hour   1.44E+07  7.79E+01  1.12E+03  1.87E+01  3.11E-01
q, mu_s, sec, min, hour   1.47E+07  7.78E+01  1.14E+03  1.90E+01  3.17E-01
q, mu_s, sec, min, hour   1.50E+07  7.78E+01  1.16E+03  1.94E+01  3.23E-01
q, mu_s, sec, min, hour   1.53E+07  7.77E+01  1.19E+03  1.98E+01  3.29E-01
q, mu_s, sec, min, hour   1.56E+07  7.76E+01  1.21E+03  2.01E+01  3.35E-01
q, mu_s, sec, min, hour   1.59E+07  7.75E+01  1.23E+03  2.05E+01  3.42E-01
q, mu_s, sec, min, hour   1.62E+07  7.74E+01  1.25E+03  2.09E+01  3.48E-01
q, mu_s, sec, min, hour   1.65E+07  7.74E+01  1.28E+03  2.13E+01  3.55E-01
q, mu_s, sec, min, hour   1.69E+07  7.74E+01  1.30E+03  2.17E+01  3.62E-01
q, mu_s, sec, min, hour   1.72E+07  7.74E+01  1.33E+03  2.22E+01  3.70E-01
q, mu_s, sec, min, hour   1.76E+07  7.74E+01  1.36E+03  2.26E+01  3.77E-01
q, mu_s, sec, min, hour   1.79E+07  7.74E+01  1.39E+03  2.31E+01  3.85E-01
q, mu_s, sec, min, hour   1.83E+07  7.74E+01  1.41E+03  2.36E+01  3.93E-01
q, mu_s, sec, min, hour   1.86E+07  7.73E+01  1.44E+03  2.40E+01  4.00E-01
q, mu_s, sec, min, hour   1.90E+07  7.73E+01  1.47E+03  2.45E+01  4.08E-01
q, mu_s, sec, min, hour   1.94E+07  7.73E+01  1.50E+03  2.50E+01  4.17E-01
q, mu_s, sec, min, hour   1.98E+07  7.74E+01  1.53E+03  2.55E+01  4.26E-01
q, mu_s, sec, min, hour   2.02E+07  7.74E+01  1.56E+03  2.61E+01  4.34E-01
q, mu_s, sec, min, hour   2.06E+07  7.74E+01  1.60E+03  2.66E+01  4.43E-01
q, mu_s, sec, min, hour   2.10E+07  7.73E+01  1.63E+03  2.71E+01  4.52E-01
q, mu_s, sec, min, hour   2.14E+07  7.74E+01  1.66E+03  2.76E+01  4.61E-01
q, mu_s, sec, min, hour   2.19E+07  7.73E+01  1.69E+03  2.82E+01  4.70E-01
q, mu_s, sec, min, hour   2.23E+07  7.73E+01  1.73E+03  2.88E+01  4.79E-01
q, mu_s, sec, min, hour   2.28E+07  7.74E+01  1.76E+03  2.94E+01  4.89E-01
q, mu_s, sec, min, hour   2.32E+07  7.74E+01  1.80E+03  3.00E+01  4.99E-01
q, mu_s, sec, min, hour   2.37E+07  7.74E+01  1.83E+03  3.06E+01  5.09E-01
q, mu_s, sec, min, hour   2.42E+07  7.73E+01  1.87E+03  3.12E+01  5.19E-01
q, mu_s, sec, min, hour   2.47E+07  7.73E+01  1.91E+03  3.18E+01  5.29E-01
q, mu_s, sec, min, hour   2.52E+07  7.72E+01  1.94E+03  3.24E+01  5.40E-01
q, mu_s, sec, min, hour   2.57E+07  7.72E+01  1.98E+03  3.30E+01  5.50E-01
q, mu_s, sec, min, hour   2.62E+07  7.71E+01  2.02E+03  3.36E+01  5.61E-01
q, mu_s, sec, min, hour   2.67E+07  7.70E+01  2.06E+03  3.43E+01  5.72E-01
q, mu_s, sec, min, hour   2.73E+07  7.71E+01  2.10E+03  3.50E+01  5.84E-01
q, mu_s, sec, min, hour   2.78E+07  7.71E+01  2.14E+03  3.57E+01  5.96E-01
q, mu_s, sec, min, hour   2.84E+07  7.70E+01  2.18E+03  3.64E+01  6.07E-01
q, mu_s, sec, min, hour   2.89E+07  7.69E+01  2.23E+03  3.71E+01  6.18E-01
q, mu_s, sec, min, hour   2.95E+07  7.69E+01  2.27E+03  3.78E+01  6.31E-01
q, mu_s, sec, min, hour   3.01E+07  7.68E+01  2.31E+03  3.86E+01  6.43E-01
q, mu_s, sec, min, hour   3.07E+07  7.68E+01  2.36E+03  3.93E+01  6.56E-01
q, mu_s, sec, min, hour   3.13E+07  7.68E+01  2.41E+03  4.01E+01  6.69E-01
q, mu_s, sec, min, hour   3.20E+07  7.68E+01  2.46E+03  4.09E+01  6.82E-01
q, mu_s, sec, min, hour   3.26E+07  7.68E+01  2.50E+03  4.17E+01  6.95E-01
q, mu_s, sec, min, hour   3.33E+07  7.67E+01  2.55E+03  4.25E+01  7.09E-01
q, mu_s, sec, min, hour   3.39E+07  7.67E+01  2.60E+03  4.34E+01  7.23E-01
q, mu_s, sec, min, hour   3.46E+07  7.66E+01  2.65E+03  4.42E+01  7.37E-01
q, mu_s, sec, min, hour   3.53E+07  7.67E+01  2.71E+03  4.51E+01  7.52E-01
q, mu_s, sec, min, hour   3.60E+07  7.67E+01  2.76E+03  4.61E+01  7.68E-01
q, mu_s, sec, min, hour   3.68E+07  7.67E+01  2.82E+03  4.70E+01  7.83E-01
q, mu_s, sec, min, hour   3.75E+07  7.66E+01  2.87E+03  4.79E+01  7.98E-01
q, mu_s, sec, min, hour   3.82E+07  7.65E+01  2.93E+03  4.88E+01  8.13E-01
q, mu_s, sec, min, hour   3.90E+07  7.64E+01  2.98E+03  4.97E+01  8.28E-01
q, mu_s, sec, min, hour   3.98E+07  7.63E+01  3.04E+03  5.06E+01  8.44E-01
q, mu_s, sec, min, hour   4.06E+07  7.63E+01  3.10E+03  5.16E+01  8.60E-01
q, mu_s, sec, min, hour   4.14E+07  7.61E+01  3.15E+03  5.26E+01  8.76E-01
q, mu_s, sec, min, hour   4.23E+07  7.61E+01  3.21E+03  5.36E+01  8.93E-01
q, mu_s, sec, min, hour   4.31E+07  7.60E+01  3.28E+03  5.46E+01  9.10E-01
q, mu_s, sec, min, hour   4.40E+07  7.59E+01  3.34E+03  5.56E+01  9.27E-01
q, mu_s, sec, min, hour   4.49E+07  7.58E+01  3.40E+03  5.67E+01  9.45E-01
q, mu_s, sec, min, hour   4.58E+07  7.58E+01  3.47E+03  5.78E+01  9.64E-01
q, mu_s, sec, min, hour   4.67E+07  7.58E+01  3.54E+03  5.90E+01  9.83E-01
q, mu_s, sec, min, hour   4.76E+07  7.58E+01  3.61E+03  6.01E+01  1.00E+00
q, mu_s, sec, min, hour   4.86E+07  7.57E+01  3.68E+03  6.13E+01  1.02E+00
q, mu_s, sec, min, hour   4.96E+07  7.57E+01  3.75E+03  6.25E+01  1.04E+00
q, mu_s, sec, min, hour   5.05E+07  7.57E+01  3.83E+03  6.38E+01  1.06E+00
q, mu_s, sec, min, hour   5.16E+07  7.56E+01  3.90E+03  6.50E+01  1.08E+00
q, mu_s, sec, min, hour   5.26E+07  7.56E+01  3.98E+03  6.63E+01  1.10E+00
q, mu_s, sec, min, hour   5.37E+07  7.55E+01  4.05E+03  6.75E+01  1.13E+00
q, mu_s, sec, min, hour   5.47E+07  7.55E+01  4.13E+03  6.88E+01  1.15E+00
q, mu_s, sec, min, hour   5.58E+07  7.54E+01  4.21E+03  7.02E+01  1.17E+00
q, mu_s, sec, min, hour   5.69E+07  7.53E+01  4.29E+03  7.15E+01  1.19E+00
q, mu_s, sec, min, hour   5.81E+07  7.52E+01  4.37E+03  7.28E+01  1.21E+00
q, mu_s, sec, min, hour   5.93E+07  7.52E+01  4.45E+03  7.42E+01  1.24E+00
 Particle data written to file
 Particle mixing data written to file
 pasr: stopped, t, cpu_secs, nrec =  0.2000083       4509.351              -2
 pasr: stopped, t, cpu_secs, nrec =  0.2000083       4509.351              -2
  
MFU: fraction, index =    9.0000E-01       58
  
 Retrieve errors
 Fraction    error
   9.0000E-01   0.0000E+00
   9.9000E-01   0.0000E+00
   9.9900E-01   0.0000E+00
   9.9990E-01   0.0000E+00
   9.9999E-01   0.0000E+00
  
     j    x_min(j)    x_max(j)    x_diff(j)   x_mean(j)
     1    0.00E+00    3.30E-01    3.30E-01    4.32E-02
     2    0.00E+00    7.28E-02    7.28E-02    1.90E-02
     3    2.74E-01    3.33E-01    5.89E-02    2.92E-01
     4    0.00E+00    8.16E-03    8.16E-03    1.61E-03
     5    0.00E+00    1.84E-03    1.84E-03    3.53E-04
     6    0.00E+00    3.08E-03    3.08E-03    8.15E-04
     7    0.00E+00    1.00E-01    1.00E-01    6.06E-02
     8    0.00E+00    4.15E-05    4.15E-05    5.41E-06
     9    0.00E+00    2.01E-05    2.01E-05    1.02E-06
    10    0.00E+00    0.00E+00    0.00E+00    0.00E+00
    11    2.95E-02    2.70E-01    2.40E-01    1.74E-01
   
     j    f_min(j)    f_max(j)    f_diff(j)   fp_diff(j)    f_mean(j)
     1    0.00E+00    3.30E-01    3.30E-01    4.07E-03    4.26E-02
     2    0.00E+00    7.28E-02    7.28E-02    1.96E-03    1.87E-02
     3    2.74E-01    3.33E-01    5.89E-02    1.11E-16    2.92E-01
     4    0.00E+00    8.15E-03    8.15E-03    2.27E-03    1.83E-03
     5    0.00E+00    1.82E-03    1.82E-03    7.21E-04    4.08E-04
     6    0.00E+00    3.10E-03    3.10E-03    1.22E-03    9.08E-04
     7    0.00E+00    1.00E-01    1.00E-01    2.67E-03    6.10E-02
     8    0.00E+00    4.36E-05    4.36E-05    4.53E-05    6.65E-06
     9    0.00E+00    3.24E-05    3.24E-05    3.28E-05    1.49E-06
    10    0.00E+00    0.00E+00    0.00E+00    0.00E+00    0.00E+00
    11    2.95E-02    2.70E-01    2.40E-01    1.70E-03    1.75E-01
    12    1.48E-01    1.00E+00    8.52E-01    1.05E-01    6.67E-01
  
queries  =    6.0012E+07
prim_ret =    5.6765E+07
sec_ret  =    3.2326E+06
grow     =    1.3695E+04
add      =    1.0530E+03
replace  =    0.0000E+00
dir eval =    0.0000E+00
 
CPU (mu s)/query =    7.5141E+01
 -------------------------------------------------------------------------------
 -
                Operation     Calls  Failures         Time (mu s)    Time/call (mu s)
 -------------------------------------------------------------------------------
 -
                   ci_ceq         0         0            0.00E+00            0.00E+00
  ci_ice_chem_map (map=0)         0         0            0.00E+00            0.00E+00
  ci_ice_chem_map (map=1)         0         0            0.00E+00            0.00E+00
               ci_cem_tan         0         0            0.00E+00            0.00E+00
               ci_ice_tan         0         0            0.00E+00            0.00E+00
         ci_ice_pic_bound         0         0            0.00E+00            0.00E+00
                       lp         0         0            0.00E+00            0.00E+00
          rmap2 (map = 0)     14784         0            4.66E+06            3.15E+02
          rmap2 (map = 1)        36         0            1.31E+04            3.64E+02
                  ceq_nrs         0         0            0.00E+00            0.00E+00
               ci_linrmap         0         0            0.00E+00            0.00E+00
                     expm      5686         0            6.19E+04            1.09E+01
      ci_ice_facet_newton         0         0            0.00E+00            0.00E+00
 ci_ice_facet_newton_lmap         0         0            0.00E+00            0.00E+00
        ci_ice_pic_newton         0         0            0.00E+00            0.00E+00
   ci_ice_pic_newton_lmap         0         0            0.00E+00            0.00E+00
         ci_ice_recon_pic         0         0            0.00E+00            0.00E+00
    ci_ice_recon_pic_lmap         0         0            0.00E+00            0.00E+00
          ci_ice_recon_bc         0         0            0.00E+00            0.00E+00
     ci_ice_recon_bc_lmap         0         0            0.00E+00            0.00E+00
             ci_ice_recon         0         0            0.00E+00            0.00E+00
             ci_dens_temp         0         0            0.00E+00            0.00E+00
                 cidpt_dr         0         0            0.00E+00            0.00E+00
 ------------------------------------------------------------------------------
