 Number of species                 =      10
 Number of streams                 =       3
 Flow rates of streams             =  0.0000  0.3041  0.6959
 PASR starting: number of particles=    1000
 Residence time, tres (seconds)    =   4.0000E-03
 04/06/2012: Prior to this date, due to a bug tres was twice the specified tres
 Mixing time, tmix (seconds)       =   1.0000E-04
 Pairing time, tpair (seconds)     =   1.0000E-04
 Min. and max. time step (seconds) =   1.0000E-05   1.0000E-05
 Number of steps                   =   2.0000E+04
 Number of sub-steps per step      =       3
 Number of particle-sub-steps      =   6.0000E+07
 Maximum pressure (atm.)           =   1.0000E+00
 Minumum pressure (atm.)           =   1.0000E+00
 Period of pressure variation (sec)=   1.0000E-03
 Particle data read from file
 PaSR starting
 ...
q, mu_s, sec, min, hour   6.00E+03  8.22E+01  4.93E-01  8.22E-03  1.37E-04
q, mu_s, sec, min, hour   1.20E+04  6.89E+01  8.27E-01  1.38E-02  2.30E-04
q, mu_s, sec, min, hour   1.80E+04  6.48E+01  1.17E+00  1.94E-02  3.24E-04
q, mu_s, sec, min, hour   2.40E+04  6.24E+01  1.50E+00  2.50E-02  4.16E-04
q, mu_s, sec, min, hour   3.00E+04  5.83E+01  1.75E+00  2.92E-02  4.86E-04
q, mu_s, sec, min, hour   3.60E+04  5.45E+01  1.96E+00  3.27E-02  5.45E-04
q, mu_s, sec, min, hour   4.20E+04  5.04E+01  2.12E+00  3.53E-02  5.88E-04
q, mu_s, sec, min, hour   4.80E+04  4.66E+01  2.24E+00  3.73E-02  6.22E-04
q, mu_s, sec, min, hour   5.40E+04  4.32E+01  2.33E+00  3.89E-02  6.48E-04
q, mu_s, sec, min, hour   6.00E+04  4.03E+01  2.42E+00  4.03E-02  6.72E-04
q, mu_s, sec, min, hour   6.60E+04  3.78E+01  2.49E+00  4.15E-02  6.92E-04
q, mu_s, sec, min, hour   7.20E+04  3.54E+01  2.55E+00  4.25E-02  7.08E-04
q, mu_s, sec, min, hour   7.80E+04  3.34E+01  2.61E+00  4.34E-02  7.24E-04
q, mu_s, sec, min, hour   8.40E+04  3.17E+01  2.66E+00  4.43E-02  7.39E-04
q, mu_s, sec, min, hour   9.00E+04  3.01E+01  2.71E+00  4.52E-02  7.53E-04
q, mu_s, sec, min, hour   9.60E+04  2.87E+01  2.75E+00  4.59E-02  7.65E-04
q, mu_s, sec, min, hour   1.02E+05  2.75E+01  2.80E+00  4.67E-02  7.79E-04
q, mu_s, sec, min, hour   1.08E+05  2.64E+01  2.85E+00  4.76E-02  7.93E-04
q, mu_s, sec, min, hour   1.14E+05  2.55E+01  2.91E+00  4.85E-02  8.08E-04
q, mu_s, sec, min, hour   1.20E+05  2.46E+01  2.95E+00  4.92E-02  8.21E-04
q, mu_s, sec, min, hour   1.26E+05  2.38E+01  3.00E+00  5.00E-02  8.34E-04
q, mu_s, sec, min, hour   1.32E+05  2.32E+01  3.07E+00  5.11E-02  8.52E-04
q, mu_s, sec, min, hour   1.38E+05  2.27E+01  3.14E+00  5.23E-02  8.72E-04
q, mu_s, sec, min, hour   1.44E+05  2.22E+01  3.20E+00  5.33E-02  8.88E-04
q, mu_s, sec, min, hour   1.50E+05  2.17E+01  3.25E+00  5.41E-02  9.02E-04
q, mu_s, sec, min, hour   1.56E+05  2.11E+01  3.29E+00  5.49E-02  9.15E-04
q, mu_s, sec, min, hour   1.65E+05  2.03E+01  3.35E+00  5.59E-02  9.31E-04
q, mu_s, sec, min, hour   1.74E+05  1.96E+01  3.41E+00  5.69E-02  9.48E-04
q, mu_s, sec, min, hour   1.83E+05  1.89E+01  3.47E+00  5.78E-02  9.63E-04
q, mu_s, sec, min, hour   1.92E+05  1.83E+01  3.52E+00  5.87E-02  9.78E-04
q, mu_s, sec, min, hour   2.01E+05  1.78E+01  3.59E+00  5.98E-02  9.97E-04
q, mu_s, sec, min, hour   2.10E+05  1.74E+01  3.66E+00  6.10E-02  1.02E-03
q, mu_s, sec, min, hour   2.19E+05  1.70E+01  3.71E+00  6.19E-02  1.03E-03
q, mu_s, sec, min, hour   2.28E+05  1.65E+01  3.76E+00  6.27E-02  1.04E-03
q, mu_s, sec, min, hour   2.37E+05  1.61E+01  3.81E+00  6.35E-02  1.06E-03
q, mu_s, sec, min, hour   2.46E+05  1.57E+01  3.85E+00  6.42E-02  1.07E-03
q, mu_s, sec, min, hour   2.55E+05  1.53E+01  3.90E+00  6.50E-02  1.08E-03
q, mu_s, sec, min, hour   2.64E+05  1.49E+01  3.94E+00  6.57E-02  1.09E-03
q, mu_s, sec, min, hour   2.73E+05  1.46E+01  3.98E+00  6.64E-02  1.11E-03
q, mu_s, sec, min, hour   2.82E+05  1.43E+01  4.03E+00  6.71E-02  1.12E-03
q, mu_s, sec, min, hour   2.91E+05  1.40E+01  4.07E+00  6.78E-02  1.13E-03
q, mu_s, sec, min, hour   3.00E+05  1.37E+01  4.11E+00  6.86E-02  1.14E-03
q, mu_s, sec, min, hour   3.09E+05  1.34E+01  4.15E+00  6.91E-02  1.15E-03
q, mu_s, sec, min, hour   3.21E+05  1.31E+01  4.20E+00  7.00E-02  1.17E-03
q, mu_s, sec, min, hour   3.33E+05  1.28E+01  4.25E+00  7.09E-02  1.18E-03
q, mu_s, sec, min, hour   3.45E+05  1.25E+01  4.31E+00  7.18E-02  1.20E-03
q, mu_s, sec, min, hour   3.57E+05  1.22E+01  4.35E+00  7.26E-02  1.21E-03
q, mu_s, sec, min, hour   3.69E+05  1.20E+01  4.41E+00  7.35E-02  1.23E-03
q, mu_s, sec, min, hour   3.81E+05  1.17E+01  4.46E+00  7.44E-02  1.24E-03
q, mu_s, sec, min, hour   3.93E+05  1.15E+01  4.51E+00  7.52E-02  1.25E-03
q, mu_s, sec, min, hour   4.05E+05  1.13E+01  4.56E+00  7.60E-02  1.27E-03
q, mu_s, sec, min, hour   4.17E+05  1.10E+01  4.61E+00  7.68E-02  1.28E-03
q, mu_s, sec, min, hour   4.29E+05  1.09E+01  4.66E+00  7.76E-02  1.29E-03
q, mu_s, sec, min, hour   4.41E+05  1.07E+01  4.71E+00  7.85E-02  1.31E-03
q, mu_s, sec, min, hour   4.53E+05  1.05E+01  4.76E+00  7.93E-02  1.32E-03
q, mu_s, sec, min, hour   4.68E+05  1.03E+01  4.82E+00  8.03E-02  1.34E-03
q, mu_s, sec, min, hour   4.83E+05  1.01E+01  4.88E+00  8.13E-02  1.35E-03
q, mu_s, sec, min, hour   4.98E+05  9.91E+00  4.94E+00  8.23E-02  1.37E-03
q, mu_s, sec, min, hour   5.13E+05  9.73E+00  4.99E+00  8.32E-02  1.39E-03
q, mu_s, sec, min, hour   5.28E+05  9.58E+00  5.06E+00  8.43E-02  1.40E-03
q, mu_s, sec, min, hour   5.43E+05  9.42E+00  5.11E+00  8.52E-02  1.42E-03
q, mu_s, sec, min, hour   5.58E+05  9.27E+00  5.17E+00  8.62E-02  1.44E-03
q, mu_s, sec, min, hour   5.73E+05  9.13E+00  5.23E+00  8.72E-02  1.45E-03
q, mu_s, sec, min, hour   5.88E+05  9.00E+00  5.29E+00  8.82E-02  1.47E-03
q, mu_s, sec, min, hour   6.03E+05  8.87E+00  5.35E+00  8.91E-02  1.49E-03
q, mu_s, sec, min, hour   6.21E+05  8.71E+00  5.41E+00  9.01E-02  1.50E-03
q, mu_s, sec, min, hour   6.39E+05  8.57E+00  5.47E+00  9.12E-02  1.52E-03
q, mu_s, sec, min, hour   6.57E+05  8.42E+00  5.53E+00  9.22E-02  1.54E-03
q, mu_s, sec, min, hour   6.75E+05  8.30E+00  5.60E+00  9.34E-02  1.56E-03
q, mu_s, sec, min, hour   6.93E+05  8.19E+00  5.68E+00  9.46E-02  1.58E-03
q, mu_s, sec, min, hour   7.11E+05  8.09E+00  5.75E+00  9.59E-02  1.60E-03
q, mu_s, sec, min, hour   7.29E+05  8.00E+00  5.83E+00  9.72E-02  1.62E-03
q, mu_s, sec, min, hour   7.47E+05  7.89E+00  5.90E+00  9.83E-02  1.64E-03
q, mu_s, sec, min, hour   7.65E+05  7.79E+00  5.96E+00  9.93E-02  1.65E-03
q, mu_s, sec, min, hour   7.86E+05  7.68E+00  6.03E+00  1.01E-01  1.68E-03
q, mu_s, sec, min, hour   8.07E+05  7.57E+00  6.11E+00  1.02E-01  1.70E-03
q, mu_s, sec, min, hour   8.28E+05  7.51E+00  6.21E+00  1.04E-01  1.73E-03
q, mu_s, sec, min, hour   8.49E+05  7.43E+00  6.31E+00  1.05E-01  1.75E-03
q, mu_s, sec, min, hour   8.70E+05  7.35E+00  6.39E+00  1.07E-01  1.78E-03
q, mu_s, sec, min, hour   8.91E+05  7.26E+00  6.47E+00  1.08E-01  1.80E-03
q, mu_s, sec, min, hour   9.12E+05  7.17E+00  6.54E+00  1.09E-01  1.82E-03
q, mu_s, sec, min, hour   9.36E+05  7.08E+00  6.63E+00  1.10E-01  1.84E-03
q, mu_s, sec, min, hour   9.60E+05  6.99E+00  6.71E+00  1.12E-01  1.86E-03
q, mu_s, sec, min, hour   9.84E+05  6.91E+00  6.80E+00  1.13E-01  1.89E-03
q, mu_s, sec, min, hour   1.01E+06  6.83E+00  6.88E+00  1.15E-01  1.91E-03
q, mu_s, sec, min, hour   1.03E+06  6.75E+00  6.97E+00  1.16E-01  1.93E-03
q, mu_s, sec, min, hour   1.06E+06  6.68E+00  7.05E+00  1.17E-01  1.96E-03
q, mu_s, sec, min, hour   1.08E+06  6.60E+00  7.14E+00  1.19E-01  1.98E-03
q, mu_s, sec, min, hour   1.11E+06  6.52E+00  7.24E+00  1.21E-01  2.01E-03
q, mu_s, sec, min, hour   1.14E+06  6.45E+00  7.33E+00  1.22E-01  2.04E-03
q, mu_s, sec, min, hour   1.16E+06  6.38E+00  7.43E+00  1.24E-01  2.06E-03
q, mu_s, sec, min, hour   1.19E+06  6.32E+00  7.53E+00  1.25E-01  2.09E-03
q, mu_s, sec, min, hour   1.22E+06  6.25E+00  7.61E+00  1.27E-01  2.12E-03
q, mu_s, sec, min, hour   1.25E+06  6.18E+00  7.72E+00  1.29E-01  2.14E-03
q, mu_s, sec, min, hour   1.28E+06  6.12E+00  7.82E+00  1.30E-01  2.17E-03
q, mu_s, sec, min, hour   1.31E+06  6.05E+00  7.91E+00  1.32E-01  2.20E-03
q, mu_s, sec, min, hour   1.34E+06  5.99E+00  8.01E+00  1.34E-01  2.23E-03
q, mu_s, sec, min, hour   1.37E+06  5.93E+00  8.12E+00  1.35E-01  2.25E-03
q, mu_s, sec, min, hour   1.40E+06  5.87E+00  8.22E+00  1.37E-01  2.28E-03
q, mu_s, sec, min, hour   1.43E+06  5.81E+00  8.33E+00  1.39E-01  2.31E-03
q, mu_s, sec, min, hour   1.47E+06  5.76E+00  8.44E+00  1.41E-01  2.35E-03
q, mu_s, sec, min, hour   1.50E+06  5.70E+00  8.55E+00  1.43E-01  2.38E-03
q, mu_s, sec, min, hour   1.53E+06  5.65E+00  8.66E+00  1.44E-01  2.40E-03
q, mu_s, sec, min, hour   1.57E+06  5.60E+00  8.78E+00  1.46E-01  2.44E-03
q, mu_s, sec, min, hour   1.60E+06  5.54E+00  8.90E+00  1.48E-01  2.47E-03
q, mu_s, sec, min, hour   1.64E+06  5.50E+00  9.02E+00  1.50E-01  2.51E-03
q, mu_s, sec, min, hour   1.68E+06  5.45E+00  9.14E+00  1.52E-01  2.54E-03
q, mu_s, sec, min, hour   1.72E+06  5.40E+00  9.27E+00  1.54E-01  2.57E-03
q, mu_s, sec, min, hour   1.76E+06  5.36E+00  9.40E+00  1.57E-01  2.61E-03
q, mu_s, sec, min, hour   1.79E+06  5.31E+00  9.53E+00  1.59E-01  2.65E-03
q, mu_s, sec, min, hour   1.83E+06  5.27E+00  9.67E+00  1.61E-01  2.68E-03
q, mu_s, sec, min, hour   1.88E+06  5.23E+00  9.81E+00  1.63E-01  2.72E-03
q, mu_s, sec, min, hour   1.92E+06  5.19E+00  9.94E+00  1.66E-01  2.76E-03
q, mu_s, sec, min, hour   1.96E+06  5.15E+00  1.01E+01  1.68E-01  2.80E-03
q, mu_s, sec, min, hour   2.00E+06  5.10E+00  1.02E+01  1.70E-01  2.84E-03
q, mu_s, sec, min, hour   2.05E+06  5.07E+00  1.04E+01  1.73E-01  2.88E-03
q, mu_s, sec, min, hour   2.09E+06  5.03E+00  1.05E+01  1.75E-01  2.92E-03
q, mu_s, sec, min, hour   2.14E+06  4.99E+00  1.07E+01  1.78E-01  2.97E-03
q, mu_s, sec, min, hour   2.19E+06  4.95E+00  1.08E+01  1.81E-01  3.01E-03
q, mu_s, sec, min, hour   2.24E+06  4.92E+00  1.10E+01  1.83E-01  3.05E-03
q, mu_s, sec, min, hour   2.28E+06  4.89E+00  1.12E+01  1.86E-01  3.10E-03
q, mu_s, sec, min, hour   2.33E+06  4.85E+00  1.13E+01  1.89E-01  3.14E-03
q, mu_s, sec, min, hour   2.38E+06  4.82E+00  1.15E+01  1.91E-01  3.19E-03
q, mu_s, sec, min, hour   2.44E+06  4.79E+00  1.17E+01  1.94E-01  3.24E-03
q, mu_s, sec, min, hour   2.49E+06  4.75E+00  1.18E+01  1.97E-01  3.29E-03
q, mu_s, sec, min, hour   2.54E+06  4.72E+00  1.20E+01  2.00E-01  3.34E-03
q, mu_s, sec, min, hour   2.60E+06  4.69E+00  1.22E+01  2.03E-01  3.38E-03
q, mu_s, sec, min, hour   2.66E+06  4.66E+00  1.24E+01  2.06E-01  3.43E-03
q, mu_s, sec, min, hour   2.71E+06  4.62E+00  1.25E+01  2.09E-01  3.48E-03
q, mu_s, sec, min, hour   2.77E+06  4.59E+00  1.27E+01  2.12E-01  3.54E-03
q, mu_s, sec, min, hour   2.83E+06  4.56E+00  1.29E+01  2.15E-01  3.59E-03
q, mu_s, sec, min, hour   2.89E+06  4.54E+00  1.31E+01  2.19E-01  3.64E-03
q, mu_s, sec, min, hour   2.96E+06  4.51E+00  1.33E+01  2.22E-01  3.70E-03
q, mu_s, sec, min, hour   3.02E+06  4.48E+00  1.35E+01  2.25E-01  3.75E-03
q, mu_s, sec, min, hour   3.08E+06  4.45E+00  1.37E+01  2.29E-01  3.81E-03
q, mu_s, sec, min, hour   3.15E+06  4.43E+00  1.39E+01  2.32E-01  3.87E-03
q, mu_s, sec, min, hour   3.22E+06  4.40E+00  1.42E+01  2.36E-01  3.93E-03
q, mu_s, sec, min, hour   3.28E+06  4.38E+00  1.44E+01  2.40E-01  3.99E-03
q, mu_s, sec, min, hour   3.35E+06  4.35E+00  1.46E+01  2.43E-01  4.05E-03
q, mu_s, sec, min, hour   3.43E+06  4.33E+00  1.48E+01  2.47E-01  4.12E-03
q, mu_s, sec, min, hour   3.50E+06  4.31E+00  1.51E+01  2.51E-01  4.18E-03
q, mu_s, sec, min, hour   3.57E+06  4.28E+00  1.53E+01  2.55E-01  4.25E-03
q, mu_s, sec, min, hour   3.65E+06  4.26E+00  1.55E+01  2.59E-01  4.32E-03
q, mu_s, sec, min, hour   3.73E+06  4.24E+00  1.58E+01  2.63E-01  4.39E-03
q, mu_s, sec, min, hour   3.80E+06  4.22E+00  1.60E+01  2.67E-01  4.46E-03
q, mu_s, sec, min, hour   3.88E+06  4.20E+00  1.63E+01  2.72E-01  4.53E-03
q, mu_s, sec, min, hour   3.97E+06  4.18E+00  1.66E+01  2.76E-01  4.60E-03
q, mu_s, sec, min, hour   4.05E+06  4.16E+00  1.68E+01  2.81E-01  4.68E-03
q, mu_s, sec, min, hour   4.13E+06  4.14E+00  1.71E+01  2.85E-01  4.75E-03
q, mu_s, sec, min, hour   4.22E+06  4.12E+00  1.74E+01  2.90E-01  4.83E-03
q, mu_s, sec, min, hour   4.31E+06  4.11E+00  1.77E+01  2.96E-01  4.93E-03
q, mu_s, sec, min, hour   4.40E+06  4.10E+00  1.81E+01  3.01E-01  5.02E-03
q, mu_s, sec, min, hour   4.49E+06  4.08E+00  1.84E+01  3.06E-01  5.10E-03
q, mu_s, sec, min, hour   4.59E+06  4.07E+00  1.86E+01  3.11E-01  5.18E-03
q, mu_s, sec, min, hour   4.68E+06  4.05E+00  1.90E+01  3.16E-01  5.27E-03
q, mu_s, sec, min, hour   4.78E+06  4.03E+00  1.93E+01  3.21E-01  5.35E-03
q, mu_s, sec, min, hour   4.88E+06  4.01E+00  1.96E+01  3.26E-01  5.44E-03
q, mu_s, sec, min, hour   4.98E+06  3.99E+00  1.99E+01  3.32E-01  5.53E-03
q, mu_s, sec, min, hour   5.09E+06  3.98E+00  2.02E+01  3.37E-01  5.62E-03
q, mu_s, sec, min, hour   5.19E+06  3.96E+00  2.06E+01  3.43E-01  5.71E-03
q, mu_s, sec, min, hour   5.30E+06  3.94E+00  2.09E+01  3.48E-01  5.81E-03
q, mu_s, sec, min, hour   5.41E+06  3.93E+00  2.13E+01  3.54E-01  5.90E-03
q, mu_s, sec, min, hour   5.53E+06  3.91E+00  2.16E+01  3.60E-01  6.00E-03
q, mu_s, sec, min, hour   5.64E+06  3.90E+00  2.20E+01  3.66E-01  6.10E-03
q, mu_s, sec, min, hour   5.76E+06  3.88E+00  2.23E+01  3.72E-01  6.20E-03
q, mu_s, sec, min, hour   5.88E+06  3.86E+00  2.27E+01  3.79E-01  6.31E-03
q, mu_s, sec, min, hour   6.00E+06  3.85E+00  2.31E+01  3.85E-01  6.42E-03
q, mu_s, sec, min, hour   6.12E+06  3.84E+00  2.35E+01  3.91E-01  6.52E-03
q, mu_s, sec, min, hour   6.25E+06  3.82E+00  2.39E+01  3.98E-01  6.63E-03
q, mu_s, sec, min, hour   6.38E+06  3.81E+00  2.43E+01  4.05E-01  6.75E-03
q, mu_s, sec, min, hour   6.51E+06  3.79E+00  2.47E+01  4.12E-01  6.86E-03
q, mu_s, sec, min, hour   6.64E+06  3.78E+00  2.51E+01  4.19E-01  6.98E-03
q, mu_s, sec, min, hour   6.78E+06  3.77E+00  2.56E+01  4.26E-01  7.10E-03
q, mu_s, sec, min, hour   6.92E+06  3.75E+00  2.60E+01  4.33E-01  7.22E-03
q, mu_s, sec, min, hour   7.07E+06  3.74E+00  2.64E+01  4.41E-01  7.35E-03
q, mu_s, sec, min, hour   7.22E+06  3.73E+00  2.69E+01  4.49E-01  7.48E-03
q, mu_s, sec, min, hour   7.36E+06  3.72E+00  2.74E+01  4.56E-01  7.61E-03
q, mu_s, sec, min, hour   7.52E+06  3.71E+00  2.79E+01  4.64E-01  7.74E-03
q, mu_s, sec, min, hour   7.67E+06  3.69E+00  2.83E+01  4.72E-01  7.87E-03
q, mu_s, sec, min, hour   7.83E+06  3.68E+00  2.88E+01  4.81E-01  8.01E-03
q, mu_s, sec, min, hour   8.00E+06  3.67E+00  2.94E+01  4.89E-01  8.16E-03
q, mu_s, sec, min, hour   8.16E+06  3.66E+00  2.99E+01  4.98E-01  8.30E-03
q, mu_s, sec, min, hour   8.33E+06  3.65E+00  3.04E+01  5.07E-01  8.44E-03
q, mu_s, sec, min, hour   8.50E+06  3.64E+00  3.09E+01  5.16E-01  8.59E-03
q, mu_s, sec, min, hour   8.67E+06  3.63E+00  3.15E+01  5.25E-01  8.75E-03
q, mu_s, sec, min, hour   8.85E+06  3.62E+00  3.20E+01  5.34E-01  8.90E-03
q, mu_s, sec, min, hour   9.03E+06  3.61E+00  3.26E+01  5.44E-01  9.06E-03
q, mu_s, sec, min, hour   9.22E+06  3.60E+00  3.32E+01  5.53E-01  9.22E-03
q, mu_s, sec, min, hour   9.40E+06  3.59E+00  3.38E+01  5.63E-01  9.38E-03
q, mu_s, sec, min, hour   9.60E+06  3.58E+00  3.44E+01  5.73E-01  9.55E-03
q, mu_s, sec, min, hour   9.79E+06  3.57E+00  3.50E+01  5.83E-01  9.72E-03
q, mu_s, sec, min, hour   9.99E+06  3.56E+00  3.56E+01  5.94E-01  9.90E-03
q, mu_s, sec, min, hour   1.02E+07  3.56E+00  3.63E+01  6.04E-01  1.01E-02
q, mu_s, sec, min, hour   1.04E+07  3.55E+00  3.69E+01  6.15E-01  1.03E-02
q, mu_s, sec, min, hour   1.06E+07  3.54E+00  3.76E+01  6.26E-01  1.04E-02
q, mu_s, sec, min, hour   1.08E+07  3.53E+00  3.83E+01  6.38E-01  1.06E-02
q, mu_s, sec, min, hour   1.11E+07  3.53E+00  3.90E+01  6.49E-01  1.08E-02
q, mu_s, sec, min, hour   1.13E+07  3.52E+00  3.97E+01  6.61E-01  1.10E-02
q, mu_s, sec, min, hour   1.15E+07  3.51E+00  4.04E+01  6.73E-01  1.12E-02
q, mu_s, sec, min, hour   1.17E+07  3.50E+00  4.11E+01  6.85E-01  1.14E-02
q, mu_s, sec, min, hour   1.20E+07  3.49E+00  4.19E+01  6.98E-01  1.16E-02
q, mu_s, sec, min, hour   1.22E+07  3.49E+00  4.26E+01  7.10E-01  1.18E-02
q, mu_s, sec, min, hour   1.25E+07  3.48E+00  4.34E+01  7.23E-01  1.21E-02
q, mu_s, sec, min, hour   1.27E+07  3.47E+00  4.42E+01  7.37E-01  1.23E-02
q, mu_s, sec, min, hour   1.30E+07  3.46E+00  4.50E+01  7.50E-01  1.25E-02
q, mu_s, sec, min, hour   1.33E+07  3.46E+00  4.58E+01  7.64E-01  1.27E-02
q, mu_s, sec, min, hour   1.35E+07  3.45E+00  4.67E+01  7.78E-01  1.30E-02
q, mu_s, sec, min, hour   1.38E+07  3.44E+00  4.75E+01  7.92E-01  1.32E-02
q, mu_s, sec, min, hour   1.41E+07  3.44E+00  4.84E+01  8.07E-01  1.34E-02
q, mu_s, sec, min, hour   1.44E+07  3.43E+00  4.93E+01  8.21E-01  1.37E-02
q, mu_s, sec, min, hour   1.47E+07  3.42E+00  5.02E+01  8.36E-01  1.39E-02
q, mu_s, sec, min, hour   1.50E+07  3.42E+00  5.11E+01  8.52E-01  1.42E-02
q, mu_s, sec, min, hour   1.53E+07  3.41E+00  5.21E+01  8.68E-01  1.45E-02
q, mu_s, sec, min, hour   1.56E+07  3.41E+00  5.30E+01  8.84E-01  1.47E-02
q, mu_s, sec, min, hour   1.59E+07  3.40E+00  5.40E+01  9.00E-01  1.50E-02
q, mu_s, sec, min, hour   1.62E+07  3.40E+00  5.51E+01  9.18E-01  1.53E-02
q, mu_s, sec, min, hour   1.65E+07  3.40E+00  5.61E+01  9.36E-01  1.56E-02
q, mu_s, sec, min, hour   1.69E+07  3.39E+00  5.72E+01  9.54E-01  1.59E-02
q, mu_s, sec, min, hour   1.72E+07  3.39E+00  5.83E+01  9.72E-01  1.62E-02
q, mu_s, sec, min, hour   1.76E+07  3.38E+00  5.94E+01  9.90E-01  1.65E-02
q, mu_s, sec, min, hour   1.79E+07  3.38E+00  6.05E+01  1.01E+00  1.68E-02
q, mu_s, sec, min, hour   1.83E+07  3.37E+00  6.17E+01  1.03E+00  1.71E-02
q, mu_s, sec, min, hour   1.86E+07  3.37E+00  6.28E+01  1.05E+00  1.74E-02
q, mu_s, sec, min, hour   1.90E+07  3.36E+00  6.40E+01  1.07E+00  1.78E-02
q, mu_s, sec, min, hour   1.94E+07  3.37E+00  6.53E+01  1.09E+00  1.81E-02
q, mu_s, sec, min, hour   1.98E+07  3.36E+00  6.66E+01  1.11E+00  1.85E-02
q, mu_s, sec, min, hour   2.02E+07  3.36E+00  6.78E+01  1.13E+00  1.88E-02
q, mu_s, sec, min, hour   2.06E+07  3.35E+00  6.91E+01  1.15E+00  1.92E-02
q, mu_s, sec, min, hour   2.10E+07  3.35E+00  7.04E+01  1.17E+00  1.96E-02
q, mu_s, sec, min, hour   2.14E+07  3.34E+00  7.17E+01  1.20E+00  1.99E-02
q, mu_s, sec, min, hour   2.19E+07  3.34E+00  7.31E+01  1.22E+00  2.03E-02
q, mu_s, sec, min, hour   2.23E+07  3.33E+00  7.44E+01  1.24E+00  2.07E-02
q, mu_s, sec, min, hour   2.28E+07  3.33E+00  7.58E+01  1.26E+00  2.11E-02
q, mu_s, sec, min, hour   2.32E+07  3.33E+00  7.73E+01  1.29E+00  2.15E-02
q, mu_s, sec, min, hour   2.37E+07  3.32E+00  7.87E+01  1.31E+00  2.19E-02
q, mu_s, sec, min, hour   2.42E+07  3.32E+00  8.02E+01  1.34E+00  2.23E-02
q, mu_s, sec, min, hour   2.47E+07  3.31E+00  8.17E+01  1.36E+00  2.27E-02
q, mu_s, sec, min, hour   2.52E+07  3.31E+00  8.33E+01  1.39E+00  2.31E-02
q, mu_s, sec, min, hour   2.57E+07  3.30E+00  8.48E+01  1.41E+00  2.36E-02
q, mu_s, sec, min, hour   2.62E+07  3.30E+00  8.64E+01  1.44E+00  2.40E-02
q, mu_s, sec, min, hour   2.67E+07  3.30E+00  8.81E+01  1.47E+00  2.45E-02
srun: Job step aborted: Waiting up to 32 seconds for job step to finish.
slurmstepd: error: *** STEP 452040.0 ON dbn303-06-r CANCELLED AT 2017-07-16T19:27:23 ***
slurmstepd: error: *** JOB 452040 ON dbn303-06-r CANCELLED AT 2017-07-16T19:27:23 ***
