 Number of species                 =      10
 Number of streams                 =       3
 Flow rates of streams             =  0.0000  0.3041  0.6959
 PASR starting: number of particles=    1000
 Residence time, tres (seconds)    =   4.0000E-03
 04/06/2012: Prior to this date, due to a bug tres was twice the specified tres
 Mixing time, tmix (seconds)       =   7.0000E-03
 Pairing time, tpair (seconds)     =   7.0000E-03
 Min. and max. time step (seconds) =   4.0000E-04   4.0000E-04
 Number of steps                   =   5.0000E+02
 Number of sub-steps per step      =       2
 Number of particle-sub-steps      =   1.0000E+06
 Maximum pressure (atm.)           =   1.0000E+00
 Minumum pressure (atm.)           =   1.0000E+00
 Period of pressure variation (sec)=   1.0000E-03
 Particle data read from file
 PaSR starting
 ...
q, mu_s, sec, min, hour   4.00E+03  2.98E+02  1.19E+00  1.99E-02  3.32E-04
q, mu_s, sec, min, hour   8.00E+03  2.24E+02  1.79E+00  2.99E-02  4.98E-04
q, mu_s, sec, min, hour   1.20E+04  1.80E+02  2.16E+00  3.60E-02  6.01E-04
q, mu_s, sec, min, hour   1.60E+04  1.53E+02  2.46E+00  4.09E-02  6.82E-04
q, mu_s, sec, min, hour   2.00E+04  1.37E+02  2.73E+00  4.55E-02  7.59E-04
q, mu_s, sec, min, hour   2.40E+04  1.24E+02  2.97E+00  4.95E-02  8.25E-04
q, mu_s, sec, min, hour   2.80E+04  1.14E+02  3.18E+00  5.31E-02  8.84E-04
q, mu_s, sec, min, hour   3.20E+04  1.06E+02  3.41E+00  5.68E-02  9.46E-04
q, mu_s, sec, min, hour   3.60E+04  1.01E+02  3.62E+00  6.03E-02  1.01E-03
q, mu_s, sec, min, hour   4.00E+04  9.53E+01  3.81E+00  6.35E-02  1.06E-03
q, mu_s, sec, min, hour   4.40E+04  9.06E+01  3.99E+00  6.65E-02  1.11E-03
q, mu_s, sec, min, hour   4.80E+04  8.67E+01  4.16E+00  6.93E-02  1.16E-03
q, mu_s, sec, min, hour   5.20E+04  8.28E+01  4.30E+00  7.17E-02  1.20E-03
q, mu_s, sec, min, hour   5.60E+04  7.97E+01  4.46E+00  7.43E-02  1.24E-03
q, mu_s, sec, min, hour   6.00E+04  7.67E+01  4.60E+00  7.67E-02  1.28E-03
q, mu_s, sec, min, hour   6.40E+04  7.44E+01  4.76E+00  7.93E-02  1.32E-03
q, mu_s, sec, min, hour   6.80E+04  7.22E+01  4.91E+00  8.18E-02  1.36E-03
q, mu_s, sec, min, hour   7.20E+04  7.02E+01  5.05E+00  8.42E-02  1.40E-03
q, mu_s, sec, min, hour   7.60E+04  6.82E+01  5.18E+00  8.64E-02  1.44E-03
q, mu_s, sec, min, hour   8.00E+04  6.62E+01  5.30E+00  8.83E-02  1.47E-03
q, mu_s, sec, min, hour   8.40E+04  6.45E+01  5.42E+00  9.03E-02  1.50E-03
q, mu_s, sec, min, hour   8.80E+04  6.25E+01  5.50E+00  9.17E-02  1.53E-03
q, mu_s, sec, min, hour   9.20E+04  6.07E+01  5.58E+00  9.31E-02  1.55E-03
q, mu_s, sec, min, hour   9.60E+04  5.90E+01  5.67E+00  9.44E-02  1.57E-03
q, mu_s, sec, min, hour   1.00E+05  5.74E+01  5.74E+00  9.56E-02  1.59E-03
q, mu_s, sec, min, hour   1.04E+05  5.59E+01  5.81E+00  9.68E-02  1.61E-03
q, mu_s, sec, min, hour   1.10E+05  5.38E+01  5.91E+00  9.85E-02  1.64E-03
q, mu_s, sec, min, hour   1.16E+05  5.18E+01  6.01E+00  1.00E-01  1.67E-03
q, mu_s, sec, min, hour   1.22E+05  5.00E+01  6.10E+00  1.02E-01  1.69E-03
q, mu_s, sec, min, hour   1.28E+05  4.83E+01  6.18E+00  1.03E-01  1.72E-03
q, mu_s, sec, min, hour   1.34E+05  4.67E+01  6.26E+00  1.04E-01  1.74E-03
q, mu_s, sec, min, hour   1.40E+05  4.53E+01  6.34E+00  1.06E-01  1.76E-03
q, mu_s, sec, min, hour   1.46E+05  4.39E+01  6.41E+00  1.07E-01  1.78E-03
q, mu_s, sec, min, hour   1.52E+05  4.26E+01  6.47E+00  1.08E-01  1.80E-03
q, mu_s, sec, min, hour   1.58E+05  4.13E+01  6.53E+00  1.09E-01  1.81E-03
q, mu_s, sec, min, hour   1.64E+05  4.02E+01  6.59E+00  1.10E-01  1.83E-03
q, mu_s, sec, min, hour   1.70E+05  3.91E+01  6.64E+00  1.11E-01  1.84E-03
q, mu_s, sec, min, hour   1.76E+05  3.80E+01  6.69E+00  1.12E-01  1.86E-03
q, mu_s, sec, min, hour   1.82E+05  3.70E+01  6.74E+00  1.12E-01  1.87E-03
q, mu_s, sec, min, hour   1.88E+05  3.61E+01  6.79E+00  1.13E-01  1.89E-03
q, mu_s, sec, min, hour   1.94E+05  3.52E+01  6.83E+00  1.14E-01  1.90E-03
q, mu_s, sec, min, hour   2.00E+05  3.43E+01  6.87E+00  1.14E-01  1.91E-03
q, mu_s, sec, min, hour   2.06E+05  3.35E+01  6.90E+00  1.15E-01  1.92E-03
q, mu_s, sec, min, hour   2.14E+05  3.24E+01  6.94E+00  1.16E-01  1.93E-03
q, mu_s, sec, min, hour   2.22E+05  3.14E+01  6.98E+00  1.16E-01  1.94E-03
q, mu_s, sec, min, hour   2.30E+05  3.05E+01  7.02E+00  1.17E-01  1.95E-03
q, mu_s, sec, min, hour   2.38E+05  2.97E+01  7.07E+00  1.18E-01  1.96E-03
q, mu_s, sec, min, hour   2.46E+05  2.89E+01  7.11E+00  1.18E-01  1.97E-03
q, mu_s, sec, min, hour   2.54E+05  2.81E+01  7.15E+00  1.19E-01  1.99E-03
q, mu_s, sec, min, hour   2.62E+05  2.74E+01  7.19E+00  1.20E-01  2.00E-03
q, mu_s, sec, min, hour   2.70E+05  2.68E+01  7.23E+00  1.21E-01  2.01E-03
q, mu_s, sec, min, hour   2.78E+05  2.62E+01  7.28E+00  1.21E-01  2.02E-03
q, mu_s, sec, min, hour   2.86E+05  2.56E+01  7.32E+00  1.22E-01  2.03E-03
q, mu_s, sec, min, hour   2.94E+05  2.50E+01  7.36E+00  1.23E-01  2.05E-03
q, mu_s, sec, min, hour   3.02E+05  2.45E+01  7.41E+00  1.23E-01  2.06E-03
q, mu_s, sec, min, hour   3.12E+05  2.39E+01  7.46E+00  1.24E-01  2.07E-03
q, mu_s, sec, min, hour   3.22E+05  2.33E+01  7.50E+00  1.25E-01  2.08E-03
q, mu_s, sec, min, hour   3.32E+05  2.27E+01  7.55E+00  1.26E-01  2.10E-03
q, mu_s, sec, min, hour   3.42E+05  2.22E+01  7.59E+00  1.27E-01  2.11E-03
q, mu_s, sec, min, hour   3.52E+05  2.17E+01  7.65E+00  1.27E-01  2.12E-03
q, mu_s, sec, min, hour   3.62E+05  2.12E+01  7.69E+00  1.28E-01  2.14E-03
q, mu_s, sec, min, hour   3.72E+05  2.08E+01  7.74E+00  1.29E-01  2.15E-03
q, mu_s, sec, min, hour   3.82E+05  2.04E+01  7.79E+00  1.30E-01  2.16E-03
q, mu_s, sec, min, hour   3.92E+05  2.00E+01  7.84E+00  1.31E-01  2.18E-03
q, mu_s, sec, min, hour   4.02E+05  1.96E+01  7.88E+00  1.31E-01  2.19E-03
q, mu_s, sec, min, hour   4.14E+05  1.92E+01  7.93E+00  1.32E-01  2.20E-03
q, mu_s, sec, min, hour   4.26E+05  1.87E+01  7.98E+00  1.33E-01  2.22E-03
q, mu_s, sec, min, hour   4.38E+05  1.83E+01  8.03E+00  1.34E-01  2.23E-03
q, mu_s, sec, min, hour   4.50E+05  1.80E+01  8.08E+00  1.35E-01  2.24E-03
q, mu_s, sec, min, hour   4.62E+05  1.76E+01  8.12E+00  1.35E-01  2.26E-03
q, mu_s, sec, min, hour   4.74E+05  1.72E+01  8.17E+00  1.36E-01  2.27E-03
q, mu_s, sec, min, hour   4.86E+05  1.69E+01  8.22E+00  1.37E-01  2.28E-03
q, mu_s, sec, min, hour   4.98E+05  1.66E+01  8.27E+00  1.38E-01  2.30E-03
q, mu_s, sec, min, hour   5.10E+05  1.63E+01  8.32E+00  1.39E-01  2.31E-03
q, mu_s, sec, min, hour   5.24E+05  1.60E+01  8.38E+00  1.40E-01  2.33E-03
q, mu_s, sec, min, hour   5.38E+05  1.57E+01  8.43E+00  1.41E-01  2.34E-03
q, mu_s, sec, min, hour   5.52E+05  1.54E+01  8.49E+00  1.42E-01  2.36E-03
q, mu_s, sec, min, hour   5.66E+05  1.51E+01  8.54E+00  1.42E-01  2.37E-03
q, mu_s, sec, min, hour   5.80E+05  1.48E+01  8.60E+00  1.43E-01  2.39E-03
q, mu_s, sec, min, hour   5.94E+05  1.46E+01  8.66E+00  1.44E-01  2.41E-03
q, mu_s, sec, min, hour   6.08E+05  1.43E+01  8.72E+00  1.45E-01  2.42E-03
q, mu_s, sec, min, hour   6.24E+05  1.41E+01  8.78E+00  1.46E-01  2.44E-03
q, mu_s, sec, min, hour   6.40E+05  1.38E+01  8.85E+00  1.47E-01  2.46E-03
q, mu_s, sec, min, hour   6.56E+05  1.36E+01  8.91E+00  1.49E-01  2.48E-03
q, mu_s, sec, min, hour   6.72E+05  1.34E+01  8.98E+00  1.50E-01  2.49E-03
q, mu_s, sec, min, hour   6.88E+05  1.31E+01  9.04E+00  1.51E-01  2.51E-03
q, mu_s, sec, min, hour   7.04E+05  1.29E+01  9.11E+00  1.52E-01  2.53E-03
q, mu_s, sec, min, hour   7.22E+05  1.27E+01  9.19E+00  1.53E-01  2.55E-03
q, mu_s, sec, min, hour   7.40E+05  1.25E+01  9.26E+00  1.54E-01  2.57E-03
q, mu_s, sec, min, hour   7.58E+05  1.23E+01  9.33E+00  1.55E-01  2.59E-03
q, mu_s, sec, min, hour   7.76E+05  1.21E+01  9.40E+00  1.57E-01  2.61E-03
q, mu_s, sec, min, hour   7.94E+05  1.19E+01  9.48E+00  1.58E-01  2.63E-03
q, mu_s, sec, min, hour   8.12E+05  1.18E+01  9.54E+00  1.59E-01  2.65E-03
q, mu_s, sec, min, hour   8.32E+05  1.16E+01  9.62E+00  1.60E-01  2.67E-03
q, mu_s, sec, min, hour   8.52E+05  1.14E+01  9.69E+00  1.62E-01  2.69E-03
q, mu_s, sec, min, hour   8.72E+05  1.12E+01  9.77E+00  1.63E-01  2.71E-03
q, mu_s, sec, min, hour   8.92E+05  1.10E+01  9.84E+00  1.64E-01  2.73E-03
q, mu_s, sec, min, hour   9.12E+05  1.09E+01  9.92E+00  1.65E-01  2.76E-03
q, mu_s, sec, min, hour   9.34E+05  1.07E+01  1.00E+01  1.67E-01  2.78E-03
q, mu_s, sec, min, hour   9.56E+05  1.05E+01  1.01E+01  1.68E-01  2.80E-03
q, mu_s, sec, min, hour   9.78E+05  1.04E+01  1.02E+01  1.69E-01  2.82E-03
q, mu_s, sec, min, hour   1.00E+06  1.03E+01  1.03E+01  1.71E-01  2.85E-03
 Particle data written to file
 Particle mixing data written to file
 pasr: stopped, t, cpu_secs, nrec =  0.2000011       10.26291              -2
 pasr: stopped, t, cpu_secs, nrec =  0.2000011       10.26291              -2
  
MFU: fraction, index =    9.0000E-01       21
  
 Retrieve errors
 Fraction    error
   9.0000E-01   0.0000E+00
   9.9000E-01   0.0000E+00
   9.9900E-01   0.0000E+00
   9.9990E-01   0.0000E+00
   9.9999E-01   0.0000E+00
  
     j    x_min(j)    x_max(j)    x_diff(j)   x_mean(j)
     1    1.19E-03    3.29E-01    3.28E-01    1.09E-01
     2    6.01E-04    7.24E-02    7.18E-02    2.15E-02
     3    2.74E-01    3.32E-01    5.84E-02    3.00E-01
     4    3.56E-13    4.20E-03    4.20E-03    4.52E-04
     5    4.21E-10    5.83E-04    5.83E-04    4.41E-05
     6    1.54E-10    2.48E-03    2.48E-03    2.65E-04
     7    1.67E-06    9.56E-02    9.56E-02    3.80E-02
     8    1.01E-08    2.30E-05    2.30E-05    4.77E-06
     9    5.10E-09    4.96E-05    4.96E-05    5.46E-06
    10    0.00E+00    0.00E+00    0.00E+00    0.00E+00
    11    3.01E-02    2.57E-01    2.27E-01    1.29E-01
   
     j    f_min(j)    f_max(j)    f_diff(j)   fp_diff(j)    f_mean(j)
     1    7.31E-05    3.29E-01    3.29E-01    2.96E-03    1.08E-01
     2    1.56E-06    7.24E-02    7.24E-02    1.36E-03    2.12E-02
     3    2.74E-01    3.32E-01    5.84E-02    2.78E-17    3.00E-01
     4    0.00E+00    2.95E-03    2.95E-03    1.04E-03    4.08E-04
     5    0.00E+00    3.70E-04    3.70E-04    9.11E-05    3.63E-05
     6    0.00E+00    2.13E-03    2.13E-03    4.63E-04    2.48E-04
     7    1.67E-06    9.67E-02    9.67E-02    2.68E-03    3.86E-02
     8    1.27E-09    2.40E-05    2.40E-05    1.13E-05    5.09E-06
     9    1.58E-09    5.02E-05    5.02E-05    4.04E-06    5.73E-06
    10    0.00E+00    0.00E+00    0.00E+00    0.00E+00    0.00E+00
    11    3.01E-02    2.60E-01    2.30E-01    5.59E-03    1.30E-01
    12    1.48E-01    9.61E-01    8.13E-01    9.54E-02    4.67E-01
  
queries  =    1.0020E+06
prim_ret =    9.7804E+05
sec_ret  =    1.7723E+04
grow     =    5.6420E+03
add      =    5.9900E+02
replace  =    0.0000E+00
dir eval =    0.0000E+00
 
CPU (mu s)/query =    1.0242E+01
 -------------------------------------------------------------------------------
 -
                Operation     Calls  Failures         Time (mu s)    Time/call (mu s)
 -------------------------------------------------------------------------------
 -
                   ci_ceq         0         0            0.00E+00            0.00E+00
  ci_ice_chem_map (map=0)         0         0            0.00E+00            0.00E+00
  ci_ice_chem_map (map=1)         0         0            0.00E+00            0.00E+00
               ci_cem_tan         0         0            0.00E+00            0.00E+00
               ci_ice_tan         0         0            0.00E+00            0.00E+00
         ci_ice_pic_bound         0         0            0.00E+00            0.00E+00
                       lp         0         0            0.00E+00            0.00E+00
          rmap2 (map = 0)      6241         0            3.70E+06            5.93E+02
          rmap2 (map = 1)         0         0            0.00E+00            0.00E+00
                  ceq_nrs         0         0            0.00E+00            0.00E+00
               ci_linrmap         0         0            0.00E+00            0.00E+00
                     expm      6033         0            8.53E+04            1.41E+01
      ci_ice_facet_newton         0         0            0.00E+00            0.00E+00
 ci_ice_facet_newton_lmap         0         0            0.00E+00            0.00E+00
        ci_ice_pic_newton         0         0            0.00E+00            0.00E+00
   ci_ice_pic_newton_lmap         0         0            0.00E+00            0.00E+00
         ci_ice_recon_pic         0         0            0.00E+00            0.00E+00
    ci_ice_recon_pic_lmap         0         0            0.00E+00            0.00E+00
          ci_ice_recon_bc         0         0            0.00E+00            0.00E+00
     ci_ice_recon_bc_lmap         0         0            0.00E+00            0.00E+00
             ci_ice_recon         0         0            0.00E+00            0.00E+00
             ci_dens_temp         0         0            0.00E+00            0.00E+00
                 cidpt_dr         0         0            0.00E+00            0.00E+00
 ------------------------------------------------------------------------------
