 Number of species                 =      10
 Number of streams                 =       3
 Flow rates of streams             =  0.0000  0.3041  0.6959
 PASR starting: number of particles=    1000
 Residence time, tres (seconds)    =   4.0000E-03
 04/06/2012: Prior to this date, due to a bug tres was twice the specified tres
 Mixing time, tmix (seconds)       =   7.0000E-03
 Pairing time, tpair (seconds)     =   7.0000E-03
 Min. and max. time step (seconds) =   4.0000E-04   4.0000E-04
 Number of steps                   =   5.0000E+02
 Number of sub-steps per step      =       2
 Number of particle-sub-steps      =   1.0000E+06
 Maximum pressure (atm.)           =   1.0000E+00
 Minumum pressure (atm.)           =   1.0000E+00
 Period of pressure variation (sec)=   1.0000E-03
 Particle data read from file
 PaSR starting
 ...
q, mu_s, sec, min, hour   4.00E+03  9.41E+02  3.76E+00  6.27E-02  1.05E-03
q, mu_s, sec, min, hour   8.00E+03  8.30E+02  6.64E+00  1.11E-01  1.84E-03
q, mu_s, sec, min, hour   1.20E+04  7.58E+02  9.10E+00  1.52E-01  2.53E-03
q, mu_s, sec, min, hour   1.60E+04  7.30E+02  1.17E+01  1.95E-01  3.25E-03
q, mu_s, sec, min, hour   2.00E+04  7.01E+02  1.40E+01  2.34E-01  3.90E-03
q, mu_s, sec, min, hour   2.40E+04  6.77E+02  1.62E+01  2.71E-01  4.51E-03
q, mu_s, sec, min, hour   2.80E+04  6.59E+02  1.84E+01  3.07E-01  5.12E-03
q, mu_s, sec, min, hour   3.20E+04  6.42E+02  2.06E+01  3.43E-01  5.71E-03
q, mu_s, sec, min, hour   3.60E+04  6.34E+02  2.28E+01  3.80E-01  6.34E-03
q, mu_s, sec, min, hour   4.00E+04  6.26E+02  2.50E+01  4.17E-01  6.95E-03
q, mu_s, sec, min, hour   4.40E+04  6.21E+02  2.73E+01  4.55E-01  7.58E-03
q, mu_s, sec, min, hour   4.80E+04  6.09E+02  2.92E+01  4.87E-01  8.12E-03
q, mu_s, sec, min, hour   5.20E+04  6.09E+02  3.17E+01  5.28E-01  8.80E-03
q, mu_s, sec, min, hour   5.60E+04  6.04E+02  3.38E+01  5.63E-01  9.39E-03
q, mu_s, sec, min, hour   6.00E+04  6.00E+02  3.60E+01  6.00E-01  1.00E-02
q, mu_s, sec, min, hour   6.40E+04  6.03E+02  3.86E+01  6.43E-01  1.07E-02
q, mu_s, sec, min, hour   6.80E+04  5.96E+02  4.05E+01  6.75E-01  1.13E-02
q, mu_s, sec, min, hour   7.20E+04  5.96E+02  4.29E+01  7.15E-01  1.19E-02
q, mu_s, sec, min, hour   7.60E+04  5.98E+02  4.54E+01  7.57E-01  1.26E-02
q, mu_s, sec, min, hour   8.00E+04  5.93E+02  4.75E+01  7.91E-01  1.32E-02
q, mu_s, sec, min, hour   8.40E+04  5.95E+02  5.00E+01  8.33E-01  1.39E-02
q, mu_s, sec, min, hour   8.80E+04  5.92E+02  5.21E+01  8.69E-01  1.45E-02
q, mu_s, sec, min, hour   9.20E+04  5.95E+02  5.47E+01  9.12E-01  1.52E-02
q, mu_s, sec, min, hour   9.60E+04  5.95E+02  5.71E+01  9.52E-01  1.59E-02
q, mu_s, sec, min, hour   1.00E+05  5.92E+02  5.92E+01  9.87E-01  1.65E-02
q, mu_s, sec, min, hour   1.04E+05  5.93E+02  6.17E+01  1.03E+00  1.71E-02
q, mu_s, sec, min, hour   1.10E+05  5.90E+02  6.50E+01  1.08E+00  1.80E-02
q, mu_s, sec, min, hour   1.16E+05  5.92E+02  6.87E+01  1.14E+00  1.91E-02
q, mu_s, sec, min, hour   1.22E+05  5.86E+02  7.15E+01  1.19E+00  1.99E-02
q, mu_s, sec, min, hour   1.28E+05  5.82E+02  7.45E+01  1.24E+00  2.07E-02
q, mu_s, sec, min, hour   1.34E+05  5.83E+02  7.81E+01  1.30E+00  2.17E-02
q, mu_s, sec, min, hour   1.40E+05  5.81E+02  8.13E+01  1.36E+00  2.26E-02
q, mu_s, sec, min, hour   1.46E+05  5.81E+02  8.48E+01  1.41E+00  2.36E-02
q, mu_s, sec, min, hour   1.52E+05  5.77E+02  8.77E+01  1.46E+00  2.44E-02
q, mu_s, sec, min, hour   1.58E+05  5.75E+02  9.08E+01  1.51E+00  2.52E-02
q, mu_s, sec, min, hour   1.64E+05  5.74E+02  9.41E+01  1.57E+00  2.61E-02
q, mu_s, sec, min, hour   1.70E+05  5.75E+02  9.78E+01  1.63E+00  2.72E-02
q, mu_s, sec, min, hour   1.76E+05  5.72E+02  1.01E+02  1.68E+00  2.80E-02
q, mu_s, sec, min, hour   1.82E+05  5.72E+02  1.04E+02  1.73E+00  2.89E-02
q, mu_s, sec, min, hour   1.88E+05  5.73E+02  1.08E+02  1.80E+00  2.99E-02
q, mu_s, sec, min, hour   1.94E+05  5.74E+02  1.11E+02  1.86E+00  3.09E-02
q, mu_s, sec, min, hour   2.00E+05  5.74E+02  1.15E+02  1.91E+00  3.19E-02
q, mu_s, sec, min, hour   2.06E+05  5.71E+02  1.18E+02  1.96E+00  3.26E-02
q, mu_s, sec, min, hour   2.14E+05  5.74E+02  1.23E+02  2.05E+00  3.41E-02
q, mu_s, sec, min, hour   2.22E+05  5.77E+02  1.28E+02  2.13E+00  3.56E-02
q, mu_s, sec, min, hour   2.30E+05  5.79E+02  1.33E+02  2.22E+00  3.70E-02
q, mu_s, sec, min, hour   2.38E+05  5.76E+02  1.37E+02  2.29E+00  3.81E-02
q, mu_s, sec, min, hour   2.46E+05  5.76E+02  1.42E+02  2.36E+00  3.94E-02
q, mu_s, sec, min, hour   2.54E+05  5.73E+02  1.46E+02  2.43E+00  4.04E-02
q, mu_s, sec, min, hour   2.62E+05  5.73E+02  1.50E+02  2.50E+00  4.17E-02
q, mu_s, sec, min, hour   2.70E+05  5.71E+02  1.54E+02  2.57E+00  4.28E-02
q, mu_s, sec, min, hour   2.78E+05  5.70E+02  1.59E+02  2.64E+00  4.41E-02
q, mu_s, sec, min, hour   2.86E+05  5.69E+02  1.63E+02  2.71E+00  4.52E-02
q, mu_s, sec, min, hour   2.94E+05  5.67E+02  1.67E+02  2.78E+00  4.63E-02
q, mu_s, sec, min, hour   3.02E+05  5.65E+02  1.70E+02  2.84E+00  4.74E-02
q, mu_s, sec, min, hour   3.12E+05  5.65E+02  1.76E+02  2.94E+00  4.90E-02
q, mu_s, sec, min, hour   3.22E+05  5.63E+02  1.81E+02  3.02E+00  5.04E-02
q, mu_s, sec, min, hour   3.32E+05  5.61E+02  1.86E+02  3.11E+00  5.18E-02
q, mu_s, sec, min, hour   3.42E+05  5.63E+02  1.92E+02  3.21E+00  5.34E-02
q, mu_s, sec, min, hour   3.52E+05  5.62E+02  1.98E+02  3.30E+00  5.50E-02
q, mu_s, sec, min, hour   3.62E+05  5.59E+02  2.03E+02  3.38E+00  5.63E-02
q, mu_s, sec, min, hour   3.72E+05  5.59E+02  2.08E+02  3.47E+00  5.78E-02
q, mu_s, sec, min, hour   3.82E+05  5.59E+02  2.14E+02  3.56E+00  5.93E-02
q, mu_s, sec, min, hour   3.92E+05  5.59E+02  2.19E+02  3.65E+00  6.08E-02
q, mu_s, sec, min, hour   4.02E+05  5.58E+02  2.24E+02  3.74E+00  6.23E-02
q, mu_s, sec, min, hour   4.14E+05  5.55E+02  2.30E+02  3.83E+00  6.38E-02
q, mu_s, sec, min, hour   4.26E+05  5.52E+02  2.35E+02  3.92E+00  6.53E-02
q, mu_s, sec, min, hour   4.38E+05  5.50E+02  2.41E+02  4.02E+00  6.69E-02
q, mu_s, sec, min, hour   4.50E+05  5.50E+02  2.47E+02  4.12E+00  6.87E-02
q, mu_s, sec, min, hour   4.62E+05  5.51E+02  2.54E+02  4.24E+00  7.07E-02
q, mu_s, sec, min, hour   4.74E+05  5.50E+02  2.61E+02  4.34E+00  7.24E-02
q, mu_s, sec, min, hour   4.86E+05  5.52E+02  2.68E+02  4.47E+00  7.45E-02
q, mu_s, sec, min, hour   4.98E+05  5.52E+02  2.75E+02  4.58E+00  7.63E-02
q, mu_s, sec, min, hour   5.10E+05  5.52E+02  2.81E+02  4.69E+00  7.82E-02
q, mu_s, sec, min, hour   5.24E+05  5.51E+02  2.89E+02  4.81E+00  8.01E-02
q, mu_s, sec, min, hour   5.38E+05  5.49E+02  2.95E+02  4.92E+00  8.21E-02
q, mu_s, sec, min, hour   5.52E+05  5.47E+02  3.02E+02  5.03E+00  8.39E-02
q, mu_s, sec, min, hour   5.66E+05  5.48E+02  3.10E+02  5.17E+00  8.62E-02
q, mu_s, sec, min, hour   5.80E+05  5.49E+02  3.18E+02  5.30E+00  8.84E-02
q, mu_s, sec, min, hour   5.94E+05  5.50E+02  3.27E+02  5.45E+00  9.08E-02
q, mu_s, sec, min, hour   6.08E+05  5.49E+02  3.34E+02  5.56E+00  9.27E-02
q, mu_s, sec, min, hour   6.24E+05  5.50E+02  3.43E+02  5.72E+00  9.54E-02
q, mu_s, sec, min, hour   6.40E+05  5.51E+02  3.53E+02  5.88E+00  9.80E-02
q, mu_s, sec, min, hour   6.56E+05  5.51E+02  3.62E+02  6.03E+00  1.00E-01
q, mu_s, sec, min, hour   6.72E+05  5.49E+02  3.69E+02  6.15E+00  1.03E-01
q, mu_s, sec, min, hour   6.88E+05  5.48E+02  3.77E+02  6.29E+00  1.05E-01
q, mu_s, sec, min, hour   7.04E+05  5.48E+02  3.86E+02  6.43E+00  1.07E-01
q, mu_s, sec, min, hour   7.22E+05  5.47E+02  3.95E+02  6.59E+00  1.10E-01
q, mu_s, sec, min, hour   7.40E+05  5.47E+02  4.05E+02  6.75E+00  1.12E-01
q, mu_s, sec, min, hour   7.58E+05  5.46E+02  4.14E+02  6.89E+00  1.15E-01
q, mu_s, sec, min, hour   7.76E+05  5.47E+02  4.25E+02  7.08E+00  1.18E-01
q, mu_s, sec, min, hour   7.94E+05  5.50E+02  4.37E+02  7.28E+00  1.21E-01
q, mu_s, sec, min, hour   8.12E+05  5.50E+02  4.46E+02  7.44E+00  1.24E-01
q, mu_s, sec, min, hour   8.32E+05  5.48E+02  4.56E+02  7.60E+00  1.27E-01
q, mu_s, sec, min, hour   8.52E+05  5.48E+02  4.67E+02  7.78E+00  1.30E-01
q, mu_s, sec, min, hour   8.72E+05  5.46E+02  4.76E+02  7.94E+00  1.32E-01
q, mu_s, sec, min, hour   8.92E+05  5.47E+02  4.88E+02  8.13E+00  1.35E-01
q, mu_s, sec, min, hour   9.12E+05  5.45E+02  4.97E+02  8.29E+00  1.38E-01
q, mu_s, sec, min, hour   9.34E+05  5.45E+02  5.09E+02  8.49E+00  1.41E-01
q, mu_s, sec, min, hour   9.56E+05  5.45E+02  5.21E+02  8.68E+00  1.45E-01
q, mu_s, sec, min, hour   9.78E+05  5.45E+02  5.33E+02  8.88E+00  1.48E-01
q, mu_s, sec, min, hour   1.00E+06  5.45E+02  5.45E+02  9.08E+00  1.51E-01
 Particle data written to file
 Particle mixing data written to file
 pasr: stopped, t, cpu_secs, nrec =  0.2000011       546.1055              -2
 pasr: stopped, t, cpu_secs, nrec =  0.2000011       546.1055              -2
  
MFU: fraction, index =    9.0000E-01      475
  
 Retrieve errors
 Fraction    error
   9.0000E-01   0.0000E+00
   9.9000E-01   0.0000E+00
   9.9900E-01   0.0000E+00
   9.9990E-01   0.0000E+00
   9.9999E-01   0.0000E+00
  
     j    x_min(j)    x_max(j)    x_diff(j)   x_mean(j)
     1    0.00E+00    3.33E-01    3.33E-01    5.44E-02
     2    0.00E+00    7.28E-02    7.28E-02    1.38E-02
     3    2.74E-01    3.33E-01    5.92E-02    2.95E-01
     4    0.00E+00    4.49E-03    4.49E-03    9.15E-04
     5    0.00E+00    5.66E-04    5.66E-04    9.81E-05
     6    0.00E+00    2.47E-03    2.47E-03    5.81E-04
     7    0.00E+00    1.00E-01    1.00E-01    6.49E-02
     8    0.00E+00    1.58E-05    1.58E-05    1.20E-06
     9    0.00E+00    4.25E-06    4.25E-06    4.46E-07
    10    0.00E+00    0.00E+00    0.00E+00    0.00E+00
    11    2.95E-02    2.70E-01    2.40E-01    1.88E-01
   
     j    f_min(j)    f_max(j)    f_diff(j)   fp_diff(j)    f_mean(j)
     1    0.00E+00    3.33E-01    3.33E-01    3.63E-02    4.99E-02
     2    0.00E+00    7.28E-02    7.28E-02    1.88E-02    1.16E-02
     3    2.74E-01    3.33E-01    5.92E-02    1.24E-16    2.95E-01
     4    0.00E+00    4.83E-03    4.83E-03    4.96E-03    1.12E-03
     5    0.00E+00    6.19E-04    6.19E-04    7.55E-04    1.21E-04
     6    0.00E+00    2.56E-03    2.56E-03    2.87E-03    7.16E-04
     7    0.00E+00    1.00E-01    1.00E-01    3.42E-02    6.91E-02
     8    0.00E+00    1.69E-05    1.69E-05    1.74E-05    1.28E-06
     9    0.00E+00    5.78E-06    5.78E-06    4.53E-06    4.50E-07
    10    0.00E+00    0.00E+00    0.00E+00    0.00E+00    0.00E+00
    11    2.95E-02    2.70E-01    2.40E-01    7.43E-02    1.97E-01
    12    1.48E-01    1.00E+00    8.52E-01    2.84E-01    7.27E-01
  
queries  =    1.0020E+06
prim_ret =    8.9802E+05
sec_ret  =    9.1819E+04
grow     =    9.6670E+03
add      =    2.4970E+03
replace  =    0.0000E+00
dir eval =    0.0000E+00
 
CPU (mu s)/query =    5.4502E+02
 -------------------------------------------------------------------------------
 -
                Operation     Calls  Failures         Time (mu s)    Time/call (mu s)
 -------------------------------------------------------------------------------
 -
                   ci_ceq         0         0            0.00E+00            0.00E+00
  ci_ice_chem_map (map=0)         0         0            0.00E+00            0.00E+00
  ci_ice_chem_map (map=1)         0         0            0.00E+00            0.00E+00
               ci_cem_tan         0         0            0.00E+00            0.00E+00
               ci_ice_tan         0         0            0.00E+00            0.00E+00
         ci_ice_pic_bound         0         0            0.00E+00            0.00E+00
                       lp         0         0            0.00E+00            0.00E+00
          rmap2 (map = 0)     12233         0            1.06E+07            8.63E+02
          rmap2 (map = 1)        69         0            2.86E+05            4.14E+03
                  ceq_nrs         0         0            0.00E+00            0.00E+00
               ci_linrmap         0         0            0.00E+00            0.00E+00
                     expm     26371         0            3.62E+05            1.37E+01
      ci_ice_facet_newton         0         0            0.00E+00            0.00E+00
 ci_ice_facet_newton_lmap         0         0            0.00E+00            0.00E+00
        ci_ice_pic_newton         0         0            0.00E+00            0.00E+00
   ci_ice_pic_newton_lmap         0         0            0.00E+00            0.00E+00
         ci_ice_recon_pic         0         0            0.00E+00            0.00E+00
    ci_ice_recon_pic_lmap         0         0            0.00E+00            0.00E+00
          ci_ice_recon_bc         0         0            0.00E+00            0.00E+00
     ci_ice_recon_bc_lmap         0         0            0.00E+00            0.00E+00
             ci_ice_recon         0         0            0.00E+00            0.00E+00
             ci_dens_temp         0         0            0.00E+00            0.00E+00
                 cidpt_dr         0         0            0.00E+00            0.00E+00
 ------------------------------------------------------------------------------
