 Number of species                 =      10
 Number of streams                 =       3
 Flow rates of streams             =  0.0000  0.3041  0.6959
 PASR starting: number of particles=    1000
 Residence time, tres (seconds)    =   4.0000E-03
 04/06/2012: Prior to this date, due to a bug tres was twice the specified tres
 Mixing time, tmix (seconds)       =   1.0000E-02
 Pairing time, tpair (seconds)     =   1.0000E-02
 Min. and max. time step (seconds) =   4.0000E-04   4.0000E-04
 Number of steps                   =   5.0000E+02
 Number of sub-steps per step      =       2
 Number of particle-sub-steps      =   1.0000E+06
 Maximum pressure (atm.)           =   1.0000E+00
 Minumum pressure (atm.)           =   1.0000E+00
 Period of pressure variation (sec)=   1.0000E-03
 Particle data read from file
 PaSR starting
 ...
q, mu_s, sec, min, hour   4.00E+03  7.93E+02  3.17E+00  5.29E-02  8.82E-04
q, mu_s, sec, min, hour   8.00E+03  6.67E+02  5.34E+00  8.90E-02  1.48E-03
q, mu_s, sec, min, hour   1.20E+04  6.25E+02  7.49E+00  1.25E-01  2.08E-03
q, mu_s, sec, min, hour   1.60E+04  6.00E+02  9.60E+00  1.60E-01  2.67E-03
q, mu_s, sec, min, hour   2.00E+04  5.78E+02  1.16E+01  1.93E-01  3.21E-03
q, mu_s, sec, min, hour   2.40E+04  5.44E+02  1.30E+01  2.17E-01  3.62E-03
q, mu_s, sec, min, hour   2.80E+04  5.35E+02  1.50E+01  2.50E-01  4.16E-03
q, mu_s, sec, min, hour   3.20E+04  5.46E+02  1.75E+01  2.91E-01  4.85E-03
q, mu_s, sec, min, hour   3.60E+04  5.52E+02  1.99E+01  3.31E-01  5.52E-03
q, mu_s, sec, min, hour   4.00E+04  5.44E+02  2.18E+01  3.63E-01  6.05E-03
q, mu_s, sec, min, hour   4.40E+04  5.42E+02  2.38E+01  3.97E-01  6.62E-03
q, mu_s, sec, min, hour   4.80E+04  5.53E+02  2.65E+01  4.42E-01  7.37E-03
q, mu_s, sec, min, hour   5.20E+04  5.49E+02  2.86E+01  4.76E-01  7.93E-03
q, mu_s, sec, min, hour   5.60E+04  5.36E+02  3.00E+01  5.00E-01  8.34E-03
q, mu_s, sec, min, hour   6.00E+04  5.34E+02  3.21E+01  5.34E-01  8.90E-03
q, mu_s, sec, min, hour   6.40E+04  5.31E+02  3.40E+01  5.66E-01  9.43E-03
q, mu_s, sec, min, hour   6.80E+04  5.23E+02  3.56E+01  5.93E-01  9.89E-03
q, mu_s, sec, min, hour   7.20E+04  5.20E+02  3.74E+01  6.24E-01  1.04E-02
q, mu_s, sec, min, hour   7.60E+04  5.12E+02  3.89E+01  6.48E-01  1.08E-02
q, mu_s, sec, min, hour   8.00E+04  5.16E+02  4.13E+01  6.88E-01  1.15E-02
q, mu_s, sec, min, hour   8.40E+04  5.13E+02  4.31E+01  7.19E-01  1.20E-02
q, mu_s, sec, min, hour   8.80E+04  5.22E+02  4.59E+01  7.65E-01  1.28E-02
q, mu_s, sec, min, hour   9.20E+04  5.23E+02  4.82E+01  8.03E-01  1.34E-02
q, mu_s, sec, min, hour   9.60E+04  5.31E+02  5.10E+01  8.49E-01  1.42E-02
q, mu_s, sec, min, hour   1.00E+05  5.39E+02  5.39E+01  8.98E-01  1.50E-02
q, mu_s, sec, min, hour   1.04E+05  5.46E+02  5.68E+01  9.46E-01  1.58E-02
q, mu_s, sec, min, hour   1.10E+05  5.43E+02  5.98E+01  9.96E-01  1.66E-02
q, mu_s, sec, min, hour   1.16E+05  5.47E+02  6.34E+01  1.06E+00  1.76E-02
q, mu_s, sec, min, hour   1.22E+05  5.50E+02  6.71E+01  1.12E+00  1.86E-02
q, mu_s, sec, min, hour   1.28E+05  5.50E+02  7.04E+01  1.17E+00  1.96E-02
q, mu_s, sec, min, hour   1.34E+05  5.46E+02  7.31E+01  1.22E+00  2.03E-02
q, mu_s, sec, min, hour   1.40E+05  5.44E+02  7.62E+01  1.27E+00  2.12E-02
q, mu_s, sec, min, hour   1.46E+05  5.45E+02  7.96E+01  1.33E+00  2.21E-02
q, mu_s, sec, min, hour   1.52E+05  5.41E+02  8.23E+01  1.37E+00  2.29E-02
q, mu_s, sec, min, hour   1.58E+05  5.40E+02  8.53E+01  1.42E+00  2.37E-02
q, mu_s, sec, min, hour   1.64E+05  5.44E+02  8.92E+01  1.49E+00  2.48E-02
q, mu_s, sec, min, hour   1.70E+05  5.46E+02  9.28E+01  1.55E+00  2.58E-02
q, mu_s, sec, min, hour   1.76E+05  5.44E+02  9.58E+01  1.60E+00  2.66E-02
q, mu_s, sec, min, hour   1.82E+05  5.41E+02  9.84E+01  1.64E+00  2.73E-02
q, mu_s, sec, min, hour   1.88E+05  5.36E+02  1.01E+02  1.68E+00  2.80E-02
q, mu_s, sec, min, hour   1.94E+05  5.35E+02  1.04E+02  1.73E+00  2.88E-02
q, mu_s, sec, min, hour   2.00E+05  5.33E+02  1.07E+02  1.78E+00  2.96E-02
q, mu_s, sec, min, hour   2.06E+05  5.35E+02  1.10E+02  1.84E+00  3.06E-02
q, mu_s, sec, min, hour   2.14E+05  5.32E+02  1.14E+02  1.90E+00  3.16E-02
q, mu_s, sec, min, hour   2.22E+05  5.40E+02  1.20E+02  2.00E+00  3.33E-02
q, mu_s, sec, min, hour   2.30E+05  5.42E+02  1.25E+02  2.08E+00  3.46E-02
q, mu_s, sec, min, hour   2.38E+05  5.42E+02  1.29E+02  2.15E+00  3.58E-02
q, mu_s, sec, min, hour   2.46E+05  5.42E+02  1.33E+02  2.22E+00  3.70E-02
q, mu_s, sec, min, hour   2.54E+05  5.43E+02  1.38E+02  2.30E+00  3.83E-02
q, mu_s, sec, min, hour   2.62E+05  5.39E+02  1.41E+02  2.35E+00  3.92E-02
q, mu_s, sec, min, hour   2.70E+05  5.38E+02  1.45E+02  2.42E+00  4.04E-02
q, mu_s, sec, min, hour   2.78E+05  5.37E+02  1.49E+02  2.49E+00  4.15E-02
q, mu_s, sec, min, hour   2.86E+05  5.37E+02  1.54E+02  2.56E+00  4.27E-02
q, mu_s, sec, min, hour   2.94E+05  5.36E+02  1.58E+02  2.63E+00  4.38E-02
q, mu_s, sec, min, hour   3.02E+05  5.36E+02  1.62E+02  2.70E+00  4.50E-02
q, mu_s, sec, min, hour   3.12E+05  5.32E+02  1.66E+02  2.77E+00  4.61E-02
q, mu_s, sec, min, hour   3.22E+05  5.28E+02  1.70E+02  2.83E+00  4.72E-02
q, mu_s, sec, min, hour   3.32E+05  5.27E+02  1.75E+02  2.91E+00  4.86E-02
q, mu_s, sec, min, hour   3.42E+05  5.24E+02  1.79E+02  2.99E+00  4.98E-02
q, mu_s, sec, min, hour   3.52E+05  5.24E+02  1.84E+02  3.07E+00  5.12E-02
q, mu_s, sec, min, hour   3.62E+05  5.23E+02  1.89E+02  3.16E+00  5.26E-02
q, mu_s, sec, min, hour   3.72E+05  5.24E+02  1.95E+02  3.25E+00  5.41E-02
q, mu_s, sec, min, hour   3.82E+05  5.23E+02  2.00E+02  3.33E+00  5.55E-02
q, mu_s, sec, min, hour   3.92E+05  5.22E+02  2.05E+02  3.41E+00  5.68E-02
q, mu_s, sec, min, hour   4.02E+05  5.19E+02  2.09E+02  3.48E+00  5.79E-02
q, mu_s, sec, min, hour   4.14E+05  5.17E+02  2.14E+02  3.57E+00  5.95E-02
q, mu_s, sec, min, hour   4.26E+05  5.14E+02  2.19E+02  3.65E+00  6.08E-02
q, mu_s, sec, min, hour   4.38E+05  5.13E+02  2.24E+02  3.74E+00  6.24E-02
q, mu_s, sec, min, hour   4.50E+05  5.12E+02  2.31E+02  3.84E+00  6.40E-02
q, mu_s, sec, min, hour   4.62E+05  5.10E+02  2.36E+02  3.93E+00  6.54E-02
q, mu_s, sec, min, hour   4.74E+05  5.10E+02  2.42E+02  4.03E+00  6.71E-02
q, mu_s, sec, min, hour   4.86E+05  5.09E+02  2.47E+02  4.12E+00  6.87E-02
q, mu_s, sec, min, hour   4.98E+05  5.10E+02  2.54E+02  4.23E+00  7.06E-02
q, mu_s, sec, min, hour   5.10E+05  5.09E+02  2.60E+02  4.33E+00  7.22E-02
q, mu_s, sec, min, hour   5.24E+05  5.09E+02  2.67E+02  4.45E+00  7.41E-02
q, mu_s, sec, min, hour   5.38E+05  5.10E+02  2.74E+02  4.57E+00  7.62E-02
q, mu_s, sec, min, hour   5.52E+05  5.11E+02  2.82E+02  4.70E+00  7.84E-02
q, mu_s, sec, min, hour   5.66E+05  5.11E+02  2.89E+02  4.82E+00  8.03E-02
q, mu_s, sec, min, hour   5.80E+05  5.08E+02  2.95E+02  4.91E+00  8.19E-02
q, mu_s, sec, min, hour   5.94E+05  5.10E+02  3.03E+02  5.05E+00  8.41E-02
q, mu_s, sec, min, hour   6.08E+05  5.11E+02  3.10E+02  5.17E+00  8.62E-02
q, mu_s, sec, min, hour   6.24E+05  5.12E+02  3.19E+02  5.32E+00  8.87E-02
q, mu_s, sec, min, hour   6.40E+05  5.11E+02  3.27E+02  5.45E+00  9.09E-02
q, mu_s, sec, min, hour   6.56E+05  5.09E+02  3.34E+02  5.56E+00  9.27E-02
q, mu_s, sec, min, hour   6.72E+05  5.08E+02  3.41E+02  5.68E+00  9.47E-02
q, mu_s, sec, min, hour   6.88E+05  5.11E+02  3.52E+02  5.86E+00  9.77E-02
q, mu_s, sec, min, hour   7.04E+05  5.13E+02  3.61E+02  6.02E+00  1.00E-01
q, mu_s, sec, min, hour   7.22E+05  5.11E+02  3.69E+02  6.15E+00  1.02E-01
q, mu_s, sec, min, hour   7.40E+05  5.11E+02  3.78E+02  6.31E+00  1.05E-01
q, mu_s, sec, min, hour   7.58E+05  5.11E+02  3.88E+02  6.46E+00  1.08E-01
q, mu_s, sec, min, hour   7.76E+05  5.10E+02  3.96E+02  6.60E+00  1.10E-01
q, mu_s, sec, min, hour   7.94E+05  5.09E+02  4.04E+02  6.74E+00  1.12E-01
q, mu_s, sec, min, hour   8.12E+05  5.08E+02  4.13E+02  6.88E+00  1.15E-01
q, mu_s, sec, min, hour   8.32E+05  5.10E+02  4.24E+02  7.07E+00  1.18E-01
q, mu_s, sec, min, hour   8.52E+05  5.12E+02  4.36E+02  7.27E+00  1.21E-01
q, mu_s, sec, min, hour   8.72E+05  5.10E+02  4.45E+02  7.42E+00  1.24E-01
q, mu_s, sec, min, hour   8.92E+05  5.09E+02  4.54E+02  7.56E+00  1.26E-01
q, mu_s, sec, min, hour   9.12E+05  5.07E+02  4.63E+02  7.71E+00  1.29E-01
q, mu_s, sec, min, hour   9.34E+05  5.07E+02  4.73E+02  7.88E+00  1.31E-01
q, mu_s, sec, min, hour   9.56E+05  5.06E+02  4.84E+02  8.07E+00  1.35E-01
q, mu_s, sec, min, hour   9.78E+05  5.07E+02  4.96E+02  8.27E+00  1.38E-01
q, mu_s, sec, min, hour   1.00E+06  5.07E+02  5.07E+02  8.45E+00  1.41E-01
 Particle data written to file
 Particle mixing data written to file
 pasr: stopped, t, cpu_secs, nrec =  0.2000011       508.2573              -2
 pasr: stopped, t, cpu_secs, nrec =  0.2000011       508.2573              -2
  
MFU: fraction, index =    9.0000E-01      326
  
 Retrieve errors
 Fraction    error
   9.0000E-01   0.0000E+00
   9.9000E-01   0.0000E+00
   9.9900E-01   0.0000E+00
   9.9990E-01   0.0000E+00
   9.9999E-01   0.0000E+00
  
     j    x_min(j)    x_max(j)    x_diff(j)   x_mean(j)
     1    0.00E+00    3.33E-01    3.33E-01    5.58E-02
     2    0.00E+00    7.28E-02    7.28E-02    1.34E-02
     3    2.74E-01    3.33E-01    5.92E-02    2.95E-01
     4    0.00E+00    4.34E-03    4.34E-03    9.29E-04
     5    0.00E+00    5.79E-04    5.79E-04    9.78E-05
     6    0.00E+00    2.50E-03    2.50E-03    5.75E-04
     7    0.00E+00    1.00E-01    1.00E-01    6.50E-02
     8    0.00E+00    1.51E-05    1.51E-05    1.18E-06
     9    0.00E+00    3.78E-06    3.78E-06    4.33E-07
    10    0.00E+00    0.00E+00    0.00E+00    0.00E+00
    11    2.95E-02    2.70E-01    2.40E-01    1.88E-01
   
     j    f_min(j)    f_max(j)    f_diff(j)   fp_diff(j)    f_mean(j)
     1    0.00E+00    3.33E-01    3.33E-01    3.79E-02    5.11E-02
     2    0.00E+00    7.28E-02    7.28E-02    2.00E-02    1.11E-02
     3    2.74E-01    3.33E-01    5.92E-02    1.04E-16    2.95E-01
     4    0.00E+00    4.79E-03    4.79E-03    4.52E-03    1.12E-03
     5    0.00E+00    6.33E-04    6.33E-04    8.37E-04    1.22E-04
     6    0.00E+00    2.58E-03    2.58E-03    3.24E-03    7.14E-04
     7    0.00E+00    1.00E-01    1.00E-01    3.59E-02    6.94E-02
     8    0.00E+00    1.74E-05    1.74E-05    1.69E-05    1.23E-06
     9    0.00E+00    4.83E-06    4.83E-06    3.17E-06    4.29E-07
    10    0.00E+00    0.00E+00    0.00E+00    0.00E+00    0.00E+00
    11    2.95E-02    2.70E-01    2.40E-01    7.86E-02    1.98E-01
    12    1.48E-01    1.00E+00    8.52E-01    3.05E-01    7.28E-01
  
queries  =    1.0020E+06
prim_ret =    9.1856E+05
sec_ret  =    7.1370E+04
grow     =    9.6070E+03
add      =    2.4660E+03
replace  =    0.0000E+00
dir eval =    0.0000E+00
 
CPU (mu s)/query =    5.0724E+02
 -------------------------------------------------------------------------------
 -
                Operation     Calls  Failures         Time (mu s)    Time/call (mu s)
 -------------------------------------------------------------------------------
 -
                   ci_ceq         0         0            0.00E+00            0.00E+00
  ci_ice_chem_map (map=0)         0         0            0.00E+00            0.00E+00
  ci_ice_chem_map (map=1)         0         0            0.00E+00            0.00E+00
               ci_cem_tan         0         0            0.00E+00            0.00E+00
               ci_ice_tan         0         0            0.00E+00            0.00E+00
         ci_ice_pic_bound         0         0            0.00E+00            0.00E+00
                       lp         0         0            0.00E+00            0.00E+00
          rmap2 (map = 0)     12124         0            1.01E+07            8.31E+02
          rmap2 (map = 1)        51         0            1.63E+05            3.21E+03
                  ceq_nrs         0         0            0.00E+00            0.00E+00
               ci_linrmap         0         0            0.00E+00            0.00E+00
                     expm     26237         0            3.58E+05            1.37E+01
      ci_ice_facet_newton         0         0            0.00E+00            0.00E+00
 ci_ice_facet_newton_lmap         0         0            0.00E+00            0.00E+00
        ci_ice_pic_newton         0         0            0.00E+00            0.00E+00
   ci_ice_pic_newton_lmap         0         0            0.00E+00            0.00E+00
         ci_ice_recon_pic         0         0            0.00E+00            0.00E+00
    ci_ice_recon_pic_lmap         0         0            0.00E+00            0.00E+00
          ci_ice_recon_bc         0         0            0.00E+00            0.00E+00
     ci_ice_recon_bc_lmap         0         0            0.00E+00            0.00E+00
             ci_ice_recon         0         0            0.00E+00            0.00E+00
             ci_dens_temp         0         0            0.00E+00            0.00E+00
                 cidpt_dr         0         0            0.00E+00            0.00E+00
 ------------------------------------------------------------------------------
