 Number of species                 =      10
 Number of streams                 =       3
 Flow rates of streams             =  0.0000  0.3041  0.6959
 PASR starting: number of particles=    1000
 Residence time, tres (seconds)    =   4.0000E-03
 04/06/2012: Prior to this date, due to a bug tres was twice the specified tres
 Mixing time, tmix (seconds)       =   3.0000E-03
 Pairing time, tpair (seconds)     =   3.0000E-03
 Min. and max. time step (seconds) =   3.0000E-04   3.0000E-04
 Number of steps                   =   6.6667E+02
 Number of sub-steps per step      =       3
 Number of particle-sub-steps      =   2.0000E+06
 Maximum pressure (atm.)           =   1.0000E+00
 Minumum pressure (atm.)           =   1.0000E+00
 Period of pressure variation (sec)=   1.0000E-03
 Particle data read from file
 PaSR starting
 ...
q, mu_s, sec, min, hour   6.00E+03  3.88E+02  2.33E+00  3.88E-02  6.47E-04
q, mu_s, sec, min, hour   1.20E+04  3.49E+02  4.19E+00  6.99E-02  1.16E-03
q, mu_s, sec, min, hour   1.80E+04  3.35E+02  6.03E+00  1.00E-01  1.67E-03
q, mu_s, sec, min, hour   2.40E+04  3.35E+02  8.04E+00  1.34E-01  2.23E-03
q, mu_s, sec, min, hour   3.00E+04  3.23E+02  9.70E+00  1.62E-01  2.69E-03
q, mu_s, sec, min, hour   3.60E+04  3.17E+02  1.14E+01  1.90E-01  3.17E-03
q, mu_s, sec, min, hour   4.20E+04  3.11E+02  1.31E+01  2.18E-01  3.63E-03
q, mu_s, sec, min, hour   4.80E+04  3.02E+02  1.45E+01  2.41E-01  4.02E-03
q, mu_s, sec, min, hour   5.40E+04  2.94E+02  1.59E+01  2.65E-01  4.41E-03
q, mu_s, sec, min, hour   6.00E+04  2.84E+02  1.70E+01  2.84E-01  4.73E-03
q, mu_s, sec, min, hour   6.60E+04  2.77E+02  1.83E+01  3.04E-01  5.07E-03
q, mu_s, sec, min, hour   7.20E+04  2.71E+02  1.95E+01  3.25E-01  5.41E-03
q, mu_s, sec, min, hour   7.80E+04  2.64E+02  2.06E+01  3.43E-01  5.72E-03
q, mu_s, sec, min, hour   8.40E+04  2.59E+02  2.18E+01  3.63E-01  6.05E-03
q, mu_s, sec, min, hour   9.00E+04  2.52E+02  2.27E+01  3.79E-01  6.31E-03
q, mu_s, sec, min, hour   9.60E+04  2.44E+02  2.34E+01  3.91E-01  6.51E-03
q, mu_s, sec, min, hour   1.02E+05  2.40E+02  2.44E+01  4.07E-01  6.79E-03
q, mu_s, sec, min, hour   1.08E+05  2.34E+02  2.52E+01  4.20E-01  7.01E-03
q, mu_s, sec, min, hour   1.14E+05  2.27E+02  2.58E+01  4.31E-01  7.18E-03
q, mu_s, sec, min, hour   1.20E+05  2.20E+02  2.63E+01  4.39E-01  7.32E-03
q, mu_s, sec, min, hour   1.26E+05  2.15E+02  2.70E+01  4.51E-01  7.51E-03
q, mu_s, sec, min, hour   1.32E+05  2.09E+02  2.76E+01  4.61E-01  7.68E-03
q, mu_s, sec, min, hour   1.38E+05  2.04E+02  2.82E+01  4.70E-01  7.83E-03
q, mu_s, sec, min, hour   1.44E+05  1.98E+02  2.85E+01  4.75E-01  7.92E-03
q, mu_s, sec, min, hour   1.50E+05  1.92E+02  2.89E+01  4.81E-01  8.02E-03
q, mu_s, sec, min, hour   1.56E+05  1.87E+02  2.92E+01  4.86E-01  8.11E-03
q, mu_s, sec, min, hour   1.65E+05  1.80E+02  2.97E+01  4.95E-01  8.25E-03
q, mu_s, sec, min, hour   1.74E+05  1.73E+02  3.01E+01  5.01E-01  8.36E-03
q, mu_s, sec, min, hour   1.83E+05  1.67E+02  3.05E+01  5.09E-01  8.48E-03
q, mu_s, sec, min, hour   1.92E+05  1.61E+02  3.09E+01  5.15E-01  8.58E-03
q, mu_s, sec, min, hour   2.01E+05  1.55E+02  3.11E+01  5.19E-01  8.65E-03
q, mu_s, sec, min, hour   2.10E+05  1.50E+02  3.15E+01  5.26E-01  8.76E-03
q, mu_s, sec, min, hour   2.19E+05  1.45E+02  3.18E+01  5.30E-01  8.84E-03
q, mu_s, sec, min, hour   2.28E+05  1.41E+02  3.21E+01  5.34E-01  8.91E-03
q, mu_s, sec, min, hour   2.37E+05  1.37E+02  3.24E+01  5.40E-01  9.00E-03
q, mu_s, sec, min, hour   2.46E+05  1.33E+02  3.27E+01  5.44E-01  9.07E-03
q, mu_s, sec, min, hour   2.55E+05  1.29E+02  3.29E+01  5.49E-01  9.14E-03
q, mu_s, sec, min, hour   2.64E+05  1.25E+02  3.31E+01  5.52E-01  9.20E-03
q, mu_s, sec, min, hour   2.73E+05  1.22E+02  3.32E+01  5.54E-01  9.23E-03
q, mu_s, sec, min, hour   2.82E+05  1.18E+02  3.34E+01  5.56E-01  9.27E-03
q, mu_s, sec, min, hour   2.91E+05  1.15E+02  3.35E+01  5.58E-01  9.29E-03
q, mu_s, sec, min, hour   3.00E+05  1.12E+02  3.36E+01  5.60E-01  9.33E-03
q, mu_s, sec, min, hour   3.09E+05  1.09E+02  3.37E+01  5.61E-01  9.35E-03
q, mu_s, sec, min, hour   3.21E+05  1.05E+02  3.38E+01  5.63E-01  9.38E-03
q, mu_s, sec, min, hour   3.33E+05  1.02E+02  3.38E+01  5.64E-01  9.40E-03
q, mu_s, sec, min, hour   3.45E+05  9.82E+01  3.39E+01  5.65E-01  9.41E-03
q, mu_s, sec, min, hour   3.57E+05  9.51E+01  3.39E+01  5.66E-01  9.43E-03
q, mu_s, sec, min, hour   3.69E+05  9.21E+01  3.40E+01  5.66E-01  9.44E-03
q, mu_s, sec, min, hour   3.81E+05  8.93E+01  3.40E+01  5.67E-01  9.45E-03
q, mu_s, sec, min, hour   3.93E+05  8.67E+01  3.41E+01  5.68E-01  9.47E-03
q, mu_s, sec, min, hour   4.05E+05  8.43E+01  3.41E+01  5.69E-01  9.48E-03
q, mu_s, sec, min, hour   4.17E+05  8.20E+01  3.42E+01  5.70E-01  9.49E-03
q, mu_s, sec, min, hour   4.29E+05  7.98E+01  3.42E+01  5.70E-01  9.51E-03
q, mu_s, sec, min, hour   4.41E+05  7.77E+01  3.43E+01  5.71E-01  9.52E-03
q, mu_s, sec, min, hour   4.53E+05  7.58E+01  3.43E+01  5.72E-01  9.53E-03
q, mu_s, sec, min, hour   4.68E+05  7.35E+01  3.44E+01  5.73E-01  9.55E-03
q, mu_s, sec, min, hour   4.83E+05  7.13E+01  3.44E+01  5.74E-01  9.57E-03
q, mu_s, sec, min, hour   4.98E+05  6.93E+01  3.45E+01  5.75E-01  9.58E-03
q, mu_s, sec, min, hour   5.13E+05  6.73E+01  3.45E+01  5.76E-01  9.60E-03
q, mu_s, sec, min, hour   5.28E+05  6.55E+01  3.46E+01  5.77E-01  9.61E-03
q, mu_s, sec, min, hour   5.43E+05  6.38E+01  3.47E+01  5.78E-01  9.63E-03
q, mu_s, sec, min, hour   5.58E+05  6.22E+01  3.47E+01  5.79E-01  9.65E-03
q, mu_s, sec, min, hour   5.73E+05  6.07E+01  3.48E+01  5.80E-01  9.66E-03
q, mu_s, sec, min, hour   5.88E+05  5.93E+01  3.48E+01  5.81E-01  9.68E-03
q, mu_s, sec, min, hour   6.03E+05  5.79E+01  3.49E+01  5.82E-01  9.69E-03
q, mu_s, sec, min, hour   6.21E+05  5.63E+01  3.50E+01  5.83E-01  9.71E-03
q, mu_s, sec, min, hour   6.39E+05  5.48E+01  3.50E+01  5.84E-01  9.73E-03
q, mu_s, sec, min, hour   6.57E+05  5.34E+01  3.51E+01  5.85E-01  9.74E-03
q, mu_s, sec, min, hour   6.75E+05  5.21E+01  3.51E+01  5.86E-01  9.76E-03
q, mu_s, sec, min, hour   6.93E+05  5.08E+01  3.52E+01  5.87E-01  9.78E-03
q, mu_s, sec, min, hour   7.11E+05  4.96E+01  3.53E+01  5.88E-01  9.80E-03
q, mu_s, sec, min, hour   7.29E+05  4.85E+01  3.53E+01  5.89E-01  9.81E-03
q, mu_s, sec, min, hour   7.47E+05  4.74E+01  3.54E+01  5.90E-01  9.83E-03
q, mu_s, sec, min, hour   7.65E+05  4.63E+01  3.55E+01  5.91E-01  9.85E-03
q, mu_s, sec, min, hour   7.86E+05  4.52E+01  3.55E+01  5.92E-01  9.87E-03
q, mu_s, sec, min, hour   8.07E+05  4.41E+01  3.56E+01  5.93E-01  9.89E-03
q, mu_s, sec, min, hour   8.28E+05  4.31E+01  3.57E+01  5.95E-01  9.91E-03
q, mu_s, sec, min, hour   8.49E+05  4.21E+01  3.58E+01  5.96E-01  9.93E-03
q, mu_s, sec, min, hour   8.70E+05  4.12E+01  3.58E+01  5.97E-01  9.95E-03
q, mu_s, sec, min, hour   8.91E+05  4.03E+01  3.59E+01  5.98E-01  9.97E-03
q, mu_s, sec, min, hour   9.12E+05  3.94E+01  3.60E+01  6.00E-01  9.99E-03
q, mu_s, sec, min, hour   9.36E+05  3.85E+01  3.61E+01  6.01E-01  1.00E-02
q, mu_s, sec, min, hour   9.60E+05  3.76E+01  3.61E+01  6.02E-01  1.00E-02
q, mu_s, sec, min, hour   9.84E+05  3.68E+01  3.62E+01  6.04E-01  1.01E-02
q, mu_s, sec, min, hour   1.01E+06  3.60E+01  3.63E+01  6.05E-01  1.01E-02
q, mu_s, sec, min, hour   1.03E+06  3.53E+01  3.64E+01  6.07E-01  1.01E-02
q, mu_s, sec, min, hour   1.06E+06  3.45E+01  3.65E+01  6.08E-01  1.01E-02
q, mu_s, sec, min, hour   1.08E+06  3.38E+01  3.66E+01  6.09E-01  1.02E-02
q, mu_s, sec, min, hour   1.11E+06  3.30E+01  3.67E+01  6.11E-01  1.02E-02
q, mu_s, sec, min, hour   1.14E+06  3.23E+01  3.68E+01  6.13E-01  1.02E-02
q, mu_s, sec, min, hour   1.16E+06  3.17E+01  3.68E+01  6.14E-01  1.02E-02
q, mu_s, sec, min, hour   1.19E+06  3.10E+01  3.69E+01  6.16E-01  1.03E-02
q, mu_s, sec, min, hour   1.22E+06  3.04E+01  3.70E+01  6.17E-01  1.03E-02
q, mu_s, sec, min, hour   1.25E+06  2.98E+01  3.71E+01  6.19E-01  1.03E-02
q, mu_s, sec, min, hour   1.28E+06  2.91E+01  3.72E+01  6.21E-01  1.03E-02
q, mu_s, sec, min, hour   1.31E+06  2.85E+01  3.73E+01  6.22E-01  1.04E-02
q, mu_s, sec, min, hour   1.34E+06  2.80E+01  3.74E+01  6.24E-01  1.04E-02
q, mu_s, sec, min, hour   1.37E+06  2.74E+01  3.75E+01  6.25E-01  1.04E-02
q, mu_s, sec, min, hour   1.40E+06  2.69E+01  3.76E+01  6.27E-01  1.05E-02
q, mu_s, sec, min, hour   1.43E+06  2.63E+01  3.77E+01  6.29E-01  1.05E-02
q, mu_s, sec, min, hour   1.47E+06  2.58E+01  3.79E+01  6.31E-01  1.05E-02
q, mu_s, sec, min, hour   1.50E+06  2.53E+01  3.80E+01  6.33E-01  1.05E-02
q, mu_s, sec, min, hour   1.53E+06  2.48E+01  3.81E+01  6.34E-01  1.06E-02
q, mu_s, sec, min, hour   1.57E+06  2.43E+01  3.82E+01  6.36E-01  1.06E-02
q, mu_s, sec, min, hour   1.60E+06  2.39E+01  3.83E+01  6.38E-01  1.06E-02
q, mu_s, sec, min, hour   1.64E+06  2.34E+01  3.84E+01  6.40E-01  1.07E-02
q, mu_s, sec, min, hour   1.68E+06  2.30E+01  3.85E+01  6.42E-01  1.07E-02
q, mu_s, sec, min, hour   1.72E+06  2.25E+01  3.87E+01  6.44E-01  1.07E-02
q, mu_s, sec, min, hour   1.76E+06  2.21E+01  3.88E+01  6.47E-01  1.08E-02
q, mu_s, sec, min, hour   1.79E+06  2.17E+01  3.89E+01  6.49E-01  1.08E-02
q, mu_s, sec, min, hour   1.83E+06  2.13E+01  3.91E+01  6.51E-01  1.08E-02
q, mu_s, sec, min, hour   1.88E+06  2.09E+01  3.92E+01  6.53E-01  1.09E-02
q, mu_s, sec, min, hour   1.92E+06  2.05E+01  3.93E+01  6.56E-01  1.09E-02
q, mu_s, sec, min, hour   1.96E+06  2.01E+01  3.95E+01  6.58E-01  1.10E-02
q, mu_s, sec, min, hour   2.00E+06  1.98E+01  3.96E+01  6.60E-01  1.10E-02
 Particle data written to file
 Particle mixing data written to file
 pasr: stopped, t, cpu_secs, nrec =  0.2001009       39.62228              -2
 pasr: stopped, t, cpu_secs, nrec =  0.2001009       39.62228              -2
  
MFU: fraction, index =    9.0000E-01       19
  
 Retrieve errors
 Fraction    error
   9.0000E-01   0.0000E+00
   9.9000E-01   0.0000E+00
   9.9900E-01   0.0000E+00
   9.9990E-01   0.0000E+00
   9.9999E-01   0.0000E+00
  
     j    x_min(j)    x_max(j)    x_diff(j)   x_mean(j)
     1    0.00E+00    3.26E-01    3.26E-01    6.92E-02
     2    0.00E+00    7.28E-02    7.28E-02    2.36E-02
     3    2.74E-01    3.32E-01    5.83E-02    2.95E-01
     4    0.00E+00    1.77E-02    1.77E-02    1.10E-03
     5    0.00E+00    2.57E-03    2.57E-03    1.17E-04
     6    0.00E+00    3.14E-03    3.14E-03    3.84E-04
     7    0.00E+00    9.89E-02    9.89E-02    4.68E-02
     8    0.00E+00    6.34E-05    6.34E-05    7.07E-06
     9    0.00E+00    1.36E-04    1.36E-04    2.96E-06
    10    0.00E+00    0.00E+00    0.00E+00    0.00E+00
    11    2.95E-02    2.67E-01    2.38E-01    1.45E-01
   
     j    f_min(j)    f_max(j)    f_diff(j)   fp_diff(j)    f_mean(j)
     1    5.98E-51    3.26E-01    3.26E-01    6.85E-02    6.05E-02
     2    2.49E-09    7.28E-02    7.28E-02    3.28E-02    1.93E-02
     3    2.74E-01    3.32E-01    5.83E-02    2.43E-17    2.95E-01
     4    0.00E+00    1.77E-02    1.77E-02    2.00E-02    2.02E-03
     5    0.00E+00    2.57E-03    2.57E-03    2.89E-03    2.65E-04
     6    0.00E+00    3.16E-03    3.16E-03    4.10E-03    6.98E-04
     7    7.95E-44    9.90E-02    9.90E-02    6.10E-02    5.49E-02
     8    1.83E-21    6.51E-05    6.51E-05    6.99E-05    1.18E-05
     9    1.22E-34    1.36E-04    1.36E-04    7.58E-05    3.62E-06
    10    0.00E+00    0.00E+00    0.00E+00    0.00E+00    0.00E+00
    11    2.95E-02    2.67E-01    2.38E-01    1.16E-01    1.61E-01
    12    1.48E-01    9.89E-01    8.41E-01    4.57E-01    6.05E-01
  
queries  =    2.0040E+06
prim_ret =    1.9537E+06
sec_ret  =    3.4310E+04
grow     =    1.0860E+04
add      =    5.1050E+03
replace  =    0.0000E+00
dir eval =    0.0000E+00
 
CPU (mu s)/query =    1.9772E+01
 -------------------------------------------------------------------------------
 -
                Operation     Calls  Failures         Time (mu s)    Time/call (mu s)
 -------------------------------------------------------------------------------
 -
                   ci_ceq         0         0            0.00E+00            0.00E+00
  ci_ice_chem_map (map=0)         0         0            0.00E+00            0.00E+00
  ci_ice_chem_map (map=1)         0         0            0.00E+00            0.00E+00
               ci_cem_tan         0         0            0.00E+00            0.00E+00
               ci_ice_tan         0         0            0.00E+00            0.00E+00
         ci_ice_pic_bound         0         0            0.00E+00            0.00E+00
                       lp         0         0            0.00E+00            0.00E+00
          rmap2 (map = 0)     17249         0            1.27E+07            7.38E+02
          rmap2 (map = 1)      1284         0            7.40E+06            5.76E+03
                  ceq_nrs         0         0            0.00E+00            0.00E+00
               ci_linrmap         0         0            0.00E+00            0.00E+00
                     expm     42829         0            6.88E+05            1.61E+01
      ci_ice_facet_newton         0         0            0.00E+00            0.00E+00
 ci_ice_facet_newton_lmap         0         0            0.00E+00            0.00E+00
        ci_ice_pic_newton         0         0            0.00E+00            0.00E+00
   ci_ice_pic_newton_lmap         0         0            0.00E+00            0.00E+00
         ci_ice_recon_pic         0         0            0.00E+00            0.00E+00
    ci_ice_recon_pic_lmap         0         0            0.00E+00            0.00E+00
          ci_ice_recon_bc         0         0            0.00E+00            0.00E+00
     ci_ice_recon_bc_lmap         0         0            0.00E+00            0.00E+00
             ci_ice_recon         0         0            0.00E+00            0.00E+00
             ci_dens_temp         0         0            0.00E+00            0.00E+00
                 cidpt_dr         0         0            0.00E+00            0.00E+00
 ------------------------------------------------------------------------------
