 Number of species                 =      10
 Number of streams                 =       3
 Flow rates of streams             =  0.0000  0.3628  0.6372
 PASR starting: number of particles=    1000
 Residence time, tres (seconds)    =   4.0000E-03
 04/06/2012: Prior to this date, due to a bug tres was twice the specified tres
 Mixing time, tmix (seconds)       =   7.0000E-04
 Pairing time, tpair (seconds)     =   7.0000E-04
 Min. and max. time step (seconds) =   7.0000E-05   7.0000E-05
 Number of steps                   =   2.8571E+03
 Number of sub-steps per step      =       3
 Number of particle-sub-steps      =   8.5714E+06
 Maximum pressure (atm.)           =   1.0000E+00
 Minumum pressure (atm.)           =   1.0000E+00
 Period of pressure variation (sec)=   1.0000E-03
 Particle data read from file
 PaSR starting
 ...
q, mu_s, sec, min, hour   6.00E+03  3.06E+02  1.83E+00  3.06E-02  5.09E-04
q, mu_s, sec, min, hour   1.20E+04  3.10E+02  3.72E+00  6.19E-02  1.03E-03
q, mu_s, sec, min, hour   1.80E+04  3.07E+02  5.53E+00  9.21E-02  1.53E-03
q, mu_s, sec, min, hour   2.40E+04  2.98E+02  7.15E+00  1.19E-01  1.99E-03
q, mu_s, sec, min, hour   3.00E+04  2.88E+02  8.63E+00  1.44E-01  2.40E-03
q, mu_s, sec, min, hour   3.60E+04  2.79E+02  1.00E+01  1.67E-01  2.79E-03
q, mu_s, sec, min, hour   4.20E+04  2.69E+02  1.13E+01  1.89E-01  3.14E-03
q, mu_s, sec, min, hour   4.80E+04  2.62E+02  1.26E+01  2.09E-01  3.49E-03
q, mu_s, sec, min, hour   5.40E+04  2.53E+02  1.37E+01  2.28E-01  3.80E-03
q, mu_s, sec, min, hour   6.00E+04  2.45E+02  1.47E+01  2.45E-01  4.08E-03
q, mu_s, sec, min, hour   6.60E+04  2.38E+02  1.57E+01  2.62E-01  4.37E-03
q, mu_s, sec, min, hour   7.20E+04  2.34E+02  1.69E+01  2.81E-01  4.69E-03
q, mu_s, sec, min, hour   7.80E+04  2.32E+02  1.81E+01  3.01E-01  5.02E-03
q, mu_s, sec, min, hour   8.40E+04  2.29E+02  1.92E+01  3.21E-01  5.34E-03
q, mu_s, sec, min, hour   9.00E+04  2.24E+02  2.02E+01  3.37E-01  5.61E-03
q, mu_s, sec, min, hour   9.60E+04  2.20E+02  2.11E+01  3.52E-01  5.87E-03
q, mu_s, sec, min, hour   1.02E+05  2.16E+02  2.20E+01  3.67E-01  6.12E-03
q, mu_s, sec, min, hour   1.08E+05  2.14E+02  2.31E+01  3.85E-01  6.41E-03
q, mu_s, sec, min, hour   1.14E+05  2.10E+02  2.40E+01  4.00E-01  6.66E-03
q, mu_s, sec, min, hour   1.20E+05  2.07E+02  2.48E+01  4.14E-01  6.90E-03
q, mu_s, sec, min, hour   1.26E+05  2.05E+02  2.58E+01  4.31E-01  7.18E-03
q, mu_s, sec, min, hour   1.32E+05  2.02E+02  2.67E+01  4.44E-01  7.41E-03
q, mu_s, sec, min, hour   1.38E+05  1.99E+02  2.75E+01  4.58E-01  7.64E-03
q, mu_s, sec, min, hour   1.44E+05  1.97E+02  2.84E+01  4.73E-01  7.89E-03
q, mu_s, sec, min, hour   1.50E+05  1.94E+02  2.92E+01  4.86E-01  8.10E-03
q, mu_s, sec, min, hour   1.56E+05  1.92E+02  3.00E+01  4.99E-01  8.32E-03
q, mu_s, sec, min, hour   1.65E+05  1.89E+02  3.12E+01  5.20E-01  8.67E-03
q, mu_s, sec, min, hour   1.74E+05  1.86E+02  3.24E+01  5.41E-01  9.01E-03
q, mu_s, sec, min, hour   1.83E+05  1.83E+02  3.35E+01  5.59E-01  9.32E-03
q, mu_s, sec, min, hour   1.92E+05  1.80E+02  3.46E+01  5.77E-01  9.62E-03
q, mu_s, sec, min, hour   2.01E+05  1.77E+02  3.55E+01  5.92E-01  9.86E-03
q, mu_s, sec, min, hour   2.10E+05  1.75E+02  3.67E+01  6.11E-01  1.02E-02
q, mu_s, sec, min, hour   2.19E+05  1.73E+02  3.79E+01  6.32E-01  1.05E-02
q, mu_s, sec, min, hour   2.28E+05  1.72E+02  3.91E+01  6.52E-01  1.09E-02
q, mu_s, sec, min, hour   2.37E+05  1.70E+02  4.02E+01  6.70E-01  1.12E-02
q, mu_s, sec, min, hour   2.46E+05  1.68E+02  4.13E+01  6.88E-01  1.15E-02
q, mu_s, sec, min, hour   2.55E+05  1.67E+02  4.25E+01  7.08E-01  1.18E-02
q, mu_s, sec, min, hour   2.64E+05  1.65E+02  4.37E+01  7.28E-01  1.21E-02
q, mu_s, sec, min, hour   2.73E+05  1.63E+02  4.46E+01  7.43E-01  1.24E-02
q, mu_s, sec, min, hour   2.82E+05  1.62E+02  4.57E+01  7.62E-01  1.27E-02
q, mu_s, sec, min, hour   2.91E+05  1.61E+02  4.67E+01  7.79E-01  1.30E-02
q, mu_s, sec, min, hour   3.00E+05  1.59E+02  4.78E+01  7.96E-01  1.33E-02
q, mu_s, sec, min, hour   3.09E+05  1.57E+02  4.87E+01  8.11E-01  1.35E-02
q, mu_s, sec, min, hour   3.21E+05  1.56E+02  5.02E+01  8.36E-01  1.39E-02
q, mu_s, sec, min, hour   3.33E+05  1.55E+02  5.15E+01  8.58E-01  1.43E-02
q, mu_s, sec, min, hour   3.45E+05  1.53E+02  5.27E+01  8.79E-01  1.47E-02
q, mu_s, sec, min, hour   3.57E+05  1.51E+02  5.39E+01  8.99E-01  1.50E-02
q, mu_s, sec, min, hour   3.69E+05  1.49E+02  5.52E+01  9.19E-01  1.53E-02
q, mu_s, sec, min, hour   3.81E+05  1.48E+02  5.64E+01  9.40E-01  1.57E-02
q, mu_s, sec, min, hour   3.93E+05  1.46E+02  5.73E+01  9.56E-01  1.59E-02
q, mu_s, sec, min, hour   4.05E+05  1.44E+02  5.84E+01  9.74E-01  1.62E-02
q, mu_s, sec, min, hour   4.17E+05  1.43E+02  5.97E+01  9.95E-01  1.66E-02
q, mu_s, sec, min, hour   4.29E+05  1.42E+02  6.11E+01  1.02E+00  1.70E-02
q, mu_s, sec, min, hour   4.41E+05  1.42E+02  6.25E+01  1.04E+00  1.73E-02
q, mu_s, sec, min, hour   4.53E+05  1.40E+02  6.36E+01  1.06E+00  1.77E-02
q, mu_s, sec, min, hour   4.68E+05  1.39E+02  6.50E+01  1.08E+00  1.81E-02
q, mu_s, sec, min, hour   4.83E+05  1.38E+02  6.65E+01  1.11E+00  1.85E-02
q, mu_s, sec, min, hour   4.98E+05  1.37E+02  6.80E+01  1.13E+00  1.89E-02
q, mu_s, sec, min, hour   5.13E+05  1.35E+02  6.95E+01  1.16E+00  1.93E-02
q, mu_s, sec, min, hour   5.28E+05  1.34E+02  7.09E+01  1.18E+00  1.97E-02
q, mu_s, sec, min, hour   5.43E+05  1.33E+02  7.23E+01  1.21E+00  2.01E-02
q, mu_s, sec, min, hour   5.58E+05  1.32E+02  7.37E+01  1.23E+00  2.05E-02
q, mu_s, sec, min, hour   5.73E+05  1.31E+02  7.51E+01  1.25E+00  2.09E-02
q, mu_s, sec, min, hour   5.88E+05  1.30E+02  7.63E+01  1.27E+00  2.12E-02
q, mu_s, sec, min, hour   6.03E+05  1.29E+02  7.75E+01  1.29E+00  2.15E-02
q, mu_s, sec, min, hour   6.21E+05  1.28E+02  7.93E+01  1.32E+00  2.20E-02
q, mu_s, sec, min, hour   6.39E+05  1.26E+02  8.08E+01  1.35E+00  2.25E-02
q, mu_s, sec, min, hour   6.57E+05  1.25E+02  8.24E+01  1.37E+00  2.29E-02
q, mu_s, sec, min, hour   6.75E+05  1.24E+02  8.39E+01  1.40E+00  2.33E-02
q, mu_s, sec, min, hour   6.93E+05  1.23E+02  8.54E+01  1.42E+00  2.37E-02
q, mu_s, sec, min, hour   7.11E+05  1.22E+02  8.67E+01  1.45E+00  2.41E-02
q, mu_s, sec, min, hour   7.29E+05  1.21E+02  8.82E+01  1.47E+00  2.45E-02
q, mu_s, sec, min, hour   7.47E+05  1.20E+02  8.98E+01  1.50E+00  2.50E-02
q, mu_s, sec, min, hour   7.65E+05  1.19E+02  9.14E+01  1.52E+00  2.54E-02
q, mu_s, sec, min, hour   7.86E+05  1.18E+02  9.30E+01  1.55E+00  2.58E-02
q, mu_s, sec, min, hour   8.07E+05  1.17E+02  9.48E+01  1.58E+00  2.63E-02
q, mu_s, sec, min, hour   8.28E+05  1.16E+02  9.63E+01  1.60E+00  2.67E-02
q, mu_s, sec, min, hour   8.49E+05  1.16E+02  9.81E+01  1.64E+00  2.73E-02
q, mu_s, sec, min, hour   8.70E+05  1.15E+02  9.97E+01  1.66E+00  2.77E-02
q, mu_s, sec, min, hour   8.91E+05  1.14E+02  1.01E+02  1.69E+00  2.82E-02
q, mu_s, sec, min, hour   9.12E+05  1.13E+02  1.03E+02  1.72E+00  2.86E-02
q, mu_s, sec, min, hour   9.36E+05  1.12E+02  1.05E+02  1.75E+00  2.91E-02
q, mu_s, sec, min, hour   9.60E+05  1.11E+02  1.07E+02  1.78E+00  2.97E-02
q, mu_s, sec, min, hour   9.84E+05  1.10E+02  1.08E+02  1.81E+00  3.01E-02
q, mu_s, sec, min, hour   1.01E+06  1.09E+02  1.10E+02  1.84E+00  3.06E-02
q, mu_s, sec, min, hour   1.03E+06  1.08E+02  1.12E+02  1.87E+00  3.11E-02
q, mu_s, sec, min, hour   1.06E+06  1.08E+02  1.14E+02  1.90E+00  3.16E-02
q, mu_s, sec, min, hour   1.08E+06  1.07E+02  1.16E+02  1.93E+00  3.22E-02
q, mu_s, sec, min, hour   1.11E+06  1.06E+02  1.18E+02  1.96E+00  3.26E-02
q, mu_s, sec, min, hour   1.14E+06  1.04E+02  1.19E+02  1.98E+00  3.30E-02
q, mu_s, sec, min, hour   1.16E+06  1.03E+02  1.20E+02  2.00E+00  3.33E-02
q, mu_s, sec, min, hour   1.19E+06  1.02E+02  1.21E+02  2.02E+00  3.37E-02
q, mu_s, sec, min, hour   1.22E+06  1.01E+02  1.23E+02  2.04E+00  3.40E-02
q, mu_s, sec, min, hour   1.25E+06  9.92E+01  1.24E+02  2.06E+00  3.44E-02
q, mu_s, sec, min, hour   1.28E+06  9.80E+01  1.25E+02  2.09E+00  3.48E-02
q, mu_s, sec, min, hour   1.31E+06  9.67E+01  1.27E+02  2.11E+00  3.51E-02
q, mu_s, sec, min, hour   1.34E+06  9.55E+01  1.28E+02  2.13E+00  3.55E-02
q, mu_s, sec, min, hour   1.37E+06  9.45E+01  1.29E+02  2.15E+00  3.59E-02
q, mu_s, sec, min, hour   1.40E+06  9.32E+01  1.31E+02  2.18E+00  3.63E-02
q, mu_s, sec, min, hour   1.43E+06  9.21E+01  1.32E+02  2.20E+00  3.67E-02
q, mu_s, sec, min, hour   1.47E+06  9.11E+01  1.34E+02  2.23E+00  3.71E-02
q, mu_s, sec, min, hour   1.50E+06  9.00E+01  1.35E+02  2.25E+00  3.75E-02
q, mu_s, sec, min, hour   1.53E+06  8.90E+01  1.36E+02  2.27E+00  3.79E-02
q, mu_s, sec, min, hour   1.57E+06  8.79E+01  1.38E+02  2.30E+00  3.83E-02
q, mu_s, sec, min, hour   1.60E+06  8.68E+01  1.39E+02  2.32E+00  3.87E-02
q, mu_s, sec, min, hour   1.64E+06  8.58E+01  1.41E+02  2.35E+00  3.91E-02
q, mu_s, sec, min, hour   1.68E+06  8.48E+01  1.42E+02  2.37E+00  3.95E-02
q, mu_s, sec, min, hour   1.72E+06  8.39E+01  1.44E+02  2.40E+00  4.00E-02
q, mu_s, sec, min, hour   1.76E+06  8.30E+01  1.46E+02  2.43E+00  4.05E-02
q, mu_s, sec, min, hour   1.79E+06  8.21E+01  1.47E+02  2.45E+00  4.09E-02
q, mu_s, sec, min, hour   1.83E+06  8.11E+01  1.49E+02  2.48E+00  4.13E-02
q, mu_s, sec, min, hour   1.88E+06  8.02E+01  1.50E+02  2.51E+00  4.18E-02
q, mu_s, sec, min, hour   1.92E+06  7.93E+01  1.52E+02  2.53E+00  4.22E-02
q, mu_s, sec, min, hour   1.96E+06  7.85E+01  1.54E+02  2.56E+00  4.27E-02
q, mu_s, sec, min, hour   2.00E+06  7.76E+01  1.56E+02  2.59E+00  4.32E-02
q, mu_s, sec, min, hour   2.05E+06  7.67E+01  1.57E+02  2.62E+00  4.36E-02
q, mu_s, sec, min, hour   2.09E+06  7.58E+01  1.59E+02  2.65E+00  4.41E-02
q, mu_s, sec, min, hour   2.14E+06  7.50E+01  1.60E+02  2.67E+00  4.46E-02
q, mu_s, sec, min, hour   2.19E+06  7.42E+01  1.62E+02  2.71E+00  4.51E-02
q, mu_s, sec, min, hour   2.24E+06  7.34E+01  1.64E+02  2.73E+00  4.56E-02
q, mu_s, sec, min, hour   2.28E+06  7.26E+01  1.66E+02  2.76E+00  4.60E-02
q, mu_s, sec, min, hour   2.33E+06  7.18E+01  1.68E+02  2.79E+00  4.65E-02
q, mu_s, sec, min, hour   2.38E+06  7.11E+01  1.69E+02  2.82E+00  4.71E-02
q, mu_s, sec, min, hour   2.44E+06  7.03E+01  1.71E+02  2.85E+00  4.76E-02
q, mu_s, sec, min, hour   2.49E+06  6.95E+01  1.73E+02  2.88E+00  4.81E-02
q, mu_s, sec, min, hour   2.54E+06  6.88E+01  1.75E+02  2.92E+00  4.86E-02
q, mu_s, sec, min, hour   2.60E+06  6.82E+01  1.77E+02  2.95E+00  4.92E-02
q, mu_s, sec, min, hour   2.66E+06  6.74E+01  1.79E+02  2.98E+00  4.97E-02
q, mu_s, sec, min, hour   2.71E+06  6.67E+01  1.81E+02  3.02E+00  5.03E-02
q, mu_s, sec, min, hour   2.77E+06  6.60E+01  1.83E+02  3.05E+00  5.08E-02
q, mu_s, sec, min, hour   2.83E+06  6.53E+01  1.85E+02  3.08E+00  5.14E-02
q, mu_s, sec, min, hour   2.89E+06  6.46E+01  1.87E+02  3.12E+00  5.19E-02
q, mu_s, sec, min, hour   2.96E+06  6.39E+01  1.89E+02  3.15E+00  5.25E-02
q, mu_s, sec, min, hour   3.02E+06  6.32E+01  1.91E+02  3.18E+00  5.30E-02
q, mu_s, sec, min, hour   3.08E+06  6.25E+01  1.93E+02  3.21E+00  5.36E-02
q, mu_s, sec, min, hour   3.15E+06  6.19E+01  1.95E+02  3.25E+00  5.42E-02
q, mu_s, sec, min, hour   3.22E+06  6.13E+01  1.97E+02  3.29E+00  5.48E-02
q, mu_s, sec, min, hour   3.28E+06  6.06E+01  1.99E+02  3.32E+00  5.53E-02
q, mu_s, sec, min, hour   3.35E+06  6.00E+01  2.01E+02  3.35E+00  5.59E-02
q, mu_s, sec, min, hour   3.43E+06  5.93E+01  2.03E+02  3.39E+00  5.65E-02
q, mu_s, sec, min, hour   3.50E+06  5.87E+01  2.05E+02  3.42E+00  5.70E-02
q, mu_s, sec, min, hour   3.57E+06  5.81E+01  2.08E+02  3.46E+00  5.77E-02
q, mu_s, sec, min, hour   3.65E+06  5.75E+01  2.10E+02  3.50E+00  5.83E-02
q, mu_s, sec, min, hour   3.73E+06  5.70E+01  2.12E+02  3.54E+00  5.90E-02
q, mu_s, sec, min, hour   3.80E+06  5.64E+01  2.15E+02  3.58E+00  5.96E-02
q, mu_s, sec, min, hour   3.88E+06  5.59E+01  2.17E+02  3.62E+00  6.03E-02
q, mu_s, sec, min, hour   3.97E+06  5.54E+01  2.20E+02  3.66E+00  6.10E-02
q, mu_s, sec, min, hour   4.05E+06  5.48E+01  2.22E+02  3.70E+00  6.17E-02
q, mu_s, sec, min, hour   4.13E+06  5.43E+01  2.24E+02  3.74E+00  6.23E-02
q, mu_s, sec, min, hour   4.22E+06  5.37E+01  2.27E+02  3.78E+00  6.30E-02
q, mu_s, sec, min, hour   4.31E+06  5.32E+01  2.30E+02  3.83E+00  6.38E-02
q, mu_s, sec, min, hour   4.40E+06  5.27E+01  2.32E+02  3.87E+00  6.45E-02
q, mu_s, sec, min, hour   4.49E+06  5.23E+01  2.35E+02  3.91E+00  6.52E-02
q, mu_s, sec, min, hour   4.59E+06  5.17E+01  2.37E+02  3.96E+00  6.59E-02
q, mu_s, sec, min, hour   4.68E+06  5.12E+01  2.40E+02  4.00E+00  6.67E-02
q, mu_s, sec, min, hour   4.78E+06  5.07E+01  2.43E+02  4.04E+00  6.74E-02
q, mu_s, sec, min, hour   4.88E+06  5.02E+01  2.45E+02  4.09E+00  6.81E-02
q, mu_s, sec, min, hour   4.98E+06  4.97E+01  2.48E+02  4.13E+00  6.88E-02
q, mu_s, sec, min, hour   5.09E+06  4.92E+01  2.50E+02  4.17E+00  6.95E-02
q, mu_s, sec, min, hour   5.19E+06  4.87E+01  2.53E+02  4.22E+00  7.03E-02
q, mu_s, sec, min, hour   5.30E+06  4.82E+01  2.56E+02  4.26E+00  7.10E-02
q, mu_s, sec, min, hour   5.41E+06  4.78E+01  2.59E+02  4.31E+00  7.19E-02
q, mu_s, sec, min, hour   5.53E+06  4.73E+01  2.62E+02  4.36E+00  7.27E-02
q, mu_s, sec, min, hour   5.64E+06  4.69E+01  2.65E+02  4.41E+00  7.35E-02
q, mu_s, sec, min, hour   5.76E+06  4.65E+01  2.68E+02  4.46E+00  7.43E-02
q, mu_s, sec, min, hour   5.88E+06  4.60E+01  2.71E+02  4.51E+00  7.52E-02
q, mu_s, sec, min, hour   6.00E+06  4.56E+01  2.73E+02  4.56E+00  7.59E-02
q, mu_s, sec, min, hour   6.12E+06  4.52E+01  2.77E+02  4.61E+00  7.68E-02
q, mu_s, sec, min, hour   6.25E+06  4.48E+01  2.80E+02  4.66E+00  7.77E-02
q, mu_s, sec, min, hour   6.38E+06  4.43E+01  2.83E+02  4.71E+00  7.86E-02
q, mu_s, sec, min, hour   6.51E+06  4.39E+01  2.86E+02  4.76E+00  7.93E-02
q, mu_s, sec, min, hour   6.64E+06  4.35E+01  2.89E+02  4.81E+00  8.02E-02
q, mu_s, sec, min, hour   6.78E+06  4.31E+01  2.92E+02  4.87E+00  8.11E-02
q, mu_s, sec, min, hour   6.92E+06  4.27E+01  2.95E+02  4.92E+00  8.21E-02
q, mu_s, sec, min, hour   7.07E+06  4.23E+01  2.99E+02  4.98E+00  8.30E-02
q, mu_s, sec, min, hour   7.22E+06  4.19E+01  3.02E+02  5.04E+00  8.40E-02
q, mu_s, sec, min, hour   7.36E+06  4.15E+01  3.06E+02  5.10E+00  8.49E-02
q, mu_s, sec, min, hour   7.52E+06  4.11E+01  3.09E+02  5.15E+00  8.59E-02
q, mu_s, sec, min, hour   7.67E+06  4.07E+01  3.13E+02  5.21E+00  8.68E-02
q, mu_s, sec, min, hour   7.83E+06  4.03E+01  3.16E+02  5.27E+00  8.78E-02
q, mu_s, sec, min, hour   8.00E+06  4.00E+01  3.20E+02  5.33E+00  8.88E-02
q, mu_s, sec, min, hour   8.16E+06  3.96E+01  3.23E+02  5.39E+00  8.98E-02
q, mu_s, sec, min, hour   8.33E+06  3.92E+01  3.27E+02  5.45E+00  9.08E-02
q, mu_s, sec, min, hour   8.50E+06  3.89E+01  3.30E+02  5.51E+00  9.18E-02
 Particle data written to file
 Particle mixing data written to file
 pasr: stopped, t, cpu_secs, nrec =  0.2000637       331.8319              -2
 pasr: stopped, t, cpu_secs, nrec =  0.2000637       331.8319              -2
  
MFU: fraction, index =    9.0000E-01      657
  
 Retrieve errors
 Fraction    error
   9.0000E-01   0.0000E+00
   9.9000E-01   0.0000E+00
   9.9900E-01   0.0000E+00
   9.9990E-01   0.0000E+00
   9.9999E-01   0.0000E+00
  
     j    x_min(j)    x_max(j)    x_diff(j)   x_mean(j)
     1    8.18E-06    2.37E-01    2.37E-01    5.41E-02
     2    0.00E+00    6.76E-02    6.76E-02    2.10E-02
     3    2.78E-01    3.16E-01    3.79E-02    2.93E-01
     4    0.00E+00    1.77E-02    1.77E-02    2.21E-03
     5    0.00E+00    2.55E-03    2.55E-03    2.69E-04
     6    0.00E+00    3.16E-03    3.16E-03    5.96E-04
     7    0.00E+00    9.85E-02    9.85E-02    5.46E-02
     8    0.00E+00    7.78E-05    7.78E-05    1.20E-05
     9    0.00E+00    7.50E-05    7.50E-05    3.33E-06
    10    0.00E+00    0.00E+00    0.00E+00    0.00E+00
    11    3.14E-02    2.66E-01    2.34E-01    1.60E-01
   
     j    f_min(j)    f_max(j)    f_diff(j)   fp_diff(j)    f_mean(j)
     1    7.91E-06    2.37E-01    2.37E-01    4.28E-02    4.37E-02
     2    5.19E-08    6.76E-02    6.76E-02    1.85E-02    1.62E-02
     3    2.78E-01    3.16E-01    3.79E-02    2.34E-16    2.93E-01
     4    4.85E-41    1.78E-02    1.78E-02    2.11E-02    5.51E-03
     5    6.40E-48    2.60E-03    2.60E-03    2.77E-03    8.00E-04
     6    3.25E-48    3.16E-03    3.16E-03    3.67E-03    1.12E-03
     7    1.22E-48    9.85E-02    9.85E-02    3.24E-02    6.31E-02
     8    1.06E-38    8.80E-05    8.80E-05    8.86E-05    1.25E-05
     9    2.26E-53    8.04E-05    8.04E-05    7.26E-05    2.59E-06
    10    0.00E+00    0.00E+00    0.00E+00    0.00E+00    0.00E+00
    11    3.14E-02    2.66E-01    2.34E-01    3.92E-02    1.71E-01
    12    1.48E-01    9.81E-01    8.33E-01    1.81E-01    6.47E-01
  
queries  =    8.5770E+06
prim_ret =    7.1427E+06
sec_ret  =    1.3213E+06
grow     =    6.1368E+04
add      =    1.3943E+04
replace  =    0.0000E+00
dir eval =    3.7656E+04
 
CPU (mu s)/query =    3.8689E+01
 -------------------------------------------------------------------------------
 -
                Operation     Calls  Failures         Time (mu s)    Time/call (mu s)
 -------------------------------------------------------------------------------
 -
                   ci_ceq         0         0            0.00E+00            0.00E+00
  ci_ice_chem_map (map=0)         0         0            0.00E+00            0.00E+00
  ci_ice_chem_map (map=1)         0         0            0.00E+00            0.00E+00
               ci_cem_tan         0         0            0.00E+00            0.00E+00
               ci_ice_tan         0         0            0.00E+00            0.00E+00
         ci_ice_pic_bound         0         0            0.00E+00            0.00E+00
                       lp         0         0            0.00E+00            0.00E+00
          rmap2 (map = 0)    115928         0            1.03E+08            8.92E+02
          rmap2 (map = 1)      2961         0            1.17E+07            3.97E+03
                  ceq_nrs         0         0            0.00E+00            0.00E+00
               ci_linrmap         0         0            0.00E+00            0.00E+00
                     expm    116569         0            1.83E+06            1.57E+01
      ci_ice_facet_newton         0         0            0.00E+00            0.00E+00
 ci_ice_facet_newton_lmap         0         0            0.00E+00            0.00E+00
        ci_ice_pic_newton         0         0            0.00E+00            0.00E+00
   ci_ice_pic_newton_lmap         0         0            0.00E+00            0.00E+00
         ci_ice_recon_pic         0         0            0.00E+00            0.00E+00
    ci_ice_recon_pic_lmap         0         0            0.00E+00            0.00E+00
          ci_ice_recon_bc         0         0            0.00E+00            0.00E+00
     ci_ice_recon_bc_lmap         0         0            0.00E+00            0.00E+00
             ci_ice_recon         0         0            0.00E+00            0.00E+00
             ci_dens_temp         0         0            0.00E+00            0.00E+00
                 cidpt_dr         0         0            0.00E+00            0.00E+00
 ------------------------------------------------------------------------------
cp: cannot stat ‘/home/luz0a/ISAT-CK7/ISAT/bin/PaSR_particle_post’: No such file or directory
slurmstepd: error: execve(): /scratch/dragon/intel/luz0a/PDF_Analysis_PaSR/H2_PAR0.3_phi1_tres4e-3_tmix7e-4_MC/./PaSR_particle_post: No such file or directory
srun: error: dbn303-32-r: task 0: Exited with exit code 2
