 Number of species                 =      10
 Number of streams                 =       3
 Flow rates of streams             =  0.0000  0.3041  0.6959
 PASR starting: number of particles=    1000
 Residence time, tres (seconds)    =   4.0000E-03
 04/06/2012: Prior to this date, due to a bug tres was twice the specified tres
 Mixing time, tmix (seconds)       =   1.0000E-02
 Pairing time, tpair (seconds)     =   1.0000E-02
 Min. and max. time step (seconds) =   4.0000E-04   4.0000E-04
 Number of steps                   =   5.0000E+02
 Number of sub-steps per step      =       2
 Number of particle-sub-steps      =   1.0000E+06
 Maximum pressure (atm.)           =   1.0000E+00
 Minumum pressure (atm.)           =   1.0000E+00
 Period of pressure variation (sec)=   1.0000E-03
 Particle data read from file
 PaSR starting
 ...
q, mu_s, sec, min, hour   4.00E+03  1.98E+02  7.93E-01  1.32E-02  2.20E-04
q, mu_s, sec, min, hour   8.00E+03  1.57E+02  1.26E+00  2.09E-02  3.49E-04
q, mu_s, sec, min, hour   1.20E+04  1.37E+02  1.64E+00  2.74E-02  4.56E-04
q, mu_s, sec, min, hour   1.60E+04  1.23E+02  1.96E+00  3.27E-02  5.45E-04
q, mu_s, sec, min, hour   2.00E+04  1.12E+02  2.23E+00  3.72E-02  6.21E-04
q, mu_s, sec, min, hour   2.40E+04  1.02E+02  2.45E+00  4.08E-02  6.80E-04
q, mu_s, sec, min, hour   2.80E+04  9.51E+01  2.66E+00  4.44E-02  7.40E-04
q, mu_s, sec, min, hour   3.20E+04  8.91E+01  2.85E+00  4.75E-02  7.92E-04
q, mu_s, sec, min, hour   3.60E+04  8.32E+01  2.99E+00  4.99E-02  8.32E-04
q, mu_s, sec, min, hour   4.00E+04  7.64E+01  3.06E+00  5.10E-02  8.49E-04
q, mu_s, sec, min, hour   4.40E+04  7.19E+01  3.16E+00  5.27E-02  8.79E-04
q, mu_s, sec, min, hour   4.80E+04  6.83E+01  3.28E+00  5.46E-02  9.10E-04
q, mu_s, sec, min, hour   5.20E+04  6.50E+01  3.38E+00  5.63E-02  9.39E-04
q, mu_s, sec, min, hour   5.60E+04  6.11E+01  3.42E+00  5.70E-02  9.50E-04
q, mu_s, sec, min, hour   6.00E+04  5.79E+01  3.47E+00  5.79E-02  9.65E-04
q, mu_s, sec, min, hour   6.40E+04  5.49E+01  3.51E+00  5.85E-02  9.76E-04
q, mu_s, sec, min, hour   6.80E+04  5.22E+01  3.55E+00  5.92E-02  9.86E-04
q, mu_s, sec, min, hour   7.20E+04  4.97E+01  3.58E+00  5.96E-02  9.94E-04
q, mu_s, sec, min, hour   7.60E+04  4.76E+01  3.62E+00  6.03E-02  1.01E-03
q, mu_s, sec, min, hour   8.00E+04  4.56E+01  3.65E+00  6.09E-02  1.01E-03
q, mu_s, sec, min, hour   8.40E+04  4.38E+01  3.68E+00  6.13E-02  1.02E-03
q, mu_s, sec, min, hour   8.80E+04  4.22E+01  3.71E+00  6.18E-02  1.03E-03
q, mu_s, sec, min, hour   9.20E+04  4.06E+01  3.74E+00  6.23E-02  1.04E-03
q, mu_s, sec, min, hour   9.60E+04  3.92E+01  3.76E+00  6.27E-02  1.05E-03
q, mu_s, sec, min, hour   1.00E+05  3.79E+01  3.79E+00  6.31E-02  1.05E-03
q, mu_s, sec, min, hour   1.04E+05  3.68E+01  3.83E+00  6.38E-02  1.06E-03
q, mu_s, sec, min, hour   1.10E+05  3.51E+01  3.87E+00  6.44E-02  1.07E-03
q, mu_s, sec, min, hour   1.16E+05  3.36E+01  3.90E+00  6.50E-02  1.08E-03
q, mu_s, sec, min, hour   1.22E+05  3.25E+01  3.96E+00  6.60E-02  1.10E-03
q, mu_s, sec, min, hour   1.28E+05  3.13E+01  4.00E+00  6.67E-02  1.11E-03
q, mu_s, sec, min, hour   1.34E+05  3.01E+01  4.03E+00  6.72E-02  1.12E-03
q, mu_s, sec, min, hour   1.40E+05  2.90E+01  4.06E+00  6.77E-02  1.13E-03
q, mu_s, sec, min, hour   1.46E+05  2.81E+01  4.10E+00  6.83E-02  1.14E-03
q, mu_s, sec, min, hour   1.52E+05  2.72E+01  4.13E+00  6.88E-02  1.15E-03
q, mu_s, sec, min, hour   1.58E+05  2.63E+01  4.16E+00  6.93E-02  1.15E-03
q, mu_s, sec, min, hour   1.64E+05  2.55E+01  4.19E+00  6.98E-02  1.16E-03
q, mu_s, sec, min, hour   1.70E+05  2.48E+01  4.22E+00  7.03E-02  1.17E-03
q, mu_s, sec, min, hour   1.76E+05  2.41E+01  4.25E+00  7.08E-02  1.18E-03
q, mu_s, sec, min, hour   1.82E+05  2.35E+01  4.28E+00  7.13E-02  1.19E-03
q, mu_s, sec, min, hour   1.88E+05  2.29E+01  4.31E+00  7.18E-02  1.20E-03
q, mu_s, sec, min, hour   1.94E+05  2.24E+01  4.34E+00  7.23E-02  1.20E-03
q, mu_s, sec, min, hour   2.00E+05  2.18E+01  4.37E+00  7.28E-02  1.21E-03
q, mu_s, sec, min, hour   2.06E+05  2.13E+01  4.39E+00  7.32E-02  1.22E-03
q, mu_s, sec, min, hour   2.14E+05  2.07E+01  4.42E+00  7.37E-02  1.23E-03
q, mu_s, sec, min, hour   2.22E+05  2.01E+01  4.45E+00  7.42E-02  1.24E-03
q, mu_s, sec, min, hour   2.30E+05  1.95E+01  4.48E+00  7.47E-02  1.25E-03
q, mu_s, sec, min, hour   2.38E+05  1.90E+01  4.52E+00  7.53E-02  1.25E-03
q, mu_s, sec, min, hour   2.46E+05  1.85E+01  4.55E+00  7.58E-02  1.26E-03
q, mu_s, sec, min, hour   2.54E+05  1.80E+01  4.58E+00  7.63E-02  1.27E-03
q, mu_s, sec, min, hour   2.62E+05  1.76E+01  4.61E+00  7.69E-02  1.28E-03
q, mu_s, sec, min, hour   2.70E+05  1.72E+01  4.64E+00  7.74E-02  1.29E-03
q, mu_s, sec, min, hour   2.78E+05  1.68E+01  4.67E+00  7.79E-02  1.30E-03
q, mu_s, sec, min, hour   2.86E+05  1.65E+01  4.71E+00  7.84E-02  1.31E-03
q, mu_s, sec, min, hour   2.94E+05  1.61E+01  4.74E+00  7.90E-02  1.32E-03
q, mu_s, sec, min, hour   3.02E+05  1.58E+01  4.77E+00  7.95E-02  1.32E-03
q, mu_s, sec, min, hour   3.12E+05  1.54E+01  4.81E+00  8.02E-02  1.34E-03
q, mu_s, sec, min, hour   3.22E+05  1.51E+01  4.85E+00  8.08E-02  1.35E-03
q, mu_s, sec, min, hour   3.32E+05  1.47E+01  4.89E+00  8.15E-02  1.36E-03
q, mu_s, sec, min, hour   3.42E+05  1.44E+01  4.93E+00  8.21E-02  1.37E-03
q, mu_s, sec, min, hour   3.52E+05  1.41E+01  4.97E+00  8.28E-02  1.38E-03
q, mu_s, sec, min, hour   3.62E+05  1.38E+01  5.01E+00  8.34E-02  1.39E-03
q, mu_s, sec, min, hour   3.72E+05  1.36E+01  5.05E+00  8.41E-02  1.40E-03
q, mu_s, sec, min, hour   3.82E+05  1.33E+01  5.08E+00  8.47E-02  1.41E-03
q, mu_s, sec, min, hour   3.92E+05  1.31E+01  5.13E+00  8.54E-02  1.42E-03
q, mu_s, sec, min, hour   4.02E+05  1.28E+01  5.16E+00  8.60E-02  1.43E-03
q, mu_s, sec, min, hour   4.14E+05  1.26E+01  5.20E+00  8.67E-02  1.44E-03
q, mu_s, sec, min, hour   4.26E+05  1.23E+01  5.24E+00  8.74E-02  1.46E-03
q, mu_s, sec, min, hour   4.38E+05  1.21E+01  5.28E+00  8.81E-02  1.47E-03
q, mu_s, sec, min, hour   4.50E+05  1.18E+01  5.33E+00  8.88E-02  1.48E-03
q, mu_s, sec, min, hour   4.62E+05  1.16E+01  5.37E+00  8.94E-02  1.49E-03
q, mu_s, sec, min, hour   4.74E+05  1.14E+01  5.41E+00  9.01E-02  1.50E-03
q, mu_s, sec, min, hour   4.86E+05  1.12E+01  5.45E+00  9.08E-02  1.51E-03
q, mu_s, sec, min, hour   4.98E+05  1.10E+01  5.49E+00  9.15E-02  1.53E-03
q, mu_s, sec, min, hour   5.10E+05  1.08E+01  5.53E+00  9.22E-02  1.54E-03
q, mu_s, sec, min, hour   5.24E+05  1.06E+01  5.58E+00  9.30E-02  1.55E-03
q, mu_s, sec, min, hour   5.38E+05  1.05E+01  5.63E+00  9.38E-02  1.56E-03
q, mu_s, sec, min, hour   5.52E+05  1.03E+01  5.68E+00  9.46E-02  1.58E-03
q, mu_s, sec, min, hour   5.66E+05  1.01E+01  5.72E+00  9.53E-02  1.59E-03
q, mu_s, sec, min, hour   5.80E+05  9.95E+00  5.77E+00  9.62E-02  1.60E-03
q, mu_s, sec, min, hour   5.94E+05  9.80E+00  5.82E+00  9.70E-02  1.62E-03
q, mu_s, sec, min, hour   6.08E+05  9.65E+00  5.87E+00  9.78E-02  1.63E-03
q, mu_s, sec, min, hour   6.24E+05  9.49E+00  5.92E+00  9.87E-02  1.64E-03
q, mu_s, sec, min, hour   6.40E+05  9.34E+00  5.98E+00  9.96E-02  1.66E-03
q, mu_s, sec, min, hour   6.56E+05  9.19E+00  6.03E+00  1.01E-01  1.68E-03
q, mu_s, sec, min, hour   6.72E+05  9.06E+00  6.08E+00  1.01E-01  1.69E-03
q, mu_s, sec, min, hour   6.88E+05  8.92E+00  6.14E+00  1.02E-01  1.71E-03
q, mu_s, sec, min, hour   7.04E+05  8.80E+00  6.19E+00  1.03E-01  1.72E-03
q, mu_s, sec, min, hour   7.22E+05  8.66E+00  6.25E+00  1.04E-01  1.74E-03
q, mu_s, sec, min, hour   7.40E+05  8.53E+00  6.31E+00  1.05E-01  1.75E-03
q, mu_s, sec, min, hour   7.58E+05  8.41E+00  6.37E+00  1.06E-01  1.77E-03
q, mu_s, sec, min, hour   7.76E+05  8.30E+00  6.44E+00  1.07E-01  1.79E-03
q, mu_s, sec, min, hour   7.94E+05  8.18E+00  6.50E+00  1.08E-01  1.81E-03
q, mu_s, sec, min, hour   8.12E+05  8.07E+00  6.55E+00  1.09E-01  1.82E-03
q, mu_s, sec, min, hour   8.32E+05  7.96E+00  6.62E+00  1.10E-01  1.84E-03
q, mu_s, sec, min, hour   8.52E+05  7.84E+00  6.68E+00  1.11E-01  1.86E-03
q, mu_s, sec, min, hour   8.72E+05  7.73E+00  6.74E+00  1.12E-01  1.87E-03
q, mu_s, sec, min, hour   8.92E+05  7.63E+00  6.81E+00  1.13E-01  1.89E-03
q, mu_s, sec, min, hour   9.12E+05  7.53E+00  6.87E+00  1.15E-01  1.91E-03
q, mu_s, sec, min, hour   9.34E+05  7.43E+00  6.94E+00  1.16E-01  1.93E-03
q, mu_s, sec, min, hour   9.56E+05  7.33E+00  7.01E+00  1.17E-01  1.95E-03
q, mu_s, sec, min, hour   9.78E+05  7.24E+00  7.08E+00  1.18E-01  1.97E-03
q, mu_s, sec, min, hour   1.00E+06  7.14E+00  7.14E+00  1.19E-01  1.98E-03
 Particle data written to file
 Particle mixing data written to file
 pasr: stopped, t, cpu_secs, nrec =  0.2000011       7.150707              -2
 pasr: stopped, t, cpu_secs, nrec =  0.2000011       7.150707              -2
  
MFU: fraction, index =    9.0000E-01       14
  
 Retrieve errors
 Fraction    error
   9.0000E-01   0.0000E+00
   9.9000E-01   0.0000E+00
   9.9900E-01   0.0000E+00
   9.9990E-01   0.0000E+00
   9.9999E-01   0.0000E+00
  
     j    x_min(j)    x_max(j)    x_diff(j)   x_mean(j)
     1    8.81E-07    3.33E-01    3.33E-01    8.10E-02
     2    0.00E+00    7.26E-02    7.26E-02    1.93E-02
     3    2.74E-01    3.33E-01    5.92E-02    2.97E-01
     4    0.00E+00    1.26E-02    1.26E-02    7.06E-04
     5    0.00E+00    1.63E-03    1.63E-03    5.20E-05
     6    0.00E+00    3.12E-03    3.12E-03    3.07E-04
     7    0.00E+00    9.96E-02    9.96E-02    4.95E-02
     8    0.00E+00    4.46E-05    4.46E-05    3.51E-06
     9    0.00E+00    3.20E-05    3.20E-05    1.52E-06
    10    0.00E+00    0.00E+00    0.00E+00    0.00E+00
    11    3.00E-02    2.69E-01    2.39E-01    1.53E-01
   
     j    f_min(j)    f_max(j)    f_diff(j)   fp_diff(j)    f_mean(j)
     1    8.13E-07    3.33E-01    3.33E-01    6.60E-02    7.77E-02
     2    0.00E+00    7.26E-02    7.26E-02    3.25E-02    1.77E-02
     3    2.74E-01    3.33E-01    5.92E-02    2.78E-17    2.97E-01
     4    0.00E+00    1.26E-02    1.26E-02    1.30E-02    8.35E-04
     5    0.00E+00    1.63E-03    1.63E-03    1.76E-03    5.53E-05
     6    0.00E+00    3.12E-03    3.12E-03    3.77E-03    3.36E-04
     7    0.00E+00    9.96E-02    9.96E-02    6.14E-02    5.26E-02
     8    0.00E+00    4.88E-05    4.88E-05    6.07E-05    5.53E-06
     9    0.00E+00    3.28E-05    3.28E-05    2.73E-05    2.31E-06
    10    0.00E+00    0.00E+00    0.00E+00    0.00E+00    0.00E+00
    11    3.00E-02    2.69E-01    2.39E-01    1.29E-01    1.60E-01
    12    1.48E-01    9.93E-01    8.45E-01    5.00E-01    5.84E-01
  
queries  =    1.0020E+06
prim_ret =    9.9725E+05
sec_ret  =    1.4300E+03
grow     =    2.4620E+03
add      =    8.5600E+02
replace  =    0.0000E+00
dir eval =    0.0000E+00
 
CPU (mu s)/query =    7.1364E+00
 -------------------------------------------------------------------------------
 -
                Operation     Calls  Failures         Time (mu s)    Time/call (mu s)
 -------------------------------------------------------------------------------
 -
                   ci_ceq         0         0            0.00E+00            0.00E+00
  ci_ice_chem_map (map=0)         0         0            0.00E+00            0.00E+00
  ci_ice_chem_map (map=1)         0         0            0.00E+00            0.00E+00
               ci_cem_tan         0         0            0.00E+00            0.00E+00
               ci_ice_tan         0         0            0.00E+00            0.00E+00
         ci_ice_pic_bound         0         0            0.00E+00            0.00E+00
                       lp         0         0            0.00E+00            0.00E+00
          rmap2 (map = 0)      3411         0            1.45E+06            4.25E+02
          rmap2 (map = 1)        93         0            5.47E+05            5.88E+03
                  ceq_nrs         0         0            0.00E+00            0.00E+00
               ci_linrmap         0         0            0.00E+00            0.00E+00
                     expm      6113         0            9.91E+04            1.62E+01
      ci_ice_facet_newton         0         0            0.00E+00            0.00E+00
 ci_ice_facet_newton_lmap         0         0            0.00E+00            0.00E+00
        ci_ice_pic_newton         0         0            0.00E+00            0.00E+00
   ci_ice_pic_newton_lmap         0         0            0.00E+00            0.00E+00
         ci_ice_recon_pic         0         0            0.00E+00            0.00E+00
    ci_ice_recon_pic_lmap         0         0            0.00E+00            0.00E+00
          ci_ice_recon_bc         0         0            0.00E+00            0.00E+00
     ci_ice_recon_bc_lmap         0         0            0.00E+00            0.00E+00
             ci_ice_recon         0         0            0.00E+00            0.00E+00
             ci_dens_temp         0         0            0.00E+00            0.00E+00
                 cidpt_dr         0         0            0.00E+00            0.00E+00
 ------------------------------------------------------------------------------
