 Number of species                 =      10
 Number of streams                 =       3
 Flow rates of streams             =  0.0000  0.2591  0.7409
 PASR starting: number of particles=    1000
 Residence time, tres (seconds)    =   4.0000E-03
 04/06/2012: Prior to this date, due to a bug tres was twice the specified tres
 Mixing time, tmix (seconds)       =   7.0000E-04
 Pairing time, tpair (seconds)     =   7.0000E-04
 Min. and max. time step (seconds) =   7.0000E-05   7.0000E-05
 Number of steps                   =   2.8571E+03
 Number of sub-steps per step      =       3
 Number of particle-sub-steps      =   8.5714E+06
 Maximum pressure (atm.)           =   1.0000E+00
 Minumum pressure (atm.)           =   1.0000E+00
 Period of pressure variation (sec)=   1.0000E-03
 Particle data read from file
 PaSR starting
 ...
q, mu_s, sec, min, hour   6.00E+03  2.64E+02  1.59E+00  2.64E-02  4.40E-04
q, mu_s, sec, min, hour   1.20E+04  2.82E+02  3.38E+00  5.64E-02  9.40E-04
q, mu_s, sec, min, hour   1.80E+04  2.57E+02  4.63E+00  7.72E-02  1.29E-03
q, mu_s, sec, min, hour   2.40E+04  2.38E+02  5.72E+00  9.54E-02  1.59E-03
q, mu_s, sec, min, hour   3.00E+04  2.23E+02  6.68E+00  1.11E-01  1.86E-03
q, mu_s, sec, min, hour   3.60E+04  2.24E+02  8.07E+00  1.34E-01  2.24E-03
q, mu_s, sec, min, hour   4.20E+04  2.20E+02  9.25E+00  1.54E-01  2.57E-03
q, mu_s, sec, min, hour   4.80E+04  2.13E+02  1.02E+01  1.71E-01  2.85E-03
q, mu_s, sec, min, hour   5.40E+04  2.13E+02  1.15E+01  1.92E-01  3.20E-03
q, mu_s, sec, min, hour   6.00E+04  2.10E+02  1.26E+01  2.10E-01  3.50E-03
q, mu_s, sec, min, hour   6.60E+04  2.07E+02  1.36E+01  2.27E-01  3.79E-03
q, mu_s, sec, min, hour   7.20E+04  2.03E+02  1.46E+01  2.43E-01  4.06E-03
q, mu_s, sec, min, hour   7.80E+04  2.01E+02  1.57E+01  2.62E-01  4.36E-03
q, mu_s, sec, min, hour   8.40E+04  1.98E+02  1.66E+01  2.77E-01  4.61E-03
q, mu_s, sec, min, hour   9.00E+04  1.98E+02  1.78E+01  2.96E-01  4.94E-03
q, mu_s, sec, min, hour   9.60E+04  2.00E+02  1.92E+01  3.20E-01  5.33E-03
q, mu_s, sec, min, hour   1.02E+05  2.02E+02  2.06E+01  3.44E-01  5.73E-03
q, mu_s, sec, min, hour   1.08E+05  2.01E+02  2.18E+01  3.63E-01  6.04E-03
q, mu_s, sec, min, hour   1.14E+05  1.99E+02  2.26E+01  3.77E-01  6.29E-03
q, mu_s, sec, min, hour   1.20E+05  1.98E+02  2.37E+01  3.95E-01  6.59E-03
q, mu_s, sec, min, hour   1.26E+05  1.96E+02  2.47E+01  4.12E-01  6.87E-03
q, mu_s, sec, min, hour   1.32E+05  1.96E+02  2.59E+01  4.31E-01  7.19E-03
q, mu_s, sec, min, hour   1.38E+05  1.97E+02  2.71E+01  4.52E-01  7.53E-03
q, mu_s, sec, min, hour   1.44E+05  1.96E+02  2.82E+01  4.69E-01  7.82E-03
q, mu_s, sec, min, hour   1.50E+05  1.94E+02  2.91E+01  4.85E-01  8.08E-03
q, mu_s, sec, min, hour   1.56E+05  1.95E+02  3.03E+01  5.06E-01  8.43E-03
q, mu_s, sec, min, hour   1.65E+05  1.93E+02  3.18E+01  5.30E-01  8.83E-03
q, mu_s, sec, min, hour   1.74E+05  1.93E+02  3.36E+01  5.60E-01  9.33E-03
q, mu_s, sec, min, hour   1.83E+05  1.93E+02  3.53E+01  5.88E-01  9.79E-03
q, mu_s, sec, min, hour   1.92E+05  1.91E+02  3.67E+01  6.11E-01  1.02E-02
q, mu_s, sec, min, hour   2.01E+05  1.89E+02  3.80E+01  6.33E-01  1.06E-02
q, mu_s, sec, min, hour   2.10E+05  1.91E+02  4.01E+01  6.69E-01  1.11E-02
q, mu_s, sec, min, hour   2.19E+05  1.94E+02  4.25E+01  7.08E-01  1.18E-02
q, mu_s, sec, min, hour   2.28E+05  1.94E+02  4.43E+01  7.39E-01  1.23E-02
q, mu_s, sec, min, hour   2.37E+05  1.94E+02  4.61E+01  7.68E-01  1.28E-02
q, mu_s, sec, min, hour   2.46E+05  1.94E+02  4.78E+01  7.96E-01  1.33E-02
q, mu_s, sec, min, hour   2.55E+05  1.94E+02  4.94E+01  8.23E-01  1.37E-02
q, mu_s, sec, min, hour   2.64E+05  1.93E+02  5.09E+01  8.49E-01  1.41E-02
q, mu_s, sec, min, hour   2.73E+05  1.92E+02  5.23E+01  8.72E-01  1.45E-02
q, mu_s, sec, min, hour   2.82E+05  1.92E+02  5.42E+01  9.03E-01  1.51E-02
q, mu_s, sec, min, hour   2.91E+05  1.92E+02  5.60E+01  9.33E-01  1.56E-02
q, mu_s, sec, min, hour   3.00E+05  1.93E+02  5.78E+01  9.63E-01  1.60E-02
q, mu_s, sec, min, hour   3.09E+05  1.92E+02  5.93E+01  9.89E-01  1.65E-02
q, mu_s, sec, min, hour   3.21E+05  1.92E+02  6.15E+01  1.03E+00  1.71E-02
q, mu_s, sec, min, hour   3.33E+05  1.91E+02  6.35E+01  1.06E+00  1.76E-02
q, mu_s, sec, min, hour   3.45E+05  1.90E+02  6.55E+01  1.09E+00  1.82E-02
q, mu_s, sec, min, hour   3.57E+05  1.90E+02  6.80E+01  1.13E+00  1.89E-02
q, mu_s, sec, min, hour   3.69E+05  1.90E+02  7.00E+01  1.17E+00  1.95E-02
q, mu_s, sec, min, hour   3.81E+05  1.90E+02  7.22E+01  1.20E+00  2.01E-02
q, mu_s, sec, min, hour   3.93E+05  1.89E+02  7.44E+01  1.24E+00  2.07E-02
q, mu_s, sec, min, hour   4.05E+05  1.90E+02  7.69E+01  1.28E+00  2.14E-02
q, mu_s, sec, min, hour   4.17E+05  1.90E+02  7.90E+01  1.32E+00  2.20E-02
q, mu_s, sec, min, hour   4.29E+05  1.89E+02  8.10E+01  1.35E+00  2.25E-02
q, mu_s, sec, min, hour   4.41E+05  1.88E+02  8.31E+01  1.39E+00  2.31E-02
q, mu_s, sec, min, hour   4.53E+05  1.88E+02  8.53E+01  1.42E+00  2.37E-02
q, mu_s, sec, min, hour   4.68E+05  1.88E+02  8.80E+01  1.47E+00  2.44E-02
q, mu_s, sec, min, hour   4.83E+05  1.88E+02  9.08E+01  1.51E+00  2.52E-02
q, mu_s, sec, min, hour   4.98E+05  1.87E+02  9.33E+01  1.55E+00  2.59E-02
q, mu_s, sec, min, hour   5.13E+05  1.87E+02  9.59E+01  1.60E+00  2.66E-02
q, mu_s, sec, min, hour   5.28E+05  1.87E+02  9.89E+01  1.65E+00  2.75E-02
q, mu_s, sec, min, hour   5.43E+05  1.88E+02  1.02E+02  1.70E+00  2.83E-02
q, mu_s, sec, min, hour   5.58E+05  1.87E+02  1.04E+02  1.74E+00  2.90E-02
q, mu_s, sec, min, hour   5.73E+05  1.87E+02  1.07E+02  1.78E+00  2.97E-02
q, mu_s, sec, min, hour   5.88E+05  1.86E+02  1.09E+02  1.82E+00  3.04E-02
q, mu_s, sec, min, hour   6.03E+05  1.86E+02  1.12E+02  1.87E+00  3.12E-02
q, mu_s, sec, min, hour   6.21E+05  1.86E+02  1.15E+02  1.92E+00  3.21E-02
q, mu_s, sec, min, hour   6.39E+05  1.85E+02  1.18E+02  1.97E+00  3.28E-02
q, mu_s, sec, min, hour   6.57E+05  1.85E+02  1.21E+02  2.02E+00  3.37E-02
q, mu_s, sec, min, hour   6.75E+05  1.84E+02  1.24E+02  2.07E+00  3.45E-02
q, mu_s, sec, min, hour   6.93E+05  1.84E+02  1.27E+02  2.12E+00  3.54E-02
q, mu_s, sec, min, hour   7.11E+05  1.83E+02  1.30E+02  2.17E+00  3.62E-02
q, mu_s, sec, min, hour   7.29E+05  1.83E+02  1.33E+02  2.22E+00  3.70E-02
q, mu_s, sec, min, hour   7.47E+05  1.82E+02  1.36E+02  2.27E+00  3.78E-02
q, mu_s, sec, min, hour   7.65E+05  1.82E+02  1.39E+02  2.32E+00  3.87E-02
q, mu_s, sec, min, hour   7.86E+05  1.82E+02  1.43E+02  2.38E+00  3.97E-02
q, mu_s, sec, min, hour   8.07E+05  1.82E+02  1.47E+02  2.44E+00  4.07E-02
q, mu_s, sec, min, hour   8.28E+05  1.81E+02  1.50E+02  2.50E+00  4.17E-02
q, mu_s, sec, min, hour   8.49E+05  1.81E+02  1.54E+02  2.57E+00  4.28E-02
q, mu_s, sec, min, hour   8.70E+05  1.81E+02  1.58E+02  2.63E+00  4.38E-02
q, mu_s, sec, min, hour   8.91E+05  1.81E+02  1.62E+02  2.69E+00  4.49E-02
q, mu_s, sec, min, hour   9.12E+05  1.81E+02  1.65E+02  2.75E+00  4.59E-02
q, mu_s, sec, min, hour   9.36E+05  1.81E+02  1.69E+02  2.82E+00  4.70E-02
q, mu_s, sec, min, hour   9.60E+05  1.80E+02  1.73E+02  2.89E+00  4.81E-02
q, mu_s, sec, min, hour   9.84E+05  1.80E+02  1.77E+02  2.95E+00  4.92E-02
q, mu_s, sec, min, hour   1.01E+06  1.80E+02  1.82E+02  3.03E+00  5.04E-02
q, mu_s, sec, min, hour   1.03E+06  1.81E+02  1.86E+02  3.11E+00  5.18E-02
q, mu_s, sec, min, hour   1.06E+06  1.80E+02  1.90E+02  3.17E+00  5.28E-02
q, mu_s, sec, min, hour   1.08E+06  1.79E+02  1.94E+02  3.24E+00  5.40E-02
q, mu_s, sec, min, hour   1.11E+06  1.79E+02  1.99E+02  3.32E+00  5.53E-02
q, mu_s, sec, min, hour   1.14E+06  1.79E+02  2.04E+02  3.39E+00  5.66E-02
q, mu_s, sec, min, hour   1.16E+06  1.79E+02  2.08E+02  3.47E+00  5.78E-02
q, mu_s, sec, min, hour   1.19E+06  1.79E+02  2.13E+02  3.55E+00  5.92E-02
q, mu_s, sec, min, hour   1.22E+06  1.79E+02  2.18E+02  3.64E+00  6.06E-02
q, mu_s, sec, min, hour   1.25E+06  1.79E+02  2.24E+02  3.73E+00  6.22E-02
q, mu_s, sec, min, hour   1.28E+06  1.79E+02  2.29E+02  3.82E+00  6.37E-02
q, mu_s, sec, min, hour   1.31E+06  1.79E+02  2.35E+02  3.91E+00  6.52E-02
q, mu_s, sec, min, hour   1.34E+06  1.79E+02  2.40E+02  3.99E+00  6.66E-02
q, mu_s, sec, min, hour   1.37E+06  1.79E+02  2.45E+02  4.09E+00  6.82E-02
q, mu_s, sec, min, hour   1.40E+06  1.80E+02  2.52E+02  4.20E+00  7.00E-02
q, mu_s, sec, min, hour   1.43E+06  1.80E+02  2.58E+02  4.30E+00  7.17E-02
q, mu_s, sec, min, hour   1.47E+06  1.80E+02  2.65E+02  4.41E+00  7.35E-02
q, mu_s, sec, min, hour   1.50E+06  1.80E+02  2.70E+02  4.50E+00  7.51E-02
q, mu_s, sec, min, hour   1.53E+06  1.80E+02  2.76E+02  4.60E+00  7.67E-02
q, mu_s, sec, min, hour   1.57E+06  1.80E+02  2.83E+02  4.71E+00  7.85E-02
q, mu_s, sec, min, hour   1.60E+06  1.80E+02  2.90E+02  4.83E+00  8.04E-02
q, mu_s, sec, min, hour   1.64E+06  1.80E+02  2.96E+02  4.93E+00  8.22E-02
q, mu_s, sec, min, hour   1.68E+06  1.80E+02  3.02E+02  5.03E+00  8.39E-02
q, mu_s, sec, min, hour   1.72E+06  1.80E+02  3.09E+02  5.15E+00  8.58E-02
q, mu_s, sec, min, hour   1.76E+06  1.80E+02  3.15E+02  5.26E+00  8.76E-02
q, mu_s, sec, min, hour   1.79E+06  1.79E+02  3.22E+02  5.36E+00  8.93E-02
q, mu_s, sec, min, hour   1.83E+06  1.79E+02  3.29E+02  5.48E+00  9.13E-02
q, mu_s, sec, min, hour   1.88E+06  1.79E+02  3.36E+02  5.60E+00  9.34E-02
q, mu_s, sec, min, hour   1.92E+06  1.80E+02  3.44E+02  5.74E+00  9.56E-02
q, mu_s, sec, min, hour   1.96E+06  1.80E+02  3.52E+02  5.86E+00  9.77E-02
q, mu_s, sec, min, hour   2.00E+06  1.79E+02  3.60E+02  5.99E+00  9.99E-02
q, mu_s, sec, min, hour   2.05E+06  1.80E+02  3.68E+02  6.13E+00  1.02E-01
q, mu_s, sec, min, hour   2.09E+06  1.80E+02  3.76E+02  6.27E+00  1.05E-01
q, mu_s, sec, min, hour   2.14E+06  1.80E+02  3.85E+02  6.41E+00  1.07E-01
q, mu_s, sec, min, hour   2.19E+06  1.80E+02  3.93E+02  6.56E+00  1.09E-01
q, mu_s, sec, min, hour   2.24E+06  1.80E+02  4.02E+02  6.71E+00  1.12E-01
q, mu_s, sec, min, hour   2.28E+06  1.80E+02  4.11E+02  6.86E+00  1.14E-01
q, mu_s, sec, min, hour   2.33E+06  1.80E+02  4.21E+02  7.02E+00  1.17E-01
q, mu_s, sec, min, hour   2.38E+06  1.82E+02  4.33E+02  7.22E+00  1.20E-01
q, mu_s, sec, min, hour   2.44E+06  1.82E+02  4.42E+02  7.37E+00  1.23E-01
q, mu_s, sec, min, hour   2.49E+06  1.82E+02  4.52E+02  7.54E+00  1.26E-01
q, mu_s, sec, min, hour   2.54E+06  1.82E+02  4.62E+02  7.70E+00  1.28E-01
q, mu_s, sec, min, hour   2.60E+06  1.81E+02  4.71E+02  7.86E+00  1.31E-01
q, mu_s, sec, min, hour   2.66E+06  1.81E+02  4.81E+02  8.02E+00  1.34E-01
q, mu_s, sec, min, hour   2.71E+06  1.81E+02  4.91E+02  8.19E+00  1.37E-01
q, mu_s, sec, min, hour   2.77E+06  1.81E+02  5.02E+02  8.37E+00  1.40E-01
q, mu_s, sec, min, hour   2.83E+06  1.81E+02  5.13E+02  8.56E+00  1.43E-01
q, mu_s, sec, min, hour   2.89E+06  1.81E+02  5.24E+02  8.74E+00  1.46E-01
q, mu_s, sec, min, hour   2.96E+06  1.83E+02  5.41E+02  9.02E+00  1.50E-01
q, mu_s, sec, min, hour   3.02E+06  1.83E+02  5.52E+02  9.20E+00  1.53E-01
q, mu_s, sec, min, hour   3.08E+06  1.83E+02  5.65E+02  9.41E+00  1.57E-01
q, mu_s, sec, min, hour   3.15E+06  1.84E+02  5.79E+02  9.65E+00  1.61E-01
q, mu_s, sec, min, hour   3.22E+06  1.84E+02  5.90E+02  9.84E+00  1.64E-01
q, mu_s, sec, min, hour   3.28E+06  1.84E+02  6.04E+02  1.01E+01  1.68E-01
q, mu_s, sec, min, hour   3.35E+06  1.84E+02  6.16E+02  1.03E+01  1.71E-01
q, mu_s, sec, min, hour   3.43E+06  1.83E+02  6.29E+02  1.05E+01  1.75E-01
q, mu_s, sec, min, hour   3.50E+06  1.83E+02  6.41E+02  1.07E+01  1.78E-01
q, mu_s, sec, min, hour   3.57E+06  1.83E+02  6.55E+02  1.09E+01  1.82E-01
q, mu_s, sec, min, hour   3.65E+06  1.83E+02  6.68E+02  1.11E+01  1.85E-01
q, mu_s, sec, min, hour   3.73E+06  1.83E+02  6.80E+02  1.13E+01  1.89E-01
q, mu_s, sec, min, hour   3.80E+06  1.83E+02  6.94E+02  1.16E+01  1.93E-01
q, mu_s, sec, min, hour   3.88E+06  1.82E+02  7.08E+02  1.18E+01  1.97E-01
q, mu_s, sec, min, hour   3.97E+06  1.82E+02  7.23E+02  1.21E+01  2.01E-01
q, mu_s, sec, min, hour   4.05E+06  1.83E+02  7.41E+02  1.23E+01  2.06E-01
q, mu_s, sec, min, hour   4.13E+06  1.83E+02  7.57E+02  1.26E+01  2.10E-01
q, mu_s, sec, min, hour   4.22E+06  1.84E+02  7.77E+02  1.30E+01  2.16E-01
q, mu_s, sec, min, hour   4.31E+06  1.85E+02  7.96E+02  1.33E+01  2.21E-01
q, mu_s, sec, min, hour   4.40E+06  1.84E+02  8.12E+02  1.35E+01  2.25E-01
q, mu_s, sec, min, hour   4.49E+06  1.84E+02  8.28E+02  1.38E+01  2.30E-01
q, mu_s, sec, min, hour   4.59E+06  1.84E+02  8.45E+02  1.41E+01  2.35E-01
q, mu_s, sec, min, hour   4.68E+06  1.84E+02  8.62E+02  1.44E+01  2.39E-01
q, mu_s, sec, min, hour   4.78E+06  1.84E+02  8.80E+02  1.47E+01  2.44E-01
q, mu_s, sec, min, hour   4.88E+06  1.84E+02  8.99E+02  1.50E+01  2.50E-01
q, mu_s, sec, min, hour   4.98E+06  1.84E+02  9.19E+02  1.53E+01  2.55E-01
q, mu_s, sec, min, hour   5.09E+06  1.84E+02  9.38E+02  1.56E+01  2.61E-01
q, mu_s, sec, min, hour   5.19E+06  1.84E+02  9.55E+02  1.59E+01  2.65E-01
q, mu_s, sec, min, hour   5.30E+06  1.84E+02  9.75E+02  1.62E+01  2.71E-01
q, mu_s, sec, min, hour   5.41E+06  1.84E+02  9.94E+02  1.66E+01  2.76E-01
q, mu_s, sec, min, hour   5.53E+06  1.84E+02  1.02E+03  1.69E+01  2.82E-01
q, mu_s, sec, min, hour   5.64E+06  1.84E+02  1.04E+03  1.73E+01  2.88E-01
q, mu_s, sec, min, hour   5.76E+06  1.84E+02  1.06E+03  1.76E+01  2.94E-01
q, mu_s, sec, min, hour   5.88E+06  1.84E+02  1.08E+03  1.80E+01  3.00E-01
q, mu_s, sec, min, hour   6.00E+06  1.83E+02  1.10E+03  1.83E+01  3.06E-01
q, mu_s, sec, min, hour   6.12E+06  1.83E+02  1.12E+03  1.87E+01  3.12E-01
q, mu_s, sec, min, hour   6.25E+06  1.84E+02  1.15E+03  1.91E+01  3.19E-01
q, mu_s, sec, min, hour   6.38E+06  1.85E+02  1.18E+03  1.96E+01  3.27E-01
q, mu_s, sec, min, hour   6.51E+06  1.85E+02  1.20E+03  2.00E+01  3.34E-01
q, mu_s, sec, min, hour   6.64E+06  1.84E+02  1.23E+03  2.04E+01  3.40E-01
q, mu_s, sec, min, hour   6.78E+06  1.85E+02  1.25E+03  2.09E+01  3.48E-01
q, mu_s, sec, min, hour   6.92E+06  1.85E+02  1.28E+03  2.13E+01  3.55E-01
q, mu_s, sec, min, hour   7.07E+06  1.84E+02  1.30E+03  2.17E+01  3.62E-01
q, mu_s, sec, min, hour   7.22E+06  1.84E+02  1.33E+03  2.22E+01  3.69E-01
q, mu_s, sec, min, hour   7.36E+06  1.84E+02  1.36E+03  2.26E+01  3.77E-01
q, mu_s, sec, min, hour   7.52E+06  1.84E+02  1.39E+03  2.31E+01  3.85E-01
q, mu_s, sec, min, hour   7.67E+06  1.85E+02  1.42E+03  2.36E+01  3.94E-01
q, mu_s, sec, min, hour   7.83E+06  1.85E+02  1.45E+03  2.41E+01  4.02E-01
q, mu_s, sec, min, hour   8.00E+06  1.85E+02  1.48E+03  2.46E+01  4.10E-01
q, mu_s, sec, min, hour   8.16E+06  1.84E+02  1.50E+03  2.51E+01  4.18E-01
q, mu_s, sec, min, hour   8.33E+06  1.84E+02  1.54E+03  2.56E+01  4.27E-01
q, mu_s, sec, min, hour   8.50E+06  1.85E+02  1.57E+03  2.61E+01  4.36E-01
 Particle data written to file
 Particle mixing data written to file
 pasr: stopped, t, cpu_secs, nrec =  0.2000637       1582.371              -2
 pasr: stopped, t, cpu_secs, nrec =  0.2000637       1582.371              -2
  
MFU: fraction, index =    9.0000E-01      204
  
 Retrieve errors
 Fraction    error
   9.0000E-01   0.0000E+00
   9.9000E-01   0.0000E+00
   9.9900E-01   0.0000E+00
   9.9990E-01   0.0000E+00
   9.9999E-01   0.0000E+00
  
     j    x_min(j)    x_max(j)    x_diff(j)   x_mean(j)
     1    0.00E+00    3.33E-01    3.33E-01    4.56E-02
     2    0.00E+00    7.28E-02    7.28E-02    1.28E-02
     3    2.74E-01    3.33E-01    5.92E-02    2.94E-01
     4    0.00E+00    9.83E-03    9.83E-03    2.44E-03
     5    0.00E+00    1.29E-03    1.29E-03    3.16E-04
     6    0.00E+00    3.06E-03    3.06E-03    1.10E-03
     7    0.00E+00    9.66E-02    9.66E-02    6.81E-02
     8    0.00E+00    9.18E-06    9.18E-06    2.10E-06
     9    0.00E+00    2.72E-06    2.72E-06    8.29E-07
    10    0.00E+00    0.00E+00    0.00E+00    0.00E+00
    11    2.95E-02    2.61E-01    2.31E-01    1.91E-01
   
     j    f_min(j)    f_max(j)    f_diff(j)   fp_diff(j)    f_mean(j)
     1    0.00E+00    3.33E-01    3.33E-01    1.33E-02    4.39E-02
     2    0.00E+00    7.28E-02    7.28E-02    5.85E-03    1.20E-02
     3    2.74E-01    3.33E-01    5.92E-02    1.95E-17    2.94E-01
     4    0.00E+00    1.06E-02    1.06E-02    7.62E-03    2.90E-03
     5    0.00E+00    1.38E-03    1.38E-03    1.02E-03    3.36E-04
     6    0.00E+00    3.10E-03    3.10E-03    1.57E-03    1.14E-03
     7    0.00E+00    9.67E-02    9.67E-02    9.92E-03    6.96E-02
     8    0.00E+00    1.28E-05    1.28E-05    8.06E-06    2.19E-06
     9    0.00E+00    3.28E-06    3.28E-06    1.17E-06    8.62E-07
    10    0.00E+00    0.00E+00    0.00E+00    0.00E+00    0.00E+00
    11    2.95E-02    2.61E-01    2.31E-01    9.36E-03    1.93E-01
    12    1.48E-01    9.71E-01    8.23E-01    1.32E-01    7.21E-01
  
queries  =    8.5770E+06
prim_ret =    7.8162E+06
sec_ret  =    7.5392E+05
grow     =    6.0230E+03
add      =    8.8300E+02
replace  =    0.0000E+00
dir eval =    0.0000E+00
 
CPU (mu s)/query =    1.8449E+02
 -------------------------------------------------------------------------------
 -
                Operation     Calls  Failures         Time (mu s)    Time/call (mu s)
 -------------------------------------------------------------------------------
 -
                   ci_ceq         0         0            0.00E+00            0.00E+00
  ci_ice_chem_map (map=0)         0         0            0.00E+00            0.00E+00
  ci_ice_chem_map (map=1)         0         0            0.00E+00            0.00E+00
               ci_cem_tan         0         0            0.00E+00            0.00E+00
               ci_ice_tan         0         0            0.00E+00            0.00E+00
         ci_ice_pic_bound         0         0            0.00E+00            0.00E+00
                       lp         0         0            0.00E+00            0.00E+00
          rmap2 (map = 0)      6908         0            4.11E+06            5.95E+02
          rmap2 (map = 1)         2         0            8.93E+02            4.46E+02
                  ceq_nrs         0         0            0.00E+00            0.00E+00
               ci_linrmap         0         0            0.00E+00            0.00E+00
                     expm      7345         0            1.01E+05            1.38E+01
      ci_ice_facet_newton         0         0            0.00E+00            0.00E+00
 ci_ice_facet_newton_lmap         0         0            0.00E+00            0.00E+00
        ci_ice_pic_newton         0         0            0.00E+00            0.00E+00
   ci_ice_pic_newton_lmap         0         0            0.00E+00            0.00E+00
         ci_ice_recon_pic         0         0            0.00E+00            0.00E+00
    ci_ice_recon_pic_lmap         0         0            0.00E+00            0.00E+00
          ci_ice_recon_bc         0         0            0.00E+00            0.00E+00
     ci_ice_recon_bc_lmap         0         0            0.00E+00            0.00E+00
             ci_ice_recon         0         0            0.00E+00            0.00E+00
             ci_dens_temp         0         0            0.00E+00            0.00E+00
                 cidpt_dr         0         0            0.00E+00            0.00E+00
 ------------------------------------------------------------------------------
