 Number of species                 =      10
 Number of streams                 =       3
 Flow rates of streams             =  0.0000  0.2078  0.7922
 PASR starting: number of particles=    1000
 Residence time, tres (seconds)    =   4.0000E-03
 04/06/2012: Prior to this date, due to a bug tres was twice the specified tres
 Mixing time, tmix (seconds)       =   7.0000E-04
 Pairing time, tpair (seconds)     =   7.0000E-04
 Min. and max. time step (seconds) =   7.0000E-05   7.0000E-05
 Number of steps                   =   2.8571E+03
 Number of sub-steps per step      =       3
 Number of particle-sub-steps      =   8.5714E+06
 Maximum pressure (atm.)           =   1.0000E+00
 Minumum pressure (atm.)           =   1.0000E+00
 Period of pressure variation (sec)=   1.0000E-03
 Particle data read from file
 PaSR starting
 ...
q, mu_s, sec, min, hour   6.00E+03  1.97E+02  1.18E+00  1.97E-02  3.28E-04
q, mu_s, sec, min, hour   1.20E+04  1.61E+02  1.93E+00  3.21E-02  5.36E-04
q, mu_s, sec, min, hour   1.80E+04  1.38E+02  2.48E+00  4.14E-02  6.90E-04
q, mu_s, sec, min, hour   2.40E+04  1.21E+02  2.91E+00  4.85E-02  8.09E-04
q, mu_s, sec, min, hour   3.00E+04  1.10E+02  3.30E+00  5.50E-02  9.17E-04
q, mu_s, sec, min, hour   3.60E+04  1.01E+02  3.65E+00  6.08E-02  1.01E-03
q, mu_s, sec, min, hour   4.20E+04  9.50E+01  3.99E+00  6.65E-02  1.11E-03
q, mu_s, sec, min, hour   4.80E+04  8.95E+01  4.30E+00  7.16E-02  1.19E-03
q, mu_s, sec, min, hour   5.40E+04  8.54E+01  4.61E+00  7.69E-02  1.28E-03
q, mu_s, sec, min, hour   6.00E+04  8.11E+01  4.86E+00  8.11E-02  1.35E-03
q, mu_s, sec, min, hour   6.60E+04  7.76E+01  5.12E+00  8.54E-02  1.42E-03
q, mu_s, sec, min, hour   7.20E+04  7.33E+01  5.28E+00  8.80E-02  1.47E-03
q, mu_s, sec, min, hour   7.80E+04  6.91E+01  5.39E+00  8.98E-02  1.50E-03
q, mu_s, sec, min, hour   8.40E+04  6.53E+01  5.48E+00  9.14E-02  1.52E-03
q, mu_s, sec, min, hour   9.00E+04  6.19E+01  5.58E+00  9.29E-02  1.55E-03
q, mu_s, sec, min, hour   9.60E+04  5.89E+01  5.65E+00  9.42E-02  1.57E-03
q, mu_s, sec, min, hour   1.02E+05  5.58E+01  5.70E+00  9.49E-02  1.58E-03
q, mu_s, sec, min, hour   1.08E+05  5.32E+01  5.74E+00  9.57E-02  1.60E-03
q, mu_s, sec, min, hour   1.14E+05  5.10E+01  5.81E+00  9.69E-02  1.62E-03
q, mu_s, sec, min, hour   1.20E+05  4.90E+01  5.88E+00  9.80E-02  1.63E-03
q, mu_s, sec, min, hour   1.26E+05  4.70E+01  5.92E+00  9.86E-02  1.64E-03
q, mu_s, sec, min, hour   1.32E+05  4.51E+01  5.95E+00  9.92E-02  1.65E-03
q, mu_s, sec, min, hour   1.38E+05  4.35E+01  6.00E+00  1.00E-01  1.67E-03
q, mu_s, sec, min, hour   1.44E+05  4.20E+01  6.04E+00  1.01E-01  1.68E-03
q, mu_s, sec, min, hour   1.50E+05  4.06E+01  6.09E+00  1.02E-01  1.69E-03
q, mu_s, sec, min, hour   1.56E+05  3.94E+01  6.14E+00  1.02E-01  1.71E-03
q, mu_s, sec, min, hour   1.65E+05  3.75E+01  6.19E+00  1.03E-01  1.72E-03
q, mu_s, sec, min, hour   1.74E+05  3.60E+01  6.27E+00  1.04E-01  1.74E-03
q, mu_s, sec, min, hour   1.83E+05  3.51E+01  6.42E+00  1.07E-01  1.78E-03
q, mu_s, sec, min, hour   1.92E+05  3.45E+01  6.62E+00  1.10E-01  1.84E-03
q, mu_s, sec, min, hour   2.01E+05  3.38E+01  6.80E+00  1.13E-01  1.89E-03
q, mu_s, sec, min, hour   2.10E+05  3.29E+01  6.92E+00  1.15E-01  1.92E-03
q, mu_s, sec, min, hour   2.19E+05  3.19E+01  6.98E+00  1.16E-01  1.94E-03
q, mu_s, sec, min, hour   2.28E+05  3.08E+01  7.02E+00  1.17E-01  1.95E-03
q, mu_s, sec, min, hour   2.37E+05  2.99E+01  7.08E+00  1.18E-01  1.97E-03
q, mu_s, sec, min, hour   2.46E+05  2.90E+01  7.14E+00  1.19E-01  1.98E-03
q, mu_s, sec, min, hour   2.55E+05  2.82E+01  7.19E+00  1.20E-01  2.00E-03
q, mu_s, sec, min, hour   2.64E+05  2.74E+01  7.24E+00  1.21E-01  2.01E-03
q, mu_s, sec, min, hour   2.73E+05  2.67E+01  7.29E+00  1.22E-01  2.03E-03
q, mu_s, sec, min, hour   2.82E+05  2.60E+01  7.34E+00  1.22E-01  2.04E-03
q, mu_s, sec, min, hour   2.91E+05  2.54E+01  7.40E+00  1.23E-01  2.06E-03
q, mu_s, sec, min, hour   3.00E+05  2.50E+01  7.50E+00  1.25E-01  2.08E-03
q, mu_s, sec, min, hour   3.09E+05  2.47E+01  7.62E+00  1.27E-01  2.12E-03
q, mu_s, sec, min, hour   3.21E+05  2.39E+01  7.69E+00  1.28E-01  2.14E-03
q, mu_s, sec, min, hour   3.33E+05  2.33E+01  7.76E+00  1.29E-01  2.15E-03
q, mu_s, sec, min, hour   3.45E+05  2.26E+01  7.81E+00  1.30E-01  2.17E-03
q, mu_s, sec, min, hour   3.57E+05  2.20E+01  7.86E+00  1.31E-01  2.18E-03
q, mu_s, sec, min, hour   3.69E+05  2.15E+01  7.92E+00  1.32E-01  2.20E-03
q, mu_s, sec, min, hour   3.81E+05  2.09E+01  7.98E+00  1.33E-01  2.22E-03
q, mu_s, sec, min, hour   3.93E+05  2.04E+01  8.04E+00  1.34E-01  2.23E-03
q, mu_s, sec, min, hour   4.05E+05  2.00E+01  8.09E+00  1.35E-01  2.25E-03
q, mu_s, sec, min, hour   4.17E+05  1.95E+01  8.15E+00  1.36E-01  2.26E-03
q, mu_s, sec, min, hour   4.29E+05  1.91E+01  8.20E+00  1.37E-01  2.28E-03
q, mu_s, sec, min, hour   4.41E+05  1.87E+01  8.25E+00  1.38E-01  2.29E-03
q, mu_s, sec, min, hour   4.53E+05  1.83E+01  8.30E+00  1.38E-01  2.31E-03
q, mu_s, sec, min, hour   4.68E+05  1.79E+01  8.38E+00  1.40E-01  2.33E-03
q, mu_s, sec, min, hour   4.83E+05  1.77E+01  8.56E+00  1.43E-01  2.38E-03
q, mu_s, sec, min, hour   4.98E+05  1.74E+01  8.66E+00  1.44E-01  2.41E-03
q, mu_s, sec, min, hour   5.13E+05  1.70E+01  8.75E+00  1.46E-01  2.43E-03
q, mu_s, sec, min, hour   5.28E+05  1.68E+01  8.85E+00  1.48E-01  2.46E-03
q, mu_s, sec, min, hour   5.43E+05  1.64E+01  8.91E+00  1.49E-01  2.48E-03
q, mu_s, sec, min, hour   5.58E+05  1.61E+01  8.98E+00  1.50E-01  2.50E-03
q, mu_s, sec, min, hour   5.73E+05  1.58E+01  9.04E+00  1.51E-01  2.51E-03
q, mu_s, sec, min, hour   5.88E+05  1.55E+01  9.11E+00  1.52E-01  2.53E-03
q, mu_s, sec, min, hour   6.03E+05  1.52E+01  9.18E+00  1.53E-01  2.55E-03
q, mu_s, sec, min, hour   6.21E+05  1.49E+01  9.24E+00  1.54E-01  2.57E-03
q, mu_s, sec, min, hour   6.39E+05  1.46E+01  9.32E+00  1.55E-01  2.59E-03
q, mu_s, sec, min, hour   6.57E+05  1.43E+01  9.39E+00  1.56E-01  2.61E-03
q, mu_s, sec, min, hour   6.75E+05  1.40E+01  9.48E+00  1.58E-01  2.63E-03
q, mu_s, sec, min, hour   6.93E+05  1.39E+01  9.65E+00  1.61E-01  2.68E-03
q, mu_s, sec, min, hour   7.11E+05  1.37E+01  9.76E+00  1.63E-01  2.71E-03
q, mu_s, sec, min, hour   7.29E+05  1.35E+01  9.86E+00  1.64E-01  2.74E-03
q, mu_s, sec, min, hour   7.47E+05  1.33E+01  9.96E+00  1.66E-01  2.77E-03
q, mu_s, sec, min, hour   7.65E+05  1.32E+01  1.01E+01  1.68E-01  2.80E-03
q, mu_s, sec, min, hour   7.86E+05  1.30E+01  1.02E+01  1.70E-01  2.84E-03
q, mu_s, sec, min, hour   8.07E+05  1.29E+01  1.04E+01  1.73E-01  2.88E-03
q, mu_s, sec, min, hour   8.28E+05  1.27E+01  1.05E+01  1.76E-01  2.93E-03
q, mu_s, sec, min, hour   8.49E+05  1.26E+01  1.07E+01  1.78E-01  2.96E-03
q, mu_s, sec, min, hour   8.70E+05  1.24E+01  1.08E+01  1.80E-01  2.99E-03
q, mu_s, sec, min, hour   8.91E+05  1.22E+01  1.09E+01  1.81E-01  3.02E-03
q, mu_s, sec, min, hour   9.12E+05  1.20E+01  1.10E+01  1.83E-01  3.05E-03
q, mu_s, sec, min, hour   9.36E+05  1.18E+01  1.11E+01  1.85E-01  3.08E-03
q, mu_s, sec, min, hour   9.60E+05  1.17E+01  1.12E+01  1.87E-01  3.11E-03
q, mu_s, sec, min, hour   9.84E+05  1.15E+01  1.13E+01  1.88E-01  3.14E-03
q, mu_s, sec, min, hour   1.01E+06  1.13E+01  1.14E+01  1.90E-01  3.17E-03
q, mu_s, sec, min, hour   1.03E+06  1.11E+01  1.15E+01  1.92E-01  3.19E-03
q, mu_s, sec, min, hour   1.06E+06  1.10E+01  1.16E+01  1.93E-01  3.22E-03
q, mu_s, sec, min, hour   1.08E+06  1.08E+01  1.17E+01  1.95E-01  3.25E-03
q, mu_s, sec, min, hour   1.11E+06  1.06E+01  1.18E+01  1.96E-01  3.27E-03
q, mu_s, sec, min, hour   1.14E+06  1.05E+01  1.19E+01  1.98E-01  3.30E-03
q, mu_s, sec, min, hour   1.16E+06  1.03E+01  1.20E+01  2.00E-01  3.33E-03
q, mu_s, sec, min, hour   1.19E+06  1.02E+01  1.21E+01  2.02E-01  3.36E-03
q, mu_s, sec, min, hour   1.22E+06  1.00E+01  1.22E+01  2.03E-01  3.39E-03
q, mu_s, sec, min, hour   1.25E+06  9.85E+00  1.23E+01  2.05E-01  3.42E-03
q, mu_s, sec, min, hour   1.28E+06  9.70E+00  1.24E+01  2.07E-01  3.44E-03
q, mu_s, sec, min, hour   1.31E+06  9.56E+00  1.25E+01  2.08E-01  3.47E-03
q, mu_s, sec, min, hour   1.34E+06  9.42E+00  1.26E+01  2.10E-01  3.50E-03
q, mu_s, sec, min, hour   1.37E+06  9.29E+00  1.27E+01  2.12E-01  3.53E-03
q, mu_s, sec, min, hour   1.40E+06  9.16E+00  1.28E+01  2.14E-01  3.56E-03
q, mu_s, sec, min, hour   1.43E+06  9.03E+00  1.30E+01  2.16E-01  3.60E-03
q, mu_s, sec, min, hour   1.47E+06  8.92E+00  1.31E+01  2.18E-01  3.64E-03
q, mu_s, sec, min, hour   1.50E+06  8.81E+00  1.32E+01  2.20E-01  3.67E-03
q, mu_s, sec, min, hour   1.53E+06  8.70E+00  1.33E+01  2.22E-01  3.71E-03
q, mu_s, sec, min, hour   1.57E+06  8.59E+00  1.35E+01  2.25E-01  3.74E-03
q, mu_s, sec, min, hour   1.60E+06  8.48E+00  1.36E+01  2.27E-01  3.78E-03
q, mu_s, sec, min, hour   1.64E+06  8.37E+00  1.37E+01  2.29E-01  3.82E-03
q, mu_s, sec, min, hour   1.68E+06  8.26E+00  1.39E+01  2.31E-01  3.85E-03
q, mu_s, sec, min, hour   1.72E+06  8.16E+00  1.40E+01  2.33E-01  3.89E-03
q, mu_s, sec, min, hour   1.76E+06  8.06E+00  1.41E+01  2.36E-01  3.93E-03
q, mu_s, sec, min, hour   1.79E+06  7.96E+00  1.43E+01  2.38E-01  3.97E-03
q, mu_s, sec, min, hour   1.83E+06  7.87E+00  1.44E+01  2.40E-01  4.01E-03
q, mu_s, sec, min, hour   1.88E+06  7.78E+00  1.46E+01  2.43E-01  4.05E-03
q, mu_s, sec, min, hour   1.92E+06  7.68E+00  1.47E+01  2.45E-01  4.09E-03
q, mu_s, sec, min, hour   1.96E+06  7.60E+00  1.49E+01  2.48E-01  4.13E-03
q, mu_s, sec, min, hour   2.00E+06  7.50E+00  1.50E+01  2.51E-01  4.18E-03
q, mu_s, sec, min, hour   2.05E+06  7.42E+00  1.52E+01  2.53E-01  4.22E-03
q, mu_s, sec, min, hour   2.09E+06  7.34E+00  1.54E+01  2.56E-01  4.27E-03
q, mu_s, sec, min, hour   2.14E+06  7.26E+00  1.55E+01  2.59E-01  4.31E-03
q, mu_s, sec, min, hour   2.19E+06  7.18E+00  1.57E+01  2.62E-01  4.36E-03
q, mu_s, sec, min, hour   2.24E+06  7.10E+00  1.59E+01  2.65E-01  4.41E-03
q, mu_s, sec, min, hour   2.28E+06  7.03E+00  1.61E+01  2.68E-01  4.46E-03
q, mu_s, sec, min, hour   2.33E+06  6.96E+00  1.62E+01  2.71E-01  4.51E-03
q, mu_s, sec, min, hour   2.38E+06  6.88E+00  1.64E+01  2.74E-01  4.56E-03
q, mu_s, sec, min, hour   2.44E+06  6.82E+00  1.66E+01  2.77E-01  4.61E-03
q, mu_s, sec, min, hour   2.49E+06  6.74E+00  1.68E+01  2.80E-01  4.66E-03
q, mu_s, sec, min, hour   2.54E+06  6.67E+00  1.70E+01  2.83E-01  4.72E-03
q, mu_s, sec, min, hour   2.60E+06  6.61E+00  1.72E+01  2.86E-01  4.77E-03
q, mu_s, sec, min, hour   2.66E+06  6.54E+00  1.74E+01  2.89E-01  4.82E-03
q, mu_s, sec, min, hour   2.71E+06  6.47E+00  1.76E+01  2.93E-01  4.88E-03
q, mu_s, sec, min, hour   2.77E+06  6.41E+00  1.78E+01  2.96E-01  4.94E-03
q, mu_s, sec, min, hour   2.83E+06  6.35E+00  1.80E+01  3.00E-01  4.99E-03
q, mu_s, sec, min, hour   2.89E+06  6.29E+00  1.82E+01  3.03E-01  5.05E-03
q, mu_s, sec, min, hour   2.96E+06  6.23E+00  1.84E+01  3.07E-01  5.11E-03
q, mu_s, sec, min, hour   3.02E+06  6.17E+00  1.86E+01  3.10E-01  5.17E-03
q, mu_s, sec, min, hour   3.08E+06  6.11E+00  1.89E+01  3.14E-01  5.24E-03
q, mu_s, sec, min, hour   3.15E+06  6.07E+00  1.91E+01  3.19E-01  5.31E-03
q, mu_s, sec, min, hour   3.22E+06  6.11E+00  1.96E+01  3.27E-01  5.45E-03
q, mu_s, sec, min, hour   3.28E+06  6.05E+00  1.99E+01  3.31E-01  5.52E-03
q, mu_s, sec, min, hour   3.35E+06  6.01E+00  2.02E+01  3.36E-01  5.60E-03
q, mu_s, sec, min, hour   3.43E+06  6.01E+00  2.06E+01  3.43E-01  5.72E-03
q, mu_s, sec, min, hour   3.50E+06  5.97E+00  2.09E+01  3.48E-01  5.80E-03
q, mu_s, sec, min, hour   3.57E+06  5.92E+00  2.11E+01  3.52E-01  5.87E-03
q, mu_s, sec, min, hour   3.65E+06  5.86E+00  2.14E+01  3.56E-01  5.94E-03
q, mu_s, sec, min, hour   3.73E+06  5.81E+00  2.16E+01  3.61E-01  6.01E-03
q, mu_s, sec, min, hour   3.80E+06  5.76E+00  2.19E+01  3.65E-01  6.08E-03
q, mu_s, sec, min, hour   3.88E+06  5.71E+00  2.22E+01  3.70E-01  6.16E-03
q, mu_s, sec, min, hour   3.97E+06  5.66E+00  2.24E+01  3.74E-01  6.23E-03
q, mu_s, sec, min, hour   4.05E+06  5.61E+00  2.27E+01  3.79E-01  6.31E-03
q, mu_s, sec, min, hour   4.13E+06  5.56E+00  2.30E+01  3.83E-01  6.39E-03
q, mu_s, sec, min, hour   4.22E+06  5.52E+00  2.33E+01  3.88E-01  6.47E-03
q, mu_s, sec, min, hour   4.31E+06  5.47E+00  2.36E+01  3.93E-01  6.55E-03
q, mu_s, sec, min, hour   4.40E+06  5.43E+00  2.39E+01  3.98E-01  6.63E-03
q, mu_s, sec, min, hour   4.49E+06  5.38E+00  2.42E+01  4.03E-01  6.72E-03
q, mu_s, sec, min, hour   4.59E+06  5.34E+00  2.45E+01  4.08E-01  6.81E-03
q, mu_s, sec, min, hour   4.68E+06  5.30E+00  2.48E+01  4.14E-01  6.90E-03
q, mu_s, sec, min, hour   4.78E+06  5.26E+00  2.52E+01  4.19E-01  6.99E-03
q, mu_s, sec, min, hour   4.88E+06  5.22E+00  2.55E+01  4.25E-01  7.08E-03
q, mu_s, sec, min, hour   4.98E+06  5.18E+00  2.58E+01  4.30E-01  7.17E-03
q, mu_s, sec, min, hour   5.09E+06  5.14E+00  2.62E+01  4.36E-01  7.27E-03
q, mu_s, sec, min, hour   5.19E+06  5.11E+00  2.65E+01  4.42E-01  7.37E-03
q, mu_s, sec, min, hour   5.30E+06  5.07E+00  2.69E+01  4.48E-01  7.46E-03
q, mu_s, sec, min, hour   5.41E+06  5.03E+00  2.72E+01  4.54E-01  7.56E-03
q, mu_s, sec, min, hour   5.53E+06  5.00E+00  2.76E+01  4.60E-01  7.67E-03
q, mu_s, sec, min, hour   5.64E+06  4.96E+00  2.80E+01  4.66E-01  7.77E-03
q, mu_s, sec, min, hour   5.76E+06  4.93E+00  2.84E+01  4.73E-01  7.88E-03
q, mu_s, sec, min, hour   5.88E+06  4.89E+00  2.88E+01  4.79E-01  7.99E-03
q, mu_s, sec, min, hour   6.00E+06  4.87E+00  2.92E+01  4.87E-01  8.12E-03
q, mu_s, sec, min, hour   6.12E+06  4.84E+00  2.96E+01  4.94E-01  8.23E-03
q, mu_s, sec, min, hour   6.25E+06  4.81E+00  3.00E+01  5.01E-01  8.34E-03
q, mu_s, sec, min, hour   6.38E+06  4.78E+00  3.05E+01  5.08E-01  8.46E-03
q, mu_s, sec, min, hour   6.51E+06  4.75E+00  3.09E+01  5.15E-01  8.59E-03
q, mu_s, sec, min, hour   6.64E+06  4.72E+00  3.14E+01  5.23E-01  8.72E-03
q, mu_s, sec, min, hour   6.78E+06  4.69E+00  3.18E+01  5.31E-01  8.84E-03
q, mu_s, sec, min, hour   6.92E+06  4.66E+00  3.23E+01  5.38E-01  8.97E-03
q, mu_s, sec, min, hour   7.07E+06  4.64E+00  3.28E+01  5.46E-01  9.10E-03
q, mu_s, sec, min, hour   7.22E+06  4.61E+00  3.33E+01  5.54E-01  9.24E-03
q, mu_s, sec, min, hour   7.36E+06  4.58E+00  3.37E+01  5.62E-01  9.37E-03
q, mu_s, sec, min, hour   7.52E+06  4.56E+00  3.43E+01  5.71E-01  9.51E-03
q, mu_s, sec, min, hour   7.67E+06  4.53E+00  3.48E+01  5.79E-01  9.66E-03
q, mu_s, sec, min, hour   7.83E+06  4.50E+00  3.53E+01  5.88E-01  9.80E-03
q, mu_s, sec, min, hour   8.00E+06  4.48E+00  3.58E+01  5.97E-01  9.95E-03
q, mu_s, sec, min, hour   8.16E+06  4.46E+00  3.64E+01  6.06E-01  1.01E-02
q, mu_s, sec, min, hour   8.33E+06  4.43E+00  3.69E+01  6.15E-01  1.03E-02
q, mu_s, sec, min, hour   8.50E+06  4.41E+00  3.75E+01  6.25E-01  1.04E-02
 Particle data written to file
 Particle mixing data written to file
 pasr: stopped, t, cpu_secs, nrec =  0.2000637       37.74606              -2
 pasr: stopped, t, cpu_secs, nrec =  0.2000637       37.74606              -2
  
MFU: fraction, index =    9.0000E-01       71
  
 Retrieve errors
 Fraction    error
   9.0000E-01   0.0000E+00
   9.9000E-01   0.0000E+00
   9.9900E-01   0.0000E+00
   9.9990E-01   0.0000E+00
   9.9999E-01   0.0000E+00
  
     j    x_min(j)    x_max(j)    x_diff(j)   x_mean(j)
     1    3.06E-04    3.28E-01    3.28E-01    8.20E-02
     2    5.35E-04    7.21E-02    7.16E-02    1.69E-02
     3    2.74E-01    3.32E-01    5.82E-02    2.98E-01
     4    9.60E-06    1.52E-02    1.51E-02    2.79E-03
     5    3.43E-06    8.08E-04    8.05E-04    1.38E-04
     6    1.28E-05    2.77E-03    2.76E-03    3.04E-04
     7    8.21E-04    9.50E-02    9.42E-02    5.20E-02
     8    3.17E-08    3.65E-05    3.64E-05    1.00E-05
     9    1.47E-08    1.99E-05    1.99E-05    1.55E-06
    10    0.00E+00    0.00E+00    0.00E+00    0.00E+00
    11    3.16E-02    2.56E-01    2.24E-01    1.55E-01
   
     j    f_min(j)    f_max(j)    f_diff(j)   fp_diff(j)    f_mean(j)
     1    2.50E-04    3.28E-01    3.28E-01    2.30E-02    7.83E-02
     2    8.06E-05    7.21E-02    7.20E-02    9.11E-03    1.53E-02
     3    2.74E-01    3.32E-01    5.82E-02    4.51E-17    2.98E-01
     4    2.05E-09    1.55E-02    1.55E-02    1.00E-02    3.88E-03
     5    4.15E-07    7.62E-04    7.62E-04    2.95E-04    1.43E-04
     6    2.38E-07    2.75E-03    2.75E-03    2.83E-04    3.33E-04
     7    8.31E-04    9.52E-02    9.44E-02    1.78E-02    5.52E-02
     8    4.95E-08    3.67E-05    3.66E-05    8.22E-06    8.76E-06
     9    3.95E-09    2.02E-05    2.02E-05    4.11E-06    1.48E-06
    10    0.00E+00    0.00E+00    0.00E+00    0.00E+00    0.00E+00
    11    3.17E-02    2.56E-01    2.24E-01    1.99E-02    1.60E-01
    12    1.53E-01    9.53E-01    8.00E-01    1.33E-01    5.80E-01
  
queries  =    8.5770E+06
prim_ret =    8.1033E+06
sec_ret  =    4.6552E+05
grow     =    7.3990E+03
add      =    7.9900E+02
replace  =    0.0000E+00
dir eval =    0.0000E+00
 
CPU (mu s)/query =    4.4008E+00
 -------------------------------------------------------------------------------
 -
                Operation     Calls  Failures         Time (mu s)    Time/call (mu s)
 -------------------------------------------------------------------------------
 -
                   ci_ceq         0         0            0.00E+00            0.00E+00
  ci_ice_chem_map (map=0)         0         0            0.00E+00            0.00E+00
  ci_ice_chem_map (map=1)         0         0            0.00E+00            0.00E+00
               ci_cem_tan         0         0            0.00E+00            0.00E+00
               ci_ice_tan         0         0            0.00E+00            0.00E+00
         ci_ice_pic_bound         0         0            0.00E+00            0.00E+00
                       lp         0         0            0.00E+00            0.00E+00
          rmap2 (map = 0)      8210         0            4.96E+06            6.05E+02
          rmap2 (map = 1)        12         0            2.78E+04            2.32E+03
                  ceq_nrs         0         0            0.00E+00            0.00E+00
               ci_linrmap         0         0            0.00E+00            0.00E+00
                     expm      6463         0            9.04E+04            1.40E+01
      ci_ice_facet_newton         0         0            0.00E+00            0.00E+00
 ci_ice_facet_newton_lmap         0         0            0.00E+00            0.00E+00
        ci_ice_pic_newton         0         0            0.00E+00            0.00E+00
   ci_ice_pic_newton_lmap         0         0            0.00E+00            0.00E+00
         ci_ice_recon_pic         0         0            0.00E+00            0.00E+00
    ci_ice_recon_pic_lmap         0         0            0.00E+00            0.00E+00
          ci_ice_recon_bc         0         0            0.00E+00            0.00E+00
     ci_ice_recon_bc_lmap         0         0            0.00E+00            0.00E+00
             ci_ice_recon         0         0            0.00E+00            0.00E+00
             ci_dens_temp         0         0            0.00E+00            0.00E+00
                 cidpt_dr         0         0            0.00E+00            0.00E+00
 ------------------------------------------------------------------------------
