 Number of species                 =      10
 Number of streams                 =       3
 Flow rates of streams             =  0.0000  0.3041  0.6959
 PASR starting: number of particles=    1000
 Residence time, tres (seconds)    =   4.0000E-03
 04/06/2012: Prior to this date, due to a bug tres was twice the specified tres
 Mixing time, tmix (seconds)       =   3.0000E-04
 Pairing time, tpair (seconds)     =   3.0000E-04
 Min. and max. time step (seconds) =   3.0000E-05   3.0000E-05
 Number of steps                   =   6.6667E+03
 Number of sub-steps per step      =       3
 Number of particle-sub-steps      =   2.0000E+07
 Maximum pressure (atm.)           =   1.0000E+00
 Minumum pressure (atm.)           =   1.0000E+00
 Period of pressure variation (sec)=   1.0000E-03
 Particle data read from file
 PaSR starting
 ...
q, mu_s, sec, min, hour   6.00E+03  2.19E+02  1.31E+00  2.19E-02  3.64E-04
q, mu_s, sec, min, hour   1.20E+04  2.15E+02  2.58E+00  4.30E-02  7.17E-04
q, mu_s, sec, min, hour   1.80E+04  2.06E+02  3.70E+00  6.17E-02  1.03E-03
q, mu_s, sec, min, hour   2.40E+04  1.96E+02  4.69E+00  7.82E-02  1.30E-03
q, mu_s, sec, min, hour   3.00E+04  1.86E+02  5.58E+00  9.30E-02  1.55E-03
q, mu_s, sec, min, hour   3.60E+04  1.77E+02  6.39E+00  1.06E-01  1.77E-03
q, mu_s, sec, min, hour   4.20E+04  1.68E+02  7.07E+00  1.18E-01  1.96E-03
q, mu_s, sec, min, hour   4.80E+04  1.60E+02  7.69E+00  1.28E-01  2.14E-03
q, mu_s, sec, min, hour   5.40E+04  1.52E+02  8.19E+00  1.37E-01  2.28E-03
q, mu_s, sec, min, hour   6.00E+04  1.45E+02  8.70E+00  1.45E-01  2.42E-03
q, mu_s, sec, min, hour   6.60E+04  1.39E+02  9.17E+00  1.53E-01  2.55E-03
q, mu_s, sec, min, hour   7.20E+04  1.34E+02  9.63E+00  1.60E-01  2.67E-03
q, mu_s, sec, min, hour   7.80E+04  1.30E+02  1.01E+01  1.69E-01  2.82E-03
q, mu_s, sec, min, hour   8.40E+04  1.28E+02  1.07E+01  1.79E-01  2.98E-03
q, mu_s, sec, min, hour   9.00E+04  1.24E+02  1.12E+01  1.87E-01  3.11E-03
q, mu_s, sec, min, hour   9.60E+04  1.21E+02  1.16E+01  1.93E-01  3.21E-03
q, mu_s, sec, min, hour   1.02E+05  1.18E+02  1.20E+01  2.00E-01  3.33E-03
q, mu_s, sec, min, hour   1.08E+05  1.15E+02  1.24E+01  2.06E-01  3.44E-03
q, mu_s, sec, min, hour   1.14E+05  1.12E+02  1.28E+01  2.13E-01  3.55E-03
q, mu_s, sec, min, hour   1.20E+05  1.10E+02  1.32E+01  2.20E-01  3.66E-03
q, mu_s, sec, min, hour   1.26E+05  1.08E+02  1.36E+01  2.27E-01  3.78E-03
q, mu_s, sec, min, hour   1.32E+05  1.06E+02  1.40E+01  2.34E-01  3.90E-03
q, mu_s, sec, min, hour   1.38E+05  1.05E+02  1.45E+01  2.42E-01  4.03E-03
q, mu_s, sec, min, hour   1.44E+05  1.03E+02  1.49E+01  2.48E-01  4.13E-03
q, mu_s, sec, min, hour   1.50E+05  1.02E+02  1.52E+01  2.54E-01  4.23E-03
q, mu_s, sec, min, hour   1.56E+05  1.00E+02  1.56E+01  2.60E-01  4.34E-03
q, mu_s, sec, min, hour   1.65E+05  9.79E+01  1.62E+01  2.69E-01  4.49E-03
q, mu_s, sec, min, hour   1.74E+05  9.59E+01  1.67E+01  2.78E-01  4.64E-03
q, mu_s, sec, min, hour   1.83E+05  9.37E+01  1.71E+01  2.86E-01  4.76E-03
q, mu_s, sec, min, hour   1.92E+05  9.14E+01  1.76E+01  2.93E-01  4.88E-03
q, mu_s, sec, min, hour   2.01E+05  8.94E+01  1.80E+01  2.99E-01  4.99E-03
q, mu_s, sec, min, hour   2.10E+05  8.79E+01  1.85E+01  3.08E-01  5.13E-03
q, mu_s, sec, min, hour   2.19E+05  8.59E+01  1.88E+01  3.14E-01  5.23E-03
q, mu_s, sec, min, hour   2.28E+05  8.42E+01  1.92E+01  3.20E-01  5.34E-03
q, mu_s, sec, min, hour   2.37E+05  8.32E+01  1.97E+01  3.29E-01  5.48E-03
q, mu_s, sec, min, hour   2.46E+05  8.21E+01  2.02E+01  3.37E-01  5.61E-03
q, mu_s, sec, min, hour   2.55E+05  8.10E+01  2.06E+01  3.44E-01  5.73E-03
q, mu_s, sec, min, hour   2.64E+05  7.95E+01  2.10E+01  3.50E-01  5.83E-03
q, mu_s, sec, min, hour   2.73E+05  7.84E+01  2.14E+01  3.57E-01  5.94E-03
q, mu_s, sec, min, hour   2.82E+05  7.71E+01  2.17E+01  3.62E-01  6.04E-03
q, mu_s, sec, min, hour   2.91E+05  7.57E+01  2.20E+01  3.67E-01  6.12E-03
q, mu_s, sec, min, hour   3.00E+05  7.48E+01  2.24E+01  3.74E-01  6.23E-03
q, mu_s, sec, min, hour   3.09E+05  7.38E+01  2.28E+01  3.80E-01  6.34E-03
q, mu_s, sec, min, hour   3.21E+05  7.29E+01  2.34E+01  3.90E-01  6.50E-03
q, mu_s, sec, min, hour   3.33E+05  7.22E+01  2.41E+01  4.01E-01  6.68E-03
q, mu_s, sec, min, hour   3.45E+05  7.13E+01  2.46E+01  4.10E-01  6.83E-03
q, mu_s, sec, min, hour   3.57E+05  7.04E+01  2.51E+01  4.19E-01  6.98E-03
q, mu_s, sec, min, hour   3.69E+05  6.93E+01  2.56E+01  4.26E-01  7.10E-03
q, mu_s, sec, min, hour   3.81E+05  6.80E+01  2.59E+01  4.32E-01  7.20E-03
q, mu_s, sec, min, hour   3.93E+05  6.70E+01  2.63E+01  4.39E-01  7.31E-03
q, mu_s, sec, min, hour   4.05E+05  6.60E+01  2.67E+01  4.45E-01  7.42E-03
q, mu_s, sec, min, hour   4.17E+05  6.52E+01  2.72E+01  4.53E-01  7.55E-03
q, mu_s, sec, min, hour   4.29E+05  6.46E+01  2.77E+01  4.62E-01  7.69E-03
q, mu_s, sec, min, hour   4.41E+05  6.41E+01  2.83E+01  4.71E-01  7.85E-03
q, mu_s, sec, min, hour   4.53E+05  6.35E+01  2.88E+01  4.80E-01  7.99E-03
q, mu_s, sec, min, hour   4.68E+05  6.28E+01  2.94E+01  4.90E-01  8.16E-03
q, mu_s, sec, min, hour   4.83E+05  6.22E+01  3.01E+01  5.01E-01  8.35E-03
q, mu_s, sec, min, hour   4.98E+05  6.16E+01  3.07E+01  5.11E-01  8.52E-03
q, mu_s, sec, min, hour   5.13E+05  6.08E+01  3.12E+01  5.20E-01  8.67E-03
q, mu_s, sec, min, hour   5.28E+05  6.01E+01  3.17E+01  5.29E-01  8.81E-03
q, mu_s, sec, min, hour   5.43E+05  5.94E+01  3.22E+01  5.37E-01  8.95E-03
q, mu_s, sec, min, hour   5.58E+05  5.86E+01  3.27E+01  5.45E-01  9.09E-03
q, mu_s, sec, min, hour   5.73E+05  5.80E+01  3.32E+01  5.53E-01  9.22E-03
q, mu_s, sec, min, hour   5.88E+05  5.72E+01  3.37E+01  5.61E-01  9.35E-03
q, mu_s, sec, min, hour   6.03E+05  5.67E+01  3.42E+01  5.70E-01  9.50E-03
q, mu_s, sec, min, hour   6.21E+05  5.60E+01  3.48E+01  5.80E-01  9.67E-03
q, mu_s, sec, min, hour   6.39E+05  5.54E+01  3.54E+01  5.90E-01  9.83E-03
q, mu_s, sec, min, hour   6.57E+05  5.47E+01  3.59E+01  5.99E-01  9.98E-03
q, mu_s, sec, min, hour   6.75E+05  5.42E+01  3.66E+01  6.10E-01  1.02E-02
q, mu_s, sec, min, hour   6.93E+05  5.35E+01  3.71E+01  6.18E-01  1.03E-02
q, mu_s, sec, min, hour   7.11E+05  5.30E+01  3.77E+01  6.28E-01  1.05E-02
q, mu_s, sec, min, hour   7.29E+05  5.24E+01  3.82E+01  6.37E-01  1.06E-02
q, mu_s, sec, min, hour   7.47E+05  5.20E+01  3.88E+01  6.47E-01  1.08E-02
q, mu_s, sec, min, hour   7.65E+05  5.15E+01  3.94E+01  6.56E-01  1.09E-02
q, mu_s, sec, min, hour   7.86E+05  5.08E+01  4.00E+01  6.66E-01  1.11E-02
q, mu_s, sec, min, hour   8.07E+05  5.03E+01  4.06E+01  6.77E-01  1.13E-02
q, mu_s, sec, min, hour   8.28E+05  4.98E+01  4.13E+01  6.88E-01  1.15E-02
q, mu_s, sec, min, hour   8.49E+05  4.95E+01  4.20E+01  7.00E-01  1.17E-02
q, mu_s, sec, min, hour   8.70E+05  4.89E+01  4.26E+01  7.10E-01  1.18E-02
q, mu_s, sec, min, hour   8.91E+05  4.85E+01  4.32E+01  7.20E-01  1.20E-02
q, mu_s, sec, min, hour   9.12E+05  4.80E+01  4.38E+01  7.29E-01  1.22E-02
q, mu_s, sec, min, hour   9.36E+05  4.75E+01  4.45E+01  7.42E-01  1.24E-02
q, mu_s, sec, min, hour   9.60E+05  4.71E+01  4.52E+01  7.53E-01  1.25E-02
q, mu_s, sec, min, hour   9.84E+05  4.67E+01  4.59E+01  7.65E-01  1.28E-02
q, mu_s, sec, min, hour   1.01E+06  4.61E+01  4.65E+01  7.75E-01  1.29E-02
q, mu_s, sec, min, hour   1.03E+06  4.57E+01  4.71E+01  7.86E-01  1.31E-02
q, mu_s, sec, min, hour   1.06E+06  4.54E+01  4.80E+01  8.00E-01  1.33E-02
q, mu_s, sec, min, hour   1.08E+06  4.50E+01  4.87E+01  8.12E-01  1.35E-02
q, mu_s, sec, min, hour   1.11E+06  4.47E+01  4.96E+01  8.26E-01  1.38E-02
q, mu_s, sec, min, hour   1.14E+06  4.43E+01  5.04E+01  8.40E-01  1.40E-02
q, mu_s, sec, min, hour   1.16E+06  4.39E+01  5.11E+01  8.52E-01  1.42E-02
q, mu_s, sec, min, hour   1.19E+06  4.35E+01  5.18E+01  8.64E-01  1.44E-02
q, mu_s, sec, min, hour   1.22E+06  4.31E+01  5.25E+01  8.75E-01  1.46E-02
q, mu_s, sec, min, hour   1.25E+06  4.27E+01  5.32E+01  8.87E-01  1.48E-02
q, mu_s, sec, min, hour   1.28E+06  4.23E+01  5.40E+01  9.01E-01  1.50E-02
q, mu_s, sec, min, hour   1.31E+06  4.18E+01  5.47E+01  9.12E-01  1.52E-02
q, mu_s, sec, min, hour   1.34E+06  4.14E+01  5.54E+01  9.23E-01  1.54E-02
q, mu_s, sec, min, hour   1.37E+06  4.10E+01  5.61E+01  9.35E-01  1.56E-02
q, mu_s, sec, min, hour   1.40E+06  4.07E+01  5.70E+01  9.49E-01  1.58E-02
q, mu_s, sec, min, hour   1.43E+06  4.01E+01  5.75E+01  9.59E-01  1.60E-02
q, mu_s, sec, min, hour   1.47E+06  3.97E+01  5.83E+01  9.72E-01  1.62E-02
q, mu_s, sec, min, hour   1.50E+06  3.93E+01  5.90E+01  9.83E-01  1.64E-02
q, mu_s, sec, min, hour   1.53E+06  3.90E+01  5.97E+01  9.96E-01  1.66E-02
q, mu_s, sec, min, hour   1.57E+06  3.87E+01  6.07E+01  1.01E+00  1.69E-02
q, mu_s, sec, min, hour   1.60E+06  3.83E+01  6.15E+01  1.02E+00  1.71E-02
q, mu_s, sec, min, hour   1.64E+06  3.80E+01  6.24E+01  1.04E+00  1.73E-02
q, mu_s, sec, min, hour   1.68E+06  3.77E+01  6.32E+01  1.05E+00  1.76E-02
q, mu_s, sec, min, hour   1.72E+06  3.74E+01  6.42E+01  1.07E+00  1.78E-02
q, mu_s, sec, min, hour   1.76E+06  3.71E+01  6.51E+01  1.08E+00  1.81E-02
q, mu_s, sec, min, hour   1.79E+06  3.68E+01  6.61E+01  1.10E+00  1.84E-02
q, mu_s, sec, min, hour   1.83E+06  3.65E+01  6.69E+01  1.12E+00  1.86E-02
q, mu_s, sec, min, hour   1.88E+06  3.61E+01  6.78E+01  1.13E+00  1.88E-02
q, mu_s, sec, min, hour   1.92E+06  3.58E+01  6.87E+01  1.14E+00  1.91E-02
q, mu_s, sec, min, hour   1.96E+06  3.55E+01  6.96E+01  1.16E+00  1.93E-02
q, mu_s, sec, min, hour   2.00E+06  3.52E+01  7.05E+01  1.18E+00  1.96E-02
q, mu_s, sec, min, hour   2.05E+06  3.49E+01  7.14E+01  1.19E+00  1.98E-02
q, mu_s, sec, min, hour   2.09E+06  3.45E+01  7.22E+01  1.20E+00  2.01E-02
q, mu_s, sec, min, hour   2.14E+06  3.42E+01  7.32E+01  1.22E+00  2.03E-02
q, mu_s, sec, min, hour   2.19E+06  3.39E+01  7.42E+01  1.24E+00  2.06E-02
q, mu_s, sec, min, hour   2.24E+06  3.36E+01  7.51E+01  1.25E+00  2.09E-02
q, mu_s, sec, min, hour   2.28E+06  3.33E+01  7.60E+01  1.27E+00  2.11E-02
q, mu_s, sec, min, hour   2.33E+06  3.30E+01  7.69E+01  1.28E+00  2.14E-02
q, mu_s, sec, min, hour   2.38E+06  3.26E+01  7.78E+01  1.30E+00  2.16E-02
q, mu_s, sec, min, hour   2.44E+06  3.23E+01  7.86E+01  1.31E+00  2.18E-02
q, mu_s, sec, min, hour   2.49E+06  3.19E+01  7.95E+01  1.32E+00  2.21E-02
q, mu_s, sec, min, hour   2.54E+06  3.16E+01  8.04E+01  1.34E+00  2.23E-02
q, mu_s, sec, min, hour   2.60E+06  3.13E+01  8.12E+01  1.35E+00  2.26E-02
q, mu_s, sec, min, hour   2.66E+06  3.10E+01  8.23E+01  1.37E+00  2.29E-02
q, mu_s, sec, min, hour   2.71E+06  3.07E+01  8.34E+01  1.39E+00  2.32E-02
q, mu_s, sec, min, hour   2.77E+06  3.05E+01  8.45E+01  1.41E+00  2.35E-02
q, mu_s, sec, min, hour   2.83E+06  3.02E+01  8.55E+01  1.43E+00  2.38E-02
q, mu_s, sec, min, hour   2.89E+06  2.99E+01  8.66E+01  1.44E+00  2.40E-02
q, mu_s, sec, min, hour   2.96E+06  2.97E+01  8.76E+01  1.46E+00  2.43E-02
q, mu_s, sec, min, hour   3.02E+06  2.94E+01  8.88E+01  1.48E+00  2.47E-02
q, mu_s, sec, min, hour   3.08E+06  2.91E+01  8.98E+01  1.50E+00  2.49E-02
q, mu_s, sec, min, hour   3.15E+06  2.88E+01  9.08E+01  1.51E+00  2.52E-02
q, mu_s, sec, min, hour   3.22E+06  2.86E+01  9.19E+01  1.53E+00  2.55E-02
q, mu_s, sec, min, hour   3.28E+06  2.83E+01  9.30E+01  1.55E+00  2.58E-02
q, mu_s, sec, min, hour   3.35E+06  2.81E+01  9.41E+01  1.57E+00  2.61E-02
q, mu_s, sec, min, hour   3.43E+06  2.78E+01  9.53E+01  1.59E+00  2.65E-02
q, mu_s, sec, min, hour   3.50E+06  2.75E+01  9.64E+01  1.61E+00  2.68E-02
q, mu_s, sec, min, hour   3.57E+06  2.73E+01  9.75E+01  1.63E+00  2.71E-02
q, mu_s, sec, min, hour   3.65E+06  2.71E+01  9.87E+01  1.65E+00  2.74E-02
q, mu_s, sec, min, hour   3.73E+06  2.68E+01  9.99E+01  1.67E+00  2.78E-02
q, mu_s, sec, min, hour   3.80E+06  2.66E+01  1.01E+02  1.68E+00  2.81E-02
q, mu_s, sec, min, hour   3.88E+06  2.63E+01  1.02E+02  1.70E+00  2.84E-02
q, mu_s, sec, min, hour   3.97E+06  2.61E+01  1.04E+02  1.73E+00  2.88E-02
q, mu_s, sec, min, hour   4.05E+06  2.59E+01  1.05E+02  1.75E+00  2.91E-02
q, mu_s, sec, min, hour   4.13E+06  2.57E+01  1.06E+02  1.77E+00  2.95E-02
q, mu_s, sec, min, hour   4.22E+06  2.54E+01  1.07E+02  1.79E+00  2.98E-02
q, mu_s, sec, min, hour   4.31E+06  2.52E+01  1.09E+02  1.81E+00  3.02E-02
q, mu_s, sec, min, hour   4.40E+06  2.50E+01  1.10E+02  1.84E+00  3.06E-02
q, mu_s, sec, min, hour   4.49E+06  2.48E+01  1.11E+02  1.86E+00  3.10E-02
q, mu_s, sec, min, hour   4.59E+06  2.46E+01  1.13E+02  1.88E+00  3.14E-02
q, mu_s, sec, min, hour   4.68E+06  2.44E+01  1.14E+02  1.91E+00  3.18E-02
q, mu_s, sec, min, hour   4.78E+06  2.42E+01  1.16E+02  1.93E+00  3.22E-02
q, mu_s, sec, min, hour   4.88E+06  2.40E+01  1.17E+02  1.95E+00  3.26E-02
q, mu_s, sec, min, hour   4.98E+06  2.38E+01  1.19E+02  1.98E+00  3.29E-02
q, mu_s, sec, min, hour   5.09E+06  2.36E+01  1.20E+02  2.00E+00  3.34E-02
q, mu_s, sec, min, hour   5.19E+06  2.34E+01  1.21E+02  2.02E+00  3.37E-02
q, mu_s, sec, min, hour   5.30E+06  2.32E+01  1.23E+02  2.05E+00  3.42E-02
q, mu_s, sec, min, hour   5.41E+06  2.30E+01  1.24E+02  2.07E+00  3.46E-02
q, mu_s, sec, min, hour   5.53E+06  2.28E+01  1.26E+02  2.10E+00  3.50E-02
q, mu_s, sec, min, hour   5.64E+06  2.26E+01  1.27E+02  2.12E+00  3.53E-02
q, mu_s, sec, min, hour   5.76E+06  2.24E+01  1.29E+02  2.15E+00  3.58E-02
q, mu_s, sec, min, hour   5.88E+06  2.22E+01  1.31E+02  2.18E+00  3.63E-02
q, mu_s, sec, min, hour   6.00E+06  2.20E+01  1.32E+02  2.20E+00  3.67E-02
q, mu_s, sec, min, hour   6.12E+06  2.18E+01  1.34E+02  2.23E+00  3.71E-02
q, mu_s, sec, min, hour   6.25E+06  2.16E+01  1.35E+02  2.25E+00  3.76E-02
q, mu_s, sec, min, hour   6.38E+06  2.14E+01  1.37E+02  2.28E+00  3.80E-02
q, mu_s, sec, min, hour   6.51E+06  2.12E+01  1.38E+02  2.30E+00  3.84E-02
q, mu_s, sec, min, hour   6.64E+06  2.10E+01  1.40E+02  2.33E+00  3.88E-02
q, mu_s, sec, min, hour   6.78E+06  2.09E+01  1.41E+02  2.36E+00  3.93E-02
q, mu_s, sec, min, hour   6.92E+06  2.07E+01  1.43E+02  2.39E+00  3.98E-02
q, mu_s, sec, min, hour   7.07E+06  2.05E+01  1.45E+02  2.41E+00  4.02E-02
q, mu_s, sec, min, hour   7.22E+06  2.03E+01  1.47E+02  2.45E+00  4.08E-02
q, mu_s, sec, min, hour   7.36E+06  2.02E+01  1.48E+02  2.47E+00  4.12E-02
q, mu_s, sec, min, hour   7.52E+06  2.00E+01  1.50E+02  2.50E+00  4.17E-02
q, mu_s, sec, min, hour   7.67E+06  1.98E+01  1.52E+02  2.53E+00  4.22E-02
q, mu_s, sec, min, hour   7.83E+06  1.96E+01  1.54E+02  2.56E+00  4.27E-02
q, mu_s, sec, min, hour   8.00E+06  1.95E+01  1.56E+02  2.59E+00  4.32E-02
q, mu_s, sec, min, hour   8.16E+06  1.93E+01  1.57E+02  2.62E+00  4.37E-02
q, mu_s, sec, min, hour   8.33E+06  1.91E+01  1.59E+02  2.65E+00  4.42E-02
q, mu_s, sec, min, hour   8.50E+06  1.89E+01  1.61E+02  2.68E+00  4.47E-02
q, mu_s, sec, min, hour   8.67E+06  1.88E+01  1.63E+02  2.71E+00  4.52E-02
q, mu_s, sec, min, hour   8.85E+06  1.86E+01  1.65E+02  2.75E+00  4.58E-02
q, mu_s, sec, min, hour   9.03E+06  1.85E+01  1.67E+02  2.78E+00  4.63E-02
q, mu_s, sec, min, hour   9.22E+06  1.83E+01  1.69E+02  2.81E+00  4.69E-02
q, mu_s, sec, min, hour   9.40E+06  1.81E+01  1.70E+02  2.84E+00  4.73E-02
q, mu_s, sec, min, hour   9.60E+06  1.79E+01  1.72E+02  2.87E+00  4.78E-02
q, mu_s, sec, min, hour   9.79E+06  1.77E+01  1.74E+02  2.90E+00  4.83E-02
q, mu_s, sec, min, hour   9.99E+06  1.76E+01  1.76E+02  2.93E+00  4.88E-02
q, mu_s, sec, min, hour   1.02E+07  1.74E+01  1.78E+02  2.96E+00  4.94E-02
q, mu_s, sec, min, hour   1.04E+07  1.72E+01  1.79E+02  2.99E+00  4.98E-02
q, mu_s, sec, min, hour   1.06E+07  1.71E+01  1.81E+02  3.02E+00  5.04E-02
q, mu_s, sec, min, hour   1.08E+07  1.69E+01  1.83E+02  3.05E+00  5.09E-02
q, mu_s, sec, min, hour   1.11E+07  1.67E+01  1.85E+02  3.09E+00  5.14E-02
q, mu_s, sec, min, hour   1.13E+07  1.66E+01  1.87E+02  3.12E+00  5.19E-02
q, mu_s, sec, min, hour   1.15E+07  1.64E+01  1.89E+02  3.15E+00  5.25E-02
q, mu_s, sec, min, hour   1.17E+07  1.63E+01  1.91E+02  3.18E+00  5.31E-02
q, mu_s, sec, min, hour   1.20E+07  1.61E+01  1.93E+02  3.22E+00  5.36E-02
q, mu_s, sec, min, hour   1.22E+07  1.60E+01  1.95E+02  3.25E+00  5.42E-02
q, mu_s, sec, min, hour   1.25E+07  1.58E+01  1.97E+02  3.29E+00  5.48E-02
q, mu_s, sec, min, hour   1.27E+07  1.57E+01  2.00E+02  3.33E+00  5.54E-02
q, mu_s, sec, min, hour   1.30E+07  1.55E+01  2.02E+02  3.36E+00  5.60E-02
q, mu_s, sec, min, hour   1.33E+07  1.54E+01  2.04E+02  3.40E+00  5.66E-02
q, mu_s, sec, min, hour   1.35E+07  1.52E+01  2.06E+02  3.44E+00  5.73E-02
q, mu_s, sec, min, hour   1.38E+07  1.51E+01  2.09E+02  3.48E+00  5.79E-02
q, mu_s, sec, min, hour   1.41E+07  1.50E+01  2.11E+02  3.51E+00  5.85E-02
q, mu_s, sec, min, hour   1.44E+07  1.48E+01  2.13E+02  3.55E+00  5.91E-02
q, mu_s, sec, min, hour   1.47E+07  1.47E+01  2.15E+02  3.59E+00  5.98E-02
q, mu_s, sec, min, hour   1.50E+07  1.46E+01  2.18E+02  3.63E+00  6.04E-02
q, mu_s, sec, min, hour   1.53E+07  1.44E+01  2.20E+02  3.67E+00  6.11E-02
q, mu_s, sec, min, hour   1.56E+07  1.43E+01  2.22E+02  3.71E+00  6.18E-02
q, mu_s, sec, min, hour   1.59E+07  1.42E+01  2.25E+02  3.75E+00  6.25E-02
q, mu_s, sec, min, hour   1.62E+07  1.40E+01  2.27E+02  3.79E+00  6.31E-02
q, mu_s, sec, min, hour   1.65E+07  1.39E+01  2.30E+02  3.83E+00  6.38E-02
q, mu_s, sec, min, hour   1.69E+07  1.38E+01  2.33E+02  3.88E+00  6.46E-02
q, mu_s, sec, min, hour   1.72E+07  1.37E+01  2.35E+02  3.92E+00  6.53E-02
q, mu_s, sec, min, hour   1.76E+07  1.36E+01  2.38E+02  3.96E+00  6.61E-02
q, mu_s, sec, min, hour   1.79E+07  1.34E+01  2.41E+02  4.01E+00  6.68E-02
q, mu_s, sec, min, hour   1.83E+07  1.33E+01  2.43E+02  4.06E+00  6.76E-02
q, mu_s, sec, min, hour   1.86E+07  1.32E+01  2.46E+02  4.10E+00  6.84E-02
q, mu_s, sec, min, hour   1.90E+07  1.31E+01  2.49E+02  4.15E+00  6.92E-02
q, mu_s, sec, min, hour   1.94E+07  1.30E+01  2.52E+02  4.20E+00  7.00E-02
q, mu_s, sec, min, hour   1.98E+07  1.29E+01  2.55E+02  4.24E+00  7.07E-02
 Particle data written to file
 Particle mixing data written to file
 pasr: stopped, t, cpu_secs, nrec =  0.2000070       256.0691              -2
 pasr: stopped, t, cpu_secs, nrec =  0.2000070       256.0691              -2
  
MFU: fraction, index =    9.0000E-01      319
  
 Retrieve errors
 Fraction    error
   9.0000E-01   0.0000E+00
   9.9000E-01   0.0000E+00
   9.9900E-01   0.0000E+00
   9.9990E-01   0.0000E+00
   9.9999E-01   0.0000E+00
  
     j    x_min(j)    x_max(j)    x_diff(j)   x_mean(j)
     1    0.00E+00    3.33E-01    3.33E-01    5.56E-02
     2    0.00E+00    7.28E-02    7.28E-02    1.91E-02
     3    2.74E-01    3.33E-01    5.92E-02    2.94E-01
     4    0.00E+00    1.78E-02    1.78E-02    2.94E-03
     5    0.00E+00    2.68E-03    2.68E-03    3.60E-04
     6    0.00E+00    3.16E-03    3.16E-03    6.87E-04
     7    0.00E+00    9.77E-02    9.77E-02    5.65E-02
     8    0.00E+00    9.94E-05    9.94E-05    9.01E-06
     9    0.00E+00    1.08E-04    1.08E-04    1.84E-06
    10    0.00E+00    0.00E+00    0.00E+00    0.00E+00
    11    2.95E-02    2.63E-01    2.34E-01    1.63E-01
   
     j    f_min(j)    f_max(j)    f_diff(j)   fp_diff(j)    f_mean(j)
     1    0.00E+00    3.33E-01    3.33E-01    2.57E-02    4.89E-02
     2    0.00E+00    7.28E-02    7.28E-02    1.05E-02    1.61E-02
     3    2.74E-01    3.33E-01    5.92E-02    2.94E-16    2.94E-01
     4    0.00E+00    1.78E-02    1.78E-02    1.39E-02    5.59E-03
     5    0.00E+00    2.68E-03    2.68E-03    2.84E-03    7.83E-04
     6    0.00E+00    3.16E-03    3.16E-03    3.35E-03    1.03E-03
     7    0.00E+00    9.77E-02    9.77E-02    1.89E-02    6.18E-02
     8    0.00E+00    9.54E-05    9.54E-05    1.06E-04    1.22E-05
     9    0.00E+00    1.53E-04    1.53E-04    7.70E-05    2.21E-06
    10    0.00E+00    0.00E+00    0.00E+00    0.00E+00    0.00E+00
    11    2.95E-02    2.63E-01    2.34E-01    2.06E-02    1.68E-01
    12    1.48E-01    9.73E-01    8.25E-01    1.46E-01    6.34E-01
  
queries  =    2.0004E+07
prim_ret =    1.7365E+07
sec_ret  =    2.5492E+06
grow     =    6.9444E+04
add      =    1.3943E+04
replace  =    0.0000E+00
dir eval =    6.0020E+03
 
CPU (mu s)/query =    1.2801E+01
 -------------------------------------------------------------------------------
 -
                Operation     Calls  Failures         Time (mu s)    Time/call (mu s)
 -------------------------------------------------------------------------------
 -
                   ci_ceq         0         0            0.00E+00            0.00E+00
  ci_ice_chem_map (map=0)         0         0            0.00E+00            0.00E+00
  ci_ice_chem_map (map=1)         0         0            0.00E+00            0.00E+00
               ci_cem_tan         0         0            0.00E+00            0.00E+00
               ci_ice_tan         0         0            0.00E+00            0.00E+00
         ci_ice_pic_bound         0         0            0.00E+00            0.00E+00
                       lp         0         0            0.00E+00            0.00E+00
          rmap2 (map = 0)     90763         0            6.11E+07            6.73E+02
          rmap2 (map = 1)      1374         0            4.71E+06            3.43E+03
                  ceq_nrs         0         0            0.00E+00            0.00E+00
               ci_linrmap         0         0            0.00E+00            0.00E+00
                     expm    109844         0            1.59E+06            1.44E+01
      ci_ice_facet_newton         0         0            0.00E+00            0.00E+00
 ci_ice_facet_newton_lmap         0         0            0.00E+00            0.00E+00
        ci_ice_pic_newton         0         0            0.00E+00            0.00E+00
   ci_ice_pic_newton_lmap         0         0            0.00E+00            0.00E+00
         ci_ice_recon_pic         0         0            0.00E+00            0.00E+00
    ci_ice_recon_pic_lmap         0         0            0.00E+00            0.00E+00
          ci_ice_recon_bc         0         0            0.00E+00            0.00E+00
     ci_ice_recon_bc_lmap         0         0            0.00E+00            0.00E+00
             ci_ice_recon         0         0            0.00E+00            0.00E+00
             ci_dens_temp         0         0            0.00E+00            0.00E+00
                 cidpt_dr         0         0            0.00E+00            0.00E+00
 ------------------------------------------------------------------------------
