 Number of species                 =      10
 Number of streams                 =       3
 Flow rates of streams             =  0.0000  0.4216  0.5784
 PASR starting: number of particles=    1000
 Residence time, tres (seconds)    =   4.0000E-03
 04/06/2012: Prior to this date, due to a bug tres was twice the specified tres
 Mixing time, tmix (seconds)       =   7.0000E-04
 Pairing time, tpair (seconds)     =   7.0000E-04
 Min. and max. time step (seconds) =   7.0000E-05   7.0000E-05
 Number of steps                   =   2.8571E+03
 Number of sub-steps per step      =       3
 Number of particle-sub-steps      =   8.5714E+06
 Maximum pressure (atm.)           =   1.0000E+00
 Minumum pressure (atm.)           =   1.0000E+00
 Period of pressure variation (sec)=   1.0000E-03
 Particle data read from file
 PaSR starting
 ...
q, mu_s, sec, min, hour   6.00E+03  4.16E+02  2.50E+00  4.16E-02  6.93E-04
q, mu_s, sec, min, hour   1.20E+04  4.36E+02  5.23E+00  8.72E-02  1.45E-03
q, mu_s, sec, min, hour   1.80E+04  4.42E+02  7.96E+00  1.33E-01  2.21E-03
q, mu_s, sec, min, hour   2.40E+04  4.23E+02  1.01E+01  1.69E-01  2.82E-03
q, mu_s, sec, min, hour   3.00E+04  4.03E+02  1.21E+01  2.02E-01  3.36E-03
q, mu_s, sec, min, hour   3.60E+04  3.95E+02  1.42E+01  2.37E-01  3.95E-03
q, mu_s, sec, min, hour   4.20E+04  3.87E+02  1.62E+01  2.71E-01  4.51E-03
q, mu_s, sec, min, hour   4.80E+04  3.86E+02  1.85E+01  3.09E-01  5.14E-03
q, mu_s, sec, min, hour   5.40E+04  3.84E+02  2.08E+01  3.46E-01  5.77E-03
q, mu_s, sec, min, hour   6.00E+04  3.83E+02  2.30E+01  3.83E-01  6.38E-03
q, mu_s, sec, min, hour   6.60E+04  3.81E+02  2.52E+01  4.19E-01  6.99E-03
q, mu_s, sec, min, hour   7.20E+04  3.78E+02  2.72E+01  4.53E-01  7.56E-03
q, mu_s, sec, min, hour   7.80E+04  3.74E+02  2.92E+01  4.86E-01  8.11E-03
q, mu_s, sec, min, hour   8.40E+04  3.72E+02  3.12E+01  5.20E-01  8.67E-03
q, mu_s, sec, min, hour   9.00E+04  3.66E+02  3.30E+01  5.50E-01  9.16E-03
q, mu_s, sec, min, hour   9.60E+04  3.65E+02  3.50E+01  5.84E-01  9.73E-03
q, mu_s, sec, min, hour   1.02E+05  3.62E+02  3.69E+01  6.15E-01  1.02E-02
q, mu_s, sec, min, hour   1.08E+05  3.59E+02  3.88E+01  6.47E-01  1.08E-02
q, mu_s, sec, min, hour   1.14E+05  3.58E+02  4.08E+01  6.80E-01  1.13E-02
q, mu_s, sec, min, hour   1.20E+05  3.56E+02  4.27E+01  7.11E-01  1.19E-02
q, mu_s, sec, min, hour   1.26E+05  3.52E+02  4.44E+01  7.39E-01  1.23E-02
q, mu_s, sec, min, hour   1.32E+05  3.51E+02  4.64E+01  7.73E-01  1.29E-02
q, mu_s, sec, min, hour   1.38E+05  3.50E+02  4.84E+01  8.06E-01  1.34E-02
q, mu_s, sec, min, hour   1.44E+05  3.49E+02  5.03E+01  8.38E-01  1.40E-02
q, mu_s, sec, min, hour   1.50E+05  3.47E+02  5.21E+01  8.68E-01  1.45E-02
q, mu_s, sec, min, hour   1.56E+05  3.47E+02  5.41E+01  9.02E-01  1.50E-02
q, mu_s, sec, min, hour   1.65E+05  3.42E+02  5.64E+01  9.40E-01  1.57E-02
q, mu_s, sec, min, hour   1.74E+05  3.39E+02  5.90E+01  9.83E-01  1.64E-02
q, mu_s, sec, min, hour   1.83E+05  3.36E+02  6.14E+01  1.02E+00  1.71E-02
q, mu_s, sec, min, hour   1.92E+05  3.33E+02  6.40E+01  1.07E+00  1.78E-02
q, mu_s, sec, min, hour   2.01E+05  3.29E+02  6.62E+01  1.10E+00  1.84E-02
q, mu_s, sec, min, hour   2.10E+05  3.27E+02  6.87E+01  1.14E+00  1.91E-02
q, mu_s, sec, min, hour   2.19E+05  3.25E+02  7.12E+01  1.19E+00  1.98E-02
q, mu_s, sec, min, hour   2.28E+05  3.22E+02  7.35E+01  1.22E+00  2.04E-02
q, mu_s, sec, min, hour   2.37E+05  3.21E+02  7.60E+01  1.27E+00  2.11E-02
q, mu_s, sec, min, hour   2.46E+05  3.19E+02  7.85E+01  1.31E+00  2.18E-02
q, mu_s, sec, min, hour   2.55E+05  3.17E+02  8.09E+01  1.35E+00  2.25E-02
q, mu_s, sec, min, hour   2.64E+05  3.16E+02  8.34E+01  1.39E+00  2.32E-02
q, mu_s, sec, min, hour   2.73E+05  3.14E+02  8.58E+01  1.43E+00  2.38E-02
q, mu_s, sec, min, hour   2.82E+05  3.13E+02  8.82E+01  1.47E+00  2.45E-02
q, mu_s, sec, min, hour   2.91E+05  3.11E+02  9.06E+01  1.51E+00  2.52E-02
q, mu_s, sec, min, hour   3.00E+05  3.11E+02  9.32E+01  1.55E+00  2.59E-02
q, mu_s, sec, min, hour   3.09E+05  3.10E+02  9.59E+01  1.60E+00  2.66E-02
q, mu_s, sec, min, hour   3.21E+05  3.09E+02  9.92E+01  1.65E+00  2.76E-02
q, mu_s, sec, min, hour   3.33E+05  3.09E+02  1.03E+02  1.72E+00  2.86E-02
q, mu_s, sec, min, hour   3.45E+05  3.08E+02  1.06E+02  1.77E+00  2.95E-02
q, mu_s, sec, min, hour   3.57E+05  3.07E+02  1.10E+02  1.83E+00  3.05E-02
q, mu_s, sec, min, hour   3.69E+05  3.07E+02  1.13E+02  1.89E+00  3.14E-02
q, mu_s, sec, min, hour   3.81E+05  3.06E+02  1.17E+02  1.95E+00  3.24E-02
q, mu_s, sec, min, hour   3.93E+05  3.06E+02  1.20E+02  2.00E+00  3.34E-02
q, mu_s, sec, min, hour   4.05E+05  3.05E+02  1.24E+02  2.06E+00  3.43E-02
q, mu_s, sec, min, hour   4.17E+05  3.05E+02  1.27E+02  2.12E+00  3.53E-02
q, mu_s, sec, min, hour   4.29E+05  3.04E+02  1.30E+02  2.17E+00  3.62E-02
q, mu_s, sec, min, hour   4.41E+05  3.03E+02  1.34E+02  2.23E+00  3.71E-02
q, mu_s, sec, min, hour   4.53E+05  3.02E+02  1.37E+02  2.28E+00  3.80E-02
q, mu_s, sec, min, hour   4.68E+05  3.02E+02  1.41E+02  2.35E+00  3.92E-02
q, mu_s, sec, min, hour   4.83E+05  3.02E+02  1.46E+02  2.43E+00  4.05E-02
q, mu_s, sec, min, hour   4.98E+05  3.01E+02  1.50E+02  2.50E+00  4.17E-02
q, mu_s, sec, min, hour   5.13E+05  3.01E+02  1.54E+02  2.57E+00  4.29E-02
q, mu_s, sec, min, hour   5.28E+05  3.01E+02  1.59E+02  2.65E+00  4.41E-02
q, mu_s, sec, min, hour   5.43E+05  3.00E+02  1.63E+02  2.72E+00  4.53E-02
q, mu_s, sec, min, hour   5.58E+05  3.00E+02  1.68E+02  2.79E+00  4.65E-02
q, mu_s, sec, min, hour   5.73E+05  2.99E+02  1.71E+02  2.85E+00  4.75E-02
q, mu_s, sec, min, hour   5.88E+05  2.98E+02  1.75E+02  2.92E+00  4.87E-02
q, mu_s, sec, min, hour   6.03E+05  2.98E+02  1.80E+02  3.00E+00  5.00E-02
q, mu_s, sec, min, hour   6.21E+05  2.97E+02  1.85E+02  3.08E+00  5.13E-02
q, mu_s, sec, min, hour   6.39E+05  2.97E+02  1.90E+02  3.17E+00  5.28E-02
q, mu_s, sec, min, hour   6.57E+05  2.97E+02  1.95E+02  3.25E+00  5.42E-02
q, mu_s, sec, min, hour   6.75E+05  2.97E+02  2.00E+02  3.34E+00  5.57E-02
q, mu_s, sec, min, hour   6.93E+05  2.96E+02  2.05E+02  3.42E+00  5.70E-02
q, mu_s, sec, min, hour   7.11E+05  2.95E+02  2.10E+02  3.50E+00  5.83E-02
q, mu_s, sec, min, hour   7.29E+05  2.95E+02  2.15E+02  3.58E+00  5.96E-02
q, mu_s, sec, min, hour   7.47E+05  2.94E+02  2.19E+02  3.66E+00  6.10E-02
q, mu_s, sec, min, hour   7.65E+05  2.94E+02  2.25E+02  3.75E+00  6.25E-02
q, mu_s, sec, min, hour   7.86E+05  2.93E+02  2.31E+02  3.84E+00  6.41E-02
q, mu_s, sec, min, hour   8.07E+05  2.93E+02  2.36E+02  3.94E+00  6.56E-02
q, mu_s, sec, min, hour   8.28E+05  2.92E+02  2.42E+02  4.03E+00  6.72E-02
q, mu_s, sec, min, hour   8.49E+05  2.91E+02  2.47E+02  4.12E+00  6.86E-02
q, mu_s, sec, min, hour   8.70E+05  2.91E+02  2.53E+02  4.21E+00  7.02E-02
q, mu_s, sec, min, hour   8.91E+05  2.90E+02  2.59E+02  4.31E+00  7.18E-02
q, mu_s, sec, min, hour   9.12E+05  2.90E+02  2.64E+02  4.40E+00  7.33E-02
q, mu_s, sec, min, hour   9.36E+05  2.89E+02  2.71E+02  4.52E+00  7.53E-02
q, mu_s, sec, min, hour   9.60E+05  2.89E+02  2.77E+02  4.62E+00  7.69E-02
q, mu_s, sec, min, hour   9.84E+05  2.88E+02  2.84E+02  4.73E+00  7.88E-02
q, mu_s, sec, min, hour   1.01E+06  2.88E+02  2.90E+02  4.84E+00  8.06E-02
q, mu_s, sec, min, hour   1.03E+06  2.88E+02  2.97E+02  4.95E+00  8.25E-02
q, mu_s, sec, min, hour   1.06E+06  2.88E+02  3.04E+02  5.06E+00  8.44E-02
q, mu_s, sec, min, hour   1.08E+06  2.88E+02  3.12E+02  5.19E+00  8.66E-02
q, mu_s, sec, min, hour   1.11E+06  2.87E+02  3.19E+02  5.32E+00  8.86E-02
q, mu_s, sec, min, hour   1.14E+06  2.87E+02  3.27E+02  5.44E+00  9.07E-02
q, mu_s, sec, min, hour   1.16E+06  2.87E+02  3.34E+02  5.56E+00  9.27E-02
q, mu_s, sec, min, hour   1.19E+06  2.87E+02  3.41E+02  5.69E+00  9.48E-02
q, mu_s, sec, min, hour   1.22E+06  2.86E+02  3.49E+02  5.81E+00  9.69E-02
q, mu_s, sec, min, hour   1.25E+06  2.86E+02  3.57E+02  5.95E+00  9.92E-02
q, mu_s, sec, min, hour   1.28E+06  2.86E+02  3.66E+02  6.09E+00  1.02E-01
q, mu_s, sec, min, hour   1.31E+06  2.86E+02  3.74E+02  6.23E+00  1.04E-01
q, mu_s, sec, min, hour   1.34E+06  2.86E+02  3.82E+02  6.37E+00  1.06E-01
q, mu_s, sec, min, hour   1.37E+06  2.86E+02  3.91E+02  6.51E+00  1.09E-01
q, mu_s, sec, min, hour   1.40E+06  2.86E+02  4.00E+02  6.67E+00  1.11E-01
q, mu_s, sec, min, hour   1.43E+06  2.86E+02  4.10E+02  6.83E+00  1.14E-01
q, mu_s, sec, min, hour   1.47E+06  2.86E+02  4.19E+02  6.98E+00  1.16E-01
q, mu_s, sec, min, hour   1.50E+06  2.85E+02  4.28E+02  7.14E+00  1.19E-01
q, mu_s, sec, min, hour   1.53E+06  2.85E+02  4.37E+02  7.29E+00  1.21E-01
q, mu_s, sec, min, hour   1.57E+06  2.85E+02  4.48E+02  7.46E+00  1.24E-01
q, mu_s, sec, min, hour   1.60E+06  2.85E+02  4.58E+02  7.63E+00  1.27E-01
q, mu_s, sec, min, hour   1.64E+06  2.85E+02  4.68E+02  7.80E+00  1.30E-01
q, mu_s, sec, min, hour   1.68E+06  2.85E+02  4.77E+02  7.95E+00  1.33E-01
q, mu_s, sec, min, hour   1.72E+06  2.84E+02  4.87E+02  8.12E+00  1.35E-01
q, mu_s, sec, min, hour   1.76E+06  2.84E+02  4.98E+02  8.29E+00  1.38E-01
q, mu_s, sec, min, hour   1.79E+06  2.83E+02  5.08E+02  8.47E+00  1.41E-01
q, mu_s, sec, min, hour   1.83E+06  2.83E+02  5.19E+02  8.65E+00  1.44E-01
q, mu_s, sec, min, hour   1.88E+06  2.83E+02  5.30E+02  8.84E+00  1.47E-01
q, mu_s, sec, min, hour   1.92E+06  2.83E+02  5.42E+02  9.04E+00  1.51E-01
q, mu_s, sec, min, hour   1.96E+06  2.83E+02  5.54E+02  9.23E+00  1.54E-01
q, mu_s, sec, min, hour   2.00E+06  2.83E+02  5.67E+02  9.44E+00  1.57E-01
q, mu_s, sec, min, hour   2.05E+06  2.83E+02  5.79E+02  9.65E+00  1.61E-01
q, mu_s, sec, min, hour   2.09E+06  2.83E+02  5.92E+02  9.87E+00  1.64E-01
q, mu_s, sec, min, hour   2.14E+06  2.83E+02  6.05E+02  1.01E+01  1.68E-01
q, mu_s, sec, min, hour   2.19E+06  2.82E+02  6.18E+02  1.03E+01  1.72E-01
q, mu_s, sec, min, hour   2.24E+06  2.83E+02  6.32E+02  1.05E+01  1.75E-01
q, mu_s, sec, min, hour   2.28E+06  2.83E+02  6.45E+02  1.08E+01  1.79E-01
q, mu_s, sec, min, hour   2.33E+06  2.83E+02  6.60E+02  1.10E+01  1.83E-01
q, mu_s, sec, min, hour   2.38E+06  2.82E+02  6.73E+02  1.12E+01  1.87E-01
q, mu_s, sec, min, hour   2.44E+06  2.82E+02  6.86E+02  1.14E+01  1.91E-01
q, mu_s, sec, min, hour   2.49E+06  2.81E+02  7.01E+02  1.17E+01  1.95E-01
q, mu_s, sec, min, hour   2.54E+06  2.81E+02  7.14E+02  1.19E+01  1.98E-01
q, mu_s, sec, min, hour   2.60E+06  2.80E+02  7.28E+02  1.21E+01  2.02E-01
