 Number of species                 =      10
 Number of streams                 =       3
 Flow rates of streams             =  0.0000  0.3041  0.6959
 PASR starting: number of particles=    1000
 Residence time, tres (seconds)    =   4.0000E-03
 04/06/2012: Prior to this date, due to a bug tres was twice the specified tres
 Mixing time, tmix (seconds)       =   3.0000E-03
 Pairing time, tpair (seconds)     =   3.0000E-03
 Min. and max. time step (seconds) =   3.0000E-04   3.0000E-04
 Number of steps                   =   6.6667E+02
 Number of sub-steps per step      =       3
 Number of particle-sub-steps      =   2.0000E+06
 Maximum pressure (atm.)           =   1.0000E+00
 Minumum pressure (atm.)           =   1.0000E+00
 Period of pressure variation (sec)=   1.0000E-03
 Particle data read from file
 PaSR starting
 ...
q, mu_s, sec, min, hour   6.00E+03  1.04E+03  6.24E+00  1.04E-01  1.73E-03
q, mu_s, sec, min, hour   1.20E+04  8.53E+02  1.02E+01  1.71E-01  2.84E-03
q, mu_s, sec, min, hour   1.80E+04  7.58E+02  1.36E+01  2.27E-01  3.79E-03
q, mu_s, sec, min, hour   2.40E+04  7.19E+02  1.73E+01  2.88E-01  4.80E-03
q, mu_s, sec, min, hour   3.00E+04  6.81E+02  2.04E+01  3.40E-01  5.67E-03
q, mu_s, sec, min, hour   3.60E+04  6.47E+02  2.33E+01  3.88E-01  6.47E-03
q, mu_s, sec, min, hour   4.20E+04  6.21E+02  2.61E+01  4.35E-01  7.25E-03
q, mu_s, sec, min, hour   4.80E+04  6.00E+02  2.88E+01  4.80E-01  8.00E-03
q, mu_s, sec, min, hour   5.40E+04  5.89E+02  3.18E+01  5.30E-01  8.83E-03
q, mu_s, sec, min, hour   6.00E+04  5.75E+02  3.45E+01  5.75E-01  9.58E-03
q, mu_s, sec, min, hour   6.60E+04  5.61E+02  3.71E+01  6.18E-01  1.03E-02
q, mu_s, sec, min, hour   7.20E+04  5.49E+02  3.96E+01  6.59E-01  1.10E-02
q, mu_s, sec, min, hour   7.80E+04  5.40E+02  4.21E+01  7.02E-01  1.17E-02
q, mu_s, sec, min, hour   8.40E+04  5.33E+02  4.48E+01  7.47E-01  1.24E-02
q, mu_s, sec, min, hour   9.00E+04  5.25E+02  4.72E+01  7.87E-01  1.31E-02
q, mu_s, sec, min, hour   9.60E+04  5.16E+02  4.95E+01  8.25E-01  1.38E-02
q, mu_s, sec, min, hour   1.02E+05  5.08E+02  5.18E+01  8.64E-01  1.44E-02
q, mu_s, sec, min, hour   1.08E+05  5.04E+02  5.44E+01  9.07E-01  1.51E-02
q, mu_s, sec, min, hour   1.14E+05  4.97E+02  5.67E+01  9.44E-01  1.57E-02
q, mu_s, sec, min, hour   1.20E+05  4.95E+02  5.94E+01  9.90E-01  1.65E-02
q, mu_s, sec, min, hour   1.26E+05  4.91E+02  6.19E+01  1.03E+00  1.72E-02
q, mu_s, sec, min, hour   1.32E+05  4.87E+02  6.43E+01  1.07E+00  1.79E-02
q, mu_s, sec, min, hour   1.38E+05  4.84E+02  6.68E+01  1.11E+00  1.86E-02
q, mu_s, sec, min, hour   1.44E+05  4.80E+02  6.91E+01  1.15E+00  1.92E-02
q, mu_s, sec, min, hour   1.50E+05  4.76E+02  7.14E+01  1.19E+00  1.98E-02
q, mu_s, sec, min, hour   1.56E+05  4.74E+02  7.40E+01  1.23E+00  2.06E-02
q, mu_s, sec, min, hour   1.65E+05  4.71E+02  7.77E+01  1.29E+00  2.16E-02
q, mu_s, sec, min, hour   1.74E+05  4.67E+02  8.12E+01  1.35E+00  2.26E-02
q, mu_s, sec, min, hour   1.83E+05  4.63E+02  8.48E+01  1.41E+00  2.36E-02
q, mu_s, sec, min, hour   1.92E+05  4.61E+02  8.86E+01  1.48E+00  2.46E-02
q, mu_s, sec, min, hour   2.01E+05  4.63E+02  9.30E+01  1.55E+00  2.58E-02
q, mu_s, sec, min, hour   2.10E+05  4.62E+02  9.70E+01  1.62E+00  2.69E-02
q, mu_s, sec, min, hour   2.19E+05  4.58E+02  1.00E+02  1.67E+00  2.79E-02
q, mu_s, sec, min, hour   2.28E+05  4.57E+02  1.04E+02  1.74E+00  2.90E-02
q, mu_s, sec, min, hour   2.37E+05  4.55E+02  1.08E+02  1.80E+00  3.00E-02
q, mu_s, sec, min, hour   2.46E+05  4.54E+02  1.12E+02  1.86E+00  3.10E-02
q, mu_s, sec, min, hour   2.55E+05  4.54E+02  1.16E+02  1.93E+00  3.21E-02
q, mu_s, sec, min, hour   2.64E+05  4.52E+02  1.19E+02  1.99E+00  3.32E-02
q, mu_s, sec, min, hour   2.73E+05  4.51E+02  1.23E+02  2.05E+00  3.42E-02
q, mu_s, sec, min, hour   2.82E+05  4.50E+02  1.27E+02  2.11E+00  3.52E-02
q, mu_s, sec, min, hour   2.91E+05  4.47E+02  1.30E+02  2.17E+00  3.62E-02
q, mu_s, sec, min, hour   3.00E+05  4.46E+02  1.34E+02  2.23E+00  3.72E-02
q, mu_s, sec, min, hour   3.09E+05  4.46E+02  1.38E+02  2.30E+00  3.83E-02
q, mu_s, sec, min, hour   3.21E+05  4.45E+02  1.43E+02  2.38E+00  3.97E-02
q, mu_s, sec, min, hour   3.33E+05  4.45E+02  1.48E+02  2.47E+00  4.11E-02
q, mu_s, sec, min, hour   3.45E+05  4.45E+02  1.53E+02  2.56E+00  4.26E-02
q, mu_s, sec, min, hour   3.57E+05  4.44E+02  1.58E+02  2.64E+00  4.40E-02
q, mu_s, sec, min, hour   3.69E+05  4.42E+02  1.63E+02  2.72E+00  4.53E-02
q, mu_s, sec, min, hour   3.81E+05  4.41E+02  1.68E+02  2.80E+00  4.66E-02
q, mu_s, sec, min, hour   3.93E+05  4.39E+02  1.72E+02  2.87E+00  4.79E-02
q, mu_s, sec, min, hour   4.05E+05  4.39E+02  1.78E+02  2.96E+00  4.93E-02
q, mu_s, sec, min, hour   4.17E+05  4.37E+02  1.82E+02  3.04E+00  5.06E-02
q, mu_s, sec, min, hour   4.29E+05  4.37E+02  1.88E+02  3.13E+00  5.21E-02
q, mu_s, sec, min, hour   4.41E+05  4.36E+02  1.92E+02  3.20E+00  5.34E-02
q, mu_s, sec, min, hour   4.53E+05  4.36E+02  1.97E+02  3.29E+00  5.48E-02
q, mu_s, sec, min, hour   4.68E+05  4.35E+02  2.04E+02  3.39E+00  5.65E-02
q, mu_s, sec, min, hour   4.83E+05  4.35E+02  2.10E+02  3.50E+00  5.83E-02
q, mu_s, sec, min, hour   4.98E+05  4.33E+02  2.16E+02  3.59E+00  5.99E-02
q, mu_s, sec, min, hour   5.13E+05  4.32E+02  2.22E+02  3.70E+00  6.16E-02
q, mu_s, sec, min, hour   5.28E+05  4.31E+02  2.28E+02  3.79E+00  6.32E-02
q, mu_s, sec, min, hour   5.43E+05  4.30E+02  2.34E+02  3.89E+00  6.49E-02
q, mu_s, sec, min, hour   5.58E+05  4.30E+02  2.40E+02  4.00E+00  6.66E-02
q, mu_s, sec, min, hour   5.73E+05  4.30E+02  2.46E+02  4.11E+00  6.85E-02
q, mu_s, sec, min, hour   5.88E+05  4.29E+02  2.52E+02  4.21E+00  7.01E-02
q, mu_s, sec, min, hour   6.03E+05  4.30E+02  2.59E+02  4.32E+00  7.20E-02
q, mu_s, sec, min, hour   6.21E+05  4.29E+02  2.66E+02  4.44E+00  7.40E-02
q, mu_s, sec, min, hour   6.39E+05  4.28E+02  2.74E+02  4.56E+00  7.60E-02
q, mu_s, sec, min, hour   6.57E+05  4.28E+02  2.81E+02  4.69E+00  7.81E-02
q, mu_s, sec, min, hour   6.75E+05  4.28E+02  2.89E+02  4.82E+00  8.03E-02
q, mu_s, sec, min, hour   6.93E+05  4.27E+02  2.96E+02  4.93E+00  8.22E-02
q, mu_s, sec, min, hour   7.11E+05  4.26E+02  3.03E+02  5.05E+00  8.41E-02
q, mu_s, sec, min, hour   7.29E+05  4.25E+02  3.10E+02  5.16E+00  8.61E-02
q, mu_s, sec, min, hour   7.47E+05  4.25E+02  3.17E+02  5.29E+00  8.81E-02
q, mu_s, sec, min, hour   7.65E+05  4.24E+02  3.24E+02  5.40E+00  9.00E-02
q, mu_s, sec, min, hour   7.86E+05  4.22E+02  3.32E+02  5.53E+00  9.22E-02
q, mu_s, sec, min, hour   8.07E+05  4.22E+02  3.41E+02  5.68E+00  9.47E-02
q, mu_s, sec, min, hour   8.28E+05  4.22E+02  3.49E+02  5.82E+00  9.70E-02
q, mu_s, sec, min, hour   8.49E+05  4.22E+02  3.58E+02  5.97E+00  9.94E-02
q, mu_s, sec, min, hour   8.70E+05  4.21E+02  3.67E+02  6.11E+00  1.02E-01
q, mu_s, sec, min, hour   8.91E+05  4.21E+02  3.75E+02  6.25E+00  1.04E-01
q, mu_s, sec, min, hour   9.12E+05  4.21E+02  3.84E+02  6.40E+00  1.07E-01
q, mu_s, sec, min, hour   9.36E+05  4.20E+02  3.93E+02  6.55E+00  1.09E-01
q, mu_s, sec, min, hour   9.60E+05  4.20E+02  4.03E+02  6.72E+00  1.12E-01
q, mu_s, sec, min, hour   9.84E+05  4.19E+02  4.13E+02  6.88E+00  1.15E-01
q, mu_s, sec, min, hour   1.01E+06  4.19E+02  4.23E+02  7.05E+00  1.17E-01
q, mu_s, sec, min, hour   1.03E+06  4.19E+02  4.32E+02  7.21E+00  1.20E-01
q, mu_s, sec, min, hour   1.06E+06  4.18E+02  4.42E+02  7.36E+00  1.23E-01
q, mu_s, sec, min, hour   1.08E+06  4.18E+02  4.53E+02  7.54E+00  1.26E-01
q, mu_s, sec, min, hour   1.11E+06  4.18E+02  4.64E+02  7.73E+00  1.29E-01
q, mu_s, sec, min, hour   1.14E+06  4.18E+02  4.76E+02  7.93E+00  1.32E-01
q, mu_s, sec, min, hour   1.16E+06  4.18E+02  4.87E+02  8.12E+00  1.35E-01
q, mu_s, sec, min, hour   1.19E+06  4.18E+02  4.98E+02  8.30E+00  1.38E-01
q, mu_s, sec, min, hour   1.22E+06  4.17E+02  5.08E+02  8.47E+00  1.41E-01
q, mu_s, sec, min, hour   1.25E+06  4.16E+02  5.20E+02  8.66E+00  1.44E-01
q, mu_s, sec, min, hour   1.28E+06  4.16E+02  5.32E+02  8.87E+00  1.48E-01
q, mu_s, sec, min, hour   1.31E+06  4.16E+02  5.44E+02  9.07E+00  1.51E-01
q, mu_s, sec, min, hour   1.34E+06  4.16E+02  5.57E+02  9.28E+00  1.55E-01
q, mu_s, sec, min, hour   1.37E+06  4.16E+02  5.69E+02  9.48E+00  1.58E-01
q, mu_s, sec, min, hour   1.40E+06  4.16E+02  5.82E+02  9.71E+00  1.62E-01
q, mu_s, sec, min, hour   1.43E+06  4.15E+02  5.95E+02  9.92E+00  1.65E-01
q, mu_s, sec, min, hour   1.47E+06  4.15E+02  6.08E+02  1.01E+01  1.69E-01
q, mu_s, sec, min, hour   1.50E+06  4.14E+02  6.22E+02  1.04E+01  1.73E-01
q, mu_s, sec, min, hour   1.53E+06  4.14E+02  6.35E+02  1.06E+01  1.76E-01
q, mu_s, sec, min, hour   1.57E+06  4.15E+02  6.51E+02  1.08E+01  1.81E-01
q, mu_s, sec, min, hour   1.60E+06  4.15E+02  6.66E+02  1.11E+01  1.85E-01
q, mu_s, sec, min, hour   1.64E+06  4.15E+02  6.81E+02  1.14E+01  1.89E-01
q, mu_s, sec, min, hour   1.68E+06  4.14E+02  6.95E+02  1.16E+01  1.93E-01
q, mu_s, sec, min, hour   1.72E+06  4.14E+02  7.11E+02  1.18E+01  1.97E-01
q, mu_s, sec, min, hour   1.76E+06  4.14E+02  7.27E+02  1.21E+01  2.02E-01
q, mu_s, sec, min, hour   1.79E+06  4.15E+02  7.45E+02  1.24E+01  2.07E-01
q, mu_s, sec, min, hour   1.83E+06  4.15E+02  7.61E+02  1.27E+01  2.11E-01
q, mu_s, sec, min, hour   1.88E+06  4.15E+02  7.78E+02  1.30E+01  2.16E-01
q, mu_s, sec, min, hour   1.92E+06  4.15E+02  7.95E+02  1.33E+01  2.21E-01
q, mu_s, sec, min, hour   1.96E+06  4.15E+02  8.12E+02  1.35E+01  2.26E-01
q, mu_s, sec, min, hour   2.00E+06  4.14E+02  8.30E+02  1.38E+01  2.31E-01
 Particle data written to file
 Particle mixing data written to file
 pasr: stopped, t, cpu_secs, nrec =  0.2001009       830.4825              -2
 pasr: stopped, t, cpu_secs, nrec =  0.2001009       830.4825              -2
  
MFU: fraction, index =    9.0000E-01      647
  
 Retrieve errors
 Fraction    error
   9.0000E-01   0.0000E+00
   9.9000E-01   0.0000E+00
   9.9900E-01   0.0000E+00
   9.9990E-01   0.0000E+00
   9.9999E-01   0.0000E+00
  
     j    x_min(j)    x_max(j)    x_diff(j)   x_mean(j)
     1    0.00E+00    3.33E-01    3.33E-01    5.43E-02
     2    0.00E+00    7.28E-02    7.28E-02    1.19E-02
     3    2.74E-01    3.33E-01    5.92E-02    2.96E-01
     4    0.00E+00    5.97E-03    5.97E-03    1.32E-03
     5    0.00E+00    8.51E-04    8.51E-04    1.59E-04
     6    0.00E+00    2.81E-03    2.81E-03    7.44E-04
     7    0.00E+00    1.00E-01    1.00E-01    6.73E-02
     8    0.00E+00    1.13E-05    1.13E-05    1.25E-06
     9    0.00E+00    3.43E-06    3.43E-06    4.75E-07
    10    0.00E+00    0.00E+00    0.00E+00    0.00E+00
    11    2.95E-02    2.70E-01    2.40E-01    1.92E-01
   
     j    f_min(j)    f_max(j)    f_diff(j)   fp_diff(j)    f_mean(j)
     1    0.00E+00    3.33E-01    3.33E-01    2.45E-02    5.13E-02
     2    0.00E+00    7.28E-02    7.28E-02    1.20E-02    1.05E-02
     3    2.74E-01    3.33E-01    5.92E-02    9.45E-17    2.96E-01
     4    0.00E+00    6.78E-03    6.78E-03    6.17E-03    1.63E-03
     5    0.00E+00    9.25E-04    9.25E-04    9.66E-04    1.79E-04
     6    0.00E+00    2.88E-03    2.88E-03    2.95E-03    8.49E-04
     7    0.00E+00    1.00E-01    1.00E-01    2.15E-02    7.00E-02
     8    0.00E+00    1.19E-05    1.19E-05    1.01E-05    1.18E-06
     9    0.00E+00    5.22E-06    5.22E-06    4.00E-06    4.67E-07
    10    0.00E+00    0.00E+00    0.00E+00    0.00E+00    0.00E+00
    11    2.95E-02    2.70E-01    2.40E-01    3.95E-02    1.98E-01
    12    1.48E-01    1.00E+00    8.52E-01    1.78E-01    7.29E-01
  
queries  =    2.0040E+06
prim_ret =    1.7379E+06
sec_ret  =    2.5429E+05
grow     =    9.6690E+03
add      =    2.1020E+03
replace  =    0.0000E+00
dir eval =    0.0000E+00
 
CPU (mu s)/query =    4.1441E+02
 -------------------------------------------------------------------------------
 -
                Operation     Calls  Failures         Time (mu s)    Time/call (mu s)
 -------------------------------------------------------------------------------
 -
                   ci_ceq         0         0            0.00E+00            0.00E+00
  ci_ice_chem_map (map=0)         0         0            0.00E+00            0.00E+00
  ci_ice_chem_map (map=1)         0         0            0.00E+00            0.00E+00
               ci_cem_tan         0         0            0.00E+00            0.00E+00
               ci_ice_tan         0         0            0.00E+00            0.00E+00
         ci_ice_pic_bound         0         0            0.00E+00            0.00E+00
                       lp         0         0            0.00E+00            0.00E+00
          rmap2 (map = 0)     11813         0            9.57E+06            8.10E+02
          rmap2 (map = 1)        42         0            7.57E+04            1.80E+03
                  ceq_nrs         0         0            0.00E+00            0.00E+00
               ci_linrmap         0         0            0.00E+00            0.00E+00
                     expm     20852         0            2.96E+05            1.42E+01
      ci_ice_facet_newton         0         0            0.00E+00            0.00E+00
 ci_ice_facet_newton_lmap         0         0            0.00E+00            0.00E+00
        ci_ice_pic_newton         0         0            0.00E+00            0.00E+00
   ci_ice_pic_newton_lmap         0         0            0.00E+00            0.00E+00
         ci_ice_recon_pic         0         0            0.00E+00            0.00E+00
    ci_ice_recon_pic_lmap         0         0            0.00E+00            0.00E+00
          ci_ice_recon_bc         0         0            0.00E+00            0.00E+00
     ci_ice_recon_bc_lmap         0         0            0.00E+00            0.00E+00
             ci_ice_recon         0         0            0.00E+00            0.00E+00
             ci_dens_temp         0         0            0.00E+00            0.00E+00
                 cidpt_dr         0         0            0.00E+00            0.00E+00
 ------------------------------------------------------------------------------
