 Number of species                 =      10
 Number of streams                 =       3
 Flow rates of streams             =  0.0000  0.1793  0.8207
 PASR starting: number of particles=    1000
 Residence time, tres (seconds)    =   4.0000E-03
 04/06/2012: Prior to this date, due to a bug tres was twice the specified tres
 Mixing time, tmix (seconds)       =   7.0000E-04
 Pairing time, tpair (seconds)     =   7.0000E-04
 Min. and max. time step (seconds) =   7.0000E-05   7.0000E-05
 Number of steps                   =   2.8571E+03
 Number of sub-steps per step      =       3
 Number of particle-sub-steps      =   8.5714E+06
 Maximum pressure (atm.)           =   1.0000E+00
 Minumum pressure (atm.)           =   1.0000E+00
 Period of pressure variation (sec)=   1.0000E-03
 Particle data read from file
 PaSR starting
 ...
q, mu_s, sec, min, hour   6.00E+03  2.34E+02  1.41E+00  2.34E-02  3.91E-04
q, mu_s, sec, min, hour   1.20E+04  2.62E+02  3.14E+00  5.24E-02  8.73E-04
q, mu_s, sec, min, hour   1.80E+04  2.40E+02  4.31E+00  7.19E-02  1.20E-03
q, mu_s, sec, min, hour   2.40E+04  2.41E+02  5.79E+00  9.66E-02  1.61E-03
q, mu_s, sec, min, hour   3.00E+04  2.39E+02  7.17E+00  1.19E-01  1.99E-03
q, mu_s, sec, min, hour   3.60E+04  2.36E+02  8.48E+00  1.41E-01  2.36E-03
q, mu_s, sec, min, hour   4.20E+04  2.26E+02  9.49E+00  1.58E-01  2.64E-03
q, mu_s, sec, min, hour   4.80E+04  2.19E+02  1.05E+01  1.76E-01  2.93E-03
q, mu_s, sec, min, hour   5.40E+04  2.16E+02  1.16E+01  1.94E-01  3.24E-03
q, mu_s, sec, min, hour   6.00E+04  2.14E+02  1.28E+01  2.14E-01  3.56E-03
q, mu_s, sec, min, hour   6.60E+04  2.16E+02  1.42E+01  2.37E-01  3.95E-03
q, mu_s, sec, min, hour   7.20E+04  2.13E+02  1.53E+01  2.56E-01  4.26E-03
q, mu_s, sec, min, hour   7.80E+04  2.12E+02  1.66E+01  2.76E-01  4.60E-03
q, mu_s, sec, min, hour   8.40E+04  2.11E+02  1.77E+01  2.95E-01  4.92E-03
q, mu_s, sec, min, hour   9.00E+04  2.07E+02  1.86E+01  3.10E-01  5.17E-03
q, mu_s, sec, min, hour   9.60E+04  2.04E+02  1.96E+01  3.27E-01  5.45E-03
q, mu_s, sec, min, hour   1.02E+05  2.02E+02  2.06E+01  3.43E-01  5.72E-03
q, mu_s, sec, min, hour   1.08E+05  1.98E+02  2.14E+01  3.57E-01  5.95E-03
q, mu_s, sec, min, hour   1.14E+05  1.97E+02  2.24E+01  3.73E-01  6.22E-03
q, mu_s, sec, min, hour   1.20E+05  1.95E+02  2.34E+01  3.89E-01  6.49E-03
q, mu_s, sec, min, hour   1.26E+05  1.93E+02  2.43E+01  4.05E-01  6.76E-03
q, mu_s, sec, min, hour   1.32E+05  1.93E+02  2.55E+01  4.25E-01  7.08E-03
q, mu_s, sec, min, hour   1.38E+05  1.91E+02  2.64E+01  4.40E-01  7.33E-03
q, mu_s, sec, min, hour   1.44E+05  1.89E+02  2.72E+01  4.53E-01  7.55E-03
q, mu_s, sec, min, hour   1.50E+05  1.88E+02  2.82E+01  4.71E-01  7.84E-03
q, mu_s, sec, min, hour   1.56E+05  1.87E+02  2.92E+01  4.86E-01  8.10E-03
q, mu_s, sec, min, hour   1.65E+05  1.85E+02  3.05E+01  5.08E-01  8.46E-03
q, mu_s, sec, min, hour   1.74E+05  1.82E+02  3.17E+01  5.28E-01  8.81E-03
q, mu_s, sec, min, hour   1.83E+05  1.79E+02  3.27E+01  5.46E-01  9.09E-03
q, mu_s, sec, min, hour   1.92E+05  1.79E+02  3.43E+01  5.72E-01  9.54E-03
q, mu_s, sec, min, hour   2.01E+05  1.79E+02  3.59E+01  5.99E-01  9.98E-03
q, mu_s, sec, min, hour   2.10E+05  1.79E+02  3.75E+01  6.26E-01  1.04E-02
q, mu_s, sec, min, hour   2.19E+05  1.78E+02  3.89E+01  6.49E-01  1.08E-02
q, mu_s, sec, min, hour   2.28E+05  1.78E+02  4.05E+01  6.76E-01  1.13E-02
q, mu_s, sec, min, hour   2.37E+05  1.76E+02  4.18E+01  6.97E-01  1.16E-02
q, mu_s, sec, min, hour   2.46E+05  1.75E+02  4.30E+01  7.17E-01  1.20E-02
q, mu_s, sec, min, hour   2.55E+05  1.74E+02  4.44E+01  7.40E-01  1.23E-02
q, mu_s, sec, min, hour   2.64E+05  1.74E+02  4.58E+01  7.64E-01  1.27E-02
q, mu_s, sec, min, hour   2.73E+05  1.76E+02  4.79E+01  7.99E-01  1.33E-02
q, mu_s, sec, min, hour   2.82E+05  1.76E+02  4.95E+01  8.25E-01  1.38E-02
q, mu_s, sec, min, hour   2.91E+05  1.75E+02  5.08E+01  8.47E-01  1.41E-02
q, mu_s, sec, min, hour   3.00E+05  1.74E+02  5.21E+01  8.69E-01  1.45E-02
q, mu_s, sec, min, hour   3.09E+05  1.73E+02  5.36E+01  8.93E-01  1.49E-02
q, mu_s, sec, min, hour   3.21E+05  1.74E+02  5.57E+01  9.29E-01  1.55E-02
q, mu_s, sec, min, hour   3.33E+05  1.74E+02  5.79E+01  9.65E-01  1.61E-02
q, mu_s, sec, min, hour   3.45E+05  1.73E+02  5.97E+01  9.95E-01  1.66E-02
q, mu_s, sec, min, hour   3.57E+05  1.74E+02  6.20E+01  1.03E+00  1.72E-02
q, mu_s, sec, min, hour   3.69E+05  1.75E+02  6.46E+01  1.08E+00  1.79E-02
q, mu_s, sec, min, hour   3.81E+05  1.77E+02  6.73E+01  1.12E+00  1.87E-02
q, mu_s, sec, min, hour   3.93E+05  1.77E+02  6.94E+01  1.16E+00  1.93E-02
q, mu_s, sec, min, hour   4.05E+05  1.77E+02  7.16E+01  1.19E+00  1.99E-02
q, mu_s, sec, min, hour   4.17E+05  1.77E+02  7.38E+01  1.23E+00  2.05E-02
q, mu_s, sec, min, hour   4.29E+05  1.77E+02  7.60E+01  1.27E+00  2.11E-02
q, mu_s, sec, min, hour   4.41E+05  1.77E+02  7.79E+01  1.30E+00  2.16E-02
q, mu_s, sec, min, hour   4.53E+05  1.77E+02  8.02E+01  1.34E+00  2.23E-02
q, mu_s, sec, min, hour   4.68E+05  1.77E+02  8.28E+01  1.38E+00  2.30E-02
q, mu_s, sec, min, hour   4.83E+05  1.76E+02  8.49E+01  1.42E+00  2.36E-02
q, mu_s, sec, min, hour   4.98E+05  1.76E+02  8.76E+01  1.46E+00  2.43E-02
q, mu_s, sec, min, hour   5.13E+05  1.76E+02  9.05E+01  1.51E+00  2.51E-02
q, mu_s, sec, min, hour   5.28E+05  1.77E+02  9.33E+01  1.55E+00  2.59E-02
q, mu_s, sec, min, hour   5.43E+05  1.77E+02  9.61E+01  1.60E+00  2.67E-02
q, mu_s, sec, min, hour   5.58E+05  1.76E+02  9.85E+01  1.64E+00  2.74E-02
q, mu_s, sec, min, hour   5.73E+05  1.77E+02  1.01E+02  1.69E+00  2.81E-02
q, mu_s, sec, min, hour   5.88E+05  1.77E+02  1.04E+02  1.74E+00  2.90E-02
q, mu_s, sec, min, hour   6.03E+05  1.79E+02  1.08E+02  1.80E+00  2.99E-02
q, mu_s, sec, min, hour   6.21E+05  1.78E+02  1.11E+02  1.84E+00  3.07E-02
q, mu_s, sec, min, hour   6.39E+05  1.79E+02  1.14E+02  1.90E+00  3.17E-02
q, mu_s, sec, min, hour   6.57E+05  1.79E+02  1.17E+02  1.95E+00  3.26E-02
q, mu_s, sec, min, hour   6.75E+05  1.78E+02  1.20E+02  2.01E+00  3.34E-02
q, mu_s, sec, min, hour   6.93E+05  1.79E+02  1.24E+02  2.06E+00  3.44E-02
q, mu_s, sec, min, hour   7.11E+05  1.78E+02  1.27E+02  2.11E+00  3.52E-02
q, mu_s, sec, min, hour   7.29E+05  1.78E+02  1.30E+02  2.16E+00  3.61E-02
q, mu_s, sec, min, hour   7.47E+05  1.78E+02  1.33E+02  2.22E+00  3.70E-02
q, mu_s, sec, min, hour   7.65E+05  1.78E+02  1.36E+02  2.27E+00  3.78E-02
q, mu_s, sec, min, hour   7.86E+05  1.78E+02  1.40E+02  2.33E+00  3.89E-02
q, mu_s, sec, min, hour   8.07E+05  1.78E+02  1.43E+02  2.39E+00  3.98E-02
q, mu_s, sec, min, hour   8.28E+05  1.77E+02  1.47E+02  2.45E+00  4.08E-02
q, mu_s, sec, min, hour   8.49E+05  1.77E+02  1.50E+02  2.51E+00  4.18E-02
q, mu_s, sec, min, hour   8.70E+05  1.78E+02  1.54E+02  2.57E+00  4.29E-02
q, mu_s, sec, min, hour   8.91E+05  1.78E+02  1.59E+02  2.65E+00  4.41E-02
q, mu_s, sec, min, hour   9.12E+05  1.79E+02  1.63E+02  2.72E+00  4.53E-02
q, mu_s, sec, min, hour   9.36E+05  1.78E+02  1.67E+02  2.78E+00  4.64E-02
q, mu_s, sec, min, hour   9.60E+05  1.78E+02  1.71E+02  2.85E+00  4.75E-02
q, mu_s, sec, min, hour   9.84E+05  1.79E+02  1.76E+02  2.93E+00  4.88E-02
q, mu_s, sec, min, hour   1.01E+06  1.80E+02  1.82E+02  3.03E+00  5.04E-02
q, mu_s, sec, min, hour   1.03E+06  1.80E+02  1.86E+02  3.10E+00  5.17E-02
q, mu_s, sec, min, hour   1.06E+06  1.81E+02  1.92E+02  3.19E+00  5.32E-02
q, mu_s, sec, min, hour   1.08E+06  1.82E+02  1.97E+02  3.28E+00  5.47E-02
q, mu_s, sec, min, hour   1.11E+06  1.82E+02  2.02E+02  3.36E+00  5.61E-02
q, mu_s, sec, min, hour   1.14E+06  1.81E+02  2.06E+02  3.44E+00  5.73E-02
q, mu_s, sec, min, hour   1.16E+06  1.82E+02  2.11E+02  3.52E+00  5.87E-02
q, mu_s, sec, min, hour   1.19E+06  1.81E+02  2.16E+02  3.59E+00  5.99E-02
q, mu_s, sec, min, hour   1.22E+06  1.81E+02  2.21E+02  3.68E+00  6.13E-02
q, mu_s, sec, min, hour   1.25E+06  1.81E+02  2.26E+02  3.76E+00  6.27E-02
q, mu_s, sec, min, hour   1.28E+06  1.81E+02  2.31E+02  3.85E+00  6.42E-02
q, mu_s, sec, min, hour   1.31E+06  1.80E+02  2.36E+02  3.93E+00  6.56E-02
q, mu_s, sec, min, hour   1.34E+06  1.81E+02  2.42E+02  4.03E+00  6.71E-02
q, mu_s, sec, min, hour   1.37E+06  1.80E+02  2.47E+02  4.11E+00  6.86E-02
q, mu_s, sec, min, hour   1.40E+06  1.81E+02  2.54E+02  4.23E+00  7.05E-02
q, mu_s, sec, min, hour   1.43E+06  1.81E+02  2.60E+02  4.34E+00  7.23E-02
q, mu_s, sec, min, hour   1.47E+06  1.82E+02  2.67E+02  4.45E+00  7.41E-02
q, mu_s, sec, min, hour   1.50E+06  1.82E+02  2.73E+02  4.56E+00  7.59E-02
q, mu_s, sec, min, hour   1.53E+06  1.83E+02  2.80E+02  4.67E+00  7.78E-02
q, mu_s, sec, min, hour   1.57E+06  1.83E+02  2.87E+02  4.79E+00  7.99E-02
q, mu_s, sec, min, hour   1.60E+06  1.83E+02  2.94E+02  4.91E+00  8.18E-02
q, mu_s, sec, min, hour   1.64E+06  1.83E+02  3.01E+02  5.02E+00  8.36E-02
q, mu_s, sec, min, hour   1.68E+06  1.83E+02  3.07E+02  5.12E+00  8.53E-02
q, mu_s, sec, min, hour   1.72E+06  1.83E+02  3.14E+02  5.24E+00  8.73E-02
q, mu_s, sec, min, hour   1.76E+06  1.83E+02  3.20E+02  5.34E+00  8.90E-02
q, mu_s, sec, min, hour   1.79E+06  1.82E+02  3.27E+02  5.45E+00  9.09E-02
q, mu_s, sec, min, hour   1.83E+06  1.82E+02  3.34E+02  5.57E+00  9.28E-02
q, mu_s, sec, min, hour   1.88E+06  1.83E+02  3.42E+02  5.71E+00  9.51E-02
q, mu_s, sec, min, hour   1.92E+06  1.83E+02  3.51E+02  5.84E+00  9.74E-02
q, mu_s, sec, min, hour   1.96E+06  1.83E+02  3.59E+02  5.98E+00  9.97E-02
q, mu_s, sec, min, hour   2.00E+06  1.83E+02  3.67E+02  6.12E+00  1.02E-01
q, mu_s, sec, min, hour   2.05E+06  1.84E+02  3.76E+02  6.27E+00  1.04E-01
q, mu_s, sec, min, hour   2.09E+06  1.84E+02  3.86E+02  6.43E+00  1.07E-01
q, mu_s, sec, min, hour   2.14E+06  1.84E+02  3.94E+02  6.56E+00  1.09E-01
q, mu_s, sec, min, hour   2.19E+06  1.84E+02  4.03E+02  6.71E+00  1.12E-01
q, mu_s, sec, min, hour   2.24E+06  1.84E+02  4.11E+02  6.85E+00  1.14E-01
q, mu_s, sec, min, hour   2.28E+06  1.84E+02  4.20E+02  7.00E+00  1.17E-01
q, mu_s, sec, min, hour   2.33E+06  1.84E+02  4.30E+02  7.16E+00  1.19E-01
q, mu_s, sec, min, hour   2.38E+06  1.84E+02  4.39E+02  7.32E+00  1.22E-01
q, mu_s, sec, min, hour   2.44E+06  1.84E+02  4.48E+02  7.47E+00  1.25E-01
q, mu_s, sec, min, hour   2.49E+06  1.84E+02  4.58E+02  7.64E+00  1.27E-01
q, mu_s, sec, min, hour   2.54E+06  1.84E+02  4.69E+02  7.82E+00  1.30E-01
q, mu_s, sec, min, hour   2.60E+06  1.84E+02  4.79E+02  7.98E+00  1.33E-01
q, mu_s, sec, min, hour   2.66E+06  1.84E+02  4.89E+02  8.15E+00  1.36E-01
q, mu_s, sec, min, hour   2.71E+06  1.84E+02  5.00E+02  8.33E+00  1.39E-01
q, mu_s, sec, min, hour   2.77E+06  1.84E+02  5.11E+02  8.52E+00  1.42E-01
q, mu_s, sec, min, hour   2.83E+06  1.85E+02  5.23E+02  8.72E+00  1.45E-01
q, mu_s, sec, min, hour   2.89E+06  1.85E+02  5.34E+02  8.90E+00  1.48E-01
q, mu_s, sec, min, hour   2.96E+06  1.85E+02  5.46E+02  9.09E+00  1.52E-01
q, mu_s, sec, min, hour   3.02E+06  1.85E+02  5.57E+02  9.29E+00  1.55E-01
q, mu_s, sec, min, hour   3.08E+06  1.85E+02  5.70E+02  9.50E+00  1.58E-01
q, mu_s, sec, min, hour   3.15E+06  1.85E+02  5.82E+02  9.71E+00  1.62E-01
q, mu_s, sec, min, hour   3.22E+06  1.85E+02  5.95E+02  9.92E+00  1.65E-01
q, mu_s, sec, min, hour   3.28E+06  1.85E+02  6.07E+02  1.01E+01  1.69E-01
q, mu_s, sec, min, hour   3.35E+06  1.85E+02  6.21E+02  1.04E+01  1.73E-01
q, mu_s, sec, min, hour   3.43E+06  1.86E+02  6.36E+02  1.06E+01  1.77E-01
q, mu_s, sec, min, hour   3.50E+06  1.86E+02  6.50E+02  1.08E+01  1.81E-01
q, mu_s, sec, min, hour   3.57E+06  1.86E+02  6.64E+02  1.11E+01  1.84E-01
q, mu_s, sec, min, hour   3.65E+06  1.86E+02  6.79E+02  1.13E+01  1.89E-01
q, mu_s, sec, min, hour   3.73E+06  1.87E+02  6.95E+02  1.16E+01  1.93E-01
q, mu_s, sec, min, hour   3.80E+06  1.86E+02  7.09E+02  1.18E+01  1.97E-01
q, mu_s, sec, min, hour   3.88E+06  1.86E+02  7.23E+02  1.21E+01  2.01E-01
q, mu_s, sec, min, hour   3.97E+06  1.86E+02  7.39E+02  1.23E+01  2.05E-01
q, mu_s, sec, min, hour   4.05E+06  1.86E+02  7.54E+02  1.26E+01  2.09E-01
q, mu_s, sec, min, hour   4.13E+06  1.86E+02  7.69E+02  1.28E+01  2.14E-01
q, mu_s, sec, min, hour   4.22E+06  1.86E+02  7.87E+02  1.31E+01  2.19E-01
q, mu_s, sec, min, hour   4.31E+06  1.86E+02  8.04E+02  1.34E+01  2.23E-01
q, mu_s, sec, min, hour   4.40E+06  1.86E+02  8.20E+02  1.37E+01  2.28E-01
q, mu_s, sec, min, hour   4.49E+06  1.86E+02  8.37E+02  1.39E+01  2.32E-01
q, mu_s, sec, min, hour   4.59E+06  1.86E+02  8.53E+02  1.42E+01  2.37E-01
q, mu_s, sec, min, hour   4.68E+06  1.86E+02  8.72E+02  1.45E+01  2.42E-01
q, mu_s, sec, min, hour   4.78E+06  1.86E+02  8.92E+02  1.49E+01  2.48E-01
q, mu_s, sec, min, hour   4.88E+06  1.87E+02  9.12E+02  1.52E+01  2.53E-01
q, mu_s, sec, min, hour   4.98E+06  1.87E+02  9.32E+02  1.55E+01  2.59E-01
q, mu_s, sec, min, hour   5.09E+06  1.87E+02  9.51E+02  1.59E+01  2.64E-01
q, mu_s, sec, min, hour   5.19E+06  1.87E+02  9.72E+02  1.62E+01  2.70E-01
q, mu_s, sec, min, hour   5.30E+06  1.87E+02  9.94E+02  1.66E+01  2.76E-01
q, mu_s, sec, min, hour   5.41E+06  1.87E+02  1.01E+03  1.69E+01  2.82E-01
q, mu_s, sec, min, hour   5.53E+06  1.87E+02  1.03E+03  1.72E+01  2.87E-01
q, mu_s, sec, min, hour   5.64E+06  1.87E+02  1.06E+03  1.76E+01  2.93E-01
q, mu_s, sec, min, hour   5.76E+06  1.87E+02  1.08E+03  1.79E+01  2.99E-01
q, mu_s, sec, min, hour   5.88E+06  1.87E+02  1.10E+03  1.83E+01  3.05E-01
q, mu_s, sec, min, hour   6.00E+06  1.87E+02  1.12E+03  1.87E+01  3.11E-01
q, mu_s, sec, min, hour   6.12E+06  1.87E+02  1.14E+03  1.90E+01  3.17E-01
q, mu_s, sec, min, hour   6.25E+06  1.87E+02  1.17E+03  1.94E+01  3.24E-01
q, mu_s, sec, min, hour   6.38E+06  1.86E+02  1.19E+03  1.98E+01  3.30E-01
q, mu_s, sec, min, hour   6.51E+06  1.86E+02  1.21E+03  2.02E+01  3.37E-01
q, mu_s, sec, min, hour   6.64E+06  1.86E+02  1.24E+03  2.07E+01  3.44E-01
q, mu_s, sec, min, hour   6.78E+06  1.86E+02  1.26E+03  2.11E+01  3.51E-01
q, mu_s, sec, min, hour   6.92E+06  1.87E+02  1.29E+03  2.15E+01  3.59E-01
q, mu_s, sec, min, hour   7.07E+06  1.86E+02  1.32E+03  2.20E+01  3.66E-01
q, mu_s, sec, min, hour   7.22E+06  1.86E+02  1.35E+03  2.24E+01  3.74E-01
q, mu_s, sec, min, hour   7.36E+06  1.86E+02  1.37E+03  2.29E+01  3.81E-01
q, mu_s, sec, min, hour   7.52E+06  1.87E+02  1.40E+03  2.34E+01  3.90E-01
q, mu_s, sec, min, hour   7.67E+06  1.87E+02  1.43E+03  2.39E+01  3.98E-01
q, mu_s, sec, min, hour   7.83E+06  1.87E+02  1.46E+03  2.44E+01  4.06E-01
q, mu_s, sec, min, hour   8.00E+06  1.87E+02  1.50E+03  2.49E+01  4.16E-01
q, mu_s, sec, min, hour   8.16E+06  1.87E+02  1.53E+03  2.55E+01  4.24E-01
q, mu_s, sec, min, hour   8.33E+06  1.87E+02  1.56E+03  2.60E+01  4.33E-01
q, mu_s, sec, min, hour   8.50E+06  1.87E+02  1.59E+03  2.65E+01  4.42E-01
 Particle data written to file
 Particle mixing data written to file
 pasr: stopped, t, cpu_secs, nrec =  0.2000637       1605.077              -2
 pasr: stopped, t, cpu_secs, nrec =  0.2000637       1605.077              -2
  
MFU: fraction, index =    9.0000E-01      185
  
 Retrieve errors
 Fraction    error
   9.0000E-01   0.0000E+00
   9.9000E-01   0.0000E+00
   9.9900E-01   0.0000E+00
   9.9990E-01   0.0000E+00
   9.9999E-01   0.0000E+00
  
     j    x_min(j)    x_max(j)    x_diff(j)   x_mean(j)
     1    0.00E+00    3.33E-01    3.33E-01    5.43E-02
     2    0.00E+00    7.28E-02    7.28E-02    1.05E-02
     3    2.74E-01    3.33E-01    5.92E-02    2.96E-01
     4    0.00E+00    9.14E-03    9.14E-03    2.50E-03
     5    0.00E+00    1.25E-03    1.25E-03    2.92E-04
     6    0.00E+00    3.07E-03    3.07E-03    1.08E-03
     7    0.00E+00    9.68E-02    9.68E-02    6.86E-02
     8    0.00E+00    8.33E-06    8.33E-06    1.57E-06
     9    0.00E+00    2.34E-06    2.34E-06    6.66E-07
    10    0.00E+00    0.00E+00    0.00E+00    0.00E+00
    11    2.95E-02    2.61E-01    2.32E-01    1.93E-01
   
     j    f_min(j)    f_max(j)    f_diff(j)   fp_diff(j)    f_mean(j)
     1    0.00E+00    3.33E-01    3.33E-01    1.22E-02    5.27E-02
     2    0.00E+00    7.28E-02    7.28E-02    5.32E-03    9.82E-03
     3    2.74E-01    3.33E-01    5.92E-02    7.63E-17    2.96E-01
     4    0.00E+00    1.02E-02    1.02E-02    6.95E-03    2.96E-03
     5    0.00E+00    1.27E-03    1.27E-03    9.10E-04    3.00E-04
     6    0.00E+00    3.09E-03    3.09E-03    1.55E-03    1.11E-03
     7    0.00E+00    9.69E-02    9.69E-02    8.79E-03    7.00E-02
     8    0.00E+00    9.59E-06    9.59E-06    5.23E-06    1.47E-06
     9    0.00E+00    2.65E-06    2.65E-06    8.88E-07    6.52E-07
    10    0.00E+00    0.00E+00    0.00E+00    0.00E+00    0.00E+00
    11    2.95E-02    2.61E-01    2.32E-01    8.02E-03    1.95E-01
    12    1.48E-01    9.73E-01    8.25E-01    1.10E-01    7.19E-01
  
queries  =    8.5770E+06
prim_ret =    7.9568E+06
sec_ret  =    6.1453E+05
grow     =    4.8640E+03
add      =    7.5800E+02
replace  =    0.0000E+00
dir eval =    0.0000E+00
 
CPU (mu s)/query =    1.8714E+02
 -------------------------------------------------------------------------------
 -
                Operation     Calls  Failures         Time (mu s)    Time/call (mu s)
 -------------------------------------------------------------------------------
 -
                   ci_ceq         0         0            0.00E+00            0.00E+00
  ci_ice_chem_map (map=0)         0         0            0.00E+00            0.00E+00
  ci_ice_chem_map (map=1)         0         0            0.00E+00            0.00E+00
               ci_cem_tan         0         0            0.00E+00            0.00E+00
               ci_ice_tan         0         0            0.00E+00            0.00E+00
         ci_ice_pic_bound         0         0            0.00E+00            0.00E+00
                       lp         0         0            0.00E+00            0.00E+00
          rmap2 (map = 0)      5624         0            3.15E+06            5.60E+02
          rmap2 (map = 1)         2         0            9.46E+02            4.73E+02
                  ceq_nrs         0         0            0.00E+00            0.00E+00
               ci_linrmap         0         0            0.00E+00            0.00E+00
                     expm      6294         0            8.57E+04            1.36E+01
      ci_ice_facet_newton         0         0            0.00E+00            0.00E+00
 ci_ice_facet_newton_lmap         0         0            0.00E+00            0.00E+00
        ci_ice_pic_newton         0         0            0.00E+00            0.00E+00
   ci_ice_pic_newton_lmap         0         0            0.00E+00            0.00E+00
         ci_ice_recon_pic         0         0            0.00E+00            0.00E+00
    ci_ice_recon_pic_lmap         0         0            0.00E+00            0.00E+00
          ci_ice_recon_bc         0         0            0.00E+00            0.00E+00
     ci_ice_recon_bc_lmap         0         0            0.00E+00            0.00E+00
             ci_ice_recon         0         0            0.00E+00            0.00E+00
             ci_dens_temp         0         0            0.00E+00            0.00E+00
                 cidpt_dr         0         0            0.00E+00            0.00E+00
 ------------------------------------------------------------------------------
